'64:b3:10:86:06:3a'	'46.51875305'	'6.560884476'	'478.8783569'	26
'64:b3:10:86:06:3a'	'46.5187912'	'6.560787201'	'479.4013062'	30
'90:18:7c:d0:7a:a5'	'46.51910019'	'6.560424805'	'480.6282654'	20
'b4:b6:76:cd:01:22'	'46.51935196'	'6.560319901'	'479.7073975'	24
'b4:b6:76:cd:01:22'	'46.51940918'	'6.560269356'	'479.4968872'	24
'c4:88:e5:24:3d:83'	'46.51951599'	'6.560116768'	'477.4057007'	26
'c4:88:e5:24:3d:83'	'46.51951599'	'6.560116768'	'477.8456421'	27
'c4:88:e5:24:3d:83'	'46.51952744'	'6.560091496'	'478.3223572'	27
'c4:88:e5:24:3d:83'	'46.51952744'	'6.560091496'	'477.923645'	29
'c4:88:e5:24:3d:83'	'46.51953506'	'6.560067654'	'479.153656'	28
'64:b3:10:86:06:3a'	'46.51960754'	'6.559960365'	'480.9789124'	33
'64:b3:10:86:06:3a'	'46.51960754'	'6.559960365'	'481.2071838'	33
'58:94:6b:d7:b9:74'	'46.51962662'	'6.559943676'	'480.9421082'	22
'64:b3:10:86:06:3a'	'46.51966095'	'6.559909821'	'478.8778076'	31
'a4:17:31:f9:78:22'	'46.51969147'	'6.559870243'	'478.594696'	22
'64:b3:10:86:06:3a'	'46.51971436'	'6.559847832'	'479.4637146'	36
'64:b3:10:86:06:3a'	'46.51973343'	'6.559825897'	'479.7524109'	34
'cc:08:e0:9f:46:21'	'46.51993179'	'6.559657097'	'479.9303894'	20
'18:e7:f4:fc:4e:1a'	'46.52006912'	'6.559566975'	'480.601593'	30
'18:e7:f4:fc:4e:1a'	'46.52011108'	'6.559548378'	'480.5378418'	30
'c4:88:e5:24:3d:83'	'46.52013397'	'6.559540749'	'480.6051941'	31
'c4:88:e5:24:3d:83'	'46.52015686'	'6.559535503'	'480.8361816'	31
'c4:88:e5:24:3d:83'	'46.52020264'	'6.559529781'	'480.5013123'	34
'c4:88:e5:24:3d:83'	'46.5202446'	'6.559523582'	'479.6893616'	30
'a4:ee:57:4f:f0:f6'	'46.52028656'	'6.559505939'	'478.5245972'	19
'a4:ee:57:4f:f0:f6'	'46.52028656'	'6.559505939'	'478.5527649'	21
'18:e7:f4:fc:4e:1a'	'46.52030563'	'6.559490681'	'477.3769531'	31
'e8:99:c4:9e:ad:f3'	'46.52033234'	'6.559449673'	'478.3051758'	23
'e8:99:c4:9e:ad:f3'	'46.52033234'	'6.559449673'	'478.223999'	25
'e8:99:c4:9e:ad:f3'	'46.52033234'	'6.559449673'	'478.2707825'	24
'e8:99:c4:9e:ad:f3'	'46.5203476'	'6.559429646'	'478.4808044'	18
'e8:99:c4:9e:ad:f3'	'46.52035904'	'6.559409618'	'478.8330078'	20
'e8:99:c4:9e:ad:f3'	'46.52035904'	'6.559409618'	'478.8199768'	24
'e8:99:c4:9e:ad:f3'	'46.52035904'	'6.559409618'	'479.5143433'	20
'e8:99:c4:9e:ad:f3'	'46.52037048'	'6.559389591'	'480.0153809'	19
'e8:99:c4:9e:ad:f3'	'46.52038574'	'6.559370995'	'480.1223145'	22
'e8:99:c4:9e:ad:f3'	'46.52038574'	'6.559370995'	'480.1092224'	22
'e8:99:c4:9e:ad:f3'	'46.52039337'	'6.559350491'	'480.0924683'	24
'a4:4e:31:e0:aa:cc'	'46.52043915'	'6.55921936'	'479.2694397'	27
'a4:4e:31:e0:aa:cc'	'46.52043915'	'6.55921936'	'479.8944092'	23
'a4:4e:31:e0:aa:cc'	'46.52043533'	'6.559185982'	'480.1980286'	26
'a4:4e:31:e0:aa:cc'	'46.52043533'	'6.559185982'	'480.5231323'	22
'68:48:98:80:3d:4c'	'46.520401'	'6.559047222'	'480.1114197'	21
'd0:22:be:52:e8:23'	'46.52038956'	'6.559013844'	'480.9447937'	26
'58:55:ca:cd:36:f9'	'46.52035522'	'6.558961868'	'482.5057068'	26
'58:55:ca:cd:36:f9'	'46.52032089'	'6.558915615'	'482.6101074'	26
'64:b3:10:86:06:3a'	'46.52019882'	'6.558900833'	'479.9396973'	34
'64:b3:10:86:06:3a'	'46.52005386'	'6.559026718'	'483.4971313'	32
'64:b3:10:86:06:3a'	'46.51999283'	'6.559057713'	'480.3628235'	31
'64:b3:10:86:06:3a'	'46.51994705'	'6.558973312'	'479.7065735'	33
'64:b3:10:86:06:3a'	'46.51992416'	'6.55891037'	'481.4349365'	34
'64:b3:10:86:06:3a'	'46.51990128'	'6.558846951'	'481.1681824'	34
'64:b3:10:86:06:3a'	'46.51988983'	'6.55881691'	'482.4398804'	32
'00:04:20:2b:b2:6d'	'46.51987076'	'6.558790684'	'483.2324219'	20
'8c:00:6d:7b:e2:52'	'46.51984787'	'6.55874157'	'483.2620544'	23
'60:21:c0:67:d8:e3'	'46.51977158'	'6.558682442'	'482.2865906'	27
'00:c6:10:f1:7e:28'	'46.51977158'	'6.558682442'	'481.8638'	25
'60:21:c0:67:d8:e3'	'46.51977158'	'6.558682442'	'481.2635803'	21
'18:9e:fc:45:43:9d'	'46.51965714'	'6.558689117'	'480.3727722'	21
'18:9e:fc:45:43:9d'	'46.51962662'	'6.558702946'	'480.7293701'	19
'74:de:2b:be:e7:1b'	'46.51953506'	'6.558759212'	'481.6766052'	26
'74:de:2b:be:e7:1b'	'46.51951218'	'6.55877924'	'480.956543'	26
'e4:ce:8f:9f:7b:03'	'46.51943207'	'6.558839321'	'479.527832'	18
'e4:ce:8f:9f:7b:03'	'46.51940536'	'6.558856964'	'479.5221863'	19
'e4:ce:8f:9f:7b:03'	'46.51940536'	'6.558856964'	'479.4651489'	21
'68:48:98:80:3d:4c'	'46.51929092'	'6.558898926'	'481.2565308'	28
'68:48:98:80:3d:4c'	'46.51927185'	'6.558902264'	'481.2036438'	28
'68:48:98:80:3d:4c'	'46.51925278'	'6.558905602'	'480.8384399'	28
'68:48:98:80:3d:4c'	'46.5192337'	'6.558907986'	'479.9418335'	27
'00:19:d2:c6:46:49'	'46.51919174'	'6.558907986'	'479.4039307'	28
'00:19:d2:c6:46:49'	'46.51916885'	'6.558906555'	'480.0679016'	31
'00:19:d2:c6:46:49'	'46.51916885'	'6.558906555'	'480.0679016'	31
'00:19:d2:c6:46:49'	'46.51912689'	'6.558899403'	'480.0397644'	31
'00:24:d7:91:0d:4c'	'46.5189743'	'6.558900356'	'481.763855'	18
'2c:d0:5a:a5:2f:9e'	'46.51879883'	'6.558949947'	'478.4806213'	27
'2c:d0:5a:a5:2f:9e'	'46.51871872'	'6.558928013'	'478.5926514'	24
'08:11:96:52:e3:58'	'46.51869965'	'6.558919907'	'479.7541199'	26
'08:11:96:52:e3:58'	'46.51868439'	'6.558912277'	'479.7335815'	21
'60:67:20:5f:30:28'	'46.51866913'	'6.558903217'	'479.8664551'	27
'60:67:20:5f:30:28'	'46.51866913'	'6.558903217'	'480.6247864'	27
'60:67:20:5f:30:28'	'46.51866913'	'6.558903217'	'480.3690491'	25
'60:67:20:5f:30:28'	'46.51865768'	'6.558895588'	'480.4837646'	24
'00:00:85:ed:1b:98'	'46.51864243'	'6.558887959'	'480.6776733'	20
'a4:ee:57:4f:f0:f6'	'46.51864243'	'6.558887959'	'480.5890503'	19
'18:9e:fc:45:43:9d'	'46.51862717'	'6.558880806'	'480.4049072'	25
'c4:88:e5:24:3d:83'	'46.51860046'	'6.558872223'	'479.7313232'	23
'c4:88:e5:24:3d:83'	'46.51860046'	'6.558872223'	'479.3751831'	24
'64:b3:10:86:06:3a'	'46.51849747'	'6.558820248'	'480.0690918'	28
'64:b3:10:86:06:3a'	'46.51848221'	'6.558807373'	'479.6479797'	28
'64:b3:10:86:06:3a'	'46.5184288'	'6.558766365'	'479.9263'	26
'00:23:14:70:c2:ec'	'46.5184288'	'6.558766365'	'479.9159546'	24
'00:23:14:70:c2:ec'	'46.51840591'	'6.558757305'	'479.9681396'	24
'8c:7b:9d:36:87:21'	'46.51840591'	'6.558757305'	'479.9371948'	26
'8c:7b:9d:36:87:21'	'46.51840591'	'6.558757305'	'479.929657'	25
'cc:3a:61:58:1c:2d'	'46.51838684'	'6.558751106'	'480.2625427'	24
'8c:7b:9d:36:87:21'	'46.51836395'	'6.558747292'	'480.440094'	25
'00:23:14:70:c2:ec'	'46.51834106'	'6.558746815'	'481.3185425'	26
'00:04:20:2d:fa:99'	'46.51822281'	'6.558793545'	'481.4996643'	18
'f0:f6:1c:35:8e:d7'	'46.51808929'	'6.558874607'	'479.6158142'	24
'64:b3:10:86:06:3a'	'46.51785278'	'6.558930874'	'477.9238892'	32
'98:fe:94:91:46:86'	'46.51780701'	'6.558904648'	'477.8007202'	22
'a4:ee:57:4f:f0:f6'	'46.51779175'	'6.558891296'	'477.4570007'	19
'54:e4:3a:88:38:d8'	'46.51779175'	'6.558891296'	'477.2067566'	19
'a4:67:06:22:00:d2'	'46.51771164'	'6.558840275'	'478.7249451'	23
'c4:88:e5:24:3d:83'	'46.51771164'	'6.558840275'	'479.9823608'	22
'c4:88:e5:24:3d:83'	'46.51768875'	'6.558831215'	'480.0374146'	24
'00:1f:3c:39:d9:11'	'46.51764679'	'6.558815956'	'479.9136963'	36
'00:1f:3c:39:d9:11'	'46.5175972'	'6.558807373'	'480.0123596'	33
'18:9e:fc:45:43:9d'	'46.5175972'	'6.558807373'	'480.2241211'	23
'58:94:6b:93:7d:e0'	'46.51754761'	'6.558808327'	'480.4981995'	20
'c4:88:e5:24:3d:83'	'46.51752472'	'6.558813095'	'480.7335815'	26
'10:0b:a9:53:6c:68'	'46.51735306'	'6.558943272'	'480.9388123'	19
'00:27:10:26:b2:b8'	'46.51728439'	'6.559110165'	'479.3834229'	19
'64:b3:10:86:06:3a'	'46.51726913'	'6.55918026'	'480.4162903'	29
'a4:ee:57:4f:f0:f6'	'46.51749039'	'6.559603214'	'477.855957'	23
'5c:0a:5b:39:90:48'	'46.51754379'	'6.559575081'	'476.6459656'	18
'00:19:d2:c6:46:49'	'46.51756668'	'6.559552193'	'476.5879211'	19
'8c:7b:9d:36:87:21'	'46.51766586'	'6.559386253'	'478.4126892'	26
'64:b3:10:86:06:3a'	'46.51768875'	'6.559362411'	'478.3972168'	30
'20:16:d8:db:1c:18'	'46.51771164'	'6.559342384'	'477.7818298'	22
'64:b3:10:86:06:3a'	'46.51774216'	'6.559327126'	'477.1850891'	28
'44:94:fc:5c:0e:3c'	'46.51792145'	'6.559332848'	'476.750061'	22
'c4:85:08:4b:cc:97'	'46.51795578'	'6.559351444'	'476.5380859'	23
'18:9e:fc:45:43:9d'	'46.51802826'	'6.559401512'	'476.4144592'	22
'c4:88:e5:24:3d:83'	'46.51810455'	'6.559456825'	'476.4760742'	20
'24:77:03:95:77:2c'	'46.5181427'	'6.559484005'	'476.3648682'	26
'd8:9d:67:e7:e0:56'	'46.51817703'	'6.559510231'	'476.0466309'	25
'c4:88:e5:24:3d:83'	'46.51824951'	'6.559550285'	'476.1728516'	22
'60:21:c0:67:d8:e3'	'46.51828384'	'6.559560299'	'475.5475464'	35
'60:21:c0:67:d8:e3'	'46.51831436'	'6.559566498'	'475.7111511'	29
'60:21:c0:67:d8:e3'	'46.51831436'	'6.559566498'	'476.0039673'	32
'00:1f:3c:39:d9:11'	'46.51834488'	'6.559567928'	'476.2048645'	39
'00:1f:3c:39:d9:11'	'46.51834488'	'6.559567928'	'476.3993835'	39
'00:1f:3c:39:d9:11'	'46.51837158'	'6.559567451'	'476.5738831'	40
'00:00:85:ed:1b:98'	'46.51845169'	'6.55957222'	'477.6733093'	22
'c0:d9:62:71:73:26'	'46.51848984'	'6.559574604'	'476.808075'	23
'a0:0b:ba:da:c7:5c'	'46.51869583'	'6.559530735'	'476.5858459'	20
'00:19:cb:8c:8d:2b'	'46.51896286'	'6.559474468'	'477.3139954'	20
'00:19:cb:8c:8d:2b'	'46.51896286'	'6.559474468'	'477.2810059'	20
'00:21:6a:1b:91:a6'	'46.51924133'	'6.559500694'	'479.6217346'	28
'bc:b1:f3:ff:72:83'	'46.51931763'	'6.559502125'	'478.6389771'	19
'c4:88:e5:24:3d:83'	'46.5193634'	'6.559497833'	'478.8207397'	29
'64:27:37:78:3c:08'	'46.51938629'	'6.559492111'	'479.348877'	20
'9c:d3:6d:9e:31:c2'	'46.51943207'	'6.559479713'	'479.702179'	17
'74:e5:43:29:98:cd'	'46.51945496'	'6.559473038'	'479.6358643'	20
'c4:88:e5:24:3d:83'	'46.51950455'	'6.559460163'	'478.2561951'	30
'1c:65:9d:23:85:b1'	'46.51953506'	'6.559454918'	'478.3008423'	21
'4c:72:b9:69:d7:d9'	'46.51956558'	'6.55945158'	'478.0764465'	22
'b0:34:95:cc:dd:14'	'46.51983261'	'6.559455872'	'477.9945984'	18
'88:32:9b:fd:6e:bb'	'46.52013016'	'6.559484959'	'478.9276733'	21
'c4:88:e5:24:3d:83'	'46.52014923'	'6.559484005'	'479.1748047'	27
'd8:9d:67:e7:e0:56'	'46.52019882'	'6.559484959'	'479.3273621'	22
'c4:85:08:28:12:ed'	'46.52033997'	'6.559513092'	'479.9458008'	18
'00:0f:24:5d:ac:10'	'46.52019119'	'6.560141087'	'481.9803467'	27
'c4:88:e5:24:3d:83'	'46.52019119'	'6.560141087'	'481.9342651'	19
'18:e7:f4:fc:4e:1a'	'46.52011871'	'6.56003809'	'481.6261597'	17
'1c:7b:21:f6:9e:88'	'46.52006912'	'6.560009003'	'481.8747559'	17
'08:3e:8e:cb:b9:a7'	'46.52004623'	'6.56000185'	'482.1777344'	25
'10:68:3f:85:42:cf'	'46.51979065'	'6.560034275'	'481.8696594'	22
'00:17:ab:e1:47:10'	'46.51971817'	'6.560076714'	'481.9453735'	18
'00:0f:24:5d:ac:10'	'46.51971817'	'6.560076714'	'481.8072205'	27
'00:0f:f8:54:0f:ae'	'46.51960754'	'6.560090542'	'477.09021'	22
'6c:88:14:22:a6:2c'	'46.51958466'	'6.560084343'	'477.0822144'	18
'5c:95:ae:5b:c1:79'	'46.5193367'	'6.559945583'	'476.9351501'	20
'00:0f:f8:4f:c5:9d'	'46.51924896'	'6.559898376'	'480.0002747'	25
'98:fe:94:00:77:0f'	'46.51922607'	'6.559886456'	'480.028656'	20
'5c:f8:a1:12:44:15'	'46.51895905'	'6.559981823'	'481.3787537'	19
'c4:d9:87:27:6d:39'	'46.51882935'	'6.560076237'	'479.9980469'	21
'40:f3:08:87:1d:6e'	'46.51878738'	'6.560088634'	'480.8763123'	18
'cc:07:ab:8b:34:cd'	'46.51875305'	'6.560096741'	'480.9024353'	20
'a4:ee:57:4f:f0:f6'	'46.51871872'	'6.560101986'	'480.248291'	30
'18:3d:a2:72:96:ec'	'46.51870346'	'6.560102463'	'480.0953674'	19
'18:e7:f4:fc:4e:1a'	'46.51867294'	'6.56009531'	'479.5725708'	30
'90:5f:2e:4d:c3:46'	'46.51860809'	'6.560062408'	'480.631012'	19
'5c:f8:a1:12:44:15'	'46.51859665'	'6.560054302'	'481.057312'	25
'a4:ee:57:4f:f0:f6'	'46.51823425'	'6.560363293'	'481.2463989'	24
'68:48:98:80:3d:4c'	'46.51824188'	'6.560675144'	'479.5370483'	25
'64:b3:10:86:06:3a'	'46.51842117'	'6.560926437'	'479.9910583'	24
'00:23:14:70:c2:ec'	'46.51842117'	'6.560926437'	'479.9230347'	19
'60:67:20:5f:30:28'	'46.5185318'	'6.560943127'	'481.2926331'	18
'd8:9d:67:e7:e0:56'	'46.51856613'	'6.560943127'	'481.3931274'	24
'a4:ee:57:4f:f0:f6'	'46.51875305'	'6.560889721'	'480.5805359'	13
'a4:ee:57:4f:f0:f6'	'46.51875305'	'6.560889721'	'479.6812744'	33
'0c:74:c2:a4:95:6f'	'46.5187645'	'6.560871601'	'479.3710022'	18
'00:23:14:70:c2:ec'	'46.5187912'	'6.560826778'	'478.6816711'	21
'00:00:85:ed:1b:98'	'46.51884079'	'6.560645103'	'479.1317749'	24
'64:27:37:78:3c:08'	'46.51885605'	'6.560419083'	'480.5556641'	19
'8c:00:6d:71:28:2d'	'46.51877594'	'6.56009531'	'481.4420776'	27
'a4:ee:57:4f:f0:f6'	'46.51874542'	'6.560067177'	'481.4675903'	28
'10:0b:a9:53:6c:68'	'46.51866913'	'6.560025692'	'481.5591125'	19
'8c:00:6d:71:28:2d'	'46.51858521'	'6.560011387'	'481.8075867'	31
'a4:ee:57:4f:f0:f6'	'46.51849747'	'6.56005764'	'482.0763855'	28
'a4:ee:57:4f:f0:f6'	'46.51849747'	'6.56005764'	'481.8598022'	28
'00:23:14:70:c2:ec'	'46.5184288'	'6.56013298'	'480.8928223'	19
'90:84:0d:6a:16:92'	'46.51840591'	'6.560166359'	'481.0840759'	23
'd8:9d:67:e7:e0:56'	'46.51836395'	'6.560245514'	'480.7381897'	20
'd8:9d:67:e7:e0:56'	'46.51836395'	'6.560245514'	'480.5147095'	21
'd0:22:be:67:36:3d'	'46.51834869'	'6.56028986'	'480.4006958'	31
'd0:22:be:67:36:3d'	'46.51833344'	'6.560337067'	'480.1730652'	28
'00:0f:f8:4e:7c:3d'	'46.51830673'	'6.56043911'	'480.0506592'	19
'88:32:9b:1b:4a:4e'	'46.5182991'	'6.560495853'	'479.6335449'	30
'8c:00:6d:71:28:2d'	'46.5182991'	'6.560495853'	'479.0602112'	30
'08:11:96:52:e3:58'	'46.51836014'	'6.560865402'	'479.463501'	22
'44:6d:57:e0:60:59'	'46.51846695'	'6.560983658'	'480.1387329'	37
'9c:04:eb:07:ef:c2'	'46.51854324'	'6.561018467'	'478.3288269'	23
'a4:ee:57:4f:f0:f6'	'46.51858139'	'6.561026573'	'480.3478394'	21
'00:1f:3c:39:d9:11'	'46.51861191'	'6.56102705'	'479.880127'	31
'00:00:85:ed:1b:98'	'46.51869583'	'6.561005116'	'479.8220825'	20
'f8:1e:df:d8:18:d4'	'46.51869583'	'6.561005116'	'479.6130371'	21
'24:77:03:95:77:2c'	'46.51874161'	'6.560979366'	'479.349884'	22
'c4:88:e5:24:3d:83'	'46.51895142'	'6.560717106'	'479.0336609'	20
'10:0b:a9:6a:f2:e4'	'46.51901627'	'6.560649872'	'478.9237366'	21
'00:00:85:ed:1b:98'	'46.51910782'	'6.560578823'	'478.4805908'	19
'c4:88:e5:24:3d:83'	'46.51930618'	'6.560448647'	'476.2234802'	21
'a4:ee:57:4f:f0:f6'	'46.51938248'	'6.560317516'	'477.4826965'	25
'a4:ee:57:4f:f0:f6'	'46.51938248'	'6.560317516'	'477.4380188'	25
'a4:ee:57:4f:f0:f6'	'46.51939774'	'6.560299873'	'477.5071716'	23
'a4:ee:57:4f:f0:f6'	'46.51985931'	'6.559958458'	'478.4072876'	17
'cc:3a:61:cf:c3:01'	'46.52005386'	'6.559725761'	'480.6754456'	19
'00:0f:f8:4f:c5:9d'	'46.52008057'	'6.559709072'	'480.3816833'	18
'64:b3:10:86:06:3a'	'46.52010345'	'6.559693813'	'480.5488586'	28
'64:b3:10:86:06:3a'	'46.52012634'	'6.559679508'	'479.8278198'	26
'b4:b6:76:f8:1d:3f'	'46.52026749'	'6.55961132'	'480.0476074'	17
'64:27:37:78:3c:08'	'46.52032852'	'6.559617519'	'480.2204895'	19
'1c:7b:21:f6:9e:88'	'46.52036667'	'6.559629917'	'480.2810974'	19
'a4:ee:57:4f:f0:f6'	'46.52036667'	'6.559629917'	'480.6591797'	23
'14:8f:c6:cc:25:27'	'46.52039719'	'6.559651852'	'480.7833557'	22
'5c:0a:5b:92:7f:9a'	'46.5204277'	'6.559681892'	'480.6375122'	20
'd8:9d:67:e7:e0:56'	'46.5204277'	'6.559681892'	'480.1645203'	19
'64:b3:10:86:06:3a'	'46.52046204'	'6.559720039'	'479.8846741'	23
'9c:4e:36:40:ee:88'	'46.52027893'	'6.560364246'	'477.3422241'	18
'18:9e:fc:45:43:9d'	'46.52027512'	'6.559481621'	'480.5281982'	27
'c4:88:e5:24:3d:83'	'46.5203476'	'6.559296131'	'482.4291077'	29
'30:10:e4:11:7c:f7'	'46.52036285'	'6.559242249'	'481.8010864'	17
'90:18:7c:d0:7a:a5'	'46.5203476'	'6.559107304'	'482.3485107'	27
'00:1c:10:1c:94:90'	'46.52025604'	'6.558902264'	'480.7359314'	20
'c4:88:e5:24:3d:83'	'46.52023697'	'6.558885098'	'481.1562195'	29
'00:19:d2:c6:46:49'	'46.51994705'	'6.558857918'	'480.104248'	22
'bc:f5:ac:f9:1f:3d'	'46.51992035'	'6.558866501'	'479.9494019'	27
'a8:86:dd:96:1c:40'	'46.51947784'	'6.55908823'	'479.1950684'	20
'00:1f:3c:39:d9:11'	'46.51944733'	'6.559131145'	'480.229248'	40
'8c:70:5a:8d:93:74'	'46.51943588'	'6.559151173'	'480.5203552'	18
'00:19:d2:c6:46:49'	'46.51941681'	'6.559167862'	'480.0063477'	27
'9c:b7:0d:7f:d3:11'	'46.51940536'	'6.559183121'	'480.1173096'	28
'3c:e0:72:90:0d:bb'	'46.51935577'	'6.559232235'	'479.1017761'	20
'58:94:6b:93:7d:e0'	'46.51909256'	'6.559078693'	'480.5118713'	26
'64:b3:10:86:06:3a'	'46.51903915'	'6.559076309'	'481.9812012'	29
'00:27:10:26:b2:b8'	'46.51901245'	'6.559076309'	'482.8718262'	19
'c4:88:e5:24:3d:83'	'46.51901245'	'6.559076309'	'483.2657471'	26
'64:27:37:78:3c:08'	'46.51898575'	'6.559076786'	'483.3745117'	18
'68:48:98:80:3d:4c'	'46.5188179'	'6.559173107'	'481.9014282'	27
'00:19:d2:c6:46:49'	'46.51877213'	'6.559223175'	'481.5281677'	33
'60:03:08:7a:4b:cb'	'46.51873398'	'6.559278488'	'481.1828003'	23
'08:ed:b9:d0:93:e5'	'46.51873398'	'6.559278488'	'481.1456604'	32
'54:72:4f:17:42:c2'	'46.51871872'	'6.559306622'	'481.0456238'	17
'00:21:6a:1b:91:a6'	'46.51869965'	'6.559334278'	'480.7785339'	28
'8c:3a:e3:63:aa:53'	'46.51869965'	'6.559334278'	'480.6672058'	23
'78:6c:1c:e1:17:2d'	'46.51865768'	'6.559410095'	'480.1669006'	20
'8c:7b:9d:36:87:21'	'46.51865768'	'6.559410095'	'480.1374207'	30
'c4:88:e5:24:3d:83'	'46.51864243'	'6.559430599'	'479.7928467'	20
'84:b1:53:de:c9:42'	'46.51863098'	'6.559448242'	'479.7115173'	27
'64:b3:10:86:06:3a'	'46.51860428'	'6.559477806'	'479.2148438'	29
'64:b3:10:86:06:3a'	'46.51860428'	'6.559477806'	'479.0243835'	28
'64:b3:10:86:06:3a'	'46.51860428'	'6.559477806'	'479.0794067'	28
'd8:9d:67:e7:e0:56'	'46.51858139'	'6.559500694'	'478.561676'	20
'8c:7b:9d:36:87:21'	'46.51856613'	'6.559510231'	'478.0360718'	28
'a0:d3:c1:c1:0e:cc'	'46.51853943'	'6.559520245'	'477.070343'	18
'84:7a:88:64:92:0d'	'46.51847839'	'6.559527874'	'477.8020935'	19
'08:11:96:52:e3:58'	'46.51841736'	'6.559523582'	'477.839386'	18
'00:23:14:70:c2:ec'	'46.51841736'	'6.559523582'	'477.1498108'	18
'00:19:d2:c6:46:49'	'46.51821899'	'6.559574604'	'479.7580566'	26
'8c:7b:9d:36:87:21'	'46.5178566'	'6.559863091'	'479.8196411'	24
'64:b3:10:86:06:3a'	'46.51783371'	'6.559876919'	'479.4073181'	22
'a4:ee:57:4f:f0:f6'	'46.51778793'	'6.559900284'	'478.3218384'	28
'60:67:20:5f:d5:0c'	'46.5175705'	'6.559964657'	'479.1171875'	21
'18:e7:f4:fc:4e:1a'	'46.51754761'	'6.559970379'	'479.4984741'	28
'00:23:14:70:c2:ec'	'46.51752472'	'6.559977055'	'479.4092407'	22
'00:13:21:c0:d2:f9'	'46.51750183'	'6.559985638'	'479.3892822'	21
'90:5f:2e:4d:c3:46'	'46.51747894'	'6.559997082'	'479.0376587'	21
'c0:d9:62:71:73:26'	'46.51740646'	'6.560056686'	'479.6756592'	19
'd0:22:be:d4:4f:71'	'46.51740646'	'6.560056686'	'479.6261597'	28
'54:35:30:a6:d9:cb'	'46.51737976'	'6.56009388'	'479.5435486'	23
'a4:ee:57:4f:f0:f6'	'46.51736069'	'6.560136795'	'479.0473938'	21
'f8:1e:df:d8:18:d4'	'46.51734543'	'6.56018734'	'479.0084229'	24
'00:21:6a:03:3b:52'	'46.51733017'	'6.560306549'	'479.2078552'	22
'00:21:6a:03:3b:52'	'46.51733017'	'6.560370445'	'479.4039612'	24
'00:23:14:70:c2:ec'	'46.51734543'	'6.560432911'	'479.2894287'	26
'f8:1e:df:d8:18:d4'	'46.5173912'	'6.560548306'	'477.9516602'	20
'64:b3:10:86:06:3a'	'46.51742935'	'6.56059885'	'477.6707458'	31
'64:b3:10:86:06:3a'	'46.51742935'	'6.56059885'	'478.394043'	31
'f8:1e:df:d8:18:d4'	'46.51784515'	'6.560717106'	'479.1846619'	21
'c4:88:e5:24:3d:83'	'46.51802826'	'6.56060791'	'479.3501892'	26
'00:23:14:70:c2:ec'	'46.51810455'	'6.560602665'	'479.1960754'	25
'88:53:95:55:12:aa'	'46.51818466'	'6.560605049'	'478.0306396'	22
'64:b3:10:86:06:3a'	'46.51821136'	'6.560608864'	'478.0627747'	25
'84:51:81:49:60:7b'	'46.51824188'	'6.560613632'	'477.9751587'	20
'34:23:ba:cb:d1:c3'	'46.51829147'	'6.56062746'	'477.9690857'	21
'10:68:3f:46:38:e2'	'46.51832199'	'6.560636997'	'477.7356262'	22
'10:68:3f:46:38:e2'	'46.51832199'	'6.560636997'	'477.7521362'	21
'64:b3:10:86:06:3a'	'46.51834869'	'6.560646534'	'477.8574524'	31
'c4:88:e5:24:3d:83'	'46.51834869'	'6.560646534'	'477.8540344'	32
'88:53:95:55:12:aa'	'46.51854324'	'6.560694695'	'477.2553711'	22
'a4:4e:31:e0:aa:cc'	'46.51856613'	'6.56069231'	'477.0049133'	20
'b4:b6:76:cd:01:22'	'46.51859283'	'6.560688496'	'477.3554077'	19
'94:94:26:50:23:15'	'46.51868057'	'6.560654163'	'477.7598267'	20
'c4:88:e5:24:3d:83'	'46.51868057'	'6.560654163'	'478.2678833'	28
'08:3e:8e:cb:b9:a7'	'46.51977158'	'6.56054163'	'478.723877'	20
'08:3e:8e:cb:b9:a7'	'46.51979446'	'6.560540199'	'478.6346741'	27
'60:6c:66:23:94:a7'	'46.51987076'	'6.560534'	'479.8395691'	23
'c4:88:e5:24:3d:83'	'46.52019882'	'6.560502052'	'479.9424133'	26
'a4:ee:57:4f:f0:f6'	'46.52019882'	'6.560502052'	'479.4749146'	17
'a4:ee:57:4f:f0:f6'	'46.52021027'	'6.560491085'	'478.7776794'	18
'00:15:99:9b:15:8a'	'46.52026749'	'6.560452461'	'479.5294189'	17
'00:19:d2:c6:46:49'	'46.52059937'	'6.560913086'	'477.780304'	20
'44:6d:57:e0:60:59'	'46.52010345'	'6.560781956'	'479.8907776'	20
'c4:88:e5:24:3d:83'	'46.52008057'	'6.560769558'	'479.5010071'	21
'10:0b:a9:53:6c:68'	'46.51993179'	'6.560750484'	'480.7380066'	18
'c4:88:e5:24:3d:83'	'46.51971817'	'6.560861588'	'480.7632446'	20
'40:f3:08:ef:d7:9b'	'46.51965332'	'6.560925484'	'480.9872437'	19
'88:c6:63:ff:13:e4'	'46.51955795'	'6.561003208'	'481.9429321'	23
'4c:72:b9:69:d7:d9'	'46.51954269'	'6.561014652'	'481.8104553'	18
'8c:a9:82:85:0b:28'	'46.51954269'	'6.561014652'	'481.8936157'	30
'00:73:e0:0b:19:1e'	'46.51945496'	'6.561021805'	'478.9732056'	27
'30:10:e4:11:7c:f7'	'46.5194397'	'6.560997009'	'479.4660645'	22
'4c:72:b9:69:d7:d9'	'46.51938629'	'6.560922146'	'481.5211487'	18
'd8:9d:67:e7:e0:56'	'46.51935959'	'6.560884476'	'480.5166016'	23
'a4:ee:57:4f:f0:f6'	'46.51929474'	'6.560838699'	'481.1108704'	26
'a4:ee:57:4f:f0:f6'	'46.51929474'	'6.560838699'	'481.605835'	21
'a4:ee:57:4f:f0:f6'	'46.51929474'	'6.560838699'	'481.6044312'	24
'64:b3:10:86:06:3a'	'46.51915741'	'6.560811996'	'483.0653992'	25
'64:b3:10:86:06:3a'	'46.51913834'	'6.560814381'	'482.5982666'	25
'00:21:6a:03:3b:52'	'46.51888275'	'6.560975075'	'480.4432678'	21
'00:0c:e7:a2:1b:b2'	'46.51852036'	'6.560949802'	'480.7297058'	24
'a4:ee:57:4f:f0:f6'	'46.51837921'	'6.560900688'	'482.3807678'	27
'30:19:66:44:97:7f'	'46.51821518'	'6.560891151'	'481.1777344'	29
'84:7a:88:5e:4d:77'	'46.51807785'	'6.560945511'	'481.9684143'	22
'60:67:20:77:a1:f6'	'46.51807785'	'6.560945511'	'482.1100769'	20
'00:24:d7:60:cb:00'	'46.51802063'	'6.560991287'	'482.9351807'	24
'34:23:ba:cb:d1:c3'	'46.51790237'	'6.561065674'	'480.1602478'	23
'c4:88:e5:24:3d:83'	'46.51788712'	'6.561063766'	'480.4862976'	19
'18:e7:f4:fc:4e:1a'	'46.51784515'	'6.561034203'	'480.6955872'	26
'64:b3:10:86:06:3a'	'46.51783371'	'6.561023235'	'480.647522'	29
'00:1f:3c:39:d9:11'	'46.51780701'	'6.56099844'	'480.079071'	38
'74:e5:0b:67:15:04'	'46.5177803'	'6.560976505'	'479.6816101'	21
'74:e5:0b:67:15:04'	'46.5177803'	'6.560976505'	'480.1470337'	23
'10:9a:dd:29:70:7d'	'46.51766968'	'6.560894012'	'480.5096741'	22
'00:1f:3c:39:d9:11'	'46.51737595'	'6.560945988'	'481.6003113'	38
'00:23:14:70:c2:ec'	'46.51730728'	'6.561056614'	'480.1874084'	22
'88:53:2e:62:31:85'	'46.51728821'	'6.561109543'	'480.0975647'	19
'00:23:14:70:c2:ec'	'46.51728821'	'6.561109543'	'480.0954895'	22
'00:00:85:ed:1b:98'	'46.51727295'	'6.561169624'	'480.4589233'	22
'58:94:6b:d7:b9:74'	'46.51726532'	'6.561299324'	'478.9942627'	21
'58:94:6b:d7:b9:74'	'46.51726532'	'6.561299324'	'479.8536377'	21
'd8:9d:67:e7:e0:56'	'46.51726913'	'6.561365128'	'479.7977295'	20
'40:b3:95:09:dd:06'	'46.51755142'	'6.561667442'	'474.9214478'	21
'00:23:14:70:c2:ec'	'46.51760101'	'6.561640263'	'476.0187378'	23
'80:ea:96:00:16:45'	'46.51764679'	'6.561616898'	'476.4867249'	23
'8c:00:6d:71:28:2d'	'46.51769638'	'6.561601639'	'476.3940735'	24
'f0:27:65:14:31:12'	'46.5177269'	'6.56159687'	'476.1624451'	30
'f0:27:65:14:31:12'	'46.5177536'	'6.561592579'	'475.2487793'	28
'00:00:85:ed:1b:98'	'46.51778412'	'6.561590195'	'474.7582397'	20
'00:24:d7:b5:51:70'	'46.51806641'	'6.561653137'	'474.4161987'	20
'64:b3:10:86:06:3a'	'46.51817703'	'6.561716557'	'474.9550781'	28
'74:e5:0b:3e:a9:88'	'46.51824188'	'6.561737061'	'474.8729553'	17
'd8:9d:67:e7:e0:56'	'46.51829147'	'6.561734676'	'474.6946716'	22
'24:fd:52:04:41:0d'	'46.51852036'	'6.561665058'	'476.5201721'	24
'00:23:14:70:c2:ec'	'46.51862717'	'6.561620235'	'475.9134827'	21
'00:1f:3c:39:d9:11'	'46.51875305'	'6.561585903'	'477.523407'	34
'00:1f:3c:39:d9:11'	'46.51878357'	'6.561583519'	'478.1789246'	33
'7c:fa:df:c2:a3:49'	'46.51890945'	'6.561580658'	'478.2775879'	20
'd8:9d:67:e7:e0:56'	'46.51897049'	'6.561579227'	'478.263031'	22
'5c:f8:a1:d7:a5:da'	'46.51908112'	'6.561573505'	'479.1212769'	22
'00:19:d2:c6:46:49'	'46.51915741'	'6.561573505'	'479.8627319'	28
'18:e7:f4:fc:4e:1a'	'46.51922226'	'6.56156826'	'479.566864'	34
'00:16:ea:81:37:70'	'46.51928711'	'6.561551094'	'479.1242065'	19
'84:7a:88:52:4e:ce'	'46.51930618'	'6.561544895'	'478.9767456'	23
'84:7a:88:52:4e:ce'	'46.51932907'	'6.561538696'	'479.0123901'	21
'd8:9e:3f:2d:23:e2'	'46.51934814'	'6.561532021'	'478.5855103'	20
'00:00:85:ed:1b:98'	'46.51934814'	'6.561532021'	'478.5744934'	21
'8c:70:5a:8d:93:74'	'46.51937103'	'6.561524391'	'478.8318481'	22
'28:6a:ba:a6:65:5e'	'46.51939392'	'6.561519146'	'478.8412476'	28
'30:19:66:44:97:7f'	'46.51942062'	'6.561516285'	'478.7118225'	20
'08:3e:8e:cb:b9:a7'	'46.51950073'	'6.561523914'	'479.0899658'	24
'cc:3a:61:36:42:b3'	'46.51955414'	'6.561536789'	'478.1315918'	26
'c4:88:e5:24:3d:83'	'46.51955414'	'6.561536789'	'478.3041992'	27
'08:ed:b9:d1:07:15'	'46.51955414'	'6.561536789'	'478.3041992'	21
'3c:a9:f4:59:68:3c'	'46.5200119'	'6.561421871'	'479.6925964'	20
'00:1f:3c:39:d9:11'	'46.5200119'	'6.561421871'	'479.5364685'	36
'00:1f:3c:39:d9:11'	'46.52004242'	'6.561416149'	'479.5232544'	21
'44:6d:57:e0:60:59'	'46.52026749'	'6.561466694'	'479.6086731'	35
'08:ed:b9:d0:93:e5'	'46.52038956'	'6.561701298'	'474.5024414'	29
'98:0c:82:f3:60:0d'	'46.5203743'	'6.561899662'	'471.8979492'	22
'88:30:8a:44:54:05'	'46.52022934'	'6.562077522'	'476.7229309'	19
'fc:92:3b:f3:3b:10'	'46.52017593'	'6.562094212'	'479.0929565'	18
'9c:d3:6d:9e:31:c2'	'46.51993561'	'6.561975956'	'481.6436768'	26
'f0:cb:a1:5b:91:d9'	'46.51991272'	'6.561965942'	'482.9717102'	22
'9c:04:eb:07:ef:c2'	'46.51955414'	'6.561990261'	'483.6039124'	25
'00:37:6d:f1:11:77'	'46.51951218'	'6.561983109'	'482.0440063'	23
'd0:22:be:3b:36:0d'	'46.51945496'	'6.561963081'	'481.1007385'	19
'74:2f:68:e9:02:82'	'46.51943588'	'6.561956406'	'481.2037048'	22
'e8:cd:2d:57:1a:cf'	'46.51936722'	'6.56193018'	'481.3318787'	21
'88:53:95:51:5b:46'	'46.5193367'	'6.561921597'	'481.315033'	18
'c4:88:e5:24:3d:83'	'46.5193367'	'6.561921597'	'481.2463379'	22
'10:68:3f:46:38:e2'	'46.51928329'	'6.561911583'	'481.9151611'	28
'10:68:3f:46:38:e2'	'46.51928329'	'6.561911583'	'481.981842'	28
'84:7a:88:5e:4d:77'	'46.5192337'	'6.561915874'	'482.3450012'	23
'64:76:ba:43:72:c6'	'46.51898956'	'6.56197691'	'483.5144958'	23
'08:11:96:fa:09:68'	'46.51897049'	'6.561979294'	'483.1112061'	18
'90:18:7c:60:30:d0'	'46.51879883'	'6.561999321'	'480.7571716'	28
'b4:52:7d:31:8d:8f'	'46.51866531'	'6.561955452'	'481.5732727'	24
'8c:00:6d:14:0b:0f'	'46.51850128'	'6.561857224'	'479.5257874'	22
'00:21:6a:9f:01:50'	'46.51847839'	'6.56185627'	'480.5255737'	27
'a4:ee:57:4f:f0:f6'	'46.51845551'	'6.561856747'	'480.3791809'	21
'88:30:8a:05:45:c8'	'46.51836777'	'6.561872482'	'479.3581543'	22
'cc:3a:61:6c:42:9a'	'46.51826477'	'6.561889172'	'480.7214966'	22
'c4:88:e5:24:3d:83'	'46.51823044'	'6.561888695'	'480.5646973'	26
'd8:9d:67:e7:e0:56'	'46.51806641'	'6.561861038'	'479.7568359'	22
'18:e7:f4:85:09:86'	'46.51804352'	'6.561855793'	'480.3211975'	19
'00:13:21:c0:d2:f9'	'46.51784134'	'6.56186533'	'480.2527161'	23
'00:23:4d:a7:84:51'	'46.51778793'	'6.561882496'	'480.8461914'	18
'c4:88:e5:24:3d:83'	'46.51770782'	'6.561905861'	'481.2741394'	26
'00:00:85:ed:1b:98'	'46.51766586'	'6.561904907'	'481.961731'	23
'2c:b4:3a:d2:cf:8a'	'46.5176239'	'6.561897755'	'482.0311279'	21
'10:68:3f:31:d3:a1'	'46.5176239'	'6.561897755'	'481.8881531'	20
'90:18:7c:60:30:d0'	'46.51738739'	'6.562535286'	'481.1522827'	21
'00:19:d2:c6:46:49'	'46.51745605'	'6.562574387'	'480.3786011'	30
'00:26:c7:01:af:4e'	'46.51749039'	'6.562582016'	'480.5168457'	21
'00:26:c7:01:af:4e'	'46.51749039'	'6.562582016'	'480.4735718'	21
'80:ea:96:00:16:45'	'46.51754761'	'6.562579155'	'479.106781'	28
'd0:22:be:3b:36:0d'	'46.51757431'	'6.562563896'	'479.041626'	24
'00:26:82:ac:d6:c8'	'46.51760101'	'6.562543392'	'478.4398499'	18
'58:94:6b:d7:b9:74'	'46.51762009'	'6.56251955'	'479.2316895'	19
'00:1c:b3:b1:be:79'	'46.51766586'	'6.56247139'	'480.5499573'	21
'34:51:c9:d3:4e:13'	'46.51768875'	'6.562451839'	'481.7089233'	23
'8c:2d:aa:53:a2:0f'	'46.51771545'	'6.562439919'	'481.8745422'	23
'f8:1e:df:d8:18:d4'	'46.51774216'	'6.562432289'	'481.5368958'	25
'64:b3:10:86:06:3a'	'46.51789856'	'6.562442303'	'480.3723755'	21
'9c:b7:0d:7f:d3:11'	'46.51789856'	'6.562442303'	'480.3723755'	37
'a4:ee:57:4f:f0:f6'	'46.51797104'	'6.562477112'	'480.5454712'	20
'f0:b4:79:df:05:75'	'46.51797104'	'6.562477112'	'480.47052'	23
'f0:b4:79:df:05:75'	'46.51800537'	'6.562500477'	'480.7004395'	22
'24:77:03:20:5c:40'	'46.51800537'	'6.562500477'	'480.9885254'	22
'00:c2:c6:2d:50:be'	'46.51828384'	'6.562629223'	'479.0335999'	29
'60:67:20:b9:7f:dc'	'46.51828384'	'6.562629223'	'478.8919983'	19
'00:24:d7:b5:51:70'	'46.51833725'	'6.562623024'	'478.1537781'	23
'00:00:85:ed:1b:98'	'46.51848221'	'6.562581062'	'478.1350098'	21
'a4:ee:57:4f:f0:f6'	'46.51913834'	'6.562541008'	'476.9331055'	20
'a4:ee:57:4f:f0:f6'	'46.51913834'	'6.562541008'	'476.6876526'	22
'c8:bc:c8:6a:10:ac'	'46.51919556'	'6.562489033'	'477.0770569'	23
'68:48:98:80:3d:4c'	'46.51939392'	'6.562412739'	'478.1787415'	17
'68:48:98:80:3d:4c'	'46.51942062'	'6.562412262'	'478.0160522'	26
'64:b3:10:86:06:3a'	'46.51945496'	'6.562412262'	'477.9547119'	23
'00:00:85:ed:1b:98'	'46.51948547'	'6.562413692'	'477.9518738'	19
'00:0c:e7:a2:1b:b2'	'46.51948547'	'6.562413692'	'477.9518738'	22
'00:0c:e7:a2:1b:b2'	'46.51948547'	'6.562413692'	'478.0199585'	21
'9c:d3:6d:9e:31:c2'	'46.51961517'	'6.562442303'	'478.7635803'	21
'00:23:14:70:c2:ec'	'46.51995468'	'6.562510967'	'478.9176941'	22
'44:6d:57:e0:60:59'	'46.5200386'	'6.562518597'	'478.1806641'	29
'cc:3a:61:4c:72:f7'	'46.52010345'	'6.562533855'	'477.6328735'	31
'1c:b0:94:b1:45:63'	'46.52023315'	'6.562614918'	'478.5370178'	30
'08:3e:8e:cb:b9:a7'	'46.52033615'	'6.562813759'	'477.8367004'	28
'18:e7:f4:fc:4e:1a'	'46.52035141'	'6.562879086'	'477.6399841'	28
'5c:f8:a1:14:ec:ac'	'46.52035522'	'6.563010693'	'477.261261'	25
'88:32:9b:fd:6e:bb'	'46.52035522'	'6.563010693'	'478.1020203'	26
'88:32:9b:fd:6e:bb'	'46.5203476'	'6.563071251'	'477.9364319'	25
'18:e7:f4:fc:4e:1a'	'46.52018738'	'6.563185215'	'477.3203125'	29
'c4:88:e5:24:3d:83'	'46.52018738'	'6.563185215'	'477.4550476'	24
'00:1f:3c:39:d9:11'	'46.52015305'	'6.563149929'	'477.1276245'	34
'00:1f:3c:39:d9:11'	'46.52013779'	'6.563126087'	'477.1013794'	33
'44:d8:84:86:7a:f1'	'46.52006531'	'6.562932968'	'478.788208'	21
'44:d8:84:86:7a:f1'	'46.52006531'	'6.562932968'	'478.9278259'	22
'24:c6:96:c1:56:35'	'46.52005005'	'6.562861919'	'479.0706482'	26
'3c:e0:72:d0:3d:39'	'46.52003098'	'6.562279224'	'480.966156'	22
'18:e7:f4:85:09:86'	'46.52003479'	'6.562234402'	'480.8599243'	27
'00:15:99:9b:15:8a'	'46.5200386'	'6.561952114'	'481.8308105'	18
'd0:22:be:37:33:73'	'46.52006149'	'6.561672688'	'481.6438293'	26
'9c:d3:6d:9e:31:c2'	'46.52007675'	'6.561588287'	'482.4219055'	17
'00:1f:3c:39:d9:11'	'46.52007675'	'6.561588287'	'482.0836182'	27
'00:1f:3c:39:d9:11'	'46.52007675'	'6.561588287'	'482.0836182'	30
'00:24:d7:6f:86:fc'	'46.52010345'	'6.56137991'	'480.542511'	25
'40:30:04:13:e1:67'	'46.52010345'	'6.56137991'	'480.6854858'	21
'd0:22:be:37:33:73'	'46.5201683'	'6.56108427'	'483.1547546'	18
'f0:27:65:f1:76:2e'	'46.52020645'	'6.56093359'	'481.0316772'	24
'88:30:8a:05:45:c8'	'46.5202179'	'6.560451031'	'478.6791382'	22
'00:23:4d:34:d8:f2'	'46.52021408'	'6.560417175'	'478.7911682'	20
'd8:9d:67:e7:e0:56'	'46.52020264'	'6.560279369'	'481.1913452'	20
'00:21:6a:5b:7f:58'	'46.5202179'	'6.560119152'	'479.2503662'	19
'00:00:85:ed:1b:98'	'46.52022934'	'6.560032368'	'480.6751709'	18
'b4:b6:76:cd:01:22'	'46.52022934'	'6.560032368'	'480.1821899'	26
'a4:ee:57:4f:f0:f6'	'46.5202446'	'6.559942722'	'478.647644'	22
'a0:d3:c1:c1:0e:cc'	'46.52033615'	'6.559751034'	'480.2027893'	19
'30:10:e4:c9:98:68'	'46.52035522'	'6.559731483'	'480.3876953'	21
'04:f7:e4:72:1c:e4'	'46.52037048'	'6.559711456'	'480.6421814'	29
'04:f7:e4:72:1c:e4'	'46.52037048'	'6.559711456'	'480.6882324'	23
'74:e5:0b:22:f5:b4'	'46.52040482'	'6.559094429'	'481.4277039'	27
'a4:ee:57:4f:f0:f6'	'46.520401'	'6.55906868'	'481.5169067'	23
'a4:ee:57:4f:f0:f6'	'46.5201683'	'6.55883646'	'480.7886047'	26
'e8:d4:e0:4a:08:84'	'46.52008057'	'6.55883646'	'481.5733032'	27
'f8:1e:df:d8:18:d4'	'46.52002335'	'6.558852196'	'480.3508301'	23
'04:f7:e4:72:1c:e4'	'46.52000427'	'6.558858395'	'480.3766174'	25
'90:b2:1f:b8:93:44'	'46.51986694'	'6.5588727'	'480.5377197'	21
'5c:f8:a1:90:58:3c'	'46.51980972'	'6.558863163'	'479.9669495'	21
'5c:f8:a1:90:58:3c'	'46.51977158'	'6.558856964'	'479.5553284'	20
'a4:ee:57:4f:f0:f6'	'46.5197525'	'6.558853626'	'479.2333984'	18
'8c:2d:aa:53:a2:0f'	'46.51972961'	'6.558848858'	'479.1446228'	24
'f8:1e:df:d8:18:d4'	'46.5196228'	'6.558839798'	'480.6017456'	24
'84:3a:4b:82:7b:50'	'46.51947403'	'6.558860302'	'481.8945312'	25
'00:1f:3c:39:d9:11'	'46.51947403'	'6.558860302'	'482.008667'	28
'1c:b0:94:b1:45:63'	'46.51939392'	'6.558867931'	'480.6045532'	26
'1c:b0:94:b1:45:63'	'46.51939392'	'6.558867931'	'480.6520081'	22
'50:ea:d6:be:53:79'	'46.51931763'	'6.558867931'	'481.5317993'	20
'f8:1e:df:d8:18:d4'	'46.51928329'	'6.558866024'	'479.6854248'	24
'54:e4:3a:2b:7f:dd'	'46.51916122'	'6.558858871'	'480.9505005'	23
'40:6a:ab:ba:36:52'	'46.51916122'	'6.558858871'	'480.8398438'	28
'78:e4:00:f6:19:bc'	'46.51897812'	'6.558878422'	'479.8557434'	24
'18:20:32:0c:19:48'	'46.51892471'	'6.558889866'	'479.1759033'	22
'84:7a:88:5e:4d:77'	'46.5188446'	'6.558903217'	'479.0191345'	25
'00:eb:2d:42:6e:d5'	'46.51874161'	'6.558905602'	'479.8937073'	30
'd4:9a:20:5a:ab:b4'	'46.51872253'	'6.558904648'	'480.1260681'	23
'88:30:8a:7b:cd:8a'	'46.51872253'	'6.558904648'	'480.4161072'	18
'cc:3a:61:4c:75:ce'	'46.51868439'	'6.558899403'	'480.5552979'	23
'44:6d:57:e0:60:59'	'46.51868439'	'6.558899403'	'480.3710022'	33
'44:6d:57:e0:60:59'	'46.51866913'	'6.558895111'	'479.9612732'	28
'cc:3a:61:4c:75:ce'	'46.51848602'	'6.558785439'	'480.6410217'	19
'28:e1:4c:96:c0:8a'	'46.51843643'	'6.558760166'	'480.0693359'	26
'24:77:03:f9:d0:64'	'46.51841736'	'6.55875349'	'479.7239685'	27
'00:21:6a:5b:7f:58'	'46.51837921'	'6.558743477'	'479.9898682'	19
'cc:08:e0:dc:e5:1c'	'46.51835632'	'6.558740616'	'479.5352783'	20
'c0:d9:62:71:73:26'	'46.51831436'	'6.558739662'	'478.9998779'	25
'84:a6:c8:cf:36:9f'	'46.5182457'	'6.558757782'	'480.3648376'	20
'24:77:03:d9:02:dc'	'46.51822662'	'6.558766842'	'480.5758972'	20
'24:77:03:d9:02:dc'	'46.51820755'	'6.558777332'	'480.9959412'	20
'5c:da:d4:28:40:ce'	'46.51818848'	'6.558786869'	'481.1031799'	21
'84:3a:4b:d1:38:7c'	'46.5181694'	'6.558797836'	'480.899231'	23
'f0:27:65:95:db:bc'	'46.51815414'	'6.558810711'	'480.6891785'	17
'84:3a:4b:d1:38:7c'	'46.51815414'	'6.558810711'	'480.6073608'	24
'5c:da:d4:28:40:ce'	'46.51813889'	'6.558823109'	'480.2312317'	20
'5c:0a:5b:62:7f:aa'	'46.51808167'	'6.558867455'	'479.3179321'	27
'e8:99:c4:bb:7c:c4'	'46.51806641'	'6.558874607'	'478.9584656'	20
'c4:d9:87:27:6d:39'	'46.51806641'	'6.558874607'	'478.7061157'	25
'60:a4:4c:08:f4:f2'	'46.51804352'	'6.558887482'	'479.6852722'	17
'3c:e0:72:ed:0f:7c'	'46.51802826'	'6.558891296'	'478.6901855'	19
'00:23:4d:34:d8:f2'	'46.51800537'	'6.558895111'	'476.6523132'	22
'38:aa:3c:c7:2c:54'	'46.51792526'	'6.558859825'	'476.5008545'	20
'08:11:96:fa:09:68'	'46.5178566'	'6.558815479'	'477.9910889'	23
'84:7a:88:5e:4d:77'	'46.51779938'	'6.558789253'	'478.0799866'	20
'8c:00:6d:48:6c:8d'	'46.51764297'	'6.558798313'	'478.7310181'	25
'84:51:81:35:fd:21'	'46.51761627'	'6.558807373'	'479.6024475'	24
'08:3e:8e:cb:b9:a7'	'46.51748657'	'6.558887959'	'479.8921509'	29
'c4:88:e5:24:3d:83'	'46.51751328'	'6.559528828'	'477.0515137'	24
'dc:85:de:12:94:cc'	'46.51777267'	'6.559554577'	'479.9137268'	20
'30:10:e4:13:d9:9f'	'46.51787949'	'6.559536934'	'478.3019104'	15
'70:11:24:11:a8:51'	'46.51794052'	'6.559530258'	'477.4331665'	28
'c0:d9:62:71:73:26'	'46.51794052'	'6.559530258'	'477.6064453'	19
'60:67:20:66:90:44'	'46.51796722'	'6.559532642'	'477.5411987'	20
'44:d8:84:86:7a:f1'	'46.51803207'	'6.55954361'	'478.3901978'	20
'0c:74:c2:36:73:c9'	'46.51812363'	'6.559566498'	'478.6326599'	20
'c0:d9:62:71:73:26'	'46.51812363'	'6.559566498'	'478.5041199'	19
'c0:d9:62:71:73:26'	'46.51815414'	'6.559572697'	'478.6412964'	20
'14:99:e2:cf:17:e0'	'46.51818466'	'6.559579849'	'478.1241455'	27
'14:99:e2:cf:17:e0'	'46.51821136'	'6.559586048'	'478.5866394'	26
'5c:0a:5b:92:7f:9a'	'46.51826477'	'6.559597492'	'478.16745'	16
'c0:d9:62:71:73:26'	'46.51834488'	'6.55960989'	'477.7027588'	18
'6c:c2:6b:20:e3:d1'	'46.51846695'	'6.559607506'	'477.7384033'	18
'c4:88:e5:24:3d:83'	'46.51848984'	'6.559605598'	'477.2698059'	18
'5c:f8:a1:d7:a0:bb'	'46.5187912'	'6.559509277'	'476.9320984'	29
'1c:3e:84:12:e7:03'	'46.51886368'	'6.559483051'	'477.2550964'	19
'c4:46:19:5d:89:3d'	'46.51906204'	'6.559465885'	'477.0602417'	25
'e0:9d:31:0d:4c:e8'	'46.51919556'	'6.55948925'	'476.6304932'	21
'00:24:d6:67:28:c6'	'46.51926804'	'6.559506893'	'477.2573242'	20
'68:94:23:1a:6e:09'	'46.51937485'	'6.559541225'	'477.2812195'	19
'34:23:ba:24:29:9f'	'46.5205307'	'6.560040951'	'479.3627625'	17
'1c:65:9d:99:a7:9f'	'46.5205307'	'6.560040951'	'479.6040649'	20
'7c:c5:37:41:41:b2'	'46.52028275'	'6.560123444'	'479.7497559'	16
'00:c2:c6:2d:50:be'	'46.52024841'	'6.560085773'	'479.7668762'	20
'8c:3a:e3:44:02:8c'	'46.51960754'	'6.560037136'	'481.8401489'	18
'9c:d3:6d:9e:31:c2'	'46.51957321'	'6.56003046'	'483.1574707'	22
'00:0f:f8:4f:77:75'	'46.51953888'	'6.560024261'	'483.2308655'	25
'64:b3:10:86:06:3a'	'46.51952744'	'6.560022354'	'483.0846863'	16
'40:0e:85:73:b3:52'	'46.51943207'	'6.559989929'	'478.1917725'	25
'64:b3:10:86:06:3a'	'46.51909256'	'6.559827805'	'482.3914185'	20
'f0:27:65:f1:76:2e'	'46.51882935'	'6.559895515'	'481.0517273'	19
'00:0f:f8:4f:77:75'	'46.51880646'	'6.559904099'	'481.0028076'	24
'4c:72:b9:69:d7:d9'	'46.51873016'	'6.559937954'	'481.2854919'	14
'a4:ee:57:4f:f0:f6'	'46.51847458'	'6.560078621'	'481.221405'	20
'a8:86:dd:96:1c:40'	'46.51833344'	'6.560058594'	'479.7037659'	21
'00:0c:e3:71:3e:63'	'46.51806641'	'6.559936047'	'480.2232361'	20
'8c:2d:aa:53:a2:0f'	'46.51802063'	'6.559931278'	'480.4967651'	19
'08:11:96:52:e3:58'	'46.51797867'	'6.559930325'	'481.973114'	19
'5c:a3:9d:97:e6:a8'	'46.51794434'	'6.559931278'	'481.1010437'	22
'84:4b:f5:0e:66:44'	'46.51786423'	'6.559928894'	'479.4020081'	18
'64:b3:10:86:06:3a'	'46.51778793'	'6.559926987'	'479.5464172'	19
'84:7a:88:5e:4d:77'	'46.51745605'	'6.55998373'	'480.2600708'	22
'84:7a:88:5e:4d:77'	'46.51745605'	'6.55998373'	'480.1267395'	22
'c8:bc:c8:e0:80:66'	'46.51737595'	'6.560094357'	'479.1477966'	18
'8c:00:6d:36:a2:53'	'46.51733398'	'6.560372829'	'477.4306335'	19
'a4:ee:57:4f:f0:f6'	'46.51733398'	'6.560372829'	'477.1583862'	27
'd0:22:be:39:d2:4f'	'46.51736832'	'6.560503483'	'477.367981'	25
'74:e5:0b:b7:b4:ac'	'46.51777267'	'6.5606637'	'476.2715759'	20
'74:e5:0b:55:e2:12'	'46.51780701'	'6.560660839'	'476.1717224'	20
'd0:22:be:39:d2:4f'	'46.51780701'	'6.560660839'	'475.9441833'	22
'd0:22:be:39:d2:4f'	'46.51783752'	'6.560657501'	'476.039917'	23
'00:04:20:2d:fa:99'	'46.51802063'	'6.560660839'	'475.8656921'	26
'00:21:5a:b3:82:04'	'46.51849747'	'6.560607433'	'476.3091431'	20
'00:1f:3c:39:d9:11'	'46.51852417'	'6.56059885'	'476.5898438'	21
'a4:ee:57:4f:f0:f6'	'46.51861191'	'6.560573101'	'476.732605'	27
'a4:ee:57:4f:f0:f6'	'46.51864243'	'6.560565472'	'477.0932922'	27
'd0:22:be:39:d2:4f'	'46.51864243'	'6.560565472'	'477.6459961'	19
'00:00:85:ed:1b:98'	'46.51878738'	'6.560544014'	'477.7531433'	22
'00:0f:f8:4f:c5:9f'	'46.51885223'	'6.56054163'	'477.6732483'	22
'64:b3:10:86:06:3a'	'46.51888657'	'6.56054306'	'477.8057251'	21
'1c:ab:a7:ad:b9:78'	'46.51902008'	'6.560567379'	'479.1636353'	22
'84:7a:88:5e:4d:77'	'46.51908875'	'6.560577869'	'480.271637'	32
'5c:0a:5b:95:86:e1'	'46.51934052'	'6.560592175'	'478.6843872'	20
'b4:b6:76:1a:ec:ad'	'46.51937103'	'6.560585499'	'478.5118713'	17
'24:77:03:a6:f2:64'	'46.51939774'	'6.56058073'	'478.3949585'	17
'18:e7:f4:fc:4e:1a'	'46.51947784'	'6.560575962'	'479.5920715'	27
'18:e7:f4:fc:4e:1a'	'46.51950455'	'6.560577869'	'479.6523743'	28
'5c:f8:a1:d7:a5:da'	'46.5196228'	'6.560585022'	'479.0243225'	21
'84:7a:88:5e:4d:77'	'46.51977921'	'6.560501099'	'478.3428345'	25
'2c:d0:5a:a5:2f:9e'	'46.51992798'	'6.560468674'	'479.0291138'	24
'84:85:06:6d:38:6a'	'46.5200119'	'6.560461521'	'478.2701721'	23
'2c:d0:5a:a5:2f:9e'	'46.52007294'	'6.560465336'	'479.3373108'	20
'1c:65:9d:23:85:b1'	'46.52016068'	'6.560479164'	'480.1164856'	28
'1c:65:9d:23:85:b1'	'46.52016068'	'6.560479164'	'480.3901367'	29
'00:0f:f8:4e:75:cf'	'46.52030945'	'6.560513496'	'480.3641357'	25
'5c:a3:9d:97:e6:a8'	'46.52048492'	'6.560925007'	'480.5531311'	17
'64:b3:10:86:06:3a'	'46.52048111'	'6.560986519'	'480.6937866'	26
'5c:0a:5b:c1:55:d9'	'46.52046204'	'6.561089993'	'481.4250793'	20
'a4:ee:57:4f:f0:f6'	'46.52046204'	'6.561089993'	'481.4443359'	30
'a4:ee:57:4f:f0:f6'	'46.52046204'	'6.561089993'	'481.6904907'	30
'64:b3:10:86:06:3a'	'46.52045059'	'6.561132431'	'482.051239'	21
'90:18:7c:2c:90:2e'	'46.52039337'	'6.561228752'	'477.9738464'	21
'64:b3:10:98:00:9c'	'46.52038193'	'6.5612216'	'478.6257324'	21
'70:11:24:11:a8:51'	'46.52037048'	'6.561213017'	'478.7109375'	19
'd8:9d:67:e7:e0:56'	'46.52037048'	'6.561213017'	'478.7109375'	24
'd8:9d:67:e7:e0:56'	'46.52037048'	'6.561213017'	'478.5940247'	24
'e0:91:53:75:6e:4f'	'46.52037048'	'6.561213017'	'478.5872192'	20
'f0:27:65:f1:76:2e'	'46.5203476'	'6.561186314'	'479.1923218'	25
'5c:f8:a1:de:51:a8'	'46.52030945'	'6.561112881'	'479.0143127'	17
'8c:3a:e3:44:02:8c'	'46.52029037'	'6.561080456'	'479.9634705'	21
'a4:ee:57:4f:f0:f6'	'46.5202713'	'6.561062336'	'480.5072937'	21
'18:e7:f4:fc:4e:1a'	'46.52019882'	'6.56099844'	'480.7030945'	19
'a4:67:06:f0:17:24'	'46.52013779'	'6.560956955'	'481.5366821'	20
'c4:88:e5:24:3d:83'	'46.51973343'	'6.560947895'	'482.401947'	18
'f0:27:65:f1:76:2e'	'46.51969147'	'6.560956001'	'481.5953064'	23
'00:1f:3c:39:d9:11'	'46.51939392'	'6.561057091'	'484.4465332'	30
'64:b3:10:86:06:3a'	'46.51932907'	'6.561074257'	'484.1510925'	23
'a4:ee:57:4f:f0:f6'	'46.5189476'	'6.560953617'	'480.9914246'	18
'9c:d3:6d:9e:31:c2'	'46.5189476'	'6.560953617'	'480.9157715'	23
'0c:74:c2:20:70:49'	'46.51887512'	'6.560925484'	'481.2521667'	21
'cc:08:e0:9f:46:21'	'46.51841736'	'6.56098175'	'480.8157349'	16
'90:18:7c:6d:98:6b'	'46.51824188'	'6.560985088'	'478.6617737'	23
'8c:00:6d:71:28:2d'	'46.51807785'	'6.560939789'	'480.5004883'	23
'5c:59:48:62:bf:a2'	'46.51790619'	'6.560915947'	'481.3140564'	19
'a4:ee:57:4f:f0:f6'	'46.51752853'	'6.560881615'	'478.7288818'	19
'a4:ee:57:4f:f0:f6'	'46.51752853'	'6.560881615'	'478.5913696'	20
'00:26:b0:a4:8b:bb'	'46.51744843'	'6.560883045'	'480.0114746'	21
'00:04:20:29:b7:0c'	'46.51731491'	'6.560964108'	'479.2412415'	22
'00:04:20:29:b7:0c'	'46.51729202'	'6.56099987'	'478.9509888'	18
'64:b3:10:86:06:3a'	'46.51729202'	'6.56099987'	'478.6677246'	26
'd8:9d:67:e7:e0:56'	'46.51725006'	'6.56109333'	'480.1487122'	19
'f8:1e:df:74:3c:06'	'46.5172348'	'6.561150551'	'479.7278442'	24
'74:e5:0b:55:e2:3a'	'46.51722336'	'6.561277866'	'479.2376404'	19
'a4:ee:57:4f:f0:f6'	'46.5174675'	'6.561620712'	'475.7507629'	29
'54:e4:3a:89:27:01'	'46.51758957'	'6.561534405'	'477.578064'	26
'9c:b7:0d:f5:61:ce'	'46.51761246'	'6.561523438'	'477.249054'	24
'f8:1e:df:0a:a3:c6'	'46.51763153'	'6.561510563'	'477.2516785'	28
'00:24:d7:60:cb:00'	'46.5177002'	'6.561480999'	'475.8075562'	23
'00:26:b0:a4:8b:bb'	'46.5177002'	'6.561480999'	'475.7016907'	20
'54:e4:3a:2b:7f:dd'	'46.51775742'	'6.561475277'	'475.1347046'	33
'5c:f8:a1:12:44:15'	'46.51775742'	'6.561475277'	'475.327179'	22
'00:1f:3c:39:d9:11'	'46.51778793'	'6.561479568'	'475.1061096'	37
'a4:ee:57:4f:f0:f6'	'46.51782227'	'6.561489582'	'474.677063'	21
'9c:b7:0d:7f:d3:11'	'46.51785278'	'6.561504841'	'474.9677429'	27
'64:b3:10:86:06:3a'	'46.51795578'	'6.561553478'	'474.972229'	27
'00:19:d2:c6:46:49'	'46.51807785'	'6.561615944'	'474.5656433'	29
'c0:d9:62:71:73:26'	'46.51810455'	'6.561623096'	'474.5570068'	21
'00:21:47:04:e4:e5'	'46.51813507'	'6.561627388'	'474.2388611'	19
'10:68:3f:4f:d9:d3'	'46.51816559'	'6.561627388'	'473.9425964'	17
'dc:9b:9c:41:8a:2b'	'46.51816559'	'6.561627388'	'474.0601807'	21
'a0:82:1f:62:43:98'	'46.51819229'	'6.561623096'	'473.8210449'	21
'a4:4e:31:e0:aa:cc'	'46.51828384'	'6.56159544'	'474.3846741'	20
'a4:4e:31:e0:aa:cc'	'46.51828384'	'6.56159544'	'474.7153931'	23
'a4:ee:57:4f:f0:f6'	'46.51830292'	'6.561588287'	'475.030365'	26
'a4:ee:57:4f:f0:f6'	'46.51832199'	'6.561582565'	'475.4255981'	28
'a4:ee:57:4f:f0:f6'	'46.51832199'	'6.561582565'	'475.3995056'	23
'10:0b:a9:ad:9b:8c'	'46.51834106'	'6.561576843'	'474.7812195'	17
'00:1f:3c:39:d9:11'	'46.51834106'	'6.561576843'	'474.2703857'	27
'1c:65:9d:99:a7:9f'	'46.51838684'	'6.561558247'	'474.5940857'	28
'08:11:96:52:e3:58'	'46.51840973'	'6.561547756'	'474.7097168'	22
'00:0f:f8:4d:3b:bb'	'46.51848221'	'6.5615201'	'475.9569397'	19
'a8:86:dd:96:1c:40'	'46.51858139'	'6.561500072'	'476.6146851'	17
'54:e4:3a:2b:7f:dd'	'46.5186615'	'6.561500072'	'476.0869751'	22
'54:e4:3a:2b:7f:dd'	'46.51872635'	'6.561504841'	'475.9637451'	21
'a4:ee:57:4f:f0:f6'	'46.51925278'	'6.56159544'	'476.7958679'	19
'00:24:d6:67:28:c6'	'46.51931381'	'6.561608315'	'476.0339355'	18
'84:7a:88:5e:4d:77'	'46.51934052'	'6.561614513'	'476.0137634'	30
'40:30:04:25:41:d4'	'46.51948929'	'6.561655045'	'477.2502136'	17
'6c:88:14:02:d3:18'	'46.51953506'	'6.561653614'	'476.6890869'	26
'00:04:20:26:92:19'	'46.51955795'	'6.561648369'	'476.7996826'	19
'a4:ee:57:4f:f0:f6'	'46.51960373'	'6.561635971'	'476.8196106'	19
'00:26:ab:5b:59:79'	'46.51962662'	'6.561632156'	'477.2680969'	25
'74:e5:0b:55:d8:a0'	'46.51962662'	'6.561632156'	'477.3781128'	22
'84:7a:88:5e:4d:77'	'46.51971436'	'6.561609268'	'477.7737427'	34
'00:00:85:ed:1b:98'	'46.51971436'	'6.561609268'	'477.4588623'	20
'00:0f:f8:4d:3b:b6'	'46.51971436'	'6.561609268'	'477.4588623'	19
'c0:18:85:6f:0f:a5'	'46.51971436'	'6.561609268'	'477.2608643'	20
'10:68:3f:4f:d9:d3'	'46.52005386'	'6.561491966'	'478.2748413'	23
'10:0b:a9:ad:9b:8c'	'46.5200882'	'6.561489105'	'478.4759521'	22
'a4:ee:57:4f:f0:f6'	'46.52015305'	'6.561488628'	'479.0557251'	23
'a4:ee:57:4f:f0:f6'	'46.52015305'	'6.561488628'	'479.0914917'	21
'64:b3:10:86:06:3a'	'46.52032852'	'6.561514854'	'478.6733093'	23
'18:e7:f4:fc:4e:1a'	'46.52048874'	'6.561727047'	'479.5106201'	31
'18:e7:f4:fc:4e:1a'	'46.52051544'	'6.56185627'	'480.3339539'	29
'18:e7:f4:fc:4e:1a'	'46.52051163'	'6.561982632'	'480.2048035'	28
'18:e7:f4:fc:4e:1a'	'46.52050018'	'6.562033653'	'480.8192444'	25
'60:67:20:5f:d5:0c'	'46.52041626'	'6.562163353'	'480.4822388'	20
'18:e7:f4:fc:4e:1a'	'46.52018738'	'6.5620718'	'480.0628357'	29
'44:6d:57:e0:60:59'	'46.52013397'	'6.562026978'	'480.8621216'	27
'18:e7:f4:fc:4e:1a'	'46.52013397'	'6.562026978'	'481.3709106'	26
'20:16:d8:db:1c:18'	'46.52011108'	'6.562010765'	'481.4917297'	22
'30:19:66:44:97:7f'	'46.51991272'	'6.561970711'	'481.6158752'	24
'd8:9d:67:e7:e0:56'	'46.51983261'	'6.56197691'	'481.3340454'	23
'c4:88:e5:24:3d:83'	'46.51976013'	'6.561985493'	'482.0049133'	28
'a8:86:dd:96:1c:40'	'46.51967621'	'6.561994553'	'482.0292358'	21
'c4:85:08:28:12:ed'	'46.51965332'	'6.561995983'	'481.7765198'	19
'84:7a:88:5e:4d:77'	'46.51961517'	'6.561995506'	'481.434906'	22
'a8:96:8a:92:0e:52'	'46.51959229'	'6.561992645'	'481.0093384'	24
'88:cb:87:ca:12:90'	'46.51897049'	'6.561952114'	'480.5914307'	20
'64:b3:10:86:06:3a'	'46.51897049'	'6.561952114'	'480.5762939'	18
'a8:bb:cf:ac:ea:84'	'46.51897049'	'6.561952114'	'480.3061523'	19
'9c:d3:6d:9e:31:c2'	'46.51893616'	'6.561936378'	'479.6044006'	23
'8c:3a:e3:5d:13:3e'	'46.51878357'	'6.561880589'	'480.87854'	23
'5c:0a:5b:63:e5:0a'	'46.5186615'	'6.561883926'	'481.8064575'	29
'5c:0a:5b:63:e5:0a'	'46.5186348'	'6.561889648'	'481.3576965'	24
'40:b3:95:50:38:5c'	'46.51856232'	'6.561911583'	'481.258667'	21
'e8:8d:28:2a:4f:ab'	'46.51847076'	'6.561931133'	'481.0276794'	19
'00:04:20:2b:b2:6d'	'46.51808548'	'6.561964989'	'480.0739136'	21
'00:1f:3c:39:d9:11'	'46.51796722'	'6.561992645'	'479.429718'	30
'30:39:26:95:0e:9a'	'46.51794815'	'6.561990261'	'478.8868408'	21
'40:2c:f4:38:66:f9'	'46.51781464'	'6.561950684'	'478.6941223'	21
'10:68:3f:33:40:a9'	'46.51773071'	'6.561911106'	'480.1629639'	25
'00:00:85:ed:1b:98'	'46.51769638'	'6.561898708'	'480.624939'	21
'9c:b7:0d:f5:61:ce'	'46.51764297'	'6.56188488'	'479.591156'	23
'10:68:3f:33:40:a9'	'46.5176239'	'6.561880589'	'479.7896118'	26
'64:b3:10:86:06:3a'	'46.51755524'	'6.561876774'	'480.9041748'	33
'44:6d:57:e0:60:59'	'46.51750946'	'6.561892986'	'481.1313782'	24
'a4:ee:57:4f:f0:f6'	'46.51746368'	'6.56192112'	'480.770752'	22
'00:0f:f8:4d:3b:bb'	'46.51744843'	'6.562595844'	'477.7021484'	29
'10:9a:dd:29:70:7d'	'46.51749802'	'6.562629223'	'477.4283447'	18
'f8:1e:df:5c:ca:d1'	'46.5176239'	'6.562646389'	'478.3406372'	18
'5c:f8:a1:41:e1:28'	'46.5176239'	'6.562646389'	'478.5839844'	21
'70:11:24:11:a8:51'	'46.51779556'	'6.562618732'	'476.958374'	27
'00:0f:f8:4e:1e:ce'	'46.51790237'	'6.562610626'	'477.04953'	-125
'b4:b6:76:1a:ec:ad'	'46.51793671'	'6.562609196'	'477.1370544'	22
'00:0f:f8:4d:3b:b6'	'46.51797104'	'6.562610626'	'477.3374023'	24
'00:0f:f8:4e:1e:ce'	'46.51815796'	'6.562623024'	'477.6655273'	23
'84:7a:88:5e:4d:77'	'46.51821136'	'6.562617302'	'476.7779541'	37
'a4:ee:57:4f:f0:f6'	'46.5182991'	'6.562623501'	'477.2109985'	18
'48:74:6e:5c:7f:dd'	'46.5182991'	'6.562623501'	'477.4021301'	21
'1c:65:9d:23:85:b1'	'46.51843262'	'6.562645435'	'476.9224548'	25
'00:21:5a:b3:82:04'	'46.51850891'	'6.562644005'	'476.2705383'	19
'78:d6:f0:0c:23:25'	'46.51852798'	'6.562636852'	'476.4919434'	27
'00:0f:f8:4d:3b:b6'	'46.51858139'	'6.562615395'	'477.4674072'	29
'5c:f8:a1:12:44:15'	'46.51861572'	'6.562604904'	'476.9443359'	20
'08:11:96:52:e3:58'	'46.51868439'	'6.562563896'	'476.5555115'	20
'00:23:4d:34:d8:f2'	'46.51880646'	'6.562483788'	'478.0153198'	25
'10:0b:a9:ad:9b:8c'	'46.51901627'	'6.562458515'	'479.2197266'	24
'f8:1e:df:5c:ca:d1'	'46.51918411'	'6.562505245'	'478.475647'	23
'60:67:20:39:6b:04'	'46.51932144'	'6.562541485'	'479.3728638'	20
'00:23:4d:34:d8:f2'	'46.51935577'	'6.562551498'	'479.4101257'	21
'e8:cb:a1:43:e6:e0'	'46.51938629'	'6.562561035'	'479.4974976'	20
'8c:70:5a:8d:93:74'	'46.51967239'	'6.562533379'	'479.1625366'	25
'cc:3a:61:36:b4:85'	'46.51983261'	'6.562488556'	'481.0140381'	23
'24:77:03:0f:16:90'	'46.51991653'	'6.562479973'	'480.476532'	22
'f8:1e:df:0a:a3:c6'	'46.52000809'	'6.562475204'	'478.4030457'	28
'f8:1e:df:5c:ca:d1'	'46.52026749'	'6.562678337'	'479.7097168'	25
'10:68:3f:31:d3:a1'	'46.52029419'	'6.562734604'	'479.5710449'	19
'50:2e:5c:ec:c5:3e'	'46.52033997'	'6.563017368'	'480.8226929'	22
'00:73:e0:28:87:4d'	'46.52029037'	'6.563169479'	'480.6719971'	28
'f0:08:f1:fb:c6:39'	'46.51997757'	'6.56291914'	'480.3571472'	15
'64:b3:10:86:06:3a'	'46.51997757'	'6.56291914'	'480.7112427'	27
'a4:17:31:f9:78:22'	'46.51997757'	'6.562883854'	'479.9801331'	19
'00:21:5a:b3:82:04'	'46.51999664'	'6.562670708'	'481.6645813'	14
'5c:0a:5b:63:e5:0a'	'46.52000809'	'6.562639236'	'481.5679321'	25
'90:b9:31:b9:81:dc'	'46.5200119'	'6.562609673'	'482.0088501'	18
'b8:e8:56:3e:4f:32'	'46.52003098'	'6.562516689'	'481.7271423'	20
'40:f3:08:c3:ed:fc'	'46.52003479'	'6.562473774'	'481.6310425'	19
'00:0f:f8:4d:3b:bb'	'46.52002716'	'6.562282085'	'480.5166321'	25
'a8:86:dd:96:1c:40'	'46.52003098'	'6.562256813'	'480.9684448'	17
'd8:9d:67:e7:e0:56'	'46.52003479'	'6.562206268'	'481.286438'	18
'00:0f:f8:4f:c5:9f'	'46.5200386'	'6.562181473'	'481.0490417'	19
'00:24:d7:0d:f6:9c'	'46.52005005'	'6.56200695'	'480.0354919'	27
'9c:d3:6d:9e:31:c2'	'46.52007675'	'6.561637402'	'481.6168213'	28
'6c:88:14:04:83:f8'	'46.52011108'	'6.56145525'	'478.9494324'	15
'0c:30:21:a2:85:9a'	'46.5201149'	'6.561431885'	'479.7165222'	36
'8c:70:5a:e9:8e:98'	'46.5201149'	'6.561431885'	'480.4053955'	24
'24:0a:64:8c:c3:1f'	'46.52011871'	'6.561388969'	'481.5256042'	20
'00:37:6d:d9:d4:37'	'46.52013016'	'6.561328888'	'480.9679565'	19
'24:77:03:52:6e:f0'	'46.52013016'	'6.561309814'	'480.6795349'	19
'00:22:fa:8e:51:32'	'46.52013016'	'6.561222076'	'478.9429626'	18
'9c:d3:6d:9e:31:c2'	'46.52013016'	'6.56114769'	'479.0851746'	20
'00:0f:f8:4d:3b:bb'	'46.52013397'	'6.561120033'	'479.1552429'	22
'00:23:4d:34:d8:f2'	'46.52013779'	'6.561059952'	'478.7250366'	23
'a8:86:dd:96:1c:40'	'46.52020645'	'6.560575485'	'480.5174866'	20
'a4:ee:57:4f:f0:f6'	'46.52025986'	'6.560028076'	'479.1810303'	23
'00:1f:3c:39:d9:11'	'46.52025986'	'6.560028076'	'479.5454407'	24
'5c:0a:5b:63:e5:0a'	'46.52026367'	'6.559996605'	'480.4020691'	24
'bc:f5:ac:f9:98:87'	'46.52029419'	'6.55980587'	'481.3795166'	20
'88:30:8a:7a:cd:5c'	'46.52029419'	'6.55977869'	'481.3442688'	29
'a4:ee:57:4f:f0:f6'	'46.52030563'	'6.55966711'	'479.4753418'	21
'ac:3c:0b:e7:b6:a7'	'46.52031326'	'6.559565544'	'479.6995544'	18
'70:de:e2:85:1c:d9'	'46.52031326'	'6.559565544'	'479.5207825'	18
'f8:1e:df:d8:18:d4'	'46.52032852'	'6.559451103'	'479.7267151'	22
'00:0f:f8:4d:3b:bb'	'46.52033997'	'6.559370518'	'479.331543'	26
'10:68:3f:33:40:a9'	'46.52034378'	'6.559329987'	'479.3476868'	22
'84:7a:88:5e:4d:77'	'46.52034378'	'6.559329987'	'479.2824097'	21
'90:18:7c:b0:62:f5'	'46.52035522'	'6.559251308'	'479.7518311'	20
'c0:d9:62:71:73:26'	'46.52036667'	'6.559140682'	'480.5985718'	22
'5c:0a:5b:95:86:e1'	'46.520298'	'6.558920383'	'478.3707581'	21
'00:0f:f8:4e:1e:ce'	'46.520298'	'6.558920383'	'479.1366272'	21
'f8:e0:79:de:dc:75'	'46.52003479'	'6.558866978'	'480.9620056'	20
'10:0b:a9:53:6c:68'	'46.51998138'	'6.558892727'	'479.8994141'	21
'00:0f:f8:4d:3b:bb'	'46.51991272'	'6.558931351'	'479.5793152'	22
'8c:3a:e3:63:aa:53'	'46.51987076'	'6.558940887'	'478.7785645'	16
'10:68:3f:31:d3:a1'	'46.51977921'	'6.55892086'	'478.3057251'	20
'00:0f:f8:4d:3b:b6'	'46.51977921'	'6.55892086'	'478.2898254'	29
'd0:22:be:37:33:73'	'46.51971817'	'6.558908939'	'479.1276855'	19
'00:23:4d:34:d8:f2'	'46.51961517'	'6.558892727'	'479.0176086'	23
'00:26:ab:5b:59:79'	'46.51955032'	'6.558878899'	'479.9524841'	28
'00:37:6d:e9:4f:19'	'46.51955032'	'6.558878899'	'480.0830688'	34
'00:37:6d:e9:4f:19'	'46.51953506'	'6.558876038'	'480.1195374'	37
'78:d6:f0:0c:23:25'	'46.51948929'	'6.558868408'	'479.7115479'	34
'00:37:6d:e9:4f:19'	'46.51938248'	'6.558848858'	'479.7007446'	26
'00:1d:e0:52:a7:2f'	'46.51935959'	'6.558850288'	'479.4171753'	20
'34:51:c9:d3:4e:13'	'46.51935959'	'6.558850288'	'479.4906921'	27
'c8:f7:33:ca:e2:66'	'46.51935959'	'6.558850288'	'479.4906921'	18
'34:c0:59:9f:30:fd'	'46.51918411'	'6.558873653'	'479.4558716'	18
'00:19:d2:c6:46:49'	'46.5190773'	'6.55887413'	'480.6583557'	28
'00:27:10:77:22:1c'	'46.51903534'	'6.558879852'	'480.6184998'	29
'08:11:96:df:e5:18'	'46.51903534'	'6.558879852'	'480.6446228'	19
'74:de:2b:bd:94:4d'	'46.51894379'	'6.558889389'	'478.0804138'	25
'24:77:03:d9:02:dc'	'46.51887131'	'6.558885574'	'477.830719'	20
'90:18:7c:b0:62:f5'	'46.51860428'	'6.558902264'	'479.5804443'	22
'38:aa:3c:62:8e:40'	'46.51858521'	'6.558902264'	'479.4627075'	19
'dc:71:44:3d:07:e7'	'46.51856232'	'6.558902264'	'479.8499756'	22
'88:c6:63:ea:db:c0'	'46.51842499'	'6.558905602'	'478.0629578'	18
'40:30:04:7a:f3:c4'	'46.51823044'	'6.558963299'	'478.2047119'	27
'60:03:08:82:f3:e5'	'46.51815033'	'6.558957577'	'479.1862183'	35
'1c:66:aa:98:0e:4b'	'46.51809692'	'6.558925152'	'477.8853455'	22
'00:24:d6:76:46:46'	'46.51807404'	'6.558894634'	'477.3295288'	20
'58:1f:aa:c7:c5:62'	'46.51799774'	'6.558794022'	'478.2467957'	21
'00:0f:f8:4d:3b:b6'	'46.51790619'	'6.558758259'	'481.8215637'	19
'2c:cc:15:58:a8:9c'	'46.51784515'	'6.558755875'	'481.6276855'	19
'c0:18:85:6f:0f:a5'	'46.51781082'	'6.558757782'	'480.3012085'	23
'00:23:4d:34:d8:f2'	'46.51776886'	'6.558766365'	'479.8913879'	20
'0c:74:c2:b1:13:70'	'46.51770782'	'6.558800697'	'479.9890137'	20
'90:72:40:da:f7:c1'	'46.51768875'	'6.558813095'	'480.4165039'	22
'1c:66:aa:98:0e:4b'	'46.51766968'	'6.558825493'	'481.1135864'	23
'40:f3:08:f6:b1:d9'	'46.51761246'	'6.558880329'	'480.5999451'	23
'10:a5:d0:14:8a:28'	'46.51748657'	'6.559091091'	'479.5410461'	27
'c4:43:8f:f3:a9:1b'	'46.51750565'	'6.559565067'	'478.5170593'	31
'00:f4:b9:54:c9:0b'	'46.51755905'	'6.559659481'	'479.0050659'	19
'78:e4:00:63:9d:a7'	'46.51762772'	'6.559732914'	'478.3354187'	20
'00:24:d7:55:11:70'	'46.51766586'	'6.559759617'	'478.0609131'	17
'00:22:fa:8e:51:32'	'46.51844025'	'6.559568405'	'478.3691101'	20
'00:1f:3c:39:d9:11'	'46.51850128'	'6.559566498'	'477.9969788'	22
'00:1f:3c:39:d9:11'	'46.51853561'	'6.559565067'	'477.6549988'	19
'c4:85:08:28:12:ed'	'46.51863098'	'6.559555054'	'477.8847961'	19
'88:30:8a:05:45:c8'	'46.51882172'	'6.559552193'	'477.675354'	29
'14:89:fd:6a:b7:5e'	'46.51882172'	'6.559552193'	'477.8980713'	24
'58:b0:35:59:f3:45'	'46.51882172'	'6.559552193'	'477.8980713'	21
'00:1f:3c:39:d9:11'	'46.51887894'	'6.559555054'	'477.8056641'	25
'8c:a9:82:85:0b:28'	'46.51891327'	'6.559557915'	'477.9630432'	17
'84:7a:88:5e:4d:77'	'46.51899719'	'6.559556484'	'478.0671082'	21
'84:51:81:04:4b:e5'	'46.51905823'	'6.559556484'	'478.4848022'	22
'00:22:58:91:e7:81'	'46.51908493'	'6.559558392'	'478.8680725'	20
'88:32:9b:1f:c8:89'	'46.51924515'	'6.559569836'	'479.9296265'	22
'60:03:08:0c:14:10'	'46.51971817'	'6.559495449'	'480.6374512'	20
'cc:3a:61:57:be:83'	'46.51974487'	'6.559492111'	'480.1716614'	40
'78:9e:d0:a7:2f:a8'	'46.51974487'	'6.559492111'	'479.8953247'	28
'68:94:23:1a:6e:09'	'46.52011871'	'6.55949831'	'480.6599426'	20
'84:51:81:04:4b:e5'	'46.52035141'	'6.559504509'	'479.9942932'	19
'a4:ee:57:4f:f0:f6'	'46.52047348'	'6.55978632'	'478.1665955'	18
'78:9e:d0:a7:2f:a8'	'46.52047348'	'6.55978632'	'478.348053'	23
'1c:66:aa:98:0e:4b'	'46.52033997'	'6.560044289'	'477.1930237'	19
'c4:43:8f:f3:a9:1b'	'46.52031708'	'6.560044289'	'477.1954041'	26
'b4:b6:76:62:73:ed'	'46.52024841'	'6.560017109'	'478.5905151'	26
'60:67:20:39:6b:04'	'46.51969147'	'6.560002804'	'481.103363'	24
'00:37:6d:e9:4f:19'	'46.51963425'	'6.560004711'	'480.2355957'	23
'40:f0:2f:88:64:40'	'46.51921844'	'6.559996128'	'481.5742188'	18
'c4:88:e5:24:3d:83'	'46.51916885'	'6.559986591'	'481.9338684'	23
'e0:9d:31:0d:4c:e8'	'46.51888657'	'6.559977531'	'482.9203796'	20
'14:8f:c6:17:cd:43'	'46.5182724'	'6.560004234'	'481.8772278'	17
'08:3e:8e:cb:b9:a7'	'46.51810074'	'6.559880257'	'480.1291809'	23
'00:00:85:ed:1b:98'	'46.51762772'	'6.559969902'	'477.0328674'	16
'd8:9d:67:e7:e0:56'	'46.51751709'	'6.559966564'	'478.18927'	24
'a4:ee:57:4f:f0:f6'	'46.51751709'	'6.559966564'	'478.7076416'	28
'f0:27:65:78:a3:1e'	'46.5173912'	'6.560028076'	'480.1640625'	19
'c4:88:e5:24:3d:83'	'46.51766586'	'6.56042099'	'477.3253174'	18
'00:1f:3c:39:d9:11'	'46.51768875'	'6.560405731'	'476.4592285'	40
'00:1f:3c:39:d9:11'	'46.51787567'	'6.560411453'	'478.4111328'	35
'a4:ee:57:4f:f0:f6'	'46.51818466'	'6.560490608'	'478.241272'	23
'a4:ee:57:4f:f0:f6'	'46.51818466'	'6.560490608'	'478.2646179'	28
'00:24:d7:60:cb:00'	'46.51821518'	'6.560495853'	'477.8838501'	21
'd8:9d:67:e7:e0:56'	'46.51821518'	'6.560495853'	'478.0357971'	20
'dc:71:44:3d:07:e7'	'46.51827621'	'6.560502529'	'476.9287415'	19
'a4:ee:57:4f:f0:f6'	'46.51847076'	'6.560495853'	'477.5881958'	26
'd8:31:cf:8e:cd:dd'	'46.51852036'	'6.560492039'	'476.889679'	19
'00:21:47:04:e4:e5'	'46.51856995'	'6.560485363'	'477.1704712'	24
'5c:0a:5b:95:86:e1'	'46.51868057'	'6.560485363'	'478.3614807'	18
'74:de:2b:fd:7d:5f'	'46.51875305'	'6.560486794'	'478.6486816'	20
'a4:ee:57:4f:f0:f6'	'46.51877594'	'6.56048584'	'477.697998'	31
'a4:ee:57:4f:f0:f6'	'46.51877594'	'6.56048584'	'477.238739'	24
'a4:ee:57:4f:f0:f6'	'46.51879883'	'6.560483932'	'477.6920166'	23
'00:00:85:ed:1b:98'	'46.51879883'	'6.560483932'	'478.3183289'	19
'a4:ee:57:4f:f0:f6'	'46.51882553'	'6.560481071'	'478.1665649'	23
'84:7a:88:5e:4d:77'	'46.51896286'	'6.560469627'	'478.6940002'	24
'84:7a:88:5e:4d:77'	'46.51899338'	'6.560468197'	'479.2650452'	27
'1c:65:9d:23:85:b1'	'46.51934433'	'6.560481071'	'480.0795898'	23
'a4:ee:57:4f:f0:f6'	'46.51963425'	'6.560471058'	'479.6604919'	18
'5c:f8:a1:d7:a5:da'	'46.51966858'	'6.560472965'	'479.7164307'	21
'00:26:ab:5b:59:79'	'46.52005005'	'6.560468197'	'479.0175171'	20
'00:f4:b9:54:c9:0b'	'46.52047348'	'6.560768127'	'478.7660217'	25
'f8:1e:df:d8:18:d4'	'46.52043533'	'6.561014175'	'476.4630432'	21
'a4:ee:57:4f:f0:f6'	'46.52043533'	'6.561014175'	'476.5571899'	25
'a4:ee:57:4f:f0:f6'	'46.52041626'	'6.561034679'	'477.0460815'	25
'f0:27:65:78:a3:1e'	'46.52039719'	'6.561044693'	'477.1825562'	24
'd8:31:cf:8e:cd:dd'	'46.52030182'	'6.561043262'	'477.6089172'	19
'f8:1e:df:d8:18:d4'	'46.5201683'	'6.560973644'	'479.4467773'	18
'00:07:73:11:f5:8f'	'46.5200119'	'6.560925484'	'482.1039429'	20
'00:26:08:f7:c0:96'	'46.51967239'	'6.561013699'	'482.5951233'	18
'00:26:08:f7:c0:96'	'46.51964951'	'6.561017036'	'482.256073'	18
'a4:ee:57:4f:f0:f6'	'46.51964951'	'6.561017036'	'482.265686'	22
'34:c0:59:9f:30:fd'	'46.51933289'	'6.560997486'	'480.4552917'	19
'c4:85:08:a4:20:13'	'46.51929474'	'6.560967922'	'480.977356'	17
'c8:6f:1d:6b:e3:a0'	'46.51920319'	'6.560929298'	'481.4941406'	19
'ac:fd:ec:a9:1d:c5'	'46.51862335'	'6.560933113'	'478.9912109'	20
'cc:3a:61:57:be:83'	'46.51852036'	'6.560865879'	'480.6379395'	26
'c4:43:8f:f3:a9:1b'	'46.51832962'	'6.560880661'	'480.5259705'	24
'a4:ee:57:4f:f0:f6'	'46.51825333'	'6.560917854'	'481.4141235'	21
'c4:88:e5:24:3d:83'	'46.51823044'	'6.560929775'	'481.4952698'	35
'6c:3e:6d:b6:e2:4d'	'46.51823044'	'6.560929775'	'481.5901794'	17
'd8:9d:67:e7:e0:56'	'46.51807404'	'6.56099844'	'480.8634644'	22
'a4:ee:57:4f:f0:f6'	'46.51777649'	'6.560826778'	'480.2552185'	21
'a4:c3:61:69:30:a0'	'46.51777649'	'6.560826778'	'480.3886108'	21
'a4:c3:61:69:30:a0'	'46.51775742'	'6.560818195'	'480.9154663'	21
'1c:b0:94:b4:43:4e'	'46.51771545'	'6.56080389'	'480.5019226'	20
'1c:b0:94:a2:85:2c'	'46.5176239'	'6.560812473'	'478.9639282'	28
'1c:b0:94:a2:85:2c'	'46.5176239'	'6.560812473'	'478.9639282'	28
'00:1f:3c:39:d9:11'	'46.51759338'	'6.560824871'	'479.4162292'	40
'5c:b5:24:e8:7c:71'	'46.51753616'	'6.560858727'	'479.0572205'	19
'98:fe:94:91:46:86'	'46.5174408'	'6.560948849'	'479.8833313'	21
'60:c5:47:e1:7d:5b'	'46.51738358'	'6.561309338'	'477.9503784'	21
'd8:9d:67:e7:e0:56'	'46.51754761'	'6.561540127'	'478.1413574'	22
'a4:ee:57:4f:f0:f6'	'46.51762772'	'6.561569691'	'478.3669739'	27
'00:04:20:2d:fa:99'	'46.51762772'	'6.561569691'	'478.3669739'	20
'a4:67:06:22:00:d2'	'46.5178566'	'6.56156826'	'477.9468689'	18
'00:21:47:04:e4:e5'	'46.5178833'	'6.561553001'	'477.9972229'	21
'a8:fa:d8:e0:d0:60'	'46.51790619'	'6.561540604'	'479.066864'	19
'5c:0a:5b:95:86:e1'	'46.51792908'	'6.561528683'	'479.05896'	22
'00:1f:3c:39:d9:11'	'46.51797485'	'6.561508179'	'480.0440979'	39
'00:1f:3c:39:d9:11'	'46.51804352'	'6.561497211'	'479.5941772'	38
'a4:ee:57:4f:f0:f6'	'46.5184021'	'6.561490536'	'478.1834412'	28
'1c:65:9d:23:85:b1'	'46.51852417'	'6.561439514'	'477.8633423'	29
'bc:52:b7:25:73:00'	'46.51854706'	'6.561430931'	'478.657074'	19
'64:b3:10:86:06:3a'	'46.51872635'	'6.561400414'	'479.4955139'	29
'00:1f:3c:39:d9:11'	'46.51889801'	'6.561448097'	'479.6438293'	34
'd0:22:be:3a:fb:ce'	'46.51895905'	'6.561468124'	'479.6615906'	20
'00:19:d2:c6:46:49'	'46.51901627'	'6.561484337'	'479.7084045'	21
'00:19:d2:c6:46:49'	'46.51901627'	'6.561484337'	'479.6004333'	20
'cc:3a:61:36:42:b3'	'46.51913452'	'6.561519146'	'480.3403015'	21
'00:23:14:70:c2:ec'	'46.51916122'	'6.561528683'	'480.6299744'	29
'00:26:ab:5b:59:79'	'46.51918793'	'6.561536789'	'480.0292053'	25
'88:32:9b:fd:6e:bb'	'46.51921844'	'6.561545372'	'479.9017029'	26
'00:23:14:70:c2:ec'	'46.51960373'	'6.561536312'	'478.6340332'	19
'c4:88:e5:24:3d:83'	'46.51978302'	'6.561498642'	'479.7709961'	17
'00:24:d7:10:7d:fc'	'46.51987839'	'6.561490536'	'479.4854431'	20
'5c:b5:24:e8:7c:71'	'46.51990891'	'6.561488628'	'479.4707642'	18
'cc:3a:61:4a:ec:e1'	'46.51993942'	'6.561488152'	'479.6817627'	23
'00:24:d7:8a:3b:3c'	'46.52000046'	'6.561491489'	'480.1143799'	20
'00:16:44:b2:6a:05'	'46.52003098'	'6.561495304'	'480.2848511'	22
'64:b3:10:86:06:3a'	'46.52006149'	'6.561499119'	'480.3074646'	24
'00:23:14:70:c2:ec'	'46.52020645'	'6.561511993'	'478.2788086'	24
'd8:9d:67:e7:e0:56'	'46.52031708'	'6.561496735'	'478.8128052'	18
'88:32:9b:fd:6e:bb'	'46.52057648'	'6.561718464'	'481.2742615'	28
'c4:88:e5:24:3d:83'	'46.52059555'	'6.561773777'	'480.4511414'	26
'10:0b:a9:53:6c:68'	'46.52059555'	'6.561773777'	'480.2827148'	20
'10:0b:a9:53:6c:68'	'46.52061081'	'6.561836243'	'480.7281799'	20
'74:de:2b:bd:94:4d'	'46.52058792'	'6.562084675'	'480.1688232'	22
'b4:b6:76:62:73:ed'	'46.52050781'	'6.562178612'	'479.7154236'	19
'b4:b6:76:62:73:ed'	'46.52050781'	'6.562178612'	'479.9017029'	18
'00:00:85:ed:1b:98'	'46.52045059'	'6.562192917'	'480.2297974'	29
'a4:ee:57:4f:f0:f6'	'46.5204277'	'6.562195778'	'480.5582886'	20
'00:19:d2:c6:46:49'	'46.52037811'	'6.562193394'	'480.6272888'	22
'00:19:d2:c6:46:49'	'46.52037811'	'6.562193394'	'480.5633545'	19
'c4:88:e5:24:3d:83'	'46.52032852'	'6.562181473'	'479.4889221'	31
'00:1f:3c:39:d9:11'	'46.52022171'	'6.562088966'	'480.3458557'	32
'90:b9:31:b9:81:dc'	'46.52016449'	'6.562015533'	'479.0843811'	19
'a4:4e:31:66:8b:a8'	'46.52014542'	'6.562000275'	'479.1034851'	20
'c4:88:e5:24:3d:83'	'46.51994324'	'6.561943054'	'479.574646'	30
'f8:1e:df:d8:18:d4'	'46.51986694'	'6.561950684'	'479.6735229'	17
'00:0f:24:5d:ac:10'	'46.51986694'	'6.561950684'	'479.230072'	16
'00:19:d2:c6:46:49'	'46.51974487'	'6.561961174'	'480.4870605'	20
'00:19:d2:c6:46:49'	'46.51972198'	'6.561963558'	'480.4041138'	23
'a4:ee:57:4f:f0:f6'	'46.51965332'	'6.561973572'	'480.2440796'	19
'a4:c3:61:5e:1d:40'	'46.51963425'	'6.561977863'	'480.8092346'	22
'a4:c3:61:5e:1d:40'	'46.51963425'	'6.561977863'	'480.8634949'	22
'40:f3:08:ff:b2:f7'	'46.51949692'	'6.562002659'	'480.116394'	24
'a8:fa:d8:ee:56:28'	'46.51945496'	'6.562002659'	'480.2861328'	21
'c8:6f:1d:6b:e3:a0'	'46.51935959'	'6.562005043'	'481.2773743'	23
'70:de:e2:85:1c:d9'	'46.51935959'	'6.562005043'	'480.9762573'	18
'84:85:06:6d:38:6a'	'46.51930618'	'6.562003136'	'480.4357605'	23
'00:23:4d:34:d8:f2'	'46.51901627'	'6.561946869'	'480.009491'	21
'00:19:d2:c6:46:49'	'46.51886368'	'6.561975479'	'481.6929321'	19
'c4:88:e5:24:3d:83'	'46.51884079'	'6.561981678'	'481.3184814'	28
'9c:b7:0d:f5:61:ce'	'46.51879883'	'6.561994076'	'481.1886597'	25
'e0:b9:a5:d2:fa:a4'	'46.51877975'	'6.561999321'	'480.9575195'	20
'00:24:1e:61:49:a4'	'46.51877975'	'6.561999321'	'480.82901'	21
'84:7a:88:5e:4d:77'	'46.51867294'	'6.562000275'	'480.1293335'	21
'c4:88:e5:24:3d:83'	'46.51864243'	'6.561988831'	'479.5085754'	27
'c8:f7:33:00:91:f5'	'46.51854324'	'6.56191349'	'479.3187256'	29
'9c:d3:6d:9e:31:c2'	'46.5184021'	'6.561882973'	'480.31427'	20
'24:77:03:0f:16:90'	'46.51832199'	'6.561890602'	'479.0596313'	20
'5c:0a:5b:c1:55:d9'	'46.51823044'	'6.561901569'	'479.4344482'	17
'00:00:85:ed:1b:98'	'46.51814651'	'6.561915398'	'478.9948425'	21
'1c:65:9d:23:85:b1'	'46.51767731'	'6.561886311'	'479.805481'	23
'c0:d9:62:71:73:26'	'46.51767731'	'6.561886311'	'479.6000061'	21
'c0:d9:62:71:73:26'	'46.51765823'	'6.561885834'	'479.2022095'	23
'98:0c:82:83:43:9f'	'46.51765823'	'6.561885834'	'479.0915222'	21
'74:de:2b:fd:7d:5f'	'46.51763916'	'6.561884403'	'479.0696106'	21
'1c:b0:94:a2:85:2c'	'46.5175972'	'6.561881542'	'479.3063354'	24
'a4:ee:57:71:50:6e'	'46.51755524'	'6.561882973'	'480.3345337'	26
'00:00:85:ed:1b:98'	'46.51753616'	'6.561886311'	'480.0509338'	17
'28:6a:ba:a6:65:5e'	'46.51732635'	'6.562121391'	'480.1448975'	25
'b4:b6:76:cd:01:22'	'46.51731491'	'6.562173843'	'479.5288086'	30
'28:6a:ba:a6:65:5e'	'46.5173111'	'6.562230587'	'479.6476746'	27
'00:19:d2:c6:46:49'	'46.51734924'	'6.56248188'	'478.8466797'	28
'60:c5:47:e1:7d:5b'	'46.51741028'	'6.562568665'	'479.7092285'	22
'00:26:ab:5b:59:79'	'46.51744461'	'6.562599182'	'480.6874084'	22
'b0:df:3a:e0:fc:ad'	'46.51784134'	'6.562574387'	'478.2935181'	21
'a4:ee:57:4f:f0:f6'	'46.5181427'	'6.562661171'	'476.5585938'	23
'a4:ee:57:4f:f0:f6'	'46.5181694'	'6.562657833'	'476.4881592'	20
'24:77:03:18:48:88'	'46.51824951'	'6.562641621'	'477.8345947'	36
'00:19:d2:c6:46:49'	'46.51838684'	'6.562615395'	'478.0016479'	31
'00:00:85:ed:1b:98'	'46.51887894'	'6.562525749'	'479.3791199'	20
'a4:17:31:f9:78:22'	'46.51908875'	'6.562551498'	'478.9432068'	25
'cc:3a:61:36:42:b3'	'46.51911545'	'6.562554359'	'478.9367371'	27
'84:7a:88:5e:4d:77'	'46.51914215'	'6.562556744'	'479.1647644'	29
'f0:b4:79:df:05:75'	'46.51919556'	'6.56255722'	'478.9951172'	21
'c4:88:e5:24:3d:83'	'46.51924896'	'6.562555313'	'479.2755127'	25
'1c:b0:94:a2:85:2c'	'46.51950073'	'6.562538624'	'478.3296509'	24
'98:0c:82:83:43:9f'	'46.51959991'	'6.562519073'	'478.9826965'	24
'd0:22:be:50:9f:36'	'46.51979065'	'6.562483311'	'479.2587585'	19
'c4:88:e5:24:3d:83'	'46.51991653'	'6.562470913'	'480.2088623'	28
'c4:88:e5:24:3d:83'	'46.51991653'	'6.562470913'	'480.1517944'	28
'9c:d3:6d:9e:31:c2'	'46.51995087'	'6.56247282'	'480.6652222'	21
'50:2e:5c:ec:c5:3e'	'46.51995087'	'6.56247282'	'480.6652222'	24
'1c:b0:94:a2:85:2c'	'46.5199852'	'6.562475204'	'480.8556824'	28
'a4:db:30:f8:44:06'	'46.52008438'	'6.562487602'	'480.289917'	22
'c4:88:e5:24:3d:83'	'46.52032089'	'6.562889576'	'479.0975037'	26
'c4:88:e5:24:3d:83'	'46.52030945'	'6.562948227'	'480.4345093'	29
'ac:cf:5c:c4:be:aa'	'46.52030945'	'6.562948227'	'480.6538086'	21
'dc:85:de:12:94:cc'	'46.52022171'	'6.563075542'	'479.5781555'	20
'00:bb:3a:20:ba:85'	'46.52019501'	'6.563082695'	'479.4168091'	17
'84:7a:88:5e:4d:77'	'46.52014923'	'6.56307745'	'479.1340942'	22
'74:e5:0b:3e:a9:88'	'46.52014923'	'6.56307745'	'479.1801147'	17
'08:ed:b9:d0:93:e5'	'46.52005768'	'6.562996864'	'480.1674805'	26
'60:c5:47:e1:7d:5b'	'46.52001572'	'6.562931061'	'479.5141907'	23
