'5c:da:d4:28:40:ce'	'46.51818848'	'6.558786869'	'481.1031799'	21
'84:3a:4b:d1:38:7c'	'46.5181694'	'6.558797836'	'480.899231'	23
'f0:27:65:95:db:bc'	'46.51815414'	'6.558810711'	'480.6891785'	17
'84:3a:4b:d1:38:7c'	'46.51815414'	'6.558810711'	'480.6073608'	24
'5c:da:d4:28:40:ce'	'46.51813889'	'6.558823109'	'480.2312317'	20
'5c:0a:5b:62:7f:aa'	'46.51808167'	'6.558867455'	'479.3179321'	27
'e8:99:c4:bb:7c:c4'	'46.51806641'	'6.558874607'	'478.9584656'	20
'c4:d9:87:27:6d:39'	'46.51806641'	'6.558874607'	'478.7061157'	25
'60:a4:4c:08:f4:f2'	'46.51804352'	'6.558887482'	'479.6852722'	17
'3c:e0:72:ed:0f:7c'	'46.51802826'	'6.558891296'	'478.6901855'	19
'00:23:4d:34:d8:f2'	'46.51800537'	'6.558895111'	'476.6523132'	22
'38:aa:3c:c7:2c:54'	'46.51792526'	'6.558859825'	'476.5008545'	20
'08:11:96:fa:09:68'	'46.5178566'	'6.558815479'	'477.9910889'	23
'84:7a:88:5e:4d:77'	'46.51779938'	'6.558789253'	'478.0799866'	20
'8c:00:6d:48:6c:8d'	'46.51764297'	'6.558798313'	'478.7310181'	25
'84:51:81:35:fd:21'	'46.51761627'	'6.558807373'	'479.6024475'	24
'08:3e:8e:cb:b9:a7'	'46.51748657'	'6.558887959'	'479.8921509'	29
'c4:88:e5:24:3d:83'	'46.51751328'	'6.559528828'	'477.0515137'	24
'dc:85:de:12:94:cc'	'46.51777267'	'6.559554577'	'479.9137268'	20
'30:10:e4:13:d9:9f'	'46.51787949'	'6.559536934'	'478.3019104'	15
'70:11:24:11:a8:51'	'46.51794052'	'6.559530258'	'477.4331665'	28
'c0:d9:62:71:73:26'	'46.51794052'	'6.559530258'	'477.6064453'	19
'60:67:20:66:90:44'	'46.51796722'	'6.559532642'	'477.5411987'	20
'44:d8:84:86:7a:f1'	'46.51803207'	'6.55954361'	'478.3901978'	20
'0c:74:c2:36:73:c9'	'46.51812363'	'6.559566498'	'478.6326599'	20
'c0:d9:62:71:73:26'	'46.51812363'	'6.559566498'	'478.5041199'	19
'c0:d9:62:71:73:26'	'46.51815414'	'6.559572697'	'478.6412964'	20
'14:99:e2:cf:17:e0'	'46.51818466'	'6.559579849'	'478.1241455'	27
'14:99:e2:cf:17:e0'	'46.51821136'	'6.559586048'	'478.5866394'	26
'5c:0a:5b:92:7f:9a'	'46.51826477'	'6.559597492'	'478.16745'	16
'c0:d9:62:71:73:26'	'46.51834488'	'6.55960989'	'477.7027588'	18
'6c:c2:6b:20:e3:d1'	'46.51846695'	'6.559607506'	'477.7384033'	18
'c4:88:e5:24:3d:83'	'46.51848984'	'6.559605598'	'477.2698059'	18
'5c:f8:a1:d7:a0:bb'	'46.5187912'	'6.559509277'	'476.9320984'	29
'1c:3e:84:12:e7:03'	'46.51886368'	'6.559483051'	'477.2550964'	19
'c4:46:19:5d:89:3d'	'46.51906204'	'6.559465885'	'477.0602417'	25
'e0:9d:31:0d:4c:e8'	'46.51919556'	'6.55948925'	'476.6304932'	21
'00:24:d6:67:28:c6'	'46.51926804'	'6.559506893'	'477.2573242'	20
'68:94:23:1a:6e:09'	'46.51937485'	'6.559541225'	'477.2812195'	19
'34:23:ba:24:29:9f'	'46.5205307'	'6.560040951'	'479.3627625'	17
'1c:65:9d:99:a7:9f'	'46.5205307'	'6.560040951'	'479.6040649'	20
'7c:c5:37:41:41:b2'	'46.52028275'	'6.560123444'	'479.7497559'	16
'00:c2:c6:2d:50:be'	'46.52024841'	'6.560085773'	'479.7668762'	20
'8c:3a:e3:44:02:8c'	'46.51960754'	'6.560037136'	'481.8401489'	18
'9c:d3:6d:9e:31:c2'	'46.51957321'	'6.56003046'	'483.1574707'	22
'00:0f:f8:4f:77:75'	'46.51953888'	'6.560024261'	'483.2308655'	25
'64:b3:10:86:06:3a'	'46.51952744'	'6.560022354'	'483.0846863'	16
'40:0e:85:73:b3:52'	'46.51943207'	'6.559989929'	'478.1917725'	25
'64:b3:10:86:06:3a'	'46.51909256'	'6.559827805'	'482.3914185'	20
'f0:27:65:f1:76:2e'	'46.51882935'	'6.559895515'	'481.0517273'	19
'00:0f:f8:4f:77:75'	'46.51880646'	'6.559904099'	'481.0028076'	24
'4c:72:b9:69:d7:d9'	'46.51873016'	'6.559937954'	'481.2854919'	14
'a4:ee:57:4f:f0:f6'	'46.51847458'	'6.560078621'	'481.221405'	20
'a8:86:dd:96:1c:40'	'46.51833344'	'6.560058594'	'479.7037659'	21
'00:0c:e3:71:3e:63'	'46.51806641'	'6.559936047'	'480.2232361'	20
'8c:2d:aa:53:a2:0f'	'46.51802063'	'6.559931278'	'480.4967651'	19
'08:11:96:52:e3:58'	'46.51797867'	'6.559930325'	'481.973114'	19
'5c:a3:9d:97:e6:a8'	'46.51794434'	'6.559931278'	'481.1010437'	22
'84:4b:f5:0e:66:44'	'46.51786423'	'6.559928894'	'479.4020081'	18
'64:b3:10:86:06:3a'	'46.51778793'	'6.559926987'	'479.5464172'	19
'84:7a:88:5e:4d:77'	'46.51745605'	'6.55998373'	'480.2600708'	22
'84:7a:88:5e:4d:77'	'46.51745605'	'6.55998373'	'480.1267395'	22
'c8:bc:c8:e0:80:66'	'46.51737595'	'6.560094357'	'479.1477966'	18
'8c:00:6d:36:a2:53'	'46.51733398'	'6.560372829'	'477.4306335'	19
'a4:ee:57:4f:f0:f6'	'46.51733398'	'6.560372829'	'477.1583862'	27
'd0:22:be:39:d2:4f'	'46.51736832'	'6.560503483'	'477.367981'	25
'74:e5:0b:b7:b4:ac'	'46.51777267'	'6.5606637'	'476.2715759'	20
'74:e5:0b:55:e2:12'	'46.51780701'	'6.560660839'	'476.1717224'	20
'd0:22:be:39:d2:4f'	'46.51780701'	'6.560660839'	'475.9441833'	22
'd0:22:be:39:d2:4f'	'46.51783752'	'6.560657501'	'476.039917'	23
'00:04:20:2d:fa:99'	'46.51802063'	'6.560660839'	'475.8656921'	26
'00:21:5a:b3:82:04'	'46.51849747'	'6.560607433'	'476.3091431'	20
'00:1f:3c:39:d9:11'	'46.51852417'	'6.56059885'	'476.5898438'	21
'a4:ee:57:4f:f0:f6'	'46.51861191'	'6.560573101'	'476.732605'	27
'a4:ee:57:4f:f0:f6'	'46.51864243'	'6.560565472'	'477.0932922'	27
'd0:22:be:39:d2:4f'	'46.51864243'	'6.560565472'	'477.6459961'	19
'00:00:85:ed:1b:98'	'46.51878738'	'6.560544014'	'477.7531433'	22
'00:0f:f8:4f:c5:9f'	'46.51885223'	'6.56054163'	'477.6732483'	22
'64:b3:10:86:06:3a'	'46.51888657'	'6.56054306'	'477.8057251'	21
'1c:ab:a7:ad:b9:78'	'46.51902008'	'6.560567379'	'479.1636353'	22
'84:7a:88:5e:4d:77'	'46.51908875'	'6.560577869'	'480.271637'	32
'5c:0a:5b:95:86:e1'	'46.51934052'	'6.560592175'	'478.6843872'	20
'b4:b6:76:1a:ec:ad'	'46.51937103'	'6.560585499'	'478.5118713'	17
'24:77:03:a6:f2:64'	'46.51939774'	'6.56058073'	'478.3949585'	17
'18:e7:f4:fc:4e:1a'	'46.51947784'	'6.560575962'	'479.5920715'	27
'18:e7:f4:fc:4e:1a'	'46.51950455'	'6.560577869'	'479.6523743'	28
'5c:f8:a1:d7:a5:da'	'46.5196228'	'6.560585022'	'479.0243225'	21
'84:7a:88:5e:4d:77'	'46.51977921'	'6.560501099'	'478.3428345'	25
'2c:d0:5a:a5:2f:9e'	'46.51992798'	'6.560468674'	'479.0291138'	24
'84:85:06:6d:38:6a'	'46.5200119'	'6.560461521'	'478.2701721'	23
'2c:d0:5a:a5:2f:9e'	'46.52007294'	'6.560465336'	'479.3373108'	20
'1c:65:9d:23:85:b1'	'46.52016068'	'6.560479164'	'480.1164856'	28
'1c:65:9d:23:85:b1'	'46.52016068'	'6.560479164'	'480.3901367'	29
'00:0f:f8:4e:75:cf'	'46.52030945'	'6.560513496'	'480.3641357'	25
'5c:a3:9d:97:e6:a8'	'46.52048492'	'6.560925007'	'480.5531311'	17
'64:b3:10:86:06:3a'	'46.52048111'	'6.560986519'	'480.6937866'	26
'5c:0a:5b:c1:55:d9'	'46.52046204'	'6.561089993'	'481.4250793'	20
'a4:ee:57:4f:f0:f6'	'46.52046204'	'6.561089993'	'481.4443359'	30
'a4:ee:57:4f:f0:f6'	'46.52046204'	'6.561089993'	'481.6904907'	30
'64:b3:10:86:06:3a'	'46.52045059'	'6.561132431'	'482.051239'	21
'90:18:7c:2c:90:2e'	'46.52039337'	'6.561228752'	'477.9738464'	21
'64:b3:10:98:00:9c'	'46.52038193'	'6.5612216'	'478.6257324'	21
'70:11:24:11:a8:51'	'46.52037048'	'6.561213017'	'478.7109375'	19
'd8:9d:67:e7:e0:56'	'46.52037048'	'6.561213017'	'478.7109375'	24
'd8:9d:67:e7:e0:56'	'46.52037048'	'6.561213017'	'478.5940247'	24
'e0:91:53:75:6e:4f'	'46.52037048'	'6.561213017'	'478.5872192'	20
'f0:27:65:f1:76:2e'	'46.5203476'	'6.561186314'	'479.1923218'	25
'5c:f8:a1:de:51:a8'	'46.52030945'	'6.561112881'	'479.0143127'	17
'8c:3a:e3:44:02:8c'	'46.52029037'	'6.561080456'	'479.9634705'	21
'a4:ee:57:4f:f0:f6'	'46.5202713'	'6.561062336'	'480.5072937'	21
'18:e7:f4:fc:4e:1a'	'46.52019882'	'6.56099844'	'480.7030945'	19
'a4:67:06:f0:17:24'	'46.52013779'	'6.560956955'	'481.5366821'	20
'c4:88:e5:24:3d:83'	'46.51973343'	'6.560947895'	'482.401947'	18
'f0:27:65:f1:76:2e'	'46.51969147'	'6.560956001'	'481.5953064'	23
'00:1f:3c:39:d9:11'	'46.51939392'	'6.561057091'	'484.4465332'	30
'64:b3:10:86:06:3a'	'46.51932907'	'6.561074257'	'484.1510925'	23
'a4:ee:57:4f:f0:f6'	'46.5189476'	'6.560953617'	'480.9914246'	18
'9c:d3:6d:9e:31:c2'	'46.5189476'	'6.560953617'	'480.9157715'	23
'0c:74:c2:20:70:49'	'46.51887512'	'6.560925484'	'481.2521667'	21
'cc:08:e0:9f:46:21'	'46.51841736'	'6.56098175'	'480.8157349'	16
'90:18:7c:6d:98:6b'	'46.51824188'	'6.560985088'	'478.6617737'	23
'8c:00:6d:71:28:2d'	'46.51807785'	'6.560939789'	'480.5004883'	23
'5c:59:48:62:bf:a2'	'46.51790619'	'6.560915947'	'481.3140564'	19
'a4:ee:57:4f:f0:f6'	'46.51752853'	'6.560881615'	'478.7288818'	19
'a4:ee:57:4f:f0:f6'	'46.51752853'	'6.560881615'	'478.5913696'	20
'00:26:b0:a4:8b:bb'	'46.51744843'	'6.560883045'	'480.0114746'	21
'00:04:20:29:b7:0c'	'46.51731491'	'6.560964108'	'479.2412415'	22
'00:04:20:29:b7:0c'	'46.51729202'	'6.56099987'	'478.9509888'	18
'64:b3:10:86:06:3a'	'46.51729202'	'6.56099987'	'478.6677246'	26
'd8:9d:67:e7:e0:56'	'46.51725006'	'6.56109333'	'480.1487122'	19
'f8:1e:df:74:3c:06'	'46.5172348'	'6.561150551'	'479.7278442'	24
'74:e5:0b:55:e2:3a'	'46.51722336'	'6.561277866'	'479.2376404'	19
'a4:ee:57:4f:f0:f6'	'46.5174675'	'6.561620712'	'475.7507629'	29
'54:e4:3a:89:27:01'	'46.51758957'	'6.561534405'	'477.578064'	26
'9c:b7:0d:f5:61:ce'	'46.51761246'	'6.561523438'	'477.249054'	24
'f8:1e:df:0a:a3:c6'	'46.51763153'	'6.561510563'	'477.2516785'	28
'00:24:d7:60:cb:00'	'46.5177002'	'6.561480999'	'475.8075562'	23
'00:26:b0:a4:8b:bb'	'46.5177002'	'6.561480999'	'475.7016907'	20
'54:e4:3a:2b:7f:dd'	'46.51775742'	'6.561475277'	'475.1347046'	33
'5c:f8:a1:12:44:15'	'46.51775742'	'6.561475277'	'475.327179'	22
'00:1f:3c:39:d9:11'	'46.51778793'	'6.561479568'	'475.1061096'	37
'a4:ee:57:4f:f0:f6'	'46.51782227'	'6.561489582'	'474.677063'	21
'9c:b7:0d:7f:d3:11'	'46.51785278'	'6.561504841'	'474.9677429'	27
'64:b3:10:86:06:3a'	'46.51795578'	'6.561553478'	'474.972229'	27
'00:19:d2:c6:46:49'	'46.51807785'	'6.561615944'	'474.5656433'	29
'c0:d9:62:71:73:26'	'46.51810455'	'6.561623096'	'474.5570068'	21
'00:21:47:04:e4:e5'	'46.51813507'	'6.561627388'	'474.2388611'	19
'10:68:3f:4f:d9:d3'	'46.51816559'	'6.561627388'	'473.9425964'	17
'dc:9b:9c:41:8a:2b'	'46.51816559'	'6.561627388'	'474.0601807'	21
'a0:82:1f:62:43:98'	'46.51819229'	'6.561623096'	'473.8210449'	21
'a4:4e:31:e0:aa:cc'	'46.51828384'	'6.56159544'	'474.3846741'	20
'a4:4e:31:e0:aa:cc'	'46.51828384'	'6.56159544'	'474.7153931'	23
'a4:ee:57:4f:f0:f6'	'46.51830292'	'6.561588287'	'475.030365'	26
'a4:ee:57:4f:f0:f6'	'46.51832199'	'6.561582565'	'475.4255981'	28
'a4:ee:57:4f:f0:f6'	'46.51832199'	'6.561582565'	'475.3995056'	23
'10:0b:a9:ad:9b:8c'	'46.51834106'	'6.561576843'	'474.7812195'	17
'00:1f:3c:39:d9:11'	'46.51834106'	'6.561576843'	'474.2703857'	27
'1c:65:9d:99:a7:9f'	'46.51838684'	'6.561558247'	'474.5940857'	28
'08:11:96:52:e3:58'	'46.51840973'	'6.561547756'	'474.7097168'	22
'00:0f:f8:4d:3b:bb'	'46.51848221'	'6.5615201'	'475.9569397'	19
'a8:86:dd:96:1c:40'	'46.51858139'	'6.561500072'	'476.6146851'	17
'54:e4:3a:2b:7f:dd'	'46.5186615'	'6.561500072'	'476.0869751'	22
'54:e4:3a:2b:7f:dd'	'46.51872635'	'6.561504841'	'475.9637451'	21
'a4:ee:57:4f:f0:f6'	'46.51925278'	'6.56159544'	'476.7958679'	19
'00:24:d6:67:28:c6'	'46.51931381'	'6.561608315'	'476.0339355'	18
'84:7a:88:5e:4d:77'	'46.51934052'	'6.561614513'	'476.0137634'	30
'40:30:04:25:41:d4'	'46.51948929'	'6.561655045'	'477.2502136'	17
'6c:88:14:02:d3:18'	'46.51953506'	'6.561653614'	'476.6890869'	26
'00:04:20:26:92:19'	'46.51955795'	'6.561648369'	'476.7996826'	19
'a4:ee:57:4f:f0:f6'	'46.51960373'	'6.561635971'	'476.8196106'	19
'00:26:ab:5b:59:79'	'46.51962662'	'6.561632156'	'477.2680969'	25
'74:e5:0b:55:d8:a0'	'46.51962662'	'6.561632156'	'477.3781128'	22
'84:7a:88:5e:4d:77'	'46.51971436'	'6.561609268'	'477.7737427'	34
'00:00:85:ed:1b:98'	'46.51971436'	'6.561609268'	'477.4588623'	20
'00:0f:f8:4d:3b:b6'	'46.51971436'	'6.561609268'	'477.4588623'	19
'c0:18:85:6f:0f:a5'	'46.51971436'	'6.561609268'	'477.2608643'	20
'10:68:3f:4f:d9:d3'	'46.52005386'	'6.561491966'	'478.2748413'	23
'10:0b:a9:ad:9b:8c'	'46.5200882'	'6.561489105'	'478.4759521'	22
'a4:ee:57:4f:f0:f6'	'46.52015305'	'6.561488628'	'479.0557251'	23
'a4:ee:57:4f:f0:f6'	'46.52015305'	'6.561488628'	'479.0914917'	21
'64:b3:10:86:06:3a'	'46.52032852'	'6.561514854'	'478.6733093'	23
'18:e7:f4:fc:4e:1a'	'46.52048874'	'6.561727047'	'479.5106201'	31
'18:e7:f4:fc:4e:1a'	'46.52051544'	'6.56185627'	'480.3339539'	29
'18:e7:f4:fc:4e:1a'	'46.52051163'	'6.561982632'	'480.2048035'	28
'18:e7:f4:fc:4e:1a'	'46.52050018'	'6.562033653'	'480.8192444'	25
'60:67:20:5f:d5:0c'	'46.52041626'	'6.562163353'	'480.4822388'	20
'18:e7:f4:fc:4e:1a'	'46.52018738'	'6.5620718'	'480.0628357'	29
'44:6d:57:e0:60:59'	'46.52013397'	'6.562026978'	'480.8621216'	27
'18:e7:f4:fc:4e:1a'	'46.52013397'	'6.562026978'	'481.3709106'	26
'20:16:d8:db:1c:18'	'46.52011108'	'6.562010765'	'481.4917297'	22
'30:19:66:44:97:7f'	'46.51991272'	'6.561970711'	'481.6158752'	24
'd8:9d:67:e7:e0:56'	'46.51983261'	'6.56197691'	'481.3340454'	23
'c4:88:e5:24:3d:83'	'46.51976013'	'6.561985493'	'482.0049133'	28
'a8:86:dd:96:1c:40'	'46.51967621'	'6.561994553'	'482.0292358'	21
'c4:85:08:28:12:ed'	'46.51965332'	'6.561995983'	'481.7765198'	19
'84:7a:88:5e:4d:77'	'46.51961517'	'6.561995506'	'481.434906'	22
'a8:96:8a:92:0e:52'	'46.51959229'	'6.561992645'	'481.0093384'	24
'88:cb:87:ca:12:90'	'46.51897049'	'6.561952114'	'480.5914307'	20
'64:b3:10:86:06:3a'	'46.51897049'	'6.561952114'	'480.5762939'	18
'a8:bb:cf:ac:ea:84'	'46.51897049'	'6.561952114'	'480.3061523'	19
'9c:d3:6d:9e:31:c2'	'46.51893616'	'6.561936378'	'479.6044006'	23
'8c:3a:e3:5d:13:3e'	'46.51878357'	'6.561880589'	'480.87854'	23
'5c:0a:5b:63:e5:0a'	'46.5186615'	'6.561883926'	'481.8064575'	29
'5c:0a:5b:63:e5:0a'	'46.5186348'	'6.561889648'	'481.3576965'	24
'40:b3:95:50:38:5c'	'46.51856232'	'6.561911583'	'481.258667'	21
'e8:8d:28:2a:4f:ab'	'46.51847076'	'6.561931133'	'481.0276794'	19
'00:04:20:2b:b2:6d'	'46.51808548'	'6.561964989'	'480.0739136'	21
'00:1f:3c:39:d9:11'	'46.51796722'	'6.561992645'	'479.429718'	30
'30:39:26:95:0e:9a'	'46.51794815'	'6.561990261'	'478.8868408'	21
'40:2c:f4:38:66:f9'	'46.51781464'	'6.561950684'	'478.6941223'	21
'10:68:3f:33:40:a9'	'46.51773071'	'6.561911106'	'480.1629639'	25
'00:00:85:ed:1b:98'	'46.51769638'	'6.561898708'	'480.624939'	21
'9c:b7:0d:f5:61:ce'	'46.51764297'	'6.56188488'	'479.591156'	23
'10:68:3f:33:40:a9'	'46.5176239'	'6.561880589'	'479.7896118'	26
'64:b3:10:86:06:3a'	'46.51755524'	'6.561876774'	'480.9041748'	33
'44:6d:57:e0:60:59'	'46.51750946'	'6.561892986'	'481.1313782'	24
'a4:ee:57:4f:f0:f6'	'46.51746368'	'6.56192112'	'480.770752'	22
'00:0f:f8:4d:3b:bb'	'46.51744843'	'6.562595844'	'477.7021484'	29
'10:9a:dd:29:70:7d'	'46.51749802'	'6.562629223'	'477.4283447'	18
'f8:1e:df:5c:ca:d1'	'46.5176239'	'6.562646389'	'478.3406372'	18
'5c:f8:a1:41:e1:28'	'46.5176239'	'6.562646389'	'478.5839844'	21
'70:11:24:11:a8:51'	'46.51779556'	'6.562618732'	'476.958374'	27
'00:0f:f8:4e:1e:ce'	'46.51790237'	'6.562610626'	'477.04953'	-125
'b4:b6:76:1a:ec:ad'	'46.51793671'	'6.562609196'	'477.1370544'	22
'00:0f:f8:4d:3b:b6'	'46.51797104'	'6.562610626'	'477.3374023'	24
'00:0f:f8:4e:1e:ce'	'46.51815796'	'6.562623024'	'477.6655273'	23
'84:7a:88:5e:4d:77'	'46.51821136'	'6.562617302'	'476.7779541'	37
'a4:ee:57:4f:f0:f6'	'46.5182991'	'6.562623501'	'477.2109985'	18
'48:74:6e:5c:7f:dd'	'46.5182991'	'6.562623501'	'477.4021301'	21
'1c:65:9d:23:85:b1'	'46.51843262'	'6.562645435'	'476.9224548'	25
'00:21:5a:b3:82:04'	'46.51850891'	'6.562644005'	'476.2705383'	19
'78:d6:f0:0c:23:25'	'46.51852798'	'6.562636852'	'476.4919434'	27
'00:0f:f8:4d:3b:b6'	'46.51858139'	'6.562615395'	'477.4674072'	29
'5c:f8:a1:12:44:15'	'46.51861572'	'6.562604904'	'476.9443359'	20
'08:11:96:52:e3:58'	'46.51868439'	'6.562563896'	'476.5555115'	20
'00:23:4d:34:d8:f2'	'46.51880646'	'6.562483788'	'478.0153198'	25
'10:0b:a9:ad:9b:8c'	'46.51901627'	'6.562458515'	'479.2197266'	24
'f8:1e:df:5c:ca:d1'	'46.51918411'	'6.562505245'	'478.475647'	23
'60:67:20:39:6b:04'	'46.51932144'	'6.562541485'	'479.3728638'	20
'00:23:4d:34:d8:f2'	'46.51935577'	'6.562551498'	'479.4101257'	21
'e8:cb:a1:43:e6:e0'	'46.51938629'	'6.562561035'	'479.4974976'	20
'8c:70:5a:8d:93:74'	'46.51967239'	'6.562533379'	'479.1625366'	25
'cc:3a:61:36:b4:85'	'46.51983261'	'6.562488556'	'481.0140381'	23
'24:77:03:0f:16:90'	'46.51991653'	'6.562479973'	'480.476532'	22
'f8:1e:df:0a:a3:c6'	'46.52000809'	'6.562475204'	'478.4030457'	28
'f8:1e:df:5c:ca:d1'	'46.52026749'	'6.562678337'	'479.7097168'	25
'10:68:3f:31:d3:a1'	'46.52029419'	'6.562734604'	'479.5710449'	19
'50:2e:5c:ec:c5:3e'	'46.52033997'	'6.563017368'	'480.8226929'	22
'00:73:e0:28:87:4d'	'46.52029037'	'6.563169479'	'480.6719971'	28
'f0:08:f1:fb:c6:39'	'46.51997757'	'6.56291914'	'480.3571472'	15
'64:b3:10:86:06:3a'	'46.51997757'	'6.56291914'	'480.7112427'	27
'a4:17:31:f9:78:22'	'46.51997757'	'6.562883854'	'479.9801331'	19
'00:21:5a:b3:82:04'	'46.51999664'	'6.562670708'	'481.6645813'	14
'5c:0a:5b:63:e5:0a'	'46.52000809'	'6.562639236'	'481.5679321'	25
'90:b9:31:b9:81:dc'	'46.5200119'	'6.562609673'	'482.0088501'	18
'b8:e8:56:3e:4f:32'	'46.52003098'	'6.562516689'	'481.7271423'	20
'40:f3:08:c3:ed:fc'	'46.52003479'	'6.562473774'	'481.6310425'	19
'00:0f:f8:4d:3b:bb'	'46.52002716'	'6.562282085'	'480.5166321'	25
'a8:86:dd:96:1c:40'	'46.52003098'	'6.562256813'	'480.9684448'	17
'd8:9d:67:e7:e0:56'	'46.52003479'	'6.562206268'	'481.286438'	18
'00:0f:f8:4f:c5:9f'	'46.5200386'	'6.562181473'	'481.0490417'	19
'00:24:d7:0d:f6:9c'	'46.52005005'	'6.56200695'	'480.0354919'	27
'9c:d3:6d:9e:31:c2'	'46.52007675'	'6.561637402'	'481.6168213'	28
'6c:88:14:04:83:f8'	'46.52011108'	'6.56145525'	'478.9494324'	15
'0c:30:21:a2:85:9a'	'46.5201149'	'6.561431885'	'479.7165222'	36
'8c:70:5a:e9:8e:98'	'46.5201149'	'6.561431885'	'480.4053955'	24
'24:0a:64:8c:c3:1f'	'46.52011871'	'6.561388969'	'481.5256042'	20
'00:37:6d:d9:d4:37'	'46.52013016'	'6.561328888'	'480.9679565'	19
'24:77:03:52:6e:f0'	'46.52013016'	'6.561309814'	'480.6795349'	19
'00:22:fa:8e:51:32'	'46.52013016'	'6.561222076'	'478.9429626'	18
'9c:d3:6d:9e:31:c2'	'46.52013016'	'6.56114769'	'479.0851746'	20
'00:0f:f8:4d:3b:bb'	'46.52013397'	'6.561120033'	'479.1552429'	22
'00:23:4d:34:d8:f2'	'46.52013779'	'6.561059952'	'478.7250366'	23
'a8:86:dd:96:1c:40'	'46.52020645'	'6.560575485'	'480.5174866'	20
'a4:ee:57:4f:f0:f6'	'46.52025986'	'6.560028076'	'479.1810303'	23
'00:1f:3c:39:d9:11'	'46.52025986'	'6.560028076'	'479.5454407'	24
'5c:0a:5b:63:e5:0a'	'46.52026367'	'6.559996605'	'480.4020691'	24
'bc:f5:ac:f9:98:87'	'46.52029419'	'6.55980587'	'481.3795166'	20
'88:30:8a:7a:cd:5c'	'46.52029419'	'6.55977869'	'481.3442688'	29
'a4:ee:57:4f:f0:f6'	'46.52030563'	'6.55966711'	'479.4753418'	21
