'ac:3c:0b:e7:b6:a7'	'46.52031326'	'6.559565544'	'479.6995544'	18
'70:de:e2:85:1c:d9'	'46.52031326'	'6.559565544'	'479.5207825'	18
'f8:1e:df:d8:18:d4'	'46.52032852'	'6.559451103'	'479.7267151'	22
'00:0f:f8:4d:3b:bb'	'46.52033997'	'6.559370518'	'479.331543'	26
'10:68:3f:33:40:a9'	'46.52034378'	'6.559329987'	'479.3476868'	22
'84:7a:88:5e:4d:77'	'46.52034378'	'6.559329987'	'479.2824097'	21
'90:18:7c:b0:62:f5'	'46.52035522'	'6.559251308'	'479.7518311'	20
'c0:d9:62:71:73:26'	'46.52036667'	'6.559140682'	'480.5985718'	22
'5c:0a:5b:95:86:e1'	'46.520298'	'6.558920383'	'478.3707581'	21
'00:0f:f8:4e:1e:ce'	'46.520298'	'6.558920383'	'479.1366272'	21
'f8:e0:79:de:dc:75'	'46.52003479'	'6.558866978'	'480.9620056'	20
'10:0b:a9:53:6c:68'	'46.51998138'	'6.558892727'	'479.8994141'	21
'00:0f:f8:4d:3b:bb'	'46.51991272'	'6.558931351'	'479.5793152'	22
'8c:3a:e3:63:aa:53'	'46.51987076'	'6.558940887'	'478.7785645'	16
'10:68:3f:31:d3:a1'	'46.51977921'	'6.55892086'	'478.3057251'	20
'00:0f:f8:4d:3b:b6'	'46.51977921'	'6.55892086'	'478.2898254'	29
'd0:22:be:37:33:73'	'46.51971817'	'6.558908939'	'479.1276855'	19
'00:23:4d:34:d8:f2'	'46.51961517'	'6.558892727'	'479.0176086'	23
'00:26:ab:5b:59:79'	'46.51955032'	'6.558878899'	'479.9524841'	28
'00:37:6d:e9:4f:19'	'46.51955032'	'6.558878899'	'480.0830688'	34
'00:37:6d:e9:4f:19'	'46.51953506'	'6.558876038'	'480.1195374'	37
'78:d6:f0:0c:23:25'	'46.51948929'	'6.558868408'	'479.7115479'	34
'00:37:6d:e9:4f:19'	'46.51938248'	'6.558848858'	'479.7007446'	26
'00:1d:e0:52:a7:2f'	'46.51935959'	'6.558850288'	'479.4171753'	20
'34:51:c9:d3:4e:13'	'46.51935959'	'6.558850288'	'479.4906921'	27
'c8:f7:33:ca:e2:66'	'46.51935959'	'6.558850288'	'479.4906921'	18
'34:c0:59:9f:30:fd'	'46.51918411'	'6.558873653'	'479.4558716'	18
'00:19:d2:c6:46:49'	'46.5190773'	'6.55887413'	'480.6583557'	28
'00:27:10:77:22:1c'	'46.51903534'	'6.558879852'	'480.6184998'	29
'08:11:96:df:e5:18'	'46.51903534'	'6.558879852'	'480.6446228'	19
'74:de:2b:bd:94:4d'	'46.51894379'	'6.558889389'	'478.0804138'	25
'24:77:03:d9:02:dc'	'46.51887131'	'6.558885574'	'477.830719'	20
'90:18:7c:b0:62:f5'	'46.51860428'	'6.558902264'	'479.5804443'	22
'38:aa:3c:62:8e:40'	'46.51858521'	'6.558902264'	'479.4627075'	19
'dc:71:44:3d:07:e7'	'46.51856232'	'6.558902264'	'479.8499756'	22
'88:c6:63:ea:db:c0'	'46.51842499'	'6.558905602'	'478.0629578'	18
'40:30:04:7a:f3:c4'	'46.51823044'	'6.558963299'	'478.2047119'	27
'60:03:08:82:f3:e5'	'46.51815033'	'6.558957577'	'479.1862183'	35
'1c:66:aa:98:0e:4b'	'46.51809692'	'6.558925152'	'477.8853455'	22
'00:24:d6:76:46:46'	'46.51807404'	'6.558894634'	'477.3295288'	20
'58:1f:aa:c7:c5:62'	'46.51799774'	'6.558794022'	'478.2467957'	21
'00:0f:f8:4d:3b:b6'	'46.51790619'	'6.558758259'	'481.8215637'	19
'2c:cc:15:58:a8:9c'	'46.51784515'	'6.558755875'	'481.6276855'	19
'c0:18:85:6f:0f:a5'	'46.51781082'	'6.558757782'	'480.3012085'	23
'00:23:4d:34:d8:f2'	'46.51776886'	'6.558766365'	'479.8913879'	20
'0c:74:c2:b1:13:70'	'46.51770782'	'6.558800697'	'479.9890137'	20
'90:72:40:da:f7:c1'	'46.51768875'	'6.558813095'	'480.4165039'	22
'1c:66:aa:98:0e:4b'	'46.51766968'	'6.558825493'	'481.1135864'	23
'40:f3:08:f6:b1:d9'	'46.51761246'	'6.558880329'	'480.5999451'	23
'10:a5:d0:14:8a:28'	'46.51748657'	'6.559091091'	'479.5410461'	27
'c4:43:8f:f3:a9:1b'	'46.51750565'	'6.559565067'	'478.5170593'	31
'00:f4:b9:54:c9:0b'	'46.51755905'	'6.559659481'	'479.0050659'	19
'78:e4:00:63:9d:a7'	'46.51762772'	'6.559732914'	'478.3354187'	20
'00:24:d7:55:11:70'	'46.51766586'	'6.559759617'	'478.0609131'	17
'00:22:fa:8e:51:32'	'46.51844025'	'6.559568405'	'478.3691101'	20
'00:1f:3c:39:d9:11'	'46.51850128'	'6.559566498'	'477.9969788'	22
'00:1f:3c:39:d9:11'	'46.51853561'	'6.559565067'	'477.6549988'	19
'c4:85:08:28:12:ed'	'46.51863098'	'6.559555054'	'477.8847961'	19
'88:30:8a:05:45:c8'	'46.51882172'	'6.559552193'	'477.675354'	29
'14:89:fd:6a:b7:5e'	'46.51882172'	'6.559552193'	'477.8980713'	24
'58:b0:35:59:f3:45'	'46.51882172'	'6.559552193'	'477.8980713'	21
'00:1f:3c:39:d9:11'	'46.51887894'	'6.559555054'	'477.8056641'	25
'8c:a9:82:85:0b:28'	'46.51891327'	'6.559557915'	'477.9630432'	17
'84:7a:88:5e:4d:77'	'46.51899719'	'6.559556484'	'478.0671082'	21
'84:51:81:04:4b:e5'	'46.51905823'	'6.559556484'	'478.4848022'	22
'00:22:58:91:e7:81'	'46.51908493'	'6.559558392'	'478.8680725'	20
'88:32:9b:1f:c8:89'	'46.51924515'	'6.559569836'	'479.9296265'	22
'60:03:08:0c:14:10'	'46.51971817'	'6.559495449'	'480.6374512'	20
'cc:3a:61:57:be:83'	'46.51974487'	'6.559492111'	'480.1716614'	40
'78:9e:d0:a7:2f:a8'	'46.51974487'	'6.559492111'	'479.8953247'	28
'68:94:23:1a:6e:09'	'46.52011871'	'6.55949831'	'480.6599426'	20
'84:51:81:04:4b:e5'	'46.52035141'	'6.559504509'	'479.9942932'	19
'a4:ee:57:4f:f0:f6'	'46.52047348'	'6.55978632'	'478.1665955'	18
'78:9e:d0:a7:2f:a8'	'46.52047348'	'6.55978632'	'478.348053'	23
'1c:66:aa:98:0e:4b'	'46.52033997'	'6.560044289'	'477.1930237'	19
'c4:43:8f:f3:a9:1b'	'46.52031708'	'6.560044289'	'477.1954041'	26
'b4:b6:76:62:73:ed'	'46.52024841'	'6.560017109'	'478.5905151'	26
'60:67:20:39:6b:04'	'46.51969147'	'6.560002804'	'481.103363'	24
'00:37:6d:e9:4f:19'	'46.51963425'	'6.560004711'	'480.2355957'	23
'40:f0:2f:88:64:40'	'46.51921844'	'6.559996128'	'481.5742188'	18
'c4:88:e5:24:3d:83'	'46.51916885'	'6.559986591'	'481.9338684'	23
'e0:9d:31:0d:4c:e8'	'46.51888657'	'6.559977531'	'482.9203796'	20
'14:8f:c6:17:cd:43'	'46.5182724'	'6.560004234'	'481.8772278'	17
'08:3e:8e:cb:b9:a7'	'46.51810074'	'6.559880257'	'480.1291809'	23
'00:00:85:ed:1b:98'	'46.51762772'	'6.559969902'	'477.0328674'	16
'd8:9d:67:e7:e0:56'	'46.51751709'	'6.559966564'	'478.18927'	24
'a4:ee:57:4f:f0:f6'	'46.51751709'	'6.559966564'	'478.7076416'	28
'f0:27:65:78:a3:1e'	'46.5173912'	'6.560028076'	'480.1640625'	19
'c4:88:e5:24:3d:83'	'46.51766586'	'6.56042099'	'477.3253174'	18
'00:1f:3c:39:d9:11'	'46.51768875'	'6.560405731'	'476.4592285'	40
'00:1f:3c:39:d9:11'	'46.51787567'	'6.560411453'	'478.4111328'	35
'a4:ee:57:4f:f0:f6'	'46.51818466'	'6.560490608'	'478.241272'	23
'a4:ee:57:4f:f0:f6'	'46.51818466'	'6.560490608'	'478.2646179'	28
'00:24:d7:60:cb:00'	'46.51821518'	'6.560495853'	'477.8838501'	21
'd8:9d:67:e7:e0:56'	'46.51821518'	'6.560495853'	'478.0357971'	20
'dc:71:44:3d:07:e7'	'46.51827621'	'6.560502529'	'476.9287415'	19
'a4:ee:57:4f:f0:f6'	'46.51847076'	'6.560495853'	'477.5881958'	26
'd8:31:cf:8e:cd:dd'	'46.51852036'	'6.560492039'	'476.889679'	19
'00:21:47:04:e4:e5'	'46.51856995'	'6.560485363'	'477.1704712'	24
'5c:0a:5b:95:86:e1'	'46.51868057'	'6.560485363'	'478.3614807'	18
'74:de:2b:fd:7d:5f'	'46.51875305'	'6.560486794'	'478.6486816'	20
'a4:ee:57:4f:f0:f6'	'46.51877594'	'6.56048584'	'477.697998'	31
'a4:ee:57:4f:f0:f6'	'46.51877594'	'6.56048584'	'477.238739'	24
'a4:ee:57:4f:f0:f6'	'46.51879883'	'6.560483932'	'477.6920166'	23
'00:00:85:ed:1b:98'	'46.51879883'	'6.560483932'	'478.3183289'	19
'a4:ee:57:4f:f0:f6'	'46.51882553'	'6.560481071'	'478.1665649'	23
'84:7a:88:5e:4d:77'	'46.51896286'	'6.560469627'	'478.6940002'	24
'84:7a:88:5e:4d:77'	'46.51899338'	'6.560468197'	'479.2650452'	27
'1c:65:9d:23:85:b1'	'46.51934433'	'6.560481071'	'480.0795898'	23
'a4:ee:57:4f:f0:f6'	'46.51963425'	'6.560471058'	'479.6604919'	18
'5c:f8:a1:d7:a5:da'	'46.51966858'	'6.560472965'	'479.7164307'	21
'00:26:ab:5b:59:79'	'46.52005005'	'6.560468197'	'479.0175171'	20
'00:f4:b9:54:c9:0b'	'46.52047348'	'6.560768127'	'478.7660217'	25
'f8:1e:df:d8:18:d4'	'46.52043533'	'6.561014175'	'476.4630432'	21
'a4:ee:57:4f:f0:f6'	'46.52043533'	'6.561014175'	'476.5571899'	25
'a4:ee:57:4f:f0:f6'	'46.52041626'	'6.561034679'	'477.0460815'	25
'f0:27:65:78:a3:1e'	'46.52039719'	'6.561044693'	'477.1825562'	24
'd8:31:cf:8e:cd:dd'	'46.52030182'	'6.561043262'	'477.6089172'	19
'f8:1e:df:d8:18:d4'	'46.5201683'	'6.560973644'	'479.4467773'	18
'00:07:73:11:f5:8f'	'46.5200119'	'6.560925484'	'482.1039429'	20
'00:26:08:f7:c0:96'	'46.51967239'	'6.561013699'	'482.5951233'	18
'00:26:08:f7:c0:96'	'46.51964951'	'6.561017036'	'482.256073'	18
'a4:ee:57:4f:f0:f6'	'46.51964951'	'6.561017036'	'482.265686'	22
'34:c0:59:9f:30:fd'	'46.51933289'	'6.560997486'	'480.4552917'	19
'c4:85:08:a4:20:13'	'46.51929474'	'6.560967922'	'480.977356'	17
'c8:6f:1d:6b:e3:a0'	'46.51920319'	'6.560929298'	'481.4941406'	19
'ac:fd:ec:a9:1d:c5'	'46.51862335'	'6.560933113'	'478.9912109'	20
'cc:3a:61:57:be:83'	'46.51852036'	'6.560865879'	'480.6379395'	26
'c4:43:8f:f3:a9:1b'	'46.51832962'	'6.560880661'	'480.5259705'	24
'a4:ee:57:4f:f0:f6'	'46.51825333'	'6.560917854'	'481.4141235'	21
'c4:88:e5:24:3d:83'	'46.51823044'	'6.560929775'	'481.4952698'	35
'6c:3e:6d:b6:e2:4d'	'46.51823044'	'6.560929775'	'481.5901794'	17
'd8:9d:67:e7:e0:56'	'46.51807404'	'6.56099844'	'480.8634644'	22
'a4:ee:57:4f:f0:f6'	'46.51777649'	'6.560826778'	'480.2552185'	21
'a4:c3:61:69:30:a0'	'46.51777649'	'6.560826778'	'480.3886108'	21
'a4:c3:61:69:30:a0'	'46.51775742'	'6.560818195'	'480.9154663'	21
'1c:b0:94:b4:43:4e'	'46.51771545'	'6.56080389'	'480.5019226'	20
'1c:b0:94:a2:85:2c'	'46.5176239'	'6.560812473'	'478.9639282'	28
'1c:b0:94:a2:85:2c'	'46.5176239'	'6.560812473'	'478.9639282'	28
'00:1f:3c:39:d9:11'	'46.51759338'	'6.560824871'	'479.4162292'	40
'5c:b5:24:e8:7c:71'	'46.51753616'	'6.560858727'	'479.0572205'	19
'98:fe:94:91:46:86'	'46.5174408'	'6.560948849'	'479.8833313'	21
'60:c5:47:e1:7d:5b'	'46.51738358'	'6.561309338'	'477.9503784'	21
'd8:9d:67:e7:e0:56'	'46.51754761'	'6.561540127'	'478.1413574'	22
'a4:ee:57:4f:f0:f6'	'46.51762772'	'6.561569691'	'478.3669739'	27
'00:04:20:2d:fa:99'	'46.51762772'	'6.561569691'	'478.3669739'	20
'a4:67:06:22:00:d2'	'46.5178566'	'6.56156826'	'477.9468689'	18
'00:21:47:04:e4:e5'	'46.5178833'	'6.561553001'	'477.9972229'	21
'a8:fa:d8:e0:d0:60'	'46.51790619'	'6.561540604'	'479.066864'	19
'5c:0a:5b:95:86:e1'	'46.51792908'	'6.561528683'	'479.05896'	22
'00:1f:3c:39:d9:11'	'46.51797485'	'6.561508179'	'480.0440979'	39
'00:1f:3c:39:d9:11'	'46.51804352'	'6.561497211'	'479.5941772'	38
'a4:ee:57:4f:f0:f6'	'46.5184021'	'6.561490536'	'478.1834412'	28
'1c:65:9d:23:85:b1'	'46.51852417'	'6.561439514'	'477.8633423'	29
'bc:52:b7:25:73:00'	'46.51854706'	'6.561430931'	'478.657074'	19
'64:b3:10:86:06:3a'	'46.51872635'	'6.561400414'	'479.4955139'	29
'00:1f:3c:39:d9:11'	'46.51889801'	'6.561448097'	'479.6438293'	34
'd0:22:be:3a:fb:ce'	'46.51895905'	'6.561468124'	'479.6615906'	20
'00:19:d2:c6:46:49'	'46.51901627'	'6.561484337'	'479.7084045'	21
'00:19:d2:c6:46:49'	'46.51901627'	'6.561484337'	'479.6004333'	20
'cc:3a:61:36:42:b3'	'46.51913452'	'6.561519146'	'480.3403015'	21
'00:23:14:70:c2:ec'	'46.51916122'	'6.561528683'	'480.6299744'	29
'00:26:ab:5b:59:79'	'46.51918793'	'6.561536789'	'480.0292053'	25
'88:32:9b:fd:6e:bb'	'46.51921844'	'6.561545372'	'479.9017029'	26
'00:23:14:70:c2:ec'	'46.51960373'	'6.561536312'	'478.6340332'	19
'c4:88:e5:24:3d:83'	'46.51978302'	'6.561498642'	'479.7709961'	17
'00:24:d7:10:7d:fc'	'46.51987839'	'6.561490536'	'479.4854431'	20
'5c:b5:24:e8:7c:71'	'46.51990891'	'6.561488628'	'479.4707642'	18
'cc:3a:61:4a:ec:e1'	'46.51993942'	'6.561488152'	'479.6817627'	23
'00:24:d7:8a:3b:3c'	'46.52000046'	'6.561491489'	'480.1143799'	20
'00:16:44:b2:6a:05'	'46.52003098'	'6.561495304'	'480.2848511'	22
'64:b3:10:86:06:3a'	'46.52006149'	'6.561499119'	'480.3074646'	24
'00:23:14:70:c2:ec'	'46.52020645'	'6.561511993'	'478.2788086'	24
'd8:9d:67:e7:e0:56'	'46.52031708'	'6.561496735'	'478.8128052'	18
'88:32:9b:fd:6e:bb'	'46.52057648'	'6.561718464'	'481.2742615'	28
'c4:88:e5:24:3d:83'	'46.52059555'	'6.561773777'	'480.4511414'	26
'10:0b:a9:53:6c:68'	'46.52059555'	'6.561773777'	'480.2827148'	20
'10:0b:a9:53:6c:68'	'46.52061081'	'6.561836243'	'480.7281799'	20
'74:de:2b:bd:94:4d'	'46.52058792'	'6.562084675'	'480.1688232'	22
'b4:b6:76:62:73:ed'	'46.52050781'	'6.562178612'	'479.7154236'	19
'b4:b6:76:62:73:ed'	'46.52050781'	'6.562178612'	'479.9017029'	18
'00:00:85:ed:1b:98'	'46.52045059'	'6.562192917'	'480.2297974'	29
'a4:ee:57:4f:f0:f6'	'46.5204277'	'6.562195778'	'480.5582886'	20
'00:19:d2:c6:46:49'	'46.52037811'	'6.562193394'	'480.6272888'	22
'00:19:d2:c6:46:49'	'46.52037811'	'6.562193394'	'480.5633545'	19
'c4:88:e5:24:3d:83'	'46.52032852'	'6.562181473'	'479.4889221'	31
'00:1f:3c:39:d9:11'	'46.52022171'	'6.562088966'	'480.3458557'	32
'90:b9:31:b9:81:dc'	'46.52016449'	'6.562015533'	'479.0843811'	19
'a4:4e:31:66:8b:a8'	'46.52014542'	'6.562000275'	'479.1034851'	20
'c4:88:e5:24:3d:83'	'46.51994324'	'6.561943054'	'479.574646'	30
'f8:1e:df:d8:18:d4'	'46.51986694'	'6.561950684'	'479.6735229'	17
'00:0f:24:5d:ac:10'	'46.51986694'	'6.561950684'	'479.230072'	16
'00:19:d2:c6:46:49'	'46.51974487'	'6.561961174'	'480.4870605'	20
'00:19:d2:c6:46:49'	'46.51972198'	'6.561963558'	'480.4041138'	23
'a4:ee:57:4f:f0:f6'	'46.51965332'	'6.561973572'	'480.2440796'	19
'a4:c3:61:5e:1d:40'	'46.51963425'	'6.561977863'	'480.8092346'	22
'a4:c3:61:5e:1d:40'	'46.51963425'	'6.561977863'	'480.8634949'	22
'40:f3:08:ff:b2:f7'	'46.51949692'	'6.562002659'	'480.116394'	24
'a8:fa:d8:ee:56:28'	'46.51945496'	'6.562002659'	'480.2861328'	21
'c8:6f:1d:6b:e3:a0'	'46.51935959'	'6.562005043'	'481.2773743'	23
'70:de:e2:85:1c:d9'	'46.51935959'	'6.562005043'	'480.9762573'	18
'84:85:06:6d:38:6a'	'46.51930618'	'6.562003136'	'480.4357605'	23
'00:23:4d:34:d8:f2'	'46.51901627'	'6.561946869'	'480.009491'	21
'00:19:d2:c6:46:49'	'46.51886368'	'6.561975479'	'481.6929321'	19
'c4:88:e5:24:3d:83'	'46.51884079'	'6.561981678'	'481.3184814'	28
'9c:b7:0d:f5:61:ce'	'46.51879883'	'6.561994076'	'481.1886597'	25
'e0:b9:a5:d2:fa:a4'	'46.51877975'	'6.561999321'	'480.9575195'	20
'00:24:1e:61:49:a4'	'46.51877975'	'6.561999321'	'480.82901'	21
'84:7a:88:5e:4d:77'	'46.51867294'	'6.562000275'	'480.1293335'	21
'c4:88:e5:24:3d:83'	'46.51864243'	'6.561988831'	'479.5085754'	27
'c8:f7:33:00:91:f5'	'46.51854324'	'6.56191349'	'479.3187256'	29
'9c:d3:6d:9e:31:c2'	'46.5184021'	'6.561882973'	'480.31427'	20
'24:77:03:0f:16:90'	'46.51832199'	'6.561890602'	'479.0596313'	20
'5c:0a:5b:c1:55:d9'	'46.51823044'	'6.561901569'	'479.4344482'	17
'00:00:85:ed:1b:98'	'46.51814651'	'6.561915398'	'478.9948425'	21
'1c:65:9d:23:85:b1'	'46.51767731'	'6.561886311'	'479.805481'	23
'c0:d9:62:71:73:26'	'46.51767731'	'6.561886311'	'479.6000061'	21
'c0:d9:62:71:73:26'	'46.51765823'	'6.561885834'	'479.2022095'	23
'98:0c:82:83:43:9f'	'46.51765823'	'6.561885834'	'479.0915222'	21
'74:de:2b:fd:7d:5f'	'46.51763916'	'6.561884403'	'479.0696106'	21
'1c:b0:94:a2:85:2c'	'46.5175972'	'6.561881542'	'479.3063354'	24
'a4:ee:57:71:50:6e'	'46.51755524'	'6.561882973'	'480.3345337'	26
'00:00:85:ed:1b:98'	'46.51753616'	'6.561886311'	'480.0509338'	17
'28:6a:ba:a6:65:5e'	'46.51732635'	'6.562121391'	'480.1448975'	25
'b4:b6:76:cd:01:22'	'46.51731491'	'6.562173843'	'479.5288086'	30
'28:6a:ba:a6:65:5e'	'46.5173111'	'6.562230587'	'479.6476746'	27
'00:19:d2:c6:46:49'	'46.51734924'	'6.56248188'	'478.8466797'	28
'60:c5:47:e1:7d:5b'	'46.51741028'	'6.562568665'	'479.7092285'	22
'00:26:ab:5b:59:79'	'46.51744461'	'6.562599182'	'480.6874084'	22
'b0:df:3a:e0:fc:ad'	'46.51784134'	'6.562574387'	'478.2935181'	21
'a4:ee:57:4f:f0:f6'	'46.5181427'	'6.562661171'	'476.5585938'	23
'a4:ee:57:4f:f0:f6'	'46.5181694'	'6.562657833'	'476.4881592'	20
'24:77:03:18:48:88'	'46.51824951'	'6.562641621'	'477.8345947'	36
'00:19:d2:c6:46:49'	'46.51838684'	'6.562615395'	'478.0016479'	31
'00:00:85:ed:1b:98'	'46.51887894'	'6.562525749'	'479.3791199'	20
'a4:17:31:f9:78:22'	'46.51908875'	'6.562551498'	'478.9432068'	25
'cc:3a:61:36:42:b3'	'46.51911545'	'6.562554359'	'478.9367371'	27
'84:7a:88:5e:4d:77'	'46.51914215'	'6.562556744'	'479.1647644'	29
'f0:b4:79:df:05:75'	'46.51919556'	'6.56255722'	'478.9951172'	21
'c4:88:e5:24:3d:83'	'46.51924896'	'6.562555313'	'479.2755127'	25
'1c:b0:94:a2:85:2c'	'46.51950073'	'6.562538624'	'478.3296509'	24
'98:0c:82:83:43:9f'	'46.51959991'	'6.562519073'	'478.9826965'	24
'd0:22:be:50:9f:36'	'46.51979065'	'6.562483311'	'479.2587585'	19
'c4:88:e5:24:3d:83'	'46.51991653'	'6.562470913'	'480.2088623'	28
'c4:88:e5:24:3d:83'	'46.51991653'	'6.562470913'	'480.1517944'	28
'9c:d3:6d:9e:31:c2'	'46.51995087'	'6.56247282'	'480.6652222'	21
'50:2e:5c:ec:c5:3e'	'46.51995087'	'6.56247282'	'480.6652222'	24
'1c:b0:94:a2:85:2c'	'46.5199852'	'6.562475204'	'480.8556824'	28
'a4:db:30:f8:44:06'	'46.52008438'	'6.562487602'	'480.289917'	22
'c4:88:e5:24:3d:83'	'46.52032089'	'6.562889576'	'479.0975037'	26
'c4:88:e5:24:3d:83'	'46.52030945'	'6.562948227'	'480.4345093'	29
'ac:cf:5c:c4:be:aa'	'46.52030945'	'6.562948227'	'480.6538086'	21
'dc:85:de:12:94:cc'	'46.52022171'	'6.563075542'	'479.5781555'	20
'00:bb:3a:20:ba:85'	'46.52019501'	'6.563082695'	'479.4168091'	17
'84:7a:88:5e:4d:77'	'46.52014923'	'6.56307745'	'479.1340942'	22
'74:e5:0b:3e:a9:88'	'46.52014923'	'6.56307745'	'479.1801147'	17
'08:ed:b9:d0:93:e5'	'46.52005768'	'6.562996864'	'480.1674805'	26
'60:c5:47:e1:7d:5b'	'46.52001572'	'6.562931061'	'479.5141907'	23
