'd8:31:cf:c8:e1:29'	0.000000	0.000000	0.000000	41
'd8:31:cf:c8:e1:29'	0.000000	0.000000	0.000000	41
'18:9e:fc:97:23:c2'	0.000000	0.000000	0.000000	32
'18:9e:fc:97:23:c2'	0.000000	0.000000	0.000000	29
'e8:99:c4:9d:49:15'	0.000000	0.000000	0.000000	27
'e8:99:c4:9d:49:15'	0.000000	0.000000	0.000000	25
'68:a8:6d:6e:a9:d8'	0.000000	0.000000	0.000000	88
'64:20:0c:c5:3e:d5'	0.000000	0.000000	0.000000	30
'68:a8:6d:6e:a9:d8'	0.000000	0.000000	0.000000	88
'68:a8:6d:6e:a9:d8'	0.000000	0.000000	0.000000	87
'5c:0a:5b:77:93:2f'	0.000000	0.000000	0.000000	59
'40:b0:fa:be:89:e6'	0.000000	0.000000	0.000000	61
'40:b0:fa:be:89:e6'	0.000000	0.000000	0.000000	61
'40:b0:fa:be:89:e6'	0.000000	0.000000	0.000000	60
'40:b0:fa:be:89:e6'	0.000000	0.000000	0.000000	65
'40:b0:fa:be:89:e6'	0.000000	0.000000	0.000000	67
'00:1e:64:6d:81:36'	0.000000	0.000000	0.000000	47
'd8:31:cf:c8:e1:29'	'46.520394'	' 6.568469'	' 42'	36
'd8:31:cf:c8:e1:29'	'46.520394'	' 6.568469'	' 42'	40
'd8:31:cf:c8:e1:29'	'46.520394'	' 6.568469'	' 42'	39
'68:a8:6d:6e:a9:d8'	'46.520394'	' 6.568469'	' 42'	87
'6c:71:d9:d3:19:17'	'46.520394'	' 6.568469'	' 42'	52
'00:1e:64:6d:81:36'	'46.520394'	' 6.568469'	' 42'	46
'00:1e:64:6d:81:36'	'46.520394'	' 6.568469'	' 42'	46
'00:1e:64:6d:81:36'	'46.520394'	' 6.568469'	' 42'	47
'00:1e:64:6d:81:36'	'46.520394'	' 6.568469'	' 42'	45
'a0:f4:50:50:cc:d6'	'46.520394'	' 6.568469'	' 42'	32
'a0:f4:50:50:cc:d6'	'46.520394'	' 6.568469'	' 42'	32
'a0:f4:50:50:cc:d6'	'46.520394'	' 6.568469'	' 42'	29
'a0:f4:50:50:cc:d6'	'46.520394'	' 6.568469'	' 42'	28
'a0:f4:50:50:cc:d6'	'46.520394'	' 6.568469'	' 42'	28
'a0:f4:50:50:cc:d6'	'46.520394'	' 6.568469'	' 42'	29
'a0:f4:50:50:cc:d6'	'46.520394'	' 6.568469'	' 42'	28
'fc:f8:ae:cc:41:5b'	'46.520394'	' 6.568469'	' 42'	57
'fc:f8:ae:cc:41:5b'	'46.520394'	' 6.568469'	' 42'	57
'fc:f8:ae:cc:41:5b'	'46.520394'	' 6.568469'	' 42'	56
'fc:f8:ae:cc:41:5b'	'46.520394'	' 6.568469'	' 42'	59
'fc:f8:ae:cc:41:5b'	'46.520394'	' 6.568469'	' 42'	60
'fc:f8:ae:cc:41:5b'	'46.520394'	' 6.568469'	' 42'	60
'68:a8:6d:6e:a9:d8'	'46.520394'	' 6.568469'	' 42'	84
'68:a8:6d:6e:a9:d8'	'46.520394'	' 6.568469'	' 42'	83
'18:9e:fc:97:23:c2'	'46.520394'	' 6.568469'	' 42'	30
'18:9e:fc:97:23:c2'	'46.520394'	' 6.568469'	' 42'	31
'98:d6:f7:6a:24:cf'	'46.520394'	' 6.568469'	' 42'	35
'90:b9:31:09:61:b1'	'46.520394'	' 6.568469'	' 42'	42
'd8:31:cf:c8:e1:29'	'46.520394'	' 6.568469'	' 42'	38
'60:03:08:71:56:5b'	'46.520394'	' 6.568469'	' 42'	28
'60:03:08:71:56:5b'	'46.520394'	' 6.568469'	' 42'	28
'8c:2d:aa:8b:29:dd'	'46.520394'	' 6.568469'	' 42'	49
'68:a8:6d:6e:a9:d8'	'46.520394'	' 6.568469'	' 42'	87
'68:a8:6d:6e:a9:d8'	'46.520394'	' 6.568469'	' 42'	83
'68:a8:6d:6e:a9:d8'	'46.520394'	' 6.568469'	' 42'	85
'68:a8:6d:6e:a9:d8'	'46.520394'	' 6.568469'	' 42'	83
'68:a8:6d:6e:a9:d8'	'46.520394'	' 6.568469'	' 42'	84
'00:27:10:5d:00:44'	'46.520394'	' 6.568469'	' 42'	52
'00:27:10:5d:00:44'	'46.520394'	' 6.568469'	' 42'	54
'24:db:ed:08:f1:8b'	'46.520394'	' 6.568469'	' 42'	32
'24:db:ed:08:f1:8b'	'46.520394'	' 6.568469'	' 42'	32
'04:46:65:84:4b:bd'	'46.520394'	' 6.568469'	' 42'	52
'04:46:65:84:4b:bd'	'46.520394'	' 6.568469'	' 42'	52
'04:46:65:84:4b:bd'	'46.520394'	' 6.568469'	' 42'	51
'98:d6:f7:6a:24:cf'	'46.520394'	' 6.568469'	' 42'	40
'98:d6:f7:6a:24:cf'	'46.520394'	' 6.568469'	' 42'	40
'98:d6:f7:6a:24:cf'	'46.520394'	' 6.568469'	' 42'	41
'98:d6:f7:6a:24:cf'	'46.520394'	' 6.568469'	' 42'	41
'68:a8:6d:6e:a9:d8'	'46.520394'	' 6.568469'	' 42'	83
'68:a8:6d:6e:a9:d8'	'46.520394'	' 6.568469'	' 42'	85
'00:21:00:9f:96:21'	'46.520394'	' 6.568469'	' 42'	46
'18:9e:fc:97:23:c2'	'46.520394'	' 6.568469'	' 42'	30
'18:9e:fc:97:23:c2'	'46.520394'	' 6.568469'	' 42'	29
'6c:88:14:f2:5c:6c'	'46.520394'	' 6.568469'	' 42'	38
'6c:88:14:f2:5c:6c'	'46.520394'	' 6.568469'	' 42'	38
'6c:88:14:f2:5c:6c'	'46.520394'	' 6.568469'	' 42'	39
'6c:88:14:f2:5c:6c'	'46.520394'	' 6.568469'	' 42'	38
'6c:88:14:f2:5c:6c'	'46.520394'	' 6.568469'	' 42'	39
'5c:3c:27:3a:d4:f1'	'46.520394'	' 6.568469'	' 42'	36
'c4:85:08:8a:8b:8f'	'46.520394'	' 6.568469'	' 42'	43
'c4:85:08:8a:8b:8f'	'46.520394'	' 6.568469'	' 42'	42
'98:0c:82:42:67:ee'	0.000000	0.000000	0.000000	48
'98:0c:82:42:67:ee'	0.000000	0.000000	0.000000	48
'c4:85:08:8a:8b:8f'	'46.520394'	' 6.568469'	' 42'	44
'68:a8:6d:6e:a9:d8'	0.000000	0.000000	0.000000	85
'68:a8:6d:6e:a9:d8'	0.000000	0.000000	0.000000	85
'00:21:6a:6c:e5:e4'	0.000000	0.000000	0.000000	66
'00:21:6a:6c:e5:e4'	0.000000	0.000000	0.000000	67
'00:21:6a:6c:e5:e4'	0.000000	0.000000	0.000000	67
'00:21:6a:6c:e5:e4'	0.000000	0.000000	0.000000	66
'88:c6:63:6a:fb:69'	0.000000	0.000000	0.000000	31
'88:c6:63:6a:fb:69'	0.000000	0.000000	0.000000	34
'00:21:6a:6c:e5:e4'	0.000000	0.000000	0.000000	75
'00:21:6a:6c:e5:e4'	0.000000	0.000000	0.000000	75
'00:21:6a:6c:e5:e4'	0.000000	0.000000	0.000000	75
'00:21:6a:6c:e5:e4'	0.000000	0.000000	0.000000	75
'00:21:6a:6c:e5:e4'	0.000000	0.000000	0.000000	28
'00:21:6a:6c:e5:e4'	0.000000	0.000000	0.000000	28
'a0:f4:50:50:cc:d6'	0.000000	0.000000	0.000000	34
'a0:f4:50:50:cc:d6'	0.000000	0.000000	0.000000	29
'a0:f4:50:50:cc:d6'	0.000000	0.000000	0.000000	28
'10:68:3f:89:df:60'	0.000000	0.000000	0.000000	27
'10:68:3f:89:df:60'	0.000000	0.000000	0.000000	29
'10:68:3f:89:df:60'	0.000000	0.000000	0.000000	31
'a0:f4:50:50:cc:d6'	0.000000	0.000000	0.000000	27
'fc:f8:ae:cc:41:5b'	0.000000	0.000000	0.000000	55
'fc:f8:ae:cc:41:5b'	0.000000	0.000000	0.000000	58
'fc:f8:ae:cc:41:5b'	0.000000	0.000000	0.000000	58
'fc:f8:ae:cc:41:5b'	0.000000	0.000000	0.000000	58
'78:dd:08:fe:fb:a9'	0.000000	0.000000	0.000000	39
'3c:6c:79:1b:bd:0c'	0.000000	0.000000	0.000000	30
'8c:7b:9d:09:af:db'	0.000000	0.000000	0.000000	62
'8c:7b:9d:09:af:db'	0.000000	0.000000	0.000000	64
'8c:7b:9d:09:af:db'	0.000000	0.000000	0.000000	62
'8c:7b:9d:09:af:db'	0.000000	0.000000	0.000000	63
'a6:5f:22:85:a6:24'	'46.520394'	' 6.568469'	' 42'	16
'5c:3c:27:3a:d4:f1'	'46.520394'	' 6.568469'	' 42'	39
'd8:31:cf:c8:e1:29'	0.000000	0.000000	0.000000	33
'04:46:65:84:4b:bd'	0.000000	0.000000	0.000000	57
'68:a8:6d:6e:a9:d8'	0.000000	0.000000	0.000000	85
'8c:7b:9d:09:af:db'	'46.520394'	' 6.568469'	' 42'	60
'60:07:03:2b:31:65'	0.000000	0.000000	0.000000	75
'60:07:03:2b:31:65'	0.000000	0.000000	0.000000	76
'60:07:03:2b:31:65'	0.000000	0.000000	0.000000	73
'60:07:03:2b:31:65'	0.000000	0.000000	0.000000	72
'68:a8:6d:6e:a9:d8'	0.000000	0.000000	0.000000	83
'68:a8:6d:6e:a9:d8'	0.000000	0.000000	0.000000	84
'98:d6:f7:6a:24:cf'	0.000000	0.000000	0.000000	46
'98:d6:f7:6a:24:cf'	0.000000	0.000000	0.000000	41
'98:d6:f7:6a:24:cf'	0.000000	0.000000	0.000000	40
'68:a8:6d:6e:a9:d8'	'46.520394'	' 6.568469'	' 42'	84
'10:68:3f:89:df:60'	0.000000	0.000000	0.000000	24
'68:a8:6d:6e:a9:d8'	'46.520394'	' 6.568469'	' 42'	86
'68:a8:6d:6e:a9:d8'	0.000000	0.000000	0.000000	88
'68:a8:6d:6e:a9:d8'	'46.520394'	' 6.568469'	' 42'	87
'18:9e:fc:97:23:c2'	0.000000	0.000000	0.000000	29
'18:9e:fc:97:23:c2'	0.000000	0.000000	0.000000	30
'68:a8:6d:6e:a9:d8'	'46.520394'	' 6.568469'	' 42'	87
'60:07:03:2b:31:65'	'46.520394'	' 6.568469'	' 42'	69
'60:07:03:2b:31:65'	'46.520394'	' 6.568469'	' 42'	69
'98:d6:f7:6a:24:cf'	0.000000	0.000000	0.000000	39
'98:d6:f7:6a:24:cf'	0.000000	0.000000	0.000000	39
'98:d6:f7:6a:24:cf'	0.000000	0.000000	0.000000	37
'd8:31:cf:c8:e1:29'	0.000000	0.000000	0.000000	37
'bc:05:43:05:12:53'	0.000000	0.000000	0.000000	-156
'bc:05:43:05:12:53'	0.000000	0.000000	0.000000	-156
'bc:05:43:05:12:53'	0.000000	0.000000	0.000000	-156
'bc:05:43:05:12:53'	0.000000	0.000000	0.000000	-156
'bc:05:43:05:12:53'	0.000000	0.000000	0.000000	-156
'bc:05:43:05:12:53'	0.000000	0.000000	0.000000	-156
'bc:05:43:05:12:53'	0.000000	0.000000	0.000000	-156
'bc:05:43:05:12:53'	0.000000	0.000000	0.000000	-156
'68:a8:6d:6e:a9:d8'	0.000000	0.000000	0.000000	91
'98:0c:82:42:67:ee'	0.000000	0.000000	0.000000	36
'bc:05:43:05:12:53'	0.000000	0.000000	0.000000	-156
'8c:2d:aa:8b:29:dd'	0.000000	0.000000	0.000000	52
'98:0c:82:42:67:ee'	0.000000	0.000000	0.000000	38
'bc:05:43:05:12:53'	0.000000	0.000000	0.000000	-156
'60:03:08:71:56:5b'	0.000000	0.000000	0.000000	32
'60:03:08:71:56:5b'	0.000000	0.000000	0.000000	32
'68:a8:6d:6e:a9:d8'	0.000000	0.000000	0.000000	88
'bc:05:43:05:12:53'	0.000000	0.000000	0.000000	-156
'78:dd:08:fe:fb:a9'	'46.520394'	' 6.568469'	' 42'	45
'a6:5f:22:85:a6:24'	0.000000	0.000000	0.000000	16
'5c:3c:27:3a:d4:f1'	0.000000	0.000000	0.000000	39
'8c:7b:9d:09:af:db'	0.000000	0.000000	0.000000	60
'78:dd:08:fe:fb:a9'	'46.520394'	' 6.568469'	' 42'	48
'5c:3c:27:3a:d4:f1'	'46.520394'	' 6.568469'	' 42'	31
'5c:3c:27:3a:d4:f1'	'46.520394'	' 6.568469'	' 42'	31
'78:dd:08:fe:fb:a9'	'46.520394'	' 6.568469'	' 42'	51
'5c:3c:27:3a:d4:f1'	'46.520394'	' 6.568469'	' 42'	32
'8c:7b:9d:09:af:db'	0.000000	0.000000	0.000000	60
'68:a8:6d:6e:a9:d8'	0.000000	0.000000	0.000000	84
'68:a8:6d:6e:a9:d8'	0.000000	0.000000	0.000000	87
'68:a8:6d:6e:a9:d8'	0.000000	0.000000	0.000000	86
'68:a8:6d:6e:a9:d8'	0.000000	0.000000	0.000000	87
'68:a8:6d:6e:a9:d8'	0.000000	0.000000	0.000000	87
'60:07:03:2b:31:65'	0.000000	0.000000	0.000000	69
'60:07:03:2b:31:65'	0.000000	0.000000	0.000000	69
'00:27:10:5d:00:44'	'46.520394'	' 6.568469'	' 42'	48
'00:27:10:5d:00:44'	'46.520394'	' 6.568469'	' 42'	49
'60:07:03:2b:31:65'	0.000000	0.000000	0.000000	69
'60:07:03:2b:31:65'	0.000000	0.000000	0.000000	69
'5c:3c:27:3a:d4:f1'	'46.520394'	' 6.568469'	' 42'	31
'5c:3c:27:3a:d4:f1'	'46.520394'	' 6.568469'	' 42'	30
'68:a8:6d:6e:a9:d8'	'46.520394'	' 6.568469'	' 42'	81
'68:a8:6d:6e:a9:d8'	'46.520394'	' 6.568469'	' 42'	83
'68:a8:6d:6e:a9:d8'	'46.520394'	' 6.568469'	' 42'	79
'68:a8:6d:6e:a9:d8'	'46.520394'	' 6.568469'	' 42'	81
'0e:ad:e1:65:58:63'	'46.520394'	' 6.568469'	' 42'	23
'78:dd:08:fe:fb:a9'	0.000000	0.000000	0.000000	45
'78:dd:08:fe:fb:a9'	0.000000	0.000000	0.000000	45
'00:21:6a:6c:e5:e4'	'46.520394'	' 6.568469'	' 42'	72
'00:21:6a:6c:e5:e4'	'46.520394'	' 6.568469'	' 42'	72
'00:21:6a:6c:e5:e4'	'46.520394'	' 6.568469'	' 42'	73
'00:21:6a:6c:e5:e4'	'46.520394'	' 6.568469'	' 42'	73
'bc:05:43:05:12:53'	'46.520394'	' 6.568469'	' 42'	-156
'bc:05:43:05:12:53'	'46.520394'	' 6.568469'	' 42'	-156
'cc:fa:00:cc:5d:5f'	'46.520394'	' 6.568469'	' 42'	41
'cc:fa:00:cc:5d:5f'	'46.520394'	' 6.568469'	' 42'	39
'bc:05:43:05:12:53'	'46.520394'	' 6.568469'	' 42'	-156
'bc:05:43:05:12:53'	'46.520394'	' 6.568469'	' 42'	-156
'bc:05:43:05:12:53'	'46.520394'	' 6.568469'	' 42'	-156
'bc:05:43:05:12:53'	'46.520394'	' 6.568469'	' 42'	-156
'bc:05:43:05:12:53'	'46.520394'	' 6.568469'	' 42'	-156
'bc:05:43:05:12:53'	'46.520394'	' 6.568469'	' 42'	-156
'bc:05:43:05:12:53'	'46.520394'	' 6.568469'	' 42'	-156
'bc:05:43:05:12:53'	'46.520394'	' 6.568469'	' 42'	-156
'bc:05:43:05:12:53'	'46.520394'	' 6.568469'	' 42'	-156
'78:dd:08:fe:fb:a9'	0.000000	0.000000	0.000000	48
'5c:3c:27:3a:d4:f1'	0.000000	0.000000	0.000000	31
'5c:3c:27:3a:d4:f1'	0.000000	0.000000	0.000000	31
'78:dd:08:fe:fb:a9'	0.000000	0.000000	0.000000	51
'78:dd:08:fe:fb:a9'	0.000000	0.000000	0.000000	48
'5c:3c:27:3a:d4:f1'	0.000000	0.000000	0.000000	31
'5c:3c:27:3a:d4:f1'	0.000000	0.000000	0.000000	31
'78:dd:08:fe:fb:a9'	0.000000	0.000000	0.000000	51
'5c:3c:27:3a:d4:f1'	0.000000	0.000000	0.000000	32
'5c:3c:27:3a:d4:f1'	0.000000	0.000000	0.000000	32
'bc:05:43:05:12:53'	'46.520394'	' 6.568469'	' 42'	-156
'bc:05:43:05:12:53'	'46.520394'	' 6.568469'	' 42'	-156
'bc:05:43:05:12:53'	'46.520394'	' 6.568469'	' 42'	-156
'5c:3c:27:3a:d4:f1'	'46.520394'	' 6.568469'	' 42'	22
'5c:3c:27:3a:d4:f1'	'46.520394'	' 6.568469'	' 42'	22
'5c:3c:27:3a:d4:f1'	'46.520394'	' 6.568469'	' 42'	23
'5c:3c:27:3a:d4:f1'	'46.520394'	' 6.568469'	' 42'	22
'bc:05:43:05:12:53'	'46.520394'	' 6.568469'	' 42'	-156
'bc:05:43:05:12:53'	'46.520394'	' 6.568469'	' 42'	-156
'bc:05:43:05:12:53'	'46.520394'	' 6.568469'	' 42'	-156
'f0:27:65:dc:99:26'	'46.520394'	' 6.568469'	' 42'	33
'f0:27:65:dc:99:26'	'46.520394'	' 6.568469'	' 42'	34
'bc:05:43:05:12:53'	'46.520394'	' 6.568469'	' 42'	-156
'bc:05:43:05:12:53'	'46.520394'	' 6.568469'	' 42'	-156
'bc:05:43:05:12:53'	'46.520394'	' 6.568469'	' 42'	-156
'bc:05:43:05:12:53'	'46.520394'	' 6.568469'	' 42'	-156
'5c:3c:27:3a:d4:f1'	0.000000	0.000000	0.000000	31
'5c:3c:27:3a:d4:f1'	0.000000	0.000000	0.000000	30
'68:a8:6d:6e:a9:d8'	0.000000	0.000000	0.000000	81
'68:a8:6d:6e:a9:d8'	0.000000	0.000000	0.000000	83
'00:1e:64:6d:81:36'	'46.520394'	' 6.568469'	' 42'	49
'00:1e:64:6d:81:36'	'46.520394'	' 6.568469'	' 42'	48
'68:a8:6d:6e:a9:d8'	0.000000	0.000000	0.000000	79
'68:a8:6d:6e:a9:d8'	0.000000	0.000000	0.000000	81
'0e:ad:e1:65:58:63'	0.000000	0.000000	0.000000	23
'00:21:6a:6c:e5:e4'	0.000000	0.000000	0.000000	72
'00:21:6a:6c:e5:e4'	0.000000	0.000000	0.000000	72
'bc:05:43:05:12:53'	0.000000	0.000000	0.000000	-156
'bc:05:43:05:12:53'	0.000000	0.000000	0.000000	-156
'cc:fa:00:cc:5d:5f'	0.000000	0.000000	0.000000	41
'cc:fa:00:cc:5d:5f'	0.000000	0.000000	0.000000	39
'bc:05:43:05:12:53'	0.000000	0.000000	0.000000	-156
'bc:05:43:05:12:53'	0.000000	0.000000	0.000000	-156
'bc:05:43:05:12:53'	0.000000	0.000000	0.000000	-156
'bc:05:43:05:12:53'	0.000000	0.000000	0.000000	-156
'bc:05:43:05:12:53'	0.000000	0.000000	0.000000	-156
'bc:05:43:05:12:53'	0.000000	0.000000	0.000000	-156
'f8:1e:df:d9:57:a4'	'46.520394'	' 6.568469'	' 42'	47
'f8:1e:df:d9:57:a4'	'46.520394'	' 6.568469'	' 42'	44
'bc:05:43:05:12:53'	0.000000	0.000000	0.000000	-156
'bc:05:43:05:12:53'	0.000000	0.000000	0.000000	-156
'bc:05:43:05:12:53'	0.000000	0.000000	0.000000	-156
'bc:05:43:05:12:53'	0.000000	0.000000	0.000000	-156
'bc:05:43:05:12:53'	0.000000	0.000000	0.000000	-156
'00:27:10:5d:00:44'	0.000000	0.000000	0.000000	48
'00:27:10:5d:00:44'	0.000000	0.000000	0.000000	49
'bc:05:43:05:12:53'	0.000000	0.000000	0.000000	-156
'5c:3c:27:3a:d4:f1'	0.000000	0.000000	0.000000	22
'5c:3c:27:3a:d4:f1'	0.000000	0.000000	0.000000	22
'5c:3c:27:3a:d4:f1'	0.000000	0.000000	0.000000	23
'5c:3c:27:3a:d4:f1'	0.000000	0.000000	0.000000	22
'c0:9f:42:f3:47:80'	'46.520394'	' 6.568469'	' 42'	40
'bc:05:43:05:12:53'	0.000000	0.000000	0.000000	-156
'bc:05:43:05:12:53'	0.000000	0.000000	0.000000	-156
'5c:3c:27:3a:d4:f1'	0.000000	0.000000	0.000000	31
'a0:f4:50:50:cc:d6'	'46.520394'	' 6.568469'	' 42'	26
'a0:f4:50:50:cc:d6'	'46.520394'	' 6.568469'	' 42'	30
'a0:f4:50:50:cc:d6'	'46.520394'	' 6.568469'	' 42'	30
'a0:f4:50:50:cc:d6'	'46.520394'	' 6.568469'	' 42'	31
'a0:f4:50:50:cc:d6'	'46.520394'	' 6.568469'	' 42'	31
'a0:f4:50:50:cc:d6'	'46.520394'	' 6.568469'	' 42'	30
'a0:f4:50:50:cc:d6'	'46.520394'	' 6.568469'	' 42'	30
'a0:f4:50:50:cc:d6'	'46.520394'	' 6.568469'	' 42'	26
'0e:ad:e1:65:58:63'	0.000000	0.000000	0.000000	23
'bc:05:43:05:12:53'	0.000000	0.000000	0.000000	-156
'f0:27:65:dc:99:26'	0.000000	0.000000	0.000000	33
'f0:27:65:dc:99:26'	0.000000	0.000000	0.000000	34
'00:21:6a:6c:e5:e4'	0.000000	0.000000	0.000000	72
'00:21:6a:6c:e5:e4'	0.000000	0.000000	0.000000	72
'00:21:6a:6c:e5:e4'	0.000000	0.000000	0.000000	73
'00:21:6a:6c:e5:e4'	0.000000	0.000000	0.000000	73
'bc:05:43:05:12:53'	0.000000	0.000000	0.000000	-156
'bc:05:43:05:12:53'	0.000000	0.000000	0.000000	-156
'cc:fa:00:cc:5d:5f'	0.000000	0.000000	0.000000	41
'cc:fa:00:cc:5d:5f'	0.000000	0.000000	0.000000	39
'bc:05:43:05:12:53'	0.000000	0.000000	0.000000	-156
'bc:05:43:05:12:53'	0.000000	0.000000	0.000000	-156
'bc:05:43:05:12:53'	0.000000	0.000000	0.000000	-156
'bc:05:43:05:12:53'	0.000000	0.000000	0.000000	-156
'bc:05:43:05:12:53'	0.000000	0.000000	0.000000	-156
'bc:05:43:05:12:53'	0.000000	0.000000	0.000000	-156
'bc:05:43:05:12:53'	0.000000	0.000000	0.000000	-156
'bc:05:43:05:12:53'	0.000000	0.000000	0.000000	-156
'bc:05:43:05:12:53'	0.000000	0.000000	0.000000	-156
'bc:05:43:05:12:53'	0.000000	0.000000	0.000000	-156
'bc:05:43:05:12:53'	0.000000	0.000000	0.000000	-156
'bc:05:43:05:12:53'	0.000000	0.000000	0.000000	-156
'bc:05:43:05:12:53'	0.000000	0.000000	0.000000	-156
'bc:05:43:05:12:53'	0.000000	0.000000	0.000000	-156
'bc:05:43:05:12:53'	0.000000	0.000000	0.000000	-156
'bc:05:43:05:12:53'	0.000000	0.000000	0.000000	-156
'5c:3c:27:3a:d4:f1'	0.000000	0.000000	0.000000	22
'5c:3c:27:3a:d4:f1'	0.000000	0.000000	0.000000	22
'5c:3c:27:3a:d4:f1'	0.000000	0.000000	0.000000	23
'5c:3c:27:3a:d4:f1'	0.000000	0.000000	0.000000	22
'bc:05:43:05:12:53'	0.000000	0.000000	0.000000	-156
'bc:05:43:05:12:53'	0.000000	0.000000	0.000000	-156
'00:1e:64:6d:81:36'	0.000000	0.000000	0.000000	49
'00:1e:64:6d:81:36'	0.000000	0.000000	0.000000	48
'bc:05:43:05:12:53'	0.000000	0.000000	0.000000	-156
'f0:27:65:dc:99:26'	0.000000	0.000000	0.000000	33
'f0:27:65:dc:99:26'	0.000000	0.000000	0.000000	34
'bc:05:43:05:12:53'	0.000000	0.000000	0.000000	-156
'bc:05:43:05:12:53'	0.000000	0.000000	0.000000	-156
'bc:05:43:05:12:53'	0.000000	0.000000	0.000000	-156
'bc:05:43:05:12:53'	0.000000	0.000000	0.000000	-156
'f8:1e:df:d9:57:a4'	0.000000	0.000000	0.000000	47
'f8:1e:df:d9:57:a4'	0.000000	0.000000	0.000000	44
'00:1e:64:6d:81:36'	0.000000	0.000000	0.000000	49
'00:1e:64:6d:81:36'	0.000000	0.000000	0.000000	48
'f8:1e:df:d9:57:a4'	0.000000	0.000000	0.000000	47
'f8:1e:df:d9:57:a4'	0.000000	0.000000	0.000000	44
'c0:9f:42:f3:47:80'	0.000000	0.000000	0.000000	40
'c0:9f:42:f3:47:80'	0.000000	0.000000	0.000000	40
'a0:f4:50:50:cc:d6'	0.000000	0.000000	0.000000	26
'a0:f4:50:50:cc:d6'	0.000000	0.000000	0.000000	30
'a0:f4:50:50:cc:d6'	0.000000	0.000000	0.000000	30
'a0:f4:50:50:cc:d6'	0.000000	0.000000	0.000000	31
'a0:f4:50:50:cc:d6'	0.000000	0.000000	0.000000	31
'a0:f4:50:50:cc:d6'	0.000000	0.000000	0.000000	30
'a0:f4:50:50:cc:d6'	0.000000	0.000000	0.000000	30
'68:a8:6d:6e:a9:d8'	'46.520394'	' 6.568469'	' 42'	82
'68:a8:6d:6e:a9:d8'	'46.520394'	' 6.568469'	' 42'	82
'a0:f4:50:50:cc:d6'	0.000000	0.000000	0.000000	26
'a0:f4:50:50:cc:d6'	0.000000	0.000000	0.000000	26
'a0:f4:50:50:cc:d6'	0.000000	0.000000	0.000000	30
'a0:f4:50:50:cc:d6'	0.000000	0.000000	0.000000	30
'a0:f4:50:50:cc:d6'	0.000000	0.000000	0.000000	31
'a0:f4:50:50:cc:d6'	0.000000	0.000000	0.000000	31
'a0:f4:50:50:cc:d6'	0.000000	0.000000	0.000000	30
'a0:f4:50:50:cc:d6'	0.000000	0.000000	0.000000	30
'a0:f4:50:50:cc:d6'	0.000000	0.000000	0.000000	26
'c0:9f:42:f3:47:80'	'46.520394'	' 6.568469'	' 42'	35
'68:a8:6d:6e:a9:d8'	'46.520394'	' 6.568469'	' 42'	80
'68:a8:6d:6e:a9:d8'	'46.520394'	' 6.568469'	' 42'	83
'68:a8:6d:6e:a9:d8'	'46.520394'	' 6.568469'	' 42'	80
'68:a8:6d:6e:a9:d8'	0.000000	0.000000	0.000000	82
'68:a8:6d:6e:a9:d8'	0.000000	0.000000	0.000000	82
'5c:3c:27:3a:d4:f1'	'46.520394'	' 6.568469'	' 42'	38
'5c:3c:27:3a:d4:f1'	'46.520394'	' 6.568469'	' 42'	40
'5c:3c:27:3a:d4:f1'	'46.520394'	' 6.568469'	' 42'	38
'c0:9f:42:f3:47:80'	0.000000	0.000000	0.000000	35
'68:a8:6d:6e:a9:d8'	0.000000	0.000000	0.000000	82
'68:a8:6d:6e:a9:d8'	0.000000	0.000000	0.000000	82
'68:a8:6d:6e:a9:d8'	0.000000	0.000000	0.000000	80
'68:a8:6d:6e:a9:d8'	0.000000	0.000000	0.000000	83
'c0:9f:42:f3:47:80'	0.000000	0.000000	0.000000	35
'68:a8:6d:6e:a9:d8'	0.000000	0.000000	0.000000	80
'60:03:08:71:56:5b'	'46.520394'	' 6.568469'	' 42'	30
'60:03:08:71:56:5b'	'46.520394'	' 6.568469'	' 42'	29
'68:a8:6d:6e:a9:d8'	0.000000	0.000000	0.000000	80
'68:a8:6d:6e:a9:d8'	0.000000	0.000000	0.000000	83
'68:a8:6d:6e:a9:d8'	0.000000	0.000000	0.000000	80
'5c:3c:27:3a:d4:f1'	0.000000	0.000000	0.000000	38
'5c:3c:27:3a:d4:f1'	0.000000	0.000000	0.000000	40
'5c:3c:27:3a:d4:f1'	0.000000	0.000000	0.000000	38
'fc:f8:ae:cc:41:5b'	'46.520394'	' 6.568469'	' 42'	60
'fc:f8:ae:cc:41:5b'	'46.520394'	' 6.568469'	' 42'	60
'fc:f8:ae:cc:41:5b'	'46.520394'	' 6.568469'	' 42'	59
'5c:3c:27:3a:d4:f1'	0.000000	0.000000	0.000000	38
'5c:3c:27:3a:d4:f1'	0.000000	0.000000	0.000000	40
'5c:3c:27:3a:d4:f1'	0.000000	0.000000	0.000000	38
'fc:f8:ae:cc:41:5b'	'46.520394'	' 6.568469'	' 42'	60
'fc:f8:ae:cc:41:5b'	'46.520394'	' 6.568469'	' 42'	55
'fc:f8:ae:cc:41:5b'	'46.520394'	' 6.568469'	' 42'	61
'60:03:08:71:56:5b'	0.000000	0.000000	0.000000	30
'60:03:08:71:56:5b'	0.000000	0.000000	0.000000	29
'60:03:08:71:56:5b'	0.000000	0.000000	0.000000	30
'60:03:08:71:56:5b'	0.000000	0.000000	0.000000	29
'fc:f8:ae:cc:41:5b'	0.000000	0.000000	0.000000	60
'fc:f8:ae:cc:41:5b'	0.000000	0.000000	0.000000	60
'fc:f8:ae:cc:41:5b'	0.000000	0.000000	0.000000	59
'fc:f8:ae:cc:41:5b'	0.000000	0.000000	0.000000	60
'fc:f8:ae:cc:41:5b'	0.000000	0.000000	0.000000	55
'fc:f8:ae:cc:41:5b'	0.000000	0.000000	0.000000	61
'fc:f8:ae:cc:41:5b'	0.000000	0.000000	0.000000	60
'fc:f8:ae:cc:41:5b'	0.000000	0.000000	0.000000	60
'fc:f8:ae:cc:41:5b'	0.000000	0.000000	0.000000	59
'fc:f8:ae:cc:41:5b'	0.000000	0.000000	0.000000	60
'fc:f8:ae:cc:41:5b'	0.000000	0.000000	0.000000	55
'fc:f8:ae:cc:41:5b'	0.000000	0.000000	0.000000	61
'00:21:00:9f:96:21'	'46.520394'	' 6.568469'	' 42'	46
'00:21:00:9f:96:21'	0.000000	0.000000	0.000000	46
'00:21:00:9f:96:21'	0.000000	0.000000	0.000000	46
'6c:71:d9:d3:19:17'	0.000000	0.000000	0.000000	43
'6c:71:d9:d3:19:17'	0.000000	0.000000	0.000000	43
'6c:71:d9:d3:19:17'	'46.520394'	' 6.568469'	' 42'	43
'f8:1e:df:d9:57:a4'	0.000000	0.000000	0.000000	46
'6c:71:d9:d3:19:17'	0.000000	0.000000	0.000000	43
'f8:1e:df:d9:57:a4'	0.000000	0.000000	0.000000	46
'f8:1e:df:d9:57:a4'	0.000000	0.000000	0.000000	47
'f8:1e:df:d9:57:a4'	0.000000	0.000000	0.000000	47
'6c:71:d9:d3:19:17'	0.000000	0.000000	0.000000	42
'f8:1e:df:d9:57:a4'	0.000000	0.000000	0.000000	46
'f8:1e:df:d9:57:a4'	0.000000	0.000000	0.000000	47
'6c:71:d9:d3:19:17'	0.000000	0.000000	0.000000	42
'f8:1e:df:d9:57:a4'	'46.520394'	' 6.568469'	' 42'	46
'6c:71:d9:d3:19:17'	'46.520394'	' 6.568469'	' 42'	43
'f8:1e:df:d9:57:a4'	'46.520394'	' 6.568469'	' 42'	46
'f8:1e:df:d9:57:a4'	'46.520394'	' 6.568469'	' 42'	47
'f8:1e:df:d9:57:a4'	'46.520394'	' 6.568469'	' 42'	47
'6c:71:d9:d3:19:17'	'46.520394'	' 6.568469'	' 42'	42
'40:f3:08:bf:f5:db'	0.000000	0.000000	0.000000	34
'40:f3:08:bf:f5:db'	0.000000	0.000000	0.000000	35
'40:f3:08:bf:f5:db'	0.000000	0.000000	0.000000	34
'40:f3:08:bf:f5:db'	0.000000	0.000000	0.000000	35
'40:f3:08:bf:f5:db'	'46.520394'	' 6.568469'	' 42'	34
'68:a8:6d:6e:a9:d8'	0.000000	0.000000	0.000000	69
'40:f3:08:bf:f5:db'	'46.520394'	' 6.568469'	' 42'	35
'68:a8:6d:6e:a9:d8'	'46.520394'	' 6.568469'	' 42'	69
'c4:85:08:8a:8b:8f'	0.000000	0.000000	0.000000	49
'c4:85:08:8a:8b:8f'	0.000000	0.000000	0.000000	51
'24:db:ed:08:f1:8b'	0.000000	0.000000	0.000000	37
'24:db:ed:08:f1:8b'	0.000000	0.000000	0.000000	36
'68:a8:6d:6e:a9:d8'	'46.520394'	' 6.568469'	' 42'	82
'68:a8:6d:6e:a9:d8'	0.000000	0.000000	0.000000	69
'8c:7b:9d:09:af:db'	'46.520394'	' 6.568469'	' 42'	59
'8c:7b:9d:09:af:db'	'46.520394'	' 6.568469'	' 42'	58
'8c:7b:9d:09:af:db'	'46.520394'	' 6.568469'	' 42'	60
'8c:7b:9d:09:af:db'	'46.520394'	' 6.568469'	' 42'	59
'8c:7b:9d:09:af:db'	'46.520394'	' 6.568469'	' 42'	56
'8c:7b:9d:09:af:db'	'46.520394'	' 6.568469'	' 42'	55
'8c:7b:9d:09:af:db'	'46.520394'	' 6.568469'	' 42'	56
'8c:7b:9d:09:af:db'	'46.520394'	' 6.568469'	' 42'	55
'68:a8:6d:6e:a9:d8'	0.000000	0.000000	0.000000	82
'8c:7b:9d:09:af:db'	0.000000	0.000000	0.000000	59
'8c:7b:9d:09:af:db'	0.000000	0.000000	0.000000	58
'8c:7b:9d:09:af:db'	0.000000	0.000000	0.000000	60
'8c:7b:9d:09:af:db'	0.000000	0.000000	0.000000	59
'8c:7b:9d:09:af:db'	0.000000	0.000000	0.000000	56
'24:db:ed:08:f1:8b'	'46.520394'	' 6.568469'	' 42'	37
'24:db:ed:08:f1:8b'	'46.520394'	' 6.568469'	' 42'	36
'd8:31:cf:c8:e1:29'	0.000000	0.000000	0.000000	39
'd8:31:cf:c8:e1:29'	0.000000	0.000000	0.000000	40
'c4:85:08:8a:8b:8f'	0.000000	0.000000	0.000000	49
'24:db:ed:08:f1:8b'	0.000000	0.000000	0.000000	36
'04:46:65:84:4b:bd'	'46.520394'	' 6.568469'	' 42'	51
'd8:31:cf:c8:e1:29'	0.000000	0.000000	0.000000	40
'04:46:65:84:4b:bd'	0.000000	0.000000	0.000000	52
'04:46:65:84:4b:bd'	0.000000	0.000000	0.000000	51
'04:46:65:84:4b:bd'	0.000000	0.000000	0.000000	53
'04:46:65:84:4b:bd'	0.000000	0.000000	0.000000	52
'04:46:65:84:4b:bd'	0.000000	0.000000	0.000000	51
'18:9e:fc:97:23:c2'	0.000000	0.000000	0.000000	35
'04:46:65:84:4b:bd'	0.000000	0.000000	0.000000	53
'18:9e:fc:97:23:c2'	0.000000	0.000000	0.000000	35
'18:9e:fc:97:23:c2'	0.000000	0.000000	0.000000	33
'18:9e:fc:97:23:c2'	0.000000	0.000000	0.000000	31
'68:a8:6d:6e:a9:d8'	'46.520394'	' 6.568469'	' 42'	83
'a0:88:b4:76:72:a4'	'46.520394'	' 6.568469'	' 42'	79
'a0:88:b4:76:72:a4'	'46.520394'	' 6.568469'	' 42'	78
'00:21:fe:5d:ed:5e'	'46.520394'	' 6.568469'	' 42'	40
'00:21:fe:5d:ed:5e'	'46.520394'	' 6.568469'	' 42'	38
'00:21:fe:5d:ed:5e'	'46.520394'	' 6.568469'	' 42'	37
'a0:88:b4:76:72:a4'	'46.520394'	' 6.568469'	' 42'	26
'68:a8:6d:6e:a9:d8'	'46.520394'	' 6.568469'	' 42'	80
'68:a8:6d:6e:a9:d8'	'46.520394'	' 6.568469'	' 42'	83
'68:a8:6d:6e:a9:d8'	0.000000	0.000000	0.000000	80
'68:a8:6d:6e:a9:d8'	0.000000	0.000000	0.000000	83
'a0:88:b4:76:72:a4'	0.000000	0.000000	0.000000	79
'a0:88:b4:76:72:a4'	0.000000	0.000000	0.000000	78
'68:a8:6d:6e:a9:d8'	0.000000	0.000000	0.000000	83
'00:21:fe:5d:ed:5e'	0.000000	0.000000	0.000000	40
'00:21:fe:5d:ed:5e'	0.000000	0.000000	0.000000	38
'00:21:fe:5d:ed:5e'	0.000000	0.000000	0.000000	37
'a0:88:b4:76:72:a4'	0.000000	0.000000	0.000000	26
'a0:88:b4:76:72:a4'	0.000000	0.000000	0.000000	26
'68:a8:6d:6e:a9:d8'	0.000000	0.000000	0.000000	80
'a0:88:b4:76:72:a4'	0.000000	0.000000	0.000000	18
'68:a8:6d:6e:a9:d8'	0.000000	0.000000	0.000000	83
'68:a8:6d:6e:a9:d8'	0.000000	0.000000	0.000000	80
'68:a8:6d:6e:a9:d8'	0.000000	0.000000	0.000000	83
'68:a8:6d:6e:a9:d8'	0.000000	0.000000	0.000000	79
'68:a8:6d:6e:a9:d8'	0.000000	0.000000	0.000000	79
'68:a8:6d:6e:a9:d8'	0.000000	0.000000	0.000000	80
'00:1e:64:6d:81:36'	'46.520394'	' 6.568469'	' 42'	46
'00:1e:64:6d:81:36'	'46.520394'	' 6.568469'	' 42'	47
'00:1e:64:6d:81:36'	'46.520394'	' 6.568469'	' 42'	48
'00:1e:64:6d:81:36'	'46.520394'	' 6.568469'	' 42'	48
'08:11:96:3e:08:9c'	'46.520394'	' 6.568469'	' 42'	34
'08:11:96:3e:08:9c'	0.000000	0.000000	0.000000	34
'08:11:96:3e:08:9c'	0.000000	0.000000	0.000000	34
'60:07:03:2b:31:65'	0.000000	0.000000	0.000000	76
'bc:3b:af:73:3f:b3'	0.000000	0.000000	0.000000	28
'6c:88:14:f2:5c:6c'	0.000000	0.000000	0.000000	39
'6c:88:14:f2:5c:6c'	0.000000	0.000000	0.000000	43
'6c:88:14:f2:5c:6c'	0.000000	0.000000	0.000000	43
'6c:88:14:f2:5c:6c'	0.000000	0.000000	0.000000	43
'60:07:03:2b:31:65'	'46.520394'	' 6.568469'	' 42'	76
'60:07:03:2b:31:65'	'46.520394'	' 6.568469'	' 42'	76
'60:07:03:2b:31:65'	'46.520394'	' 6.568469'	' 42'	24
'60:07:03:2b:31:65'	'46.520394'	' 6.568469'	' 42'	27
'68:a8:6d:6e:a9:d8'	0.000000	0.000000	0.000000	80
'60:07:03:2b:31:65'	0.000000	0.000000	0.000000	76
'60:07:03:2b:31:65'	0.000000	0.000000	0.000000	76
'60:07:03:2b:31:65'	0.000000	0.000000	0.000000	24
'bc:3b:af:73:3f:b3'	'46.520394'	' 6.568469'	' 42'	28
'68:a8:6d:6e:a9:d8'	0.000000	0.000000	0.000000	79
'68:a8:6d:6e:a9:d8'	0.000000	0.000000	0.000000	82
'68:a8:6d:6e:a9:d8'	0.000000	0.000000	0.000000	80
'68:a8:6d:6e:a9:d8'	0.000000	0.000000	0.000000	80
'6c:88:14:f2:5c:6c'	'46.520394'	' 6.568469'	' 42'	39
'6c:88:14:f2:5c:6c'	'46.520394'	' 6.568469'	' 42'	39
'6c:88:14:f2:5c:6c'	'46.520394'	' 6.568469'	' 42'	38
'60:07:03:2b:31:65'	0.000000	0.000000	0.000000	74
'68:a8:6d:6e:a9:d8'	'46.520394'	' 6.568469'	' 42'	80
'68:a8:6d:6e:a9:d8'	'46.520394'	' 6.568469'	' 42'	80
'5c:0a:5b:77:93:2f'	0.000000	0.000000	0.000000	58
'5c:0a:5b:77:93:2f'	0.000000	0.000000	0.000000	58
'5c:0a:5b:77:93:2f'	0.000000	0.000000	0.000000	53
'60:07:03:2b:31:65'	'46.520394'	' 6.568469'	' 42'	27
'68:a8:6d:6e:a9:d8'	0.000000	0.000000	0.000000	80
'78:dd:08:fe:fb:a9'	0.000000	0.000000	0.000000	38
'68:a8:6d:6e:a9:d8'	0.000000	0.000000	0.000000	82
'78:dd:08:fe:fb:a9'	0.000000	0.000000	0.000000	42
'60:03:08:71:56:5b'	0.000000	0.000000	0.000000	29
'60:03:08:71:56:5b'	0.000000	0.000000	0.000000	29
'5c:0a:5b:77:93:2f'	'46.520394'	' 6.568469'	' 42'	58
'5c:0a:5b:77:93:2f'	'46.520394'	' 6.568469'	' 42'	58
'5c:0a:5b:77:93:2f'	'46.520394'	' 6.568469'	' 42'	53
'60:07:03:2b:31:65'	0.000000	0.000000	0.000000	74
'60:07:03:2b:31:65'	0.000000	0.000000	0.000000	74
'60:07:03:2b:31:65'	0.000000	0.000000	0.000000	73
'60:07:03:2b:31:65'	0.000000	0.000000	0.000000	72
'60:07:03:2b:31:65'	0.000000	0.000000	0.000000	70
'8c:2d:aa:8b:29:dd'	0.000000	0.000000	0.000000	45
'78:dd:08:fe:fb:a9'	'46.520394'	' 6.568469'	' 42'	38
'78:dd:08:fe:fb:a9'	'46.520394'	' 6.568469'	' 42'	43
'78:dd:08:fe:fb:a9'	'46.520394'	' 6.568469'	' 42'	42
'60:03:08:71:56:5b'	'46.520394'	' 6.568469'	' 42'	29
'60:03:08:71:56:5b'	'46.520394'	' 6.568469'	' 42'	29
'78:dd:08:fe:fb:a9'	0.000000	0.000000	0.000000	38
'8c:2d:aa:8b:29:dd'	'46.520394'	' 6.568469'	' 42'	45
'78:dd:08:fe:fb:a9'	0.000000	0.000000	0.000000	42
'18:87:96:84:11:27'	'46.520394'	' 6.568469'	' 42'	29
'60:03:08:71:56:5b'	0.000000	0.000000	0.000000	29
'60:03:08:71:56:5b'	0.000000	0.000000	0.000000	29
'68:a8:6d:6e:a9:d8'	'46.520394'	' 6.568469'	' 42'	83
'cc:fa:00:cc:5d:5f'	'46.520394'	' 6.568469'	' 42'	35
'cc:fa:00:cc:5d:5f'	'46.520394'	' 6.568469'	' 42'	38
'cc:fa:00:cc:5d:5f'	'46.520394'	' 6.568469'	' 42'	37
'68:a8:6d:6e:a9:d8'	'46.520394'	' 6.568469'	' 42'	79
'18:87:96:84:11:27'	0.000000	0.000000	0.000000	29
'68:a8:6d:6e:a9:d8'	0.000000	0.000000	0.000000	83
'cc:fa:00:cc:5d:5f'	0.000000	0.000000	0.000000	35
'cc:fa:00:cc:5d:5f'	0.000000	0.000000	0.000000	35
'cc:fa:00:cc:5d:5f'	0.000000	0.000000	0.000000	38
'cc:fa:00:cc:5d:5f'	0.000000	0.000000	0.000000	37
'68:a8:6d:6e:a9:d8'	0.000000	0.000000	0.000000	79
'bc:05:43:05:12:53'	'46.520394'	' 6.568469'	' 42'	-156
'bc:05:43:05:12:53'	'46.520394'	' 6.568469'	' 42'	-156
'bc:05:43:05:12:53'	'46.520394'	' 6.568469'	' 42'	-156
'bc:05:43:05:12:53'	'46.520394'	' 6.568469'	' 42'	-156
'bc:05:43:05:12:53'	'46.520394'	' 6.568469'	' 42'	-156
'bc:05:43:05:12:53'	'46.520394'	' 6.568469'	' 42'	-156
'bc:05:43:05:12:53'	'46.520394'	' 6.568469'	' 42'	-156
'bc:05:43:05:12:53'	'46.520394'	' 6.568469'	' 42'	-156
'bc:05:43:05:12:53'	'46.520394'	' 6.568469'	' 42'	-156
'bc:05:43:05:12:53'	'46.520394'	' 6.568469'	' 42'	-156
'bc:05:43:05:12:53'	'46.520394'	' 6.568469'	' 42'	-156
'00:21:6a:6c:e5:e4'	'46.520394'	' 6.568469'	' 42'	61
'00:21:6a:6c:e5:e4'	'46.520394'	' 6.568469'	' 42'	61
'00:21:6a:6c:e5:e4'	'46.520394'	' 6.568469'	' 42'	36
'00:21:6a:6c:e5:e4'	'46.520394'	' 6.568469'	' 42'	60
'18:87:96:84:11:27'	0.000000	0.000000	0.000000	29
'bc:05:43:05:12:53'	'46.520394'	' 6.568469'	' 42'	-156
'bc:05:43:05:12:53'	'46.520394'	' 6.568469'	' 42'	-156
'68:a8:6d:6e:a9:d8'	0.000000	0.000000	0.000000	79
'68:a8:6d:6e:a9:d8'	0.000000	0.000000	0.000000	79
'bc:05:43:05:12:53'	'46.520394'	' 6.568469'	' 42'	-156
'cc:fa:00:cc:5d:5f'	0.000000	0.000000	0.000000	38
'bc:05:43:05:12:53'	'46.520394'	' 6.568469'	' 42'	-156
'bc:05:43:05:12:53'	'46.520394'	' 6.568469'	' 42'	-156
'bc:05:43:05:12:53'	0.000000	0.000000	0.000000	-156
'bc:05:43:05:12:53'	'46.520394'	' 6.568469'	' 42'	-156
'bc:05:43:05:12:53'	0.000000	0.000000	0.000000	-156
'bc:05:43:05:12:53'	0.000000	0.000000	0.000000	-156
'68:a8:6d:6e:a9:d8'	0.000000	0.000000	0.000000	79
'bc:05:43:05:12:53'	0.000000	0.000000	0.000000	-156
'bc:05:43:05:12:53'	0.000000	0.000000	0.000000	-156
'68:a8:6d:6e:a9:d8'	0.000000	0.000000	0.000000	79
'bc:05:43:05:12:53'	0.000000	0.000000	0.000000	-156
'bc:05:43:05:12:53'	0.000000	0.000000	0.000000	-156
'bc:05:43:05:12:53'	0.000000	0.000000	0.000000	-156
'bc:05:43:05:12:53'	0.000000	0.000000	0.000000	-156
'bc:05:43:05:12:53'	0.000000	0.000000	0.000000	-156
'bc:05:43:05:12:53'	'46.520394'	' 6.568469'	' 42'	-156
'bc:05:43:05:12:53'	'46.520394'	' 6.568469'	' 42'	-156
'bc:05:43:05:12:53'	0.000000	0.000000	0.000000	-156
'00:21:6a:6c:e5:e4'	0.000000	0.000000	0.000000	61
'bc:05:43:05:12:53'	'46.520394'	' 6.568469'	' 42'	-156
'bc:05:43:05:12:53'	'46.520394'	' 6.568469'	' 42'	-156
'00:21:6a:6c:e5:e4'	0.000000	0.000000	0.000000	61
'00:21:6a:6c:e5:e4'	0.000000	0.000000	0.000000	36
'00:21:6a:6c:e5:e4'	0.000000	0.000000	0.000000	60
'bc:05:43:05:12:53'	0.000000	0.000000	0.000000	-156
'bc:05:43:05:12:53'	0.000000	0.000000	0.000000	-156
'bc:05:43:05:12:53'	0.000000	0.000000	0.000000	-156
'bc:05:43:05:12:53'	0.000000	0.000000	0.000000	-156
'5c:3c:27:3a:d4:f1'	'46.520394'	' 6.568469'	' 42'	37
'5c:3c:27:3a:d4:f1'	'46.520394'	' 6.568469'	' 42'	37
'bc:05:43:05:12:53'	0.000000	0.000000	0.000000	-156
'bc:05:43:05:12:53'	0.000000	0.000000	0.000000	-156
'bc:05:43:05:12:53'	0.000000	0.000000	0.000000	-156
'8c:7b:9d:09:af:db'	'46.520394'	' 6.568469'	' 42'	58
'bc:05:43:05:12:53'	0.000000	0.000000	0.000000	-156
'bc:05:43:05:12:53'	0.000000	0.000000	0.000000	-156
'8c:7b:9d:09:af:db'	'46.520394'	' 6.568469'	' 42'	57
'8c:7b:9d:09:af:db'	'46.520394'	' 6.568469'	' 42'	55
'8c:7b:9d:09:af:db'	'46.520394'	' 6.568469'	' 42'	56
'bc:05:43:05:12:53'	0.000000	0.000000	0.000000	-156
'bc:05:43:05:12:53'	0.000000	0.000000	0.000000	-156
'8c:7b:9d:09:af:db'	'46.520394'	' 6.568469'	' 42'	59
'8c:7b:9d:09:af:db'	'46.520394'	' 6.568469'	' 42'	60
'8c:7b:9d:09:af:db'	'46.520394'	' 6.568469'	' 42'	60
'8c:7b:9d:09:af:db'	'46.520394'	' 6.568469'	' 42'	60
'bc:05:43:05:12:53'	0.000000	0.000000	0.000000	-156
'bc:05:43:05:12:53'	0.000000	0.000000	0.000000	-156
'bc:05:43:05:12:53'	0.000000	0.000000	0.000000	-156
'bc:05:43:05:12:53'	0.000000	0.000000	0.000000	-156
'bc:05:43:05:12:53'	0.000000	0.000000	0.000000	-156
'bc:05:43:05:12:53'	0.000000	0.000000	0.000000	-156
'bc:05:43:05:12:53'	0.000000	0.000000	0.000000	-156
'bc:05:43:05:12:53'	0.000000	0.000000	0.000000	-156
'bc:05:43:05:12:53'	0.000000	0.000000	0.000000	-156
'00:21:6a:6c:e5:e4'	0.000000	0.000000	0.000000	61
'00:21:6a:6c:e5:e4'	0.000000	0.000000	0.000000	61
'00:21:6a:6c:e5:e4'	0.000000	0.000000	0.000000	36
'00:21:6a:6c:e5:e4'	0.000000	0.000000	0.000000	60
'bc:05:43:05:12:53'	0.000000	0.000000	0.000000	-156
'bc:05:43:05:12:53'	0.000000	0.000000	0.000000	-156
'bc:05:43:05:12:53'	0.000000	0.000000	0.000000	-156
'bc:05:43:05:12:53'	0.000000	0.000000	0.000000	-156
'5c:3c:27:3a:d4:f1'	0.000000	0.000000	0.000000	37
'5c:3c:27:3a:d4:f1'	0.000000	0.000000	0.000000	37
'8c:7b:9d:09:af:db'	0.000000	0.000000	0.000000	58
'8c:7b:9d:09:af:db'	0.000000	0.000000	0.000000	57
'8c:7b:9d:09:af:db'	0.000000	0.000000	0.000000	55
'8c:7b:9d:09:af:db'	0.000000	0.000000	0.000000	56
'8c:7b:9d:09:af:db'	0.000000	0.000000	0.000000	59
'8c:7b:9d:09:af:db'	0.000000	0.000000	0.000000	60
'8c:7b:9d:09:af:db'	0.000000	0.000000	0.000000	60
'8c:7b:9d:09:af:db'	0.000000	0.000000	0.000000	60
'bc:05:43:05:12:53'	0.000000	0.000000	0.000000	-156
'bc:05:43:05:12:53'	0.000000	0.000000	0.000000	-156
'bc:05:43:05:12:53'	0.000000	0.000000	0.000000	-156
'bc:05:43:05:12:53'	0.000000	0.000000	0.000000	-156
'bc:05:43:05:12:53'	0.000000	0.000000	0.000000	-156
'bc:05:43:05:12:53'	0.000000	0.000000	0.000000	-156
'5c:3c:27:3a:d4:f1'	0.000000	0.000000	0.000000	37
'5c:3c:27:3a:d4:f1'	0.000000	0.000000	0.000000	37
'8c:7b:9d:09:af:db'	0.000000	0.000000	0.000000	58
'8c:7b:9d:09:af:db'	0.000000	0.000000	0.000000	57
'8c:7b:9d:09:af:db'	0.000000	0.000000	0.000000	55
'8c:7b:9d:09:af:db'	0.000000	0.000000	0.000000	56
'8c:7b:9d:09:af:db'	0.000000	0.000000	0.000000	59
'8c:7b:9d:09:af:db'	0.000000	0.000000	0.000000	60
'8c:7b:9d:09:af:db'	0.000000	0.000000	0.000000	60
'8c:7b:9d:09:af:db'	0.000000	0.000000	0.000000	60
'5c:3c:27:3a:d4:f1'	'46.520394'	' 6.568469'	' 42'	37
'5c:3c:27:3a:d4:f1'	'46.520394'	' 6.568469'	' 42'	38
'5c:3c:27:3a:d4:f1'	'46.520394'	' 6.568469'	' 42'	38
'5c:3c:27:3a:d4:f1'	'46.520394'	' 6.568469'	' 42'	36
'60:07:03:2b:31:65'	'46.520394'	' 6.568469'	' 42'	74
'60:07:03:2b:31:65'	'46.520394'	' 6.568469'	' 42'	73
'60:07:03:2b:31:65'	'46.520394'	' 6.568469'	' 42'	72
'60:07:03:2b:31:65'	'46.520394'	' 6.568469'	' 42'	72
'5c:3c:27:3a:d4:f1'	0.000000	0.000000	0.000000	37
'5c:3c:27:3a:d4:f1'	0.000000	0.000000	0.000000	38
'5c:3c:27:3a:d4:f1'	0.000000	0.000000	0.000000	38
'5c:3c:27:3a:d4:f1'	0.000000	0.000000	0.000000	36
'60:07:03:2b:31:65'	'46.520394'	' 6.568469'	' 42'	28
'60:07:03:2b:31:65'	0.000000	0.000000	0.000000	28
'18:9e:fc:97:23:c2'	0.000000	0.000000	0.000000	32
'18:9e:fc:97:23:c2'	0.000000	0.000000	0.000000	29
'18:9e:fc:97:23:c2'	0.000000	0.000000	0.000000	32
'18:9e:fc:97:23:c2'	0.000000	0.000000	0.000000	31
'18:9e:fc:97:23:c2'	0.000000	0.000000	0.000000	33
'18:9e:fc:97:23:c2'	0.000000	0.000000	0.000000	30
'18:9e:fc:97:23:c2'	0.000000	0.000000	0.000000	33
'18:9e:fc:97:23:c2'	0.000000	0.000000	0.000000	28
'18:9e:fc:97:23:c2'	0.000000	0.000000	0.000000	32
'18:9e:fc:97:23:c2'	0.000000	0.000000	0.000000	30
'18:9e:fc:97:23:c2'	0.000000	0.000000	0.000000	31
'18:9e:fc:97:23:c2'	0.000000	0.000000	0.000000	32
'18:9e:fc:97:23:c2'	0.000000	0.000000	0.000000	27
'18:9e:fc:97:23:c2'	'46.520394'	' 6.568469'	' 42'	32
'18:9e:fc:97:23:c2'	'46.520394'	' 6.568469'	' 42'	29
'18:9e:fc:97:23:c2'	'46.520394'	' 6.568469'	' 42'	32
'18:9e:fc:97:23:c2'	'46.520394'	' 6.568469'	' 42'	31
'18:9e:fc:97:23:c2'	'46.520394'	' 6.568469'	' 42'	33
'18:9e:fc:97:23:c2'	'46.520394'	' 6.568469'	' 42'	30
'18:9e:fc:97:23:c2'	'46.520394'	' 6.568469'	' 42'	33
'18:9e:fc:97:23:c2'	'46.520394'	' 6.568469'	' 42'	28
'18:9e:fc:97:23:c2'	'46.520394'	' 6.568469'	' 42'	32
'18:9e:fc:97:23:c2'	'46.520394'	' 6.568469'	' 42'	30
'18:9e:fc:97:23:c2'	'46.520394'	' 6.568469'	' 42'	33
'18:9e:fc:97:23:c2'	'46.520394'	' 6.568469'	' 42'	31
'18:9e:fc:97:23:c2'	'46.520394'	' 6.568469'	' 42'	32
'18:9e:fc:97:23:c2'	'46.520394'	' 6.568469'	' 42'	29
'18:9e:fc:97:23:c2'	'46.520394'	' 6.568469'	' 42'	31
'18:9e:fc:97:23:c2'	'46.520394'	' 6.568469'	' 42'	29
'18:9e:fc:97:23:c2'	'46.520394'	' 6.568469'	' 42'	27
'18:9e:fc:97:23:c2'	'46.520394'	' 6.568469'	' 42'	26
'18:9e:fc:97:23:c2'	'46.520394'	' 6.568469'	' 42'	27
'18:9e:fc:97:23:c2'	'46.520394'	' 6.568469'	' 42'	27
'18:9e:fc:97:23:c2'	'46.520394'	' 6.568469'	' 42'	30
'18:9e:fc:97:23:c2'	'46.520394'	' 6.568469'	' 42'	29
'68:a8:6d:6e:a9:d8'	'46.520394'	' 6.568469'	' 42'	81
'68:a8:6d:6e:a9:d8'	'46.520394'	' 6.568469'	' 42'	80
'60:07:03:2b:31:65'	0.000000	0.000000	0.000000	72
'18:9e:fc:97:23:c2'	0.000000	0.000000	0.000000	32
'18:9e:fc:97:23:c2'	0.000000	0.000000	0.000000	29
'18:9e:fc:97:23:c2'	0.000000	0.000000	0.000000	32
'18:9e:fc:97:23:c2'	0.000000	0.000000	0.000000	31
'18:9e:fc:97:23:c2'	0.000000	0.000000	0.000000	33
'68:a8:6d:6e:a9:d8'	0.000000	0.000000	0.000000	80
'd8:31:cf:c8:e1:29'	0.000000	0.000000	0.000000	42
'd8:31:cf:c8:e1:29'	0.000000	0.000000	0.000000	42
'68:a8:6d:6e:a9:d8'	'46.520394'	' 6.568469'	' 42'	81
'68:a8:6d:6e:a9:d8'	'46.520394'	' 6.568469'	' 42'	83
'd8:31:cf:c8:e1:29'	0.000000	0.000000	0.000000	42
'68:a8:6d:6e:a9:d8'	'46.520394'	' 6.568469'	' 42'	80
'd8:31:cf:c8:e1:29'	'46.520394'	' 6.568469'	' 42'	42
'd8:31:cf:c8:e1:29'	'46.520394'	' 6.568469'	' 42'	42
'd8:31:cf:c8:e1:29'	'46.520394'	' 6.568469'	' 42'	42
'68:a8:6d:6e:a9:d8'	0.000000	0.000000	0.000000	82
'68:a8:6d:6e:a9:d8'	'46.520394'	' 6.568469'	' 42'	82
'fc:f8:ae:cc:41:5b'	0.000000	0.000000	0.000000	60
'68:a8:6d:6e:a9:d8'	0.000000	0.000000	0.000000	83
'd8:31:cf:c8:e1:29'	0.000000	0.000000	0.000000	43
'fc:f8:ae:cc:41:5b'	0.000000	0.000000	0.000000	61
'd8:31:cf:c8:e1:29'	0.000000	0.000000	0.000000	43
'd8:31:cf:c8:e1:29'	0.000000	0.000000	0.000000	43
'd8:31:cf:c8:e1:29'	0.000000	0.000000	0.000000	37
'fc:f8:ae:cc:41:5b'	'46.520394'	' 6.568469'	' 42'	58
'd8:31:cf:c8:e1:29'	'46.520394'	' 6.568469'	' 42'	43
'd8:31:cf:c8:e1:29'	'46.520394'	' 6.568469'	' 42'	43
'68:a8:6d:6e:a9:d8'	'46.520394'	' 6.568469'	' 42'	78
'd8:31:cf:c8:e1:29'	'46.520394'	' 6.568469'	' 42'	37
'00:21:00:9f:96:21'	0.000000	0.000000	0.000000	51
'00:21:00:9f:96:21'	'46.520394'	' 6.568469'	' 42'	51
'00:21:00:9f:96:21'	0.000000	0.000000	0.000000	51
'68:a8:6d:6e:a9:d8'	'46.520394'	' 6.568469'	' 42'	71
'68:a8:6d:6e:a9:d8'	0.000000	0.000000	0.000000	68
'68:a8:6d:6e:a9:d8'	0.000000	0.000000	0.000000	71
'68:a8:6d:6e:a9:d8'	'46.520394'	' 6.568469'	' 42'	68
'60:67:20:c4:24:a0'	0.000000	0.000000	0.000000	25
'ac:cf:5c:c5:e2:07'	0.000000	0.000000	0.000000	23
'ac:cf:5c:c5:00:f2'	0.000000	0.000000	0.000000	26
'ac:cf:5c:c5:e2:07'	0.000000	0.000000	0.000000	24
'68:a8:6d:6e:a9:d8'	0.000000	0.000000	0.000000	69
'68:a8:6d:6e:a9:d8'	0.000000	0.000000	0.000000	70
'68:a8:6d:6e:a9:d8'	'46.520394'	' 6.568469'	' 42'	70
'68:a8:6d:6e:a9:d8'	'46.520394'	' 6.568469'	' 42'	69
'04:46:65:84:4b:bd'	'46.520394'	' 6.568469'	' 42'	58
'04:46:65:84:4b:bd'	'46.520394'	' 6.568469'	' 42'	59
'00:21:00:9f:96:21'	0.000000	0.000000	0.000000	48
'6c:71:d9:d3:19:17'	0.000000	0.000000	0.000000	52
'68:a8:6d:6e:a9:d8'	'46.520394'	' 6.568469'	' 42'	73
'5c:3c:27:3a:d4:f1'	'46.520394'	' 6.568469'	' 42'	28
'5c:3c:27:3a:d4:f1'	'46.520394'	' 6.568469'	' 42'	29
'60:07:03:2b:31:65'	0.000000	0.000000	0.000000	68
'60:07:03:2b:31:65'	0.000000	0.000000	0.000000	68
'60:07:03:2b:31:65'	0.000000	0.000000	0.000000	68
'60:07:03:2b:31:65'	0.000000	0.000000	0.000000	68
'ac:cf:5c:c5:e2:07'	0.000000	0.000000	0.000000	23
'ac:cf:5c:c5:00:f2'	0.000000	0.000000	0.000000	26
'ac:cf:5c:c5:e2:07'	0.000000	0.000000	0.000000	24
'68:a8:6d:6e:a9:d8'	0.000000	0.000000	0.000000	70
'68:a8:6d:6e:a9:d8'	0.000000	0.000000	0.000000	69
'6c:71:d9:d3:19:17'	0.000000	0.000000	0.000000	33
'c4:85:08:8a:8b:8f'	0.000000	0.000000	0.000000	51
'c4:85:08:8a:8b:8f'	0.000000	0.000000	0.000000	52
'04:46:65:84:4b:bd'	0.000000	0.000000	0.000000	59
'6c:71:d9:d3:19:17'	0.000000	0.000000	0.000000	27
'68:a8:6d:6e:a9:d8'	0.000000	0.000000	0.000000	71
'68:a8:6d:6e:a9:d8'	0.000000	0.000000	0.000000	71
'00:21:00:9f:96:21'	'46.520394'	' 6.568469'	' 42'	48
'68:a8:6d:6e:a9:d8'	'46.520394'	' 6.568469'	' 42'	72
'5c:3c:27:3a:d4:f1'	0.000000	0.000000	0.000000	28
'5c:3c:27:3a:d4:f1'	0.000000	0.000000	0.000000	30
'6c:71:d9:d3:19:17'	'46.520394'	' 6.568469'	' 42'	50
'6c:71:d9:d3:19:17'	'46.520394'	' 6.568469'	' 42'	42
'6c:71:d9:d3:19:17'	'46.520394'	' 6.568469'	' 42'	33
'78:e8:b6:eb:33:3c'	0.000000	0.000000	0.000000	23
'78:e8:b6:eb:33:3c'	0.000000	0.000000	0.000000	23
'68:a8:6d:6e:a9:d8'	0.000000	0.000000	0.000000	68
'5c:3c:27:3a:d4:f1'	'46.520394'	' 6.568469'	' 42'	28
'5c:3c:27:3a:d4:f1'	'46.520394'	' 6.568469'	' 42'	30
'00:21:00:9f:96:21'	0.000000	0.000000	0.000000	48
'00:21:00:9f:96:21'	0.000000	0.000000	0.000000	48
'68:a8:6d:6e:a9:d8'	0.000000	0.000000	0.000000	72
'78:e8:b6:eb:33:3c'	'46.520394'	' 6.568469'	' 42'	23
'78:e8:b6:eb:33:3c'	0.000000	0.000000	0.000000	23
'68:a8:6d:6e:a9:d8'	0.000000	0.000000	0.000000	71
'5c:3c:27:3a:d4:f1'	0.000000	0.000000	0.000000	32
'5c:3c:27:3a:d4:f1'	0.000000	0.000000	0.000000	31
'5c:3c:27:3a:d4:f1'	0.000000	0.000000	0.000000	31
'78:e8:b6:eb:33:3c'	0.000000	0.000000	0.000000	28
'78:e8:b6:eb:33:3c'	0.000000	0.000000	0.000000	27
'68:a8:6d:6e:a9:d8'	0.000000	0.000000	0.000000	74
'78:e8:b6:eb:33:3c'	0.000000	0.000000	0.000000	26
'78:e8:b6:eb:33:3c'	0.000000	0.000000	0.000000	27
'68:a8:6d:6e:a9:d8'	'46.520394'	' 6.568469'	' 42'	68
'40:f3:08:c9:af:7e'	0.000000	0.000000	0.000000	29
'6c:71:d9:d3:19:17'	0.000000	0.000000	0.000000	50
'6c:71:d9:d3:19:17'	0.000000	0.000000	0.000000	42
'78:e8:b6:eb:33:3c'	'46.520394'	' 6.568469'	' 42'	27
'78:e8:b6:eb:33:3c'	'46.520394'	' 6.568469'	' 42'	28
'c4:85:08:8a:8b:8f'	0.000000	0.000000	0.000000	51
'6c:71:d9:d3:19:17'	0.000000	0.000000	0.000000	27
'68:a8:6d:6e:a9:d8'	0.000000	0.000000	0.000000	71
'5c:3c:27:3a:d4:f1'	0.000000	0.000000	0.000000	31
'5c:3c:27:3a:d4:f1'	0.000000	0.000000	0.000000	33
'5c:3c:27:3a:d4:f1'	0.000000	0.000000	0.000000	31
'5c:3c:27:3a:d4:f1'	0.000000	0.000000	0.000000	31
'78:e8:b6:eb:33:3c'	0.000000	0.000000	0.000000	23
'78:e8:b6:eb:33:3c'	0.000000	0.000000	0.000000	23
'5c:3c:27:3a:d4:f1'	'46.520394'	' 6.568469'	' 42'	32
'60:07:03:2b:31:65'	0.000000	0.000000	0.000000	69
'40:f3:08:c9:af:7e'	'46.520394'	' 6.568469'	' 42'	29
'40:f3:08:c9:af:7e'	0.000000	0.000000	0.000000	32
'40:f3:08:c9:af:7e'	0.000000	0.000000	0.000000	34
'78:e8:b6:eb:33:3c'	0.000000	0.000000	0.000000	25
'40:f3:08:c9:af:7e'	'46.520394'	' 6.568469'	' 42'	30
'18:26:66:46:a2:01'	0.000000	0.000000	0.000000	40
'18:26:66:46:a2:01'	0.000000	0.000000	0.000000	40
'78:e8:b6:eb:33:3c'	'46.520394'	' 6.568469'	' 42'	25
'28:ba:b5:cf:b1:b8'	0.000000	0.000000	0.000000	37
'28:ba:b5:cf:b1:b8'	0.000000	0.000000	0.000000	36
'28:ba:b5:cf:b1:b8'	0.000000	0.000000	0.000000	37
'78:e8:b6:eb:33:3c'	0.000000	0.000000	0.000000	27
'78:e8:b6:eb:33:3c'	0.000000	0.000000	0.000000	26
'40:f3:08:c9:af:7e'	0.000000	0.000000	0.000000	29
'60:07:03:2b:31:65'	'46.520394'	' 6.568469'	' 42'	32
'00:21:00:9f:96:21'	'46.520394'	' 6.568469'	' 42'	48
'18:26:66:46:a2:01'	'46.520394'	' 6.568469'	' 42'	40
'28:ba:b5:cf:b1:b8'	'46.520394'	' 6.568469'	' 42'	37
'28:ba:b5:cf:b1:b8'	'46.520394'	' 6.568469'	' 42'	36
'78:e8:b6:eb:33:3c'	0.000000	0.000000	0.000000	24
'5c:3c:27:3a:d4:f1'	0.000000	0.000000	0.000000	31
'60:07:03:2b:31:65'	0.000000	0.000000	0.000000	69
'60:07:03:2b:31:65'	0.000000	0.000000	0.000000	69
'60:07:03:2b:31:65'	0.000000	0.000000	0.000000	32
'5c:3c:27:3a:d4:f1'	'46.520394'	' 6.568469'	' 42'	35
'5c:3c:27:3a:d4:f1'	'46.520394'	' 6.568469'	' 42'	35
'5c:3c:27:3a:d4:f1'	'46.520394'	' 6.568469'	' 42'	35
'40:f3:08:c9:af:7e'	0.000000	0.000000	0.000000	34
'78:e8:b6:eb:33:3c'	0.000000	0.000000	0.000000	23
'78:e8:b6:eb:33:3c'	0.000000	0.000000	0.000000	24
'18:26:66:46:a2:01'	0.000000	0.000000	0.000000	40
'28:ba:b5:cf:b1:b8'	0.000000	0.000000	0.000000	37
'78:e8:b6:eb:33:3c'	'46.520394'	' 6.568469'	' 42'	28
'78:e8:b6:eb:33:3c'	'46.520394'	' 6.568469'	' 42'	27
'90:b9:31:09:61:b1'	0.000000	0.000000	0.000000	42
'90:b9:31:09:61:b1'	0.000000	0.000000	0.000000	44
'78:dd:08:fe:fb:a9'	'46.520394'	' 6.568469'	' 42'	40
'6c:88:14:f2:5c:6c'	'46.520394'	' 6.568469'	' 42'	34
'90:b9:31:09:61:b1'	0.000000	0.000000	0.000000	44
'68:a8:6d:6e:a9:d8'	0.000000	0.000000	0.000000	81
'18:87:96:84:11:27'	'46.520394'	' 6.568469'	' 42'	34
'18:87:96:84:11:27'	'46.520394'	' 6.568469'	' 42'	35
'18:87:96:84:11:27'	'46.520394'	' 6.568469'	' 42'	35
'18:87:96:84:11:27'	0.000000	0.000000	0.000000	34
'18:87:96:84:11:27'	0.000000	0.000000	0.000000	35
'18:87:96:84:11:27'	0.000000	0.000000	0.000000	35
'8c:7b:9d:09:af:db'	'46.520394'	' 6.568469'	' 42'	53
'5c:3c:27:3a:d4:f1'	'46.520394'	' 6.568469'	' 42'	33
'5c:3c:27:3a:d4:f1'	'46.520394'	' 6.568469'	' 42'	35
'cc:fa:00:a8:40:c0'	'46.520394'	' 6.568469'	' 42'	30
'90:b9:31:09:61:b1'	0.000000	0.000000	0.000000	44
'8c:7b:9d:09:af:db'	0.000000	0.000000	0.000000	60
'cc:fa:00:cc:5d:5f'	0.000000	0.000000	0.000000	35
'5c:3c:27:3a:d4:f1'	0.000000	0.000000	0.000000	33
'cc:fa:00:a8:40:c0'	0.000000	0.000000	0.000000	30
'8c:7b:9d:09:af:db'	0.000000	0.000000	0.000000	63
'8c:7b:9d:09:af:db'	0.000000	0.000000	0.000000	60
'8c:7b:9d:09:af:db'	0.000000	0.000000	0.000000	62
'8c:7b:9d:09:af:db'	0.000000	0.000000	0.000000	62
'5c:3c:27:3a:d4:f1'	0.000000	0.000000	0.000000	33
'cc:fa:00:a8:40:c0'	0.000000	0.000000	0.000000	30
'cc:fa:00:a8:40:c0'	0.000000	0.000000	0.000000	31
'bc:05:43:05:12:53'	'46.520394'	' 6.568469'	' 42'	-156
'bc:05:43:05:12:53'	'46.520394'	' 6.568469'	' 42'	-156
'bc:05:43:05:12:53'	'46.520394'	' 6.568469'	' 42'	-156
'bc:05:43:05:12:53'	'46.520394'	' 6.568469'	' 42'	-156
'04:46:65:84:4b:bd'	'46.520394'	' 6.568469'	' 42'	57
'bc:05:43:05:12:53'	'46.520394'	' 6.568469'	' 42'	-156
'04:46:65:84:4b:bd'	'46.520394'	' 6.568469'	' 42'	56
'94:35:0a:bd:76:55'	'46.520394'	' 6.568469'	' 42'	35
'04:46:65:84:4b:bd'	'46.520394'	' 6.568469'	' 42'	55
'bc:05:43:05:12:53'	'46.520394'	' 6.568469'	' 42'	-156
'94:35:0a:bd:76:55'	'46.520394'	' 6.568469'	' 42'	35
'bc:05:43:05:12:53'	'46.520394'	' 6.568469'	' 42'	-156
'bc:05:43:05:12:53'	'46.520394'	' 6.568469'	' 42'	-156
'bc:05:43:05:12:53'	'46.520394'	' 6.568469'	' 42'	-156
'bc:05:43:05:12:53'	'46.520394'	' 6.568469'	' 42'	-156
'bc:05:43:05:12:53'	'46.520394'	' 6.568469'	' 42'	-156
'40:f3:08:c9:af:7e'	0.000000	0.000000	0.000000	44
'40:f3:08:c9:af:7e'	0.000000	0.000000	0.000000	46
'f0:27:65:dc:99:26'	0.000000	0.000000	0.000000	41
'bc:05:43:05:12:53'	'46.520394'	' 6.568469'	' 42'	-156
'bc:05:43:05:12:53'	'46.520394'	' 6.568469'	' 42'	-156
'f0:27:65:dc:99:26'	0.000000	0.000000	0.000000	40
'bc:05:43:05:12:53'	'46.520394'	' 6.568469'	' 42'	-156
'f0:27:65:dc:99:26'	0.000000	0.000000	0.000000	40
'f0:27:65:dc:99:26'	0.000000	0.000000	0.000000	41
'bc:05:43:05:12:53'	'46.520394'	' 6.568469'	' 42'	-156
'bc:05:43:05:12:53'	'46.520394'	' 6.568469'	' 42'	-156
'f0:27:65:dc:99:26'	0.000000	0.000000	0.000000	40
'f0:27:65:dc:99:26'	0.000000	0.000000	0.000000	41
'bc:05:43:05:12:53'	'46.520394'	' 6.568469'	' 42'	-156
'78:e8:b6:eb:33:3c'	0.000000	0.000000	0.000000	22
'bc:05:43:05:12:53'	'46.520394'	' 6.568469'	' 42'	-156
'bc:05:43:05:12:53'	'46.520394'	' 6.568469'	' 42'	-156
'bc:05:43:05:12:53'	'46.520394'	' 6.568469'	' 42'	-156
'bc:05:43:05:12:53'	'46.520394'	' 6.568469'	' 42'	-156
'bc:05:43:05:12:53'	0.000000	0.000000	0.000000	-156
'bc:05:43:05:12:53'	0.000000	0.000000	0.000000	-156
'bc:05:43:05:12:53'	0.000000	0.000000	0.000000	-156
'bc:05:43:05:12:53'	0.000000	0.000000	0.000000	-156
'04:46:65:84:4b:bd'	0.000000	0.000000	0.000000	57
'bc:05:43:05:12:53'	0.000000	0.000000	0.000000	-156
'04:46:65:84:4b:bd'	0.000000	0.000000	0.000000	56
'94:35:0a:bd:76:55'	0.000000	0.000000	0.000000	35
'04:46:65:84:4b:bd'	0.000000	0.000000	0.000000	55
'bc:05:43:05:12:53'	0.000000	0.000000	0.000000	-156
'94:35:0a:bd:76:55'	0.000000	0.000000	0.000000	35
'bc:05:43:05:12:53'	0.000000	0.000000	0.000000	-156
'bc:05:43:05:12:53'	0.000000	0.000000	0.000000	-156
'5c:3c:27:3a:d4:f1'	'46.520394'	' 6.568469'	' 42'	33
'5c:3c:27:3a:d4:f1'	'46.520394'	' 6.568469'	' 42'	31
'00:21:63:d7:d4:72'	'46.520394'	' 6.568469'	' 42'	26
'bc:05:43:05:12:53'	0.000000	0.000000	0.000000	-156
'bc:05:43:05:12:53'	0.000000	0.000000	0.000000	-156
'bc:05:43:05:12:53'	0.000000	0.000000	0.000000	-156
'bc:05:43:05:12:53'	0.000000	0.000000	0.000000	-156
'bc:05:43:05:12:53'	0.000000	0.000000	0.000000	-156
'bc:05:43:05:12:53'	0.000000	0.000000	0.000000	-156
'bc:05:43:05:12:53'	0.000000	0.000000	0.000000	-156
'bc:05:43:05:12:53'	0.000000	0.000000	0.000000	-156
'bc:05:43:05:12:53'	0.000000	0.000000	0.000000	-156
'bc:05:43:05:12:53'	0.000000	0.000000	0.000000	-156
'bc:05:43:05:12:53'	0.000000	0.000000	0.000000	-156
'bc:05:43:05:12:53'	0.000000	0.000000	0.000000	-156
'bc:05:43:05:12:53'	0.000000	0.000000	0.000000	-156
'bc:05:43:05:12:53'	0.000000	0.000000	0.000000	-156
'bc:05:43:05:12:53'	0.000000	0.000000	0.000000	-156
'bc:05:43:05:12:53'	0.000000	0.000000	0.000000	-156
'bc:05:43:05:12:53'	0.000000	0.000000	0.000000	-156
'04:46:65:84:4b:bd'	0.000000	0.000000	0.000000	57
'bc:05:43:05:12:53'	0.000000	0.000000	0.000000	-156
'04:46:65:84:4b:bd'	0.000000	0.000000	0.000000	56
'94:35:0a:bd:76:55'	0.000000	0.000000	0.000000	35
'04:46:65:84:4b:bd'	0.000000	0.000000	0.000000	55
'bc:05:43:05:12:53'	0.000000	0.000000	0.000000	-156
'94:35:0a:bd:76:55'	0.000000	0.000000	0.000000	35
'bc:05:43:05:12:53'	0.000000	0.000000	0.000000	-156
'5c:3c:27:3a:d4:f1'	0.000000	0.000000	0.000000	33
'5c:3c:27:3a:d4:f1'	0.000000	0.000000	0.000000	31
'00:21:63:d7:d4:72'	0.000000	0.000000	0.000000	26
'04:46:65:84:4b:bd'	'46.520394'	' 6.568469'	' 42'	56
'bc:05:43:05:12:53'	0.000000	0.000000	0.000000	-156
'04:46:65:84:4b:bd'	'46.520394'	' 6.568469'	' 42'	54
'bc:05:43:05:12:53'	0.000000	0.000000	0.000000	-156
'bc:05:43:05:12:53'	0.000000	0.000000	0.000000	-156
'bc:05:43:05:12:53'	0.000000	0.000000	0.000000	-156
'04:46:65:84:4b:bd'	'46.520394'	' 6.568469'	' 42'	53
'04:46:65:84:4b:bd'	'46.520394'	' 6.568469'	' 42'	55
'04:46:65:84:4b:bd'	'46.520394'	' 6.568469'	' 42'	47
'bc:05:43:05:12:53'	0.000000	0.000000	0.000000	-156
'bc:05:43:05:12:53'	0.000000	0.000000	0.000000	-156
'bc:05:43:05:12:53'	0.000000	0.000000	0.000000	-156
'bc:05:43:05:12:53'	0.000000	0.000000	0.000000	-156
'04:46:65:84:4b:bd'	0.000000	0.000000	0.000000	56
'bc:05:43:05:12:53'	0.000000	0.000000	0.000000	-156
'04:46:65:84:4b:bd'	0.000000	0.000000	0.000000	54
'04:46:65:84:4b:bd'	0.000000	0.000000	0.000000	53
'04:46:65:84:4b:bd'	0.000000	0.000000	0.000000	55
'bc:05:43:05:12:53'	0.000000	0.000000	0.000000	-156
'04:46:65:84:4b:bd'	0.000000	0.000000	0.000000	47
'bc:05:43:05:12:53'	0.000000	0.000000	0.000000	-156
'bc:05:43:05:12:53'	0.000000	0.000000	0.000000	-156
'bc:05:43:05:12:53'	0.000000	0.000000	0.000000	-156
'bc:05:43:05:12:53'	0.000000	0.000000	0.000000	-156
'5c:3c:27:3a:d4:f1'	0.000000	0.000000	0.000000	33
'5c:3c:27:3a:d4:f1'	0.000000	0.000000	0.000000	31
'00:21:63:d7:d4:72'	0.000000	0.000000	0.000000	26
'04:46:65:84:4b:bd'	0.000000	0.000000	0.000000	56
'04:46:65:84:4b:bd'	0.000000	0.000000	0.000000	54
'04:46:65:84:4b:bd'	0.000000	0.000000	0.000000	53
'04:46:65:84:4b:bd'	0.000000	0.000000	0.000000	55
'04:46:65:84:4b:bd'	0.000000	0.000000	0.000000	47
'44:6d:57:68:4f:ed'	'46.520394'	' 6.568469'	' 42'	60
'44:6d:57:68:4f:ed'	'46.520394'	' 6.568469'	' 42'	51
'44:6d:57:68:4f:ed'	0.000000	0.000000	0.000000	60
'44:6d:57:68:4f:ed'	0.000000	0.000000	0.000000	51
'44:6d:57:68:4f:ed'	'46.520394'	' 6.568469'	' 42'	52
'44:6d:57:68:4f:ed'	0.000000	0.000000	0.000000	52
'44:6d:57:68:4f:ed'	'46.520394'	' 6.568469'	' 42'	62
'44:6d:57:68:4f:ed'	'46.520394'	' 6.568469'	' 42'	52
'44:6d:57:68:4f:ed'	'46.520394'	' 6.568469'	' 42'	53
'44:6d:57:68:4f:ed'	'46.520394'	' 6.568469'	' 42'	53
'44:6d:57:68:4f:ed'	'46.520394'	' 6.568469'	' 42'	54
'44:6d:57:68:4f:ed'	'46.520394'	' 6.568469'	' 42'	52
'44:6d:57:68:4f:ed'	'46.520394'	' 6.568469'	' 42'	53
'44:6d:57:68:4f:ed'	'46.520394'	' 6.568469'	' 42'	53
'44:6d:57:68:4f:ed'	0.000000	0.000000	0.000000	60
'44:6d:57:68:4f:ed'	0.000000	0.000000	0.000000	51
'5c:3c:27:3a:d4:f1'	'46.520394'	' 6.568469'	' 42'	38
'60:03:08:71:56:5b'	0.000000	0.000000	0.000000	30
'60:03:08:71:56:5b'	0.000000	0.000000	0.000000	31
'60:03:08:71:56:5b'	0.000000	0.000000	0.000000	30
'60:03:08:71:56:5b'	0.000000	0.000000	0.000000	31
'68:a8:6d:6e:a9:d8'	0.000000	0.000000	0.000000	84
'68:a8:6d:6e:a9:d8'	0.000000	0.000000	0.000000	82
'8c:2d:aa:8b:29:dd'	0.000000	0.000000	0.000000	53
'5c:0a:5b:77:93:2f'	0.000000	0.000000	0.000000	69
'5c:0a:5b:77:93:2f'	0.000000	0.000000	0.000000	69
'cc:fa:00:a8:40:c0'	0.000000	0.000000	0.000000	32
'8c:2d:aa:8b:29:dd'	0.000000	0.000000	0.000000	53
'cc:fa:00:a8:40:c0'	'46.520394'	' 6.568469'	' 42'	32
'5c:0a:5b:77:93:2f'	0.000000	0.000000	0.000000	69
'c4:85:08:8a:8b:8f'	'46.520394'	' 6.568469'	' 42'	52
'c4:85:08:8a:8b:8f'	'46.520394'	' 6.568469'	' 42'	51
'40:7a:80:e4:86:fc'	0.000000	0.000000	0.000000	68
'40:7a:80:e4:86:fc'	0.000000	0.000000	0.000000	67
'c4:85:08:8a:8b:8f'	0.000000	0.000000	0.000000	51
'd0:22:be:88:37:97'	0.000000	0.000000	0.000000	35
'd0:22:be:88:37:97'	0.000000	0.000000	0.000000	35
'40:7a:80:e4:86:fc'	0.000000	0.000000	0.000000	67
'00:21:00:9f:96:21'	'46.520394'	' 6.568469'	' 42'	50
'00:21:00:9f:96:21'	0.000000	0.000000	0.000000	50
'00:21:00:9f:96:21'	0.000000	0.000000	0.000000	50
'68:a8:6d:6e:a9:d8'	0.000000	0.000000	0.000000	83
'68:a8:6d:6e:a9:d8'	0.000000	0.000000	0.000000	85
'a0:88:b4:76:72:a4'	'46.520394'	' 6.568469'	' 42'	72
'a0:88:b4:76:72:a4'	0.000000	0.000000	0.000000	74
'a0:88:b4:76:72:a4'	0.000000	0.000000	0.000000	74
'a0:88:b4:76:72:a4'	0.000000	0.000000	0.000000	72
'f8:1e:df:d9:57:a4'	0.000000	0.000000	0.000000	50
'f8:1e:df:d9:57:a4'	'46.520394'	' 6.568469'	' 42'	41
'f8:1e:df:d9:57:a4'	'46.520394'	' 6.568469'	' 42'	50
'00:1e:64:6d:81:36'	0.000000	0.000000	0.000000	43
'08:11:96:3e:08:9c'	0.000000	0.000000	0.000000	67
'f8:1e:df:d9:57:a4'	0.000000	0.000000	0.000000	44
'00:24:d7:9f:fa:00'	'46.520394'	' 6.568469'	' 42'	48
'00:24:d7:9f:fa:00'	'46.520394'	' 6.568469'	' 42'	47
'00:24:d7:9f:fa:00'	0.000000	0.000000	0.000000	48
'00:24:d7:9f:fa:00'	0.000000	0.000000	0.000000	47
'00:1e:64:6d:81:36'	0.000000	0.000000	0.000000	43
'00:1e:64:6d:81:36'	0.000000	0.000000	0.000000	43
'00:1e:64:6d:81:36'	'46.520394'	' 6.568469'	' 42'	43
'00:1e:64:6d:81:36'	'46.520394'	' 6.568469'	' 42'	43
'00:1e:64:6d:81:36'	0.000000	0.000000	0.000000	43
'00:1e:64:6d:81:36'	0.000000	0.000000	0.000000	43
'00:1e:64:6d:81:36'	'46.520394'	' 6.568469'	' 42'	43
'00:1e:64:6d:81:36'	'46.520394'	' 6.568469'	' 42'	43
'08:11:96:3e:08:9c'	0.000000	0.000000	0.000000	66
'18:9e:fc:97:23:c2'	'46.520394'	' 6.568469'	' 42'	33
'f8:1e:df:d9:57:a4'	0.000000	0.000000	0.000000	45
'60:07:03:2b:31:65'	0.000000	0.000000	0.000000	74
'60:07:03:2b:31:65'	0.000000	0.000000	0.000000	75
'6c:71:d9:d3:19:17'	0.000000	0.000000	0.000000	43
'18:9e:fc:97:23:c2'	0.000000	0.000000	0.000000	33
'18:9e:fc:97:23:c2'	0.000000	0.000000	0.000000	32
'6c:71:d9:d3:19:17'	0.000000	0.000000	0.000000	49
'6c:71:d9:d3:19:17'	0.000000	0.000000	0.000000	43
'6c:71:d9:d3:19:17'	0.000000	0.000000	0.000000	43
'6c:71:d9:d3:19:17'	0.000000	0.000000	0.000000	35
'6c:71:d9:d3:19:17'	'46.520394'	' 6.568469'	' 42'	35
'6c:71:d9:d3:19:17'	0.000000	0.000000	0.000000	35
'00:21:00:9f:96:21'	'46.520394'	' 6.568469'	' 42'	50
'28:ba:b5:cf:b1:b8'	0.000000	0.000000	0.000000	40
'28:ba:b5:cf:b1:b8'	0.000000	0.000000	0.000000	41
'cc:fa:00:a8:40:c0'	0.000000	0.000000	0.000000	37
'cc:fa:00:a8:40:c0'	0.000000	0.000000	0.000000	37
'cc:fa:00:a8:40:c0'	0.000000	0.000000	0.000000	34
'cc:fa:00:a8:40:c0'	0.000000	0.000000	0.000000	34
'78:dd:08:fe:fb:a9'	0.000000	0.000000	0.000000	48
'78:dd:08:fe:fb:a9'	'46.520394'	' 6.568469'	' 42'	44
'78:dd:08:fe:fb:a9'	'46.520394'	' 6.568469'	' 42'	48
'78:dd:08:fe:fb:a9'	0.000000	0.000000	0.000000	46
'18:87:96:84:11:27'	'46.520394'	' 6.568469'	' 42'	32
'78:dd:08:fe:fb:a9'	'46.520394'	' 6.568469'	' 42'	43
'78:dd:08:fe:fb:a9'	'46.520394'	' 6.568469'	' 42'	46
'cc:fa:00:cc:5d:5f'	'46.520394'	' 6.568469'	' 42'	35
'04:46:65:84:4b:bd'	'46.520394'	' 6.568469'	' 42'	50
'04:46:65:84:4b:bd'	'46.520394'	' 6.568469'	' 42'	50
'68:a8:6d:6e:a9:d8'	0.000000	0.000000	0.000000	81
'68:a8:6d:6e:a9:d8'	0.000000	0.000000	0.000000	82
'78:dd:08:fe:fb:a9'	0.000000	0.000000	0.000000	43
'78:dd:08:fe:fb:a9'	0.000000	0.000000	0.000000	46
'f0:27:65:dc:99:26'	'46.520394'	' 6.568469'	' 42'	41
'c4:85:08:8a:8b:8f'	0.000000	0.000000	0.000000	52
'cc:fa:00:cc:5d:5f'	0.000000	0.000000	0.000000	35
'c4:85:08:8a:8b:8f'	0.000000	0.000000	0.000000	53
'6c:88:14:f2:5c:6c'	0.000000	0.000000	0.000000	38
'6c:88:14:f2:5c:6c'	0.000000	0.000000	0.000000	38
'6c:88:14:f2:5c:6c'	0.000000	0.000000	0.000000	38
'04:46:65:84:4b:bd'	0.000000	0.000000	0.000000	50
'04:46:65:84:4b:bd'	0.000000	0.000000	0.000000	50
'c4:85:08:8a:8b:8f'	'46.520394'	' 6.568469'	' 42'	52
'c4:85:08:8a:8b:8f'	'46.520394'	' 6.568469'	' 42'	53
'60:07:03:2b:31:65'	0.000000	0.000000	0.000000	74
'6c:88:14:f2:5c:6c'	0.000000	0.000000	0.000000	43
'6c:88:14:f2:5c:6c'	0.000000	0.000000	0.000000	42
'6c:88:14:f2:5c:6c'	0.000000	0.000000	0.000000	42
'6c:88:14:f2:5c:6c'	'46.520394'	' 6.568469'	' 42'	43
'f0:27:65:dc:99:26'	0.000000	0.000000	0.000000	41
'f0:27:65:dc:99:26'	0.000000	0.000000	0.000000	46
'bc:05:43:05:12:53'	'46.520394'	' 6.568469'	' 42'	-156
'f0:27:65:dc:99:26'	'46.520394'	' 6.568469'	' 42'	38
'bc:05:43:05:12:53'	'46.520394'	' 6.568469'	' 42'	-156
'bc:05:43:05:12:53'	'46.520394'	' 6.568469'	' 42'	-156
'bc:05:43:05:12:53'	'46.520394'	' 6.568469'	' 42'	-156
'bc:05:43:05:12:53'	'46.520394'	' 6.568469'	' 42'	-156
'bc:05:43:05:12:53'	'46.520394'	' 6.568469'	' 42'	-156
'bc:05:43:05:12:53'	'46.520394'	' 6.568469'	' 42'	-156
'bc:05:43:05:12:53'	'46.520394'	' 6.568469'	' 42'	-156
'bc:05:43:05:12:53'	'46.520394'	' 6.568469'	' 42'	-156
'1c:b0:94:94:38:d3'	'46.520394'	' 6.568469'	' 42'	29
'bc:05:43:05:12:53'	'46.520394'	' 6.568469'	' 42'	-156
'1c:b0:94:94:38:d3'	'46.520394'	' 6.568469'	' 42'	29
'1c:b0:94:94:38:d3'	'46.520394'	' 6.568469'	' 42'	30
'bc:05:43:05:12:53'	'46.520394'	' 6.568469'	' 42'	-156
'bc:05:43:05:12:53'	'46.520394'	' 6.568469'	' 42'	-156
'bc:05:43:05:12:53'	'46.520394'	' 6.568469'	' 42'	-156
'bc:05:43:05:12:53'	'46.520394'	' 6.568469'	' 42'	-156
'f0:27:65:dc:99:26'	0.000000	0.000000	0.000000	38
'c4:85:08:8a:8b:8f'	0.000000	0.000000	0.000000	52
'bc:05:43:05:12:53'	0.000000	0.000000	0.000000	-156
'bc:05:43:05:12:53'	0.000000	0.000000	0.000000	-156
'bc:05:43:05:12:53'	0.000000	0.000000	0.000000	-156
'bc:05:43:05:12:53'	0.000000	0.000000	0.000000	-156
'bc:05:43:05:12:53'	0.000000	0.000000	0.000000	-156
'6c:88:14:f2:5c:6c'	0.000000	0.000000	0.000000	38
'bc:05:43:05:12:53'	'46.520394'	' 6.568469'	' 42'	-156
'6c:88:14:f2:5c:6c'	0.000000	0.000000	0.000000	42
'bc:05:43:05:12:53'	0.000000	0.000000	0.000000	-156
'bc:05:43:05:12:53'	0.000000	0.000000	0.000000	-156
'bc:05:43:05:12:53'	0.000000	0.000000	0.000000	-156
'1c:b0:94:94:38:d3'	0.000000	0.000000	0.000000	29
'bc:05:43:05:12:53'	0.000000	0.000000	0.000000	-156
'1c:b0:94:94:38:d3'	0.000000	0.000000	0.000000	29
'1c:b0:94:94:38:d3'	0.000000	0.000000	0.000000	30
'bc:05:43:05:12:53'	0.000000	0.000000	0.000000	-156
'bc:05:43:05:12:53'	0.000000	0.000000	0.000000	-156
'bc:05:43:05:12:53'	0.000000	0.000000	0.000000	-156
'bc:05:43:05:12:53'	0.000000	0.000000	0.000000	-156
'bc:05:43:05:12:53'	0.000000	0.000000	0.000000	-156
'bc:05:43:05:12:53'	'46.520394'	' 6.568469'	' 42'	-156
'bc:05:43:05:12:53'	'46.520394'	' 6.568469'	' 42'	-156
'8c:2d:aa:8b:29:dd'	'46.520394'	' 6.568469'	' 42'	41
'bc:05:43:05:12:53'	0.000000	0.000000	0.000000	-156
'bc:05:43:05:12:53'	0.000000	0.000000	0.000000	-156
'bc:05:43:05:12:53'	0.000000	0.000000	0.000000	-156
'bc:05:43:05:12:53'	'46.520394'	' 6.568469'	' 42'	-156
'8c:2d:aa:8b:29:dd'	0.000000	0.000000	0.000000	41
'bc:05:43:05:12:53'	'46.520394'	' 6.568469'	' 42'	-156
'bc:05:43:05:12:53'	'46.520394'	' 6.568469'	' 42'	-156
'bc:05:43:05:12:53'	'46.520394'	' 6.568469'	' 42'	-156
'f0:27:65:dc:99:26'	0.000000	0.000000	0.000000	38
'bc:05:43:05:12:53'	0.000000	0.000000	0.000000	-156
'bc:05:43:05:12:53'	0.000000	0.000000	0.000000	-156
'bc:05:43:05:12:53'	0.000000	0.000000	0.000000	-156
'bc:05:43:05:12:53'	0.000000	0.000000	0.000000	-156
'bc:05:43:05:12:53'	0.000000	0.000000	0.000000	-156
'bc:05:43:05:12:53'	0.000000	0.000000	0.000000	-156
'bc:05:43:05:12:53'	0.000000	0.000000	0.000000	-156
'bc:05:43:05:12:53'	0.000000	0.000000	0.000000	-156
'bc:05:43:05:12:53'	0.000000	0.000000	0.000000	-156
'bc:05:43:05:12:53'	0.000000	0.000000	0.000000	-156
'bc:05:43:05:12:53'	0.000000	0.000000	0.000000	-156
'bc:05:43:05:12:53'	0.000000	0.000000	0.000000	-156
'1c:b0:94:94:38:d3'	0.000000	0.000000	0.000000	29
'bc:05:43:05:12:53'	0.000000	0.000000	0.000000	-156
'1c:b0:94:94:38:d3'	0.000000	0.000000	0.000000	29
'1c:b0:94:94:38:d3'	0.000000	0.000000	0.000000	30
'bc:05:43:05:12:53'	0.000000	0.000000	0.000000	-156
'bc:05:43:05:12:53'	0.000000	0.000000	0.000000	-156
'bc:05:43:05:12:53'	0.000000	0.000000	0.000000	-156
'bc:05:43:05:12:53'	0.000000	0.000000	0.000000	-156
'bc:05:43:05:12:53'	0.000000	0.000000	0.000000	-156
'60:03:08:71:56:5b'	0.000000	0.000000	0.000000	31
'60:03:08:71:56:5b'	0.000000	0.000000	0.000000	31
'bc:05:43:05:12:53'	0.000000	0.000000	0.000000	-156
'bc:05:43:05:12:53'	0.000000	0.000000	0.000000	-156
'8c:2d:aa:8b:29:dd'	0.000000	0.000000	0.000000	41
'bc:05:43:05:12:53'	0.000000	0.000000	0.000000	-156
'bc:05:43:05:12:53'	0.000000	0.000000	0.000000	-156
'bc:05:43:05:12:53'	0.000000	0.000000	0.000000	-156
'bc:05:43:05:12:53'	0.000000	0.000000	0.000000	-156
'60:03:08:71:56:5b'	'46.520394'	' 6.568469'	' 42'	31
'60:03:08:71:56:5b'	'46.520394'	' 6.568469'	' 42'	31
'44:6d:57:68:4f:ed'	0.000000	0.000000	0.000000	62
'44:6d:57:68:4f:ed'	0.000000	0.000000	0.000000	54
'44:6d:57:68:4f:ed'	0.000000	0.000000	0.000000	32
'd8:31:cf:c8:e1:29'	0.000000	0.000000	0.000000	26
'00:21:63:d7:d4:72'	0.000000	0.000000	0.000000	26
'd8:31:cf:c8:e1:29'	0.000000	0.000000	0.000000	25
'60:03:08:71:56:5b'	0.000000	0.000000	0.000000	31
'60:03:08:71:56:5b'	0.000000	0.000000	0.000000	31
'44:6d:57:68:4f:ed'	'46.520394'	' 6.568469'	' 42'	62
'44:6d:57:68:4f:ed'	'46.520394'	' 6.568469'	' 42'	54
'5c:0a:5b:77:93:2f'	0.000000	0.000000	0.000000	65
'5c:0a:5b:77:93:2f'	0.000000	0.000000	0.000000	65
'5c:0a:5b:77:93:2f'	0.000000	0.000000	0.000000	65
'5c:0a:5b:77:93:2f'	0.000000	0.000000	0.000000	65
'5c:0a:5b:77:93:2f'	0.000000	0.000000	0.000000	60
'44:6d:57:68:4f:ed'	'46.520394'	' 6.568469'	' 42'	32
'd8:31:cf:c8:e1:29'	'46.520394'	' 6.568469'	' 42'	26
'00:21:63:d7:d4:72'	'46.520394'	' 6.568469'	' 42'	26
'd8:31:cf:c8:e1:29'	'46.520394'	' 6.568469'	' 42'	25
'44:6d:57:68:4f:ed'	0.000000	0.000000	0.000000	61
'44:6d:57:68:4f:ed'	0.000000	0.000000	0.000000	55
'5c:0a:5b:77:93:2f'	'46.520394'	' 6.568469'	' 42'	65
'5c:0a:5b:77:93:2f'	'46.520394'	' 6.568469'	' 42'	65
'44:6d:57:68:4f:ed'	0.000000	0.000000	0.000000	62
'44:6d:57:68:4f:ed'	0.000000	0.000000	0.000000	54
'44:6d:57:68:4f:ed'	0.000000	0.000000	0.000000	32
'5c:0a:5b:77:93:2f'	'46.520394'	' 6.568469'	' 42'	65
'5c:0a:5b:77:93:2f'	'46.520394'	' 6.568469'	' 42'	65
'5c:0a:5b:77:93:2f'	'46.520394'	' 6.568469'	' 42'	60
'44:6d:57:68:4f:ed'	0.000000	0.000000	0.000000	47
'd8:31:cf:c8:e1:29'	0.000000	0.000000	0.000000	26
'00:21:63:d7:d4:72'	0.000000	0.000000	0.000000	26
'44:6d:57:68:4f:ed'	'46.520394'	' 6.568469'	' 42'	61
'44:6d:57:68:4f:ed'	'46.520394'	' 6.568469'	' 42'	55
'd8:31:cf:c8:e1:29'	0.000000	0.000000	0.000000	25
'44:6d:57:68:4f:ed'	0.000000	0.000000	0.000000	42
'5c:0a:5b:77:93:2f'	0.000000	0.000000	0.000000	65
'5c:0a:5b:77:93:2f'	0.000000	0.000000	0.000000	65
'44:6d:57:68:4f:ed'	'46.520394'	' 6.568469'	' 42'	47
'44:6d:57:68:4f:ed'	'46.520394'	' 6.568469'	' 42'	42
'44:6d:57:68:4f:ed'	0.000000	0.000000	0.000000	47
'd8:31:cf:c8:e1:29'	0.000000	0.000000	0.000000	25
'd8:31:cf:c8:e1:29'	0.000000	0.000000	0.000000	25
'd8:31:cf:c8:e1:29'	0.000000	0.000000	0.000000	25
'd0:51:62:64:39:6c'	0.000000	0.000000	0.000000	34
'd0:51:62:64:39:6c'	0.000000	0.000000	0.000000	36
'd0:51:62:64:39:6c'	0.000000	0.000000	0.000000	34
'd0:51:62:64:39:6c'	0.000000	0.000000	0.000000	36
'f8:1e:df:d9:57:a4'	'46.520394'	' 6.568469'	' 42'	45
'f8:1e:df:d9:57:a4'	0.000000	0.000000	0.000000	45
'f8:1e:df:d9:57:a4'	0.000000	0.000000	0.000000	45
'f8:1e:df:d9:57:a4'	0.000000	0.000000	0.000000	40
'f8:1e:df:d9:57:a4'	0.000000	0.000000	0.000000	47
'24:db:ed:08:f1:8b'	'46.520394'	' 6.568469'	' 42'	36
'24:db:ed:08:f1:8b'	0.000000	0.000000	0.000000	35
'24:db:ed:08:f1:8b'	0.000000	0.000000	0.000000	36
'68:a8:6d:6e:a9:d8'	'46.520394'	' 6.568469'	' 42'	80
'68:a8:6d:6e:a9:d8'	0.000000	0.000000	0.000000	80
'68:a8:6d:6e:a9:d8'	0.000000	0.000000	0.000000	80
'60:67:20:c4:24:a0'	'46.520394'	' 6.568469'	' 42'	24
'60:67:20:c4:24:a0'	0.000000	0.000000	0.000000	24
'18:9e:fc:97:23:c2'	'46.520394'	' 6.568469'	' 42'	27
'18:9e:fc:97:23:c2'	'46.520394'	' 6.568469'	' 42'	23
'18:9e:fc:97:23:c2'	'46.520394'	' 6.568469'	' 42'	24
'18:9e:fc:97:23:c2'	'46.520394'	' 6.568469'	' 42'	27
'18:9e:fc:97:23:c2'	'46.520394'	' 6.568469'	' 42'	28
'18:9e:fc:97:23:c2'	0.000000	0.000000	0.000000	27
'18:9e:fc:97:23:c2'	0.000000	0.000000	0.000000	23
'18:9e:fc:97:23:c2'	0.000000	0.000000	0.000000	27
'18:9e:fc:97:23:c2'	0.000000	0.000000	0.000000	26
'00:21:00:9f:96:21'	'46.520394'	' 6.568469'	' 42'	48
'00:21:00:9f:96:21'	0.000000	0.000000	0.000000	51
'c4:85:08:8a:8b:8f'	'46.520394'	' 6.568469'	' 42'	50
'c4:85:08:8a:8b:8f'	'46.520394'	' 6.568469'	' 42'	49
'c4:85:08:8a:8b:8f'	0.000000	0.000000	0.000000	48
'c4:85:08:8a:8b:8f'	0.000000	0.000000	0.000000	48
'40:a6:d9:88:89:3b'	0.000000	0.000000	0.000000	22
'90:b9:31:09:61:b1'	0.000000	0.000000	0.000000	46
'90:b9:31:09:61:b1'	0.000000	0.000000	0.000000	45
'90:b9:31:09:61:b1'	0.000000	0.000000	0.000000	46
'60:07:03:2b:31:65'	0.000000	0.000000	0.000000	74
'60:07:03:2b:31:65'	0.000000	0.000000	0.000000	23
'60:07:03:2b:31:65'	0.000000	0.000000	0.000000	76
'60:07:03:2b:31:65'	0.000000	0.000000	0.000000	75
'60:07:03:2b:31:65'	0.000000	0.000000	0.000000	74
'60:07:03:2b:31:65'	'46.520394'	' 6.568469'	' 42'	76
'60:07:03:2b:31:65'	'46.520394'	' 6.568469'	' 42'	75
'40:7a:80:e4:86:fc'	'46.520394'	' 6.568469'	' 42'	67
'5c:0a:5b:77:93:2f'	0.000000	0.000000	0.000000	67
'5c:0a:5b:77:93:2f'	0.000000	0.000000	0.000000	65
'40:7a:80:e4:86:fc'	0.000000	0.000000	0.000000	64
'40:7a:80:e4:86:fc'	0.000000	0.000000	0.000000	67
'60:03:08:71:56:5b'	0.000000	0.000000	0.000000	31
'5c:3c:27:3a:d4:f1'	0.000000	0.000000	0.000000	34
'60:03:08:71:56:5b'	'46.520394'	' 6.568469'	' 42'	34
'60:03:08:71:56:5b'	'46.520394'	' 6.568469'	' 42'	33
'5c:3c:27:3a:d4:f1'	0.000000	0.000000	0.000000	34
'5c:3c:27:3a:d4:f1'	'46.520394'	' 6.568469'	' 42'	34
'5c:3c:27:3a:d4:f1'	'46.520394'	' 6.568469'	' 42'	32
'08:11:96:49:7b:a8'	0.000000	0.000000	0.000000	42
'08:11:96:49:7b:a8'	0.000000	0.000000	0.000000	42
'08:11:96:49:7b:a8'	0.000000	0.000000	0.000000	35
'18:87:96:84:11:27'	'46.520394'	' 6.568469'	' 42'	32
'18:87:96:84:11:27'	'46.520394'	' 6.568469'	' 42'	32
'18:87:96:84:11:27'	'46.520394'	' 6.568469'	' 42'	32
'08:11:96:49:7b:a8'	'46.520394'	' 6.568469'	' 42'	42
'08:11:96:49:7b:a8'	'46.520394'	' 6.568469'	' 42'	42
'08:11:96:49:7b:a8'	'46.520394'	' 6.568469'	' 42'	35
'cc:fa:00:cc:5d:5f'	'46.520394'	' 6.568469'	' 42'	40
'cc:fa:00:cc:5d:5f'	0.000000	0.000000	0.000000	40
'78:dd:08:fe:fb:a9'	0.000000	0.000000	0.000000	52
'04:46:65:84:4b:bd'	0.000000	0.000000	0.000000	55
'68:a8:6d:6e:a9:d8'	0.000000	0.000000	0.000000	81
'6c:88:14:27:b7:38'	0.000000	0.000000	0.000000	21
'08:70:45:c1:d0:38'	'46.520394'	' 6.568469'	' 42'	30
'08:70:45:c1:d0:38'	0.000000	0.000000	0.000000	30
'04:46:65:84:4b:bd'	'46.520394'	' 6.568469'	' 42'	55
'c4:43:8f:57:aa:7b'	0.000000	0.000000	0.000000	61
'c4:43:8f:57:aa:7b'	0.000000	0.000000	0.000000	67
'c4:43:8f:57:aa:7b'	0.000000	0.000000	0.000000	66
'6c:71:d9:d3:19:17'	0.000000	0.000000	0.000000	37
'6c:71:d9:d3:19:17'	0.000000	0.000000	0.000000	37
'f0:27:65:dc:99:26'	0.000000	0.000000	0.000000	43
'6c:88:14:27:b7:38'	0.000000	0.000000	0.000000	21
'6c:88:14:27:b7:38'	0.000000	0.000000	0.000000	21
'f0:27:65:dc:99:26'	0.000000	0.000000	0.000000	43
'60:03:08:71:56:5b'	'46.520394'	' 6.568469'	' 42'	33
'6c:71:d9:d3:19:17'	'46.520394'	' 6.568469'	' 42'	43
'6c:71:d9:d3:19:17'	'46.520394'	' 6.568469'	' 42'	37
'f8:1e:df:d9:57:a4'	0.000000	0.000000	0.000000	45
'f0:27:65:dc:99:26'	0.000000	0.000000	0.000000	43
'bc:05:43:05:12:53'	0.000000	0.000000	0.000000	-156
'bc:05:43:05:12:53'	0.000000	0.000000	0.000000	-156
'bc:05:43:05:12:53'	0.000000	0.000000	0.000000	-156
'bc:05:43:05:12:53'	0.000000	0.000000	0.000000	-156
'bc:05:43:05:12:53'	0.000000	0.000000	0.000000	-156
'18:9e:fc:97:23:c2'	0.000000	0.000000	0.000000	38
'18:9e:fc:97:23:c2'	0.000000	0.000000	0.000000	38
'bc:05:43:05:12:53'	0.000000	0.000000	0.000000	-156
'bc:05:43:05:12:53'	0.000000	0.000000	0.000000	-156
'bc:05:43:05:12:53'	0.000000	0.000000	0.000000	-156
'bc:05:43:05:12:53'	0.000000	0.000000	0.000000	-156
'bc:05:43:05:12:53'	0.000000	0.000000	0.000000	-156
'bc:05:43:05:12:53'	0.000000	0.000000	0.000000	-156
'bc:05:43:05:12:53'	0.000000	0.000000	0.000000	-156
'bc:05:43:05:12:53'	0.000000	0.000000	0.000000	-156
'bc:05:43:05:12:53'	0.000000	0.000000	0.000000	-156
'bc:05:43:05:12:53'	0.000000	0.000000	0.000000	-156
'1c:b0:94:94:38:d3'	0.000000	0.000000	0.000000	32
'1c:b0:94:94:38:d3'	0.000000	0.000000	0.000000	31
'bc:05:43:05:12:53'	0.000000	0.000000	0.000000	-156
'bc:05:43:05:12:53'	0.000000	0.000000	0.000000	-156
'bc:05:43:05:12:53'	0.000000	0.000000	0.000000	-156
'bc:05:43:05:12:53'	0.000000	0.000000	0.000000	-156
'bc:05:43:05:12:53'	0.000000	0.000000	0.000000	-156
'bc:05:43:05:12:53'	0.000000	0.000000	0.000000	-156
'18:9e:fc:97:23:c2'	0.000000	0.000000	0.000000	38
'18:9e:fc:97:23:c2'	0.000000	0.000000	0.000000	38
'bc:05:43:05:12:53'	0.000000	0.000000	0.000000	-156
'bc:05:43:05:12:53'	0.000000	0.000000	0.000000	-156
'bc:05:43:05:12:53'	0.000000	0.000000	0.000000	-156
'bc:05:43:05:12:53'	0.000000	0.000000	0.000000	-156
'bc:05:43:05:12:53'	0.000000	0.000000	0.000000	-156
'bc:05:43:05:12:53'	0.000000	0.000000	0.000000	-156
'bc:05:43:05:12:53'	0.000000	0.000000	0.000000	-156
'bc:05:43:05:12:53'	0.000000	0.000000	0.000000	-156
'bc:05:43:05:12:53'	0.000000	0.000000	0.000000	-156
'bc:05:43:05:12:53'	0.000000	0.000000	0.000000	-156
'bc:05:43:05:12:53'	0.000000	0.000000	0.000000	-156
'bc:05:43:05:12:53'	0.000000	0.000000	0.000000	-156
'bc:05:43:05:12:53'	0.000000	0.000000	0.000000	-156
'bc:05:43:05:12:53'	0.000000	0.000000	0.000000	-156
'bc:05:43:05:12:53'	0.000000	0.000000	0.000000	-156
'bc:05:43:05:12:53'	'46.520394'	' 6.568469'	' 42'	-156
'bc:05:43:05:12:53'	'46.520394'	' 6.568469'	' 42'	-156
'bc:05:43:05:12:53'	'46.520394'	' 6.568469'	' 42'	-156
'bc:05:43:05:12:53'	'46.520394'	' 6.568469'	' 42'	-156
'bc:05:43:05:12:53'	'46.520394'	' 6.568469'	' 42'	-156
'18:9e:fc:97:23:c2'	'46.520394'	' 6.568469'	' 42'	38
'18:9e:fc:97:23:c2'	'46.520394'	' 6.568469'	' 42'	38
'bc:05:43:05:12:53'	'46.520394'	' 6.568469'	' 42'	-156
'bc:05:43:05:12:53'	0.000000	0.000000	0.000000	-156
'bc:05:43:05:12:53'	0.000000	0.000000	0.000000	-156
'bc:05:43:05:12:53'	0.000000	0.000000	0.000000	-156
'bc:05:43:05:12:53'	0.000000	0.000000	0.000000	-156
'bc:05:43:05:12:53'	0.000000	0.000000	0.000000	-156
'bc:05:43:05:12:53'	'46.520394'	' 6.568469'	' 42'	-156
'bc:05:43:05:12:53'	'46.520394'	' 6.568469'	' 42'	-156
'bc:05:43:05:12:53'	'46.520394'	' 6.568469'	' 42'	-156
'bc:05:43:05:12:53'	'46.520394'	' 6.568469'	' 42'	-156
'bc:05:43:05:12:53'	'46.520394'	' 6.568469'	' 42'	-156
'bc:05:43:05:12:53'	'46.520394'	' 6.568469'	' 42'	-156
'bc:05:43:05:12:53'	'46.520394'	' 6.568469'	' 42'	-156
'bc:05:43:05:12:53'	'46.520394'	' 6.568469'	' 42'	-156
'bc:05:43:05:12:53'	'46.520394'	' 6.568469'	' 42'	-156
'bc:05:43:05:12:53'	'46.520394'	' 6.568469'	' 42'	-156
'bc:05:43:05:12:53'	'46.520394'	' 6.568469'	' 42'	-156
'bc:05:43:05:12:53'	'46.520394'	' 6.568469'	' 42'	-156
'bc:05:43:05:12:53'	'46.520394'	' 6.568469'	' 42'	-156
'bc:05:43:05:12:53'	'46.520394'	' 6.568469'	' 42'	-156
'bc:05:43:05:12:53'	'46.520394'	' 6.568469'	' 42'	-156
'08:70:45:c1:d0:38'	0.000000	0.000000	0.000000	47
'08:70:45:c1:d0:38'	0.000000	0.000000	0.000000	47
'08:70:45:c1:d0:38'	0.000000	0.000000	0.000000	39
'08:70:45:c1:d0:38'	0.000000	0.000000	0.000000	39
'6c:b7:f4:93:93:af'	0.000000	0.000000	0.000000	43
'6c:b7:f4:93:93:af'	0.000000	0.000000	0.000000	43
'6c:b7:f4:93:93:af'	0.000000	0.000000	0.000000	45
'08:70:45:c1:d0:38'	0.000000	0.000000	0.000000	47
'08:70:45:c1:d0:38'	0.000000	0.000000	0.000000	47
'08:70:45:c1:d0:38'	0.000000	0.000000	0.000000	39
'08:70:45:c1:d0:38'	0.000000	0.000000	0.000000	39
'6c:b7:f4:93:93:af'	0.000000	0.000000	0.000000	43
'6c:b7:f4:93:93:af'	0.000000	0.000000	0.000000	43
'6c:b7:f4:93:93:af'	0.000000	0.000000	0.000000	45
'44:6d:57:68:4f:ed'	0.000000	0.000000	0.000000	62
'44:6d:57:68:4f:ed'	0.000000	0.000000	0.000000	55
'00:21:6a:6c:e5:e4'	0.000000	0.000000	0.000000	71
'00:21:6a:6c:e5:e4'	0.000000	0.000000	0.000000	71
'00:21:6a:6c:e5:e4'	0.000000	0.000000	0.000000	71
'00:21:6a:6c:e5:e4'	0.000000	0.000000	0.000000	70
'08:70:45:c1:d0:38'	'46.520394'	' 6.568469'	' 42'	47
'08:70:45:c1:d0:38'	'46.520394'	' 6.568469'	' 42'	47
'00:21:6a:6c:e5:e4'	0.000000	0.000000	0.000000	76
'00:21:6a:6c:e5:e4'	0.000000	0.000000	0.000000	76
'00:21:6a:6c:e5:e4'	0.000000	0.000000	0.000000	76
'00:21:6a:6c:e5:e4'	0.000000	0.000000	0.000000	25
'08:70:45:c1:d0:38'	'46.520394'	' 6.568469'	' 42'	39
'08:70:45:c1:d0:38'	'46.520394'	' 6.568469'	' 42'	39
'44:6d:57:68:4f:ed'	0.000000	0.000000	0.000000	62
'44:6d:57:68:4f:ed'	0.000000	0.000000	0.000000	55
'6c:b7:f4:93:93:af'	'46.520394'	' 6.568469'	' 42'	43
'00:21:63:d7:d4:72'	0.000000	0.000000	0.000000	25
'6c:b7:f4:93:93:af'	'46.520394'	' 6.568469'	' 42'	43
'00:21:6a:6c:e5:e4'	'46.520394'	' 6.568469'	' 42'	71
'00:21:63:d7:d4:72'	'46.520394'	' 6.568469'	' 42'	25
'cc:3a:61:b5:36:a4'	'46.520394'	' 6.568469'	' 42'	43
'cc:3a:61:b5:36:a4'	'46.520394'	' 6.568469'	' 42'	45
'40:a6:d9:88:89:3b'	0.000000	0.000000	0.000000	25
'40:a6:d9:88:89:3b'	0.000000	0.000000	0.000000	26
'c4:85:08:8a:8b:8f'	0.000000	0.000000	0.000000	51
'c4:85:08:8a:8b:8f'	0.000000	0.000000	0.000000	50
'c4:85:08:8a:8b:8f'	'46.520394'	' 6.568469'	' 42'	51
'24:db:ed:08:f1:8b'	0.000000	0.000000	0.000000	42
'24:db:ed:08:f1:8b'	0.000000	0.000000	0.000000	42
'24:db:ed:08:f1:8b'	'46.520394'	' 6.568469'	' 42'	42
'6c:b7:f4:93:93:af'	0.000000	0.000000	0.000000	45
'6c:b7:f4:93:93:af'	0.000000	0.000000	0.000000	45
'40:7a:80:e4:86:fc'	0.000000	0.000000	0.000000	70
'6c:b7:f4:93:93:af'	'46.520394'	' 6.568469'	' 42'	45
'40:7a:80:e4:86:fc'	'46.520394'	' 6.568469'	' 42'	70
'40:7a:80:e4:86:fc'	'46.520394'	' 6.568469'	' 42'	71
'98:0c:82:b2:49:24'	0.000000	0.000000	0.000000	27
'18:9e:fc:97:23:c2'	0.000000	0.000000	0.000000	40
'18:9e:fc:97:23:c2'	0.000000	0.000000	0.000000	40
'18:9e:fc:97:23:c2'	0.000000	0.000000	0.000000	43
'18:9e:fc:97:23:c2'	'46.520394'	' 6.568469'	' 42'	44
'98:0c:82:b2:49:24'	0.000000	0.000000	0.000000	27
'a0:88:b4:76:72:a4'	0.000000	0.000000	0.000000	77
'18:9e:fc:97:23:c2'	0.000000	0.000000	0.000000	43
'00:24:d7:9f:fa:00'	'46.520394'	' 6.568469'	' 42'	44
'6c:b7:f4:93:93:af'	'46.520394'	' 6.568469'	' 42'	47
'00:24:d7:9f:fa:00'	0.000000	0.000000	0.000000	42
'00:21:00:9f:96:21'	0.000000	0.000000	0.000000	51
'44:6d:57:68:4f:ed'	0.000000	0.000000	0.000000	57
'44:6d:57:68:4f:ed'	'46.520394'	' 6.568469'	' 42'	39
'00:24:d7:9f:fa:00'	0.000000	0.000000	0.000000	42
'00:24:d7:9f:fa:00'	0.000000	0.000000	0.000000	44
'44:6d:57:68:4f:ed'	0.000000	0.000000	0.000000	56
'08:11:96:3e:08:9c'	0.000000	0.000000	0.000000	48
'cc:3a:61:b5:36:a4'	'46.520394'	' 6.568469'	' 42'	44
'cc:3a:61:b5:36:a4'	0.000000	0.000000	0.000000	48
'6c:b7:f4:93:93:af'	0.000000	0.000000	0.000000	48
'44:6d:57:68:4f:ed'	0.000000	0.000000	0.000000	39
'cc:3a:61:b5:36:a4'	0.000000	0.000000	0.000000	41
'1c:b0:94:94:38:d3'	0.000000	0.000000	0.000000	31
'6c:b7:f4:93:93:af'	'46.520394'	' 6.568469'	' 42'	33
'6c:b7:f4:93:93:af'	0.000000	0.000000	0.000000	33
'1c:b0:94:94:38:d3'	0.000000	0.000000	0.000000	31
'6c:b7:f4:93:93:af'	0.000000	0.000000	0.000000	33
'60:03:08:71:56:5b'	0.000000	0.000000	0.000000	31
'cc:3a:61:b5:36:a4'	0.000000	0.000000	0.000000	32
'60:07:03:2b:31:65'	0.000000	0.000000	0.000000	77
'60:07:03:2b:31:65'	'46.520394'	' 6.568469'	' 42'	77
'60:07:03:2b:31:65'	'46.520394'	' 6.568469'	' 42'	77
'08:11:96:49:7b:a8'	0.000000	0.000000	0.000000	39
'5c:3c:27:3a:d4:f1'	0.000000	0.000000	0.000000	30
'5c:3c:27:3a:d4:f1'	0.000000	0.000000	0.000000	30
'18:34:51:eb:48:ca'	0.000000	0.000000	0.000000	49
'18:34:51:eb:48:ca'	'46.520394'	' 6.568469'	' 42'	49
'a0:88:b4:76:72:a4'	0.000000	0.000000	0.000000	74
'18:87:96:84:11:27'	0.000000	0.000000	0.000000	32
'18:87:96:84:11:27'	0.000000	0.000000	0.000000	31
'18:87:96:84:11:27'	0.000000	0.000000	0.000000	33
'18:87:96:84:11:27'	'46.520394'	' 6.568469'	' 42'	32
'a0:88:b4:76:72:a4'	'46.520394'	' 6.568469'	' 42'	23
'cc:fa:00:cc:5d:5f'	0.000000	0.000000	0.000000	37
'cc:fa:00:cc:5d:5f'	0.000000	0.000000	0.000000	39
'8c:7b:9d:09:af:db'	0.000000	0.000000	0.000000	62
'8c:7b:9d:09:af:db'	0.000000	0.000000	0.000000	61
'8c:7b:9d:09:af:db'	0.000000	0.000000	0.000000	63
'cc:fa:00:cc:5d:5f'	'46.520394'	' 6.568469'	' 42'	37
'18:34:51:eb:48:ca'	'46.520394'	' 6.568469'	' 42'	44
'18:34:51:eb:48:ca'	'46.520394'	' 6.568469'	' 42'	41
'8c:7b:9d:09:af:db'	'46.520394'	' 6.568469'	' 42'	62
'8c:7b:9d:09:af:db'	'46.520394'	' 6.568469'	' 42'	60
'8c:7b:9d:09:af:db'	'46.520394'	' 6.568469'	' 42'	62
'78:dd:08:fe:fb:a9'	0.000000	0.000000	0.000000	46
'78:dd:08:fe:fb:a9'	0.000000	0.000000	0.000000	49
'90:18:7c:64:49:83'	0.000000	0.000000	0.000000	32
'84:7a:88:7a:d7:04'	0.000000	0.000000	0.000000	20
'84:7a:88:7a:d7:04'	0.000000	0.000000	0.000000	22
'84:7a:88:7a:d7:04'	0.000000	0.000000	0.000000	23
'84:7a:88:7a:d7:04'	0.000000	0.000000	0.000000	23
'78:dd:08:fe:fb:a9'	0.000000	0.000000	0.000000	50
'90:18:7c:64:49:83'	0.000000	0.000000	0.000000	33
'18:34:51:eb:48:ca'	0.000000	0.000000	0.000000	41
'68:a8:6d:6e:a9:d8'	'46.520394'	' 6.568469'	' 42'	82
'84:7a:88:7a:d7:04'	'46.520394'	' 6.568469'	' 42'	22
'84:7a:88:7a:d7:04'	'46.520394'	' 6.568469'	' 42'	23
'84:7a:88:7a:d7:04'	0.000000	0.000000	0.000000	22
'68:a8:6d:6e:a9:d8'	0.000000	0.000000	0.000000	82
'84:7a:88:7a:d7:04'	0.000000	0.000000	0.000000	24
'84:7a:88:7a:d7:04'	0.000000	0.000000	0.000000	25
'84:7a:88:7a:d7:04'	0.000000	0.000000	0.000000	27
'84:7a:88:7a:d7:04'	0.000000	0.000000	0.000000	23
'84:7a:88:7a:d7:04'	0.000000	0.000000	0.000000	23
'18:34:51:eb:48:ca'	'46.520394'	' 6.568469'	' 42'	41
'18:34:51:eb:48:ca'	0.000000	0.000000	0.000000	43
'18:34:51:eb:48:ca'	0.000000	0.000000	0.000000	41
'90:18:7c:64:49:83'	0.000000	0.000000	0.000000	47
'f0:27:65:dc:99:26'	'46.520394'	' 6.568469'	' 42'	40
'f0:27:65:dc:99:26'	'46.520394'	' 6.568469'	' 42'	42
'f0:27:65:dc:99:26'	'46.520394'	' 6.568469'	' 42'	41
'f0:27:65:dc:99:26'	'46.520394'	' 6.568469'	' 42'	35
'90:18:7c:64:49:83'	'46.520394'	' 6.568469'	' 42'	45
'90:18:7c:64:49:83'	'46.520394'	' 6.568469'	' 42'	46
'90:18:7c:64:49:83'	'46.520394'	' 6.568469'	' 42'	47
'90:18:7c:64:49:83'	'46.520394'	' 6.568469'	' 42'	43
'f0:27:65:dc:99:26'	0.000000	0.000000	0.000000	40
'90:18:7c:64:49:83'	0.000000	0.000000	0.000000	48
'90:18:7c:64:49:83'	0.000000	0.000000	0.000000	48
'90:18:7c:64:49:83'	0.000000	0.000000	0.000000	45
'90:18:7c:64:49:83'	0.000000	0.000000	0.000000	45
'84:7a:88:7a:d7:04'	0.000000	0.000000	0.000000	37
'84:7a:88:7a:d7:04'	'46.520394'	' 6.568469'	' 42'	37
'bc:05:43:05:12:53'	0.000000	0.000000	0.000000	-156
'bc:05:43:05:12:53'	0.000000	0.000000	0.000000	-156
'bc:05:43:05:12:53'	0.000000	0.000000	0.000000	-156
'bc:05:43:05:12:53'	0.000000	0.000000	0.000000	-156
'bc:05:43:05:12:53'	0.000000	0.000000	0.000000	-156
'bc:05:43:05:12:53'	0.000000	0.000000	0.000000	-156
'bc:05:43:05:12:53'	0.000000	0.000000	0.000000	-156
'bc:05:43:05:12:53'	'46.520394'	' 6.568469'	' 42'	-156
'bc:05:43:05:12:53'	'46.520394'	' 6.568469'	' 42'	-156
'bc:05:43:05:12:53'	0.000000	0.000000	0.000000	-156
'bc:05:43:05:12:53'	'46.520394'	' 6.568469'	' 42'	-156
'bc:05:43:05:12:53'	'46.520394'	' 6.568469'	' 42'	-156
'bc:05:43:05:12:53'	'46.520394'	' 6.568469'	' 42'	-156
'bc:05:43:05:12:53'	'46.520394'	' 6.568469'	' 42'	-156
'bc:05:43:05:12:53'	0.000000	0.000000	0.000000	-156
'bc:05:43:05:12:53'	0.000000	0.000000	0.000000	-156
'bc:05:43:05:12:53'	'46.520394'	' 6.568469'	' 42'	-156
'bc:05:43:05:12:53'	'46.520394'	' 6.568469'	' 42'	-156
'bc:05:43:05:12:53'	'46.520394'	' 6.568469'	' 42'	-156
'bc:05:43:05:12:53'	'46.520394'	' 6.568469'	' 42'	-156
'bc:05:43:05:12:53'	0.000000	0.000000	0.000000	-156
'bc:05:43:05:12:53'	0.000000	0.000000	0.000000	-156
'bc:05:43:05:12:53'	0.000000	0.000000	0.000000	-156
'bc:05:43:05:12:53'	0.000000	0.000000	0.000000	-156
'bc:05:43:05:12:53'	'46.520394'	' 6.568469'	' 42'	-156
'bc:05:43:05:12:53'	0.000000	0.000000	0.000000	-156
'bc:05:43:05:12:53'	0.000000	0.000000	0.000000	-156
'bc:05:43:05:12:53'	'46.520394'	' 6.568469'	' 42'	-156
'bc:05:43:05:12:53'	'46.520394'	' 6.568469'	' 42'	-156
'bc:05:43:05:12:53'	'46.520394'	' 6.568469'	' 42'	-156
'bc:05:43:05:12:53'	'46.520394'	' 6.568469'	' 42'	-156
'bc:05:43:05:12:53'	0.000000	0.000000	0.000000	-156
'84:7a:88:7a:d7:04'	0.000000	0.000000	0.000000	37
'bc:05:43:05:12:53'	'46.520394'	' 6.568469'	' 42'	-156
'bc:05:43:05:12:53'	0.000000	0.000000	0.000000	-156
'bc:05:43:05:12:53'	'46.520394'	' 6.568469'	' 42'	-156
'bc:05:43:05:12:53'	0.000000	0.000000	0.000000	-156
'bc:05:43:05:12:53'	0.000000	0.000000	0.000000	-156
'bc:05:43:05:12:53'	0.000000	0.000000	0.000000	-156
'bc:05:43:05:12:53'	0.000000	0.000000	0.000000	-156
'bc:05:43:05:12:53'	0.000000	0.000000	0.000000	-156
'bc:05:43:05:12:53'	0.000000	0.000000	0.000000	-156
'bc:05:43:05:12:53'	0.000000	0.000000	0.000000	-156
'bc:05:43:05:12:53'	0.000000	0.000000	0.000000	-156
'34:23:ba:9b:63:96'	0.000000	0.000000	0.000000	29
'34:23:ba:9b:63:96'	0.000000	0.000000	0.000000	29
'bc:05:43:05:12:53'	0.000000	0.000000	0.000000	-156
'bc:05:43:05:12:53'	0.000000	0.000000	0.000000	-156
'bc:05:43:05:12:53'	0.000000	0.000000	0.000000	-156
'bc:05:43:05:12:53'	0.000000	0.000000	0.000000	-156
'bc:05:43:05:12:53'	'46.520394'	' 6.568469'	' 42'	-156
'bc:05:43:05:12:53'	'46.520394'	' 6.568469'	' 42'	-156
'bc:05:43:05:12:53'	0.000000	0.000000	0.000000	-156
'bc:05:43:05:12:53'	'46.520394'	' 6.568469'	' 42'	-156
'bc:05:43:05:12:53'	'46.520394'	' 6.568469'	' 42'	-156
'bc:05:43:05:12:53'	0.000000	0.000000	0.000000	-156
'34:23:ba:9b:63:96'	'46.520394'	' 6.568469'	' 42'	29
'34:23:ba:9b:63:96'	'46.520394'	' 6.568469'	' 42'	29
'bc:05:43:05:12:53'	0.000000	0.000000	0.000000	-156
'bc:05:43:05:12:53'	0.000000	0.000000	0.000000	-156
'bc:05:43:05:12:53'	0.000000	0.000000	0.000000	-156
'bc:05:43:05:12:53'	0.000000	0.000000	0.000000	-156
'bc:05:43:05:12:53'	0.000000	0.000000	0.000000	-156
'bc:05:43:05:12:53'	0.000000	0.000000	0.000000	-156
'bc:05:43:05:12:53'	0.000000	0.000000	0.000000	-156
'bc:05:43:05:12:53'	0.000000	0.000000	0.000000	-156
'bc:05:43:05:12:53'	0.000000	0.000000	0.000000	-156
'bc:05:43:05:12:53'	0.000000	0.000000	0.000000	-156
'34:23:ba:9b:63:96'	0.000000	0.000000	0.000000	29
'34:23:ba:9b:63:96'	0.000000	0.000000	0.000000	29
'40:f3:08:bf:f5:db'	0.000000	0.000000	0.000000	35
'40:f3:08:bf:f5:db'	0.000000	0.000000	0.000000	35
'40:f3:08:bf:f5:db'	'46.520394'	' 6.568469'	' 42'	35
'40:f3:08:bf:f5:db'	'46.520394'	' 6.568469'	' 42'	35
'08:11:96:49:7b:a8'	0.000000	0.000000	0.000000	54
'08:11:96:49:7b:a8'	0.000000	0.000000	0.000000	54
'08:11:96:49:7b:a8'	0.000000	0.000000	0.000000	50
'08:11:96:49:7b:a8'	0.000000	0.000000	0.000000	50
'08:11:96:49:7b:a8'	0.000000	0.000000	0.000000	42
'08:11:96:49:7b:a8'	0.000000	0.000000	0.000000	42
'08:11:96:49:7b:a8'	'46.520394'	' 6.568469'	' 42'	54
'08:11:96:49:7b:a8'	'46.520394'	' 6.568469'	' 42'	54
'08:11:96:49:7b:a8'	'46.520394'	' 6.568469'	' 42'	50
'14:5a:05:3b:a9:91'	0.000000	0.000000	0.000000	40
'08:11:96:49:7b:a8'	'46.520394'	' 6.568469'	' 42'	50
'08:11:96:49:7b:a8'	'46.520394'	' 6.568469'	' 42'	42
'08:11:96:49:7b:a8'	'46.520394'	' 6.568469'	' 42'	42
'14:5a:05:3b:a9:91'	0.000000	0.000000	0.000000	40
'14:5a:05:3b:a9:91'	'46.520394'	' 6.568469'	' 42'	40
'14:5a:05:3b:a9:91'	0.000000	0.000000	0.000000	41
'14:5a:05:3b:a9:91'	'46.520394'	' 6.568469'	' 42'	40
'14:5a:05:3b:a9:91'	'46.520394'	' 6.568469'	' 42'	41
'40:f3:08:bf:f5:db'	0.000000	0.000000	0.000000	35
'40:f3:08:bf:f5:db'	0.000000	0.000000	0.000000	35
'8c:2d:aa:8b:29:dd'	'46.520394'	' 6.568469'	' 42'	49
'8c:2d:aa:8b:29:dd'	0.000000	0.000000	0.000000	49
'08:11:96:49:7b:a8'	0.000000	0.000000	0.000000	54
'08:11:96:49:7b:a8'	0.000000	0.000000	0.000000	54
'08:11:96:49:7b:a8'	0.000000	0.000000	0.000000	50
'08:11:96:49:7b:a8'	0.000000	0.000000	0.000000	50
'08:11:96:49:7b:a8'	0.000000	0.000000	0.000000	42
'08:11:96:49:7b:a8'	0.000000	0.000000	0.000000	42
'14:5a:05:3b:a9:91'	0.000000	0.000000	0.000000	40
'14:5a:05:3b:a9:91'	0.000000	0.000000	0.000000	40
'14:5a:05:3b:a9:91'	0.000000	0.000000	0.000000	41
'34:23:ba:9b:63:96'	'46.520394'	' 6.568469'	' 42'	27
'34:23:ba:9b:63:96'	'46.520394'	' 6.568469'	' 42'	30
'34:23:ba:9b:63:96'	'46.520394'	' 6.568469'	' 42'	26
'34:23:ba:9b:63:96'	'46.520394'	' 6.568469'	' 42'	28
'34:23:ba:9b:63:96'	0.000000	0.000000	0.000000	27
'34:23:ba:9b:63:96'	'46.520394'	' 6.568469'	' 42'	28
'34:23:ba:9b:63:96'	'46.520394'	' 6.568469'	' 42'	29
'34:23:ba:9b:63:96'	0.000000	0.000000	0.000000	30
'34:23:ba:9b:63:96'	'46.520394'	' 6.568469'	' 42'	28
'34:23:ba:9b:63:96'	'46.520394'	' 6.568469'	' 42'	27
'34:23:ba:9b:63:96'	0.000000	0.000000	0.000000	26
'34:23:ba:9b:63:96'	'46.520394'	' 6.568469'	' 42'	24
'34:23:ba:9b:63:96'	'46.520394'	' 6.568469'	' 42'	28
'8c:2d:aa:8b:29:dd'	0.000000	0.000000	0.000000	49
'34:23:ba:9b:63:96'	'46.520394'	' 6.568469'	' 42'	25
'34:23:ba:9b:63:96'	0.000000	0.000000	0.000000	28
'34:23:ba:9b:63:96'	'46.520394'	' 6.568469'	' 42'	27
'34:23:ba:9b:63:96'	0.000000	0.000000	0.000000	28
'20:d3:90:c2:ac:81'	'46.520394'	' 6.568469'	' 42'	38
'34:23:ba:9b:63:96'	0.000000	0.000000	0.000000	29
'34:23:ba:9b:63:96'	'46.520394'	' 6.568469'	' 42'	29
'34:23:ba:9b:63:96'	0.000000	0.000000	0.000000	26
'34:23:ba:9b:63:96'	0.000000	0.000000	0.000000	28
'34:23:ba:9b:63:96'	0.000000	0.000000	0.000000	28
'20:d3:90:c2:ac:81'	0.000000	0.000000	0.000000	38
'34:23:ba:9b:63:96'	0.000000	0.000000	0.000000	24
'34:23:ba:9b:63:96'	0.000000	0.000000	0.000000	24
'34:23:ba:9b:63:96'	0.000000	0.000000	0.000000	27
'34:23:ba:9b:63:96'	0.000000	0.000000	0.000000	24
'34:23:ba:9b:63:96'	0.000000	0.000000	0.000000	28
'34:23:ba:9b:63:96'	0.000000	0.000000	0.000000	25
'20:d3:90:c2:ac:81'	0.000000	0.000000	0.000000	34
'20:d3:90:c2:ac:81'	0.000000	0.000000	0.000000	32
'34:23:ba:9b:63:96'	0.000000	0.000000	0.000000	27
'20:d3:90:c2:ac:81'	0.000000	0.000000	0.000000	38
'20:d3:90:c2:ac:81'	0.000000	0.000000	0.000000	38
'34:23:ba:9b:63:96'	0.000000	0.000000	0.000000	23
'34:23:ba:9b:63:96'	0.000000	0.000000	0.000000	29
'14:5a:05:3b:a9:91'	'46.520394'	' 6.568469'	' 42'	46
'14:5a:05:3b:a9:91'	'46.520394'	' 6.568469'	' 42'	46
'34:23:ba:9b:63:96'	0.000000	0.000000	0.000000	24
'34:23:ba:9b:63:96'	0.000000	0.000000	0.000000	24
'34:23:ba:9b:63:96'	0.000000	0.000000	0.000000	27
'34:23:ba:9b:63:96'	0.000000	0.000000	0.000000	27
'00:21:6a:6c:e5:e4'	0.000000	0.000000	0.000000	62
'18:9e:fc:97:23:c2'	'46.520394'	' 6.568469'	' 42'	41
'18:9e:fc:97:23:c2'	'46.520394'	' 6.568469'	' 42'	37
'18:9e:fc:97:23:c2'	'46.520394'	' 6.568469'	' 42'	36
'18:9e:fc:97:23:c2'	'46.520394'	' 6.568469'	' 42'	37
'18:9e:fc:97:23:c2'	'46.520394'	' 6.568469'	' 42'	36
'18:9e:fc:97:23:c2'	'46.520394'	' 6.568469'	' 42'	35
'18:9e:fc:97:23:c2'	'46.520394'	' 6.568469'	' 42'	36
'18:9e:fc:97:23:c2'	'46.520394'	' 6.568469'	' 42'	35
'18:9e:fc:97:23:c2'	'46.520394'	' 6.568469'	' 42'	35
'14:5a:05:3b:a9:91'	0.000000	0.000000	0.000000	42
'14:5a:05:3b:a9:91'	0.000000	0.000000	0.000000	46
'14:5a:05:3b:a9:91'	0.000000	0.000000	0.000000	46
'00:21:6a:6c:e5:e4'	0.000000	0.000000	0.000000	22
'00:21:6a:6c:e5:e4'	0.000000	0.000000	0.000000	26
'00:21:6a:6c:e5:e4'	0.000000	0.000000	0.000000	31
'00:21:6a:6c:e5:e4'	0.000000	0.000000	0.000000	30
'00:21:6a:6c:e5:e4'	0.000000	0.000000	0.000000	30
'00:21:6a:6c:e5:e4'	0.000000	0.000000	0.000000	62
'f8:1e:df:d9:57:a4'	'46.520394'	' 6.568469'	' 42'	43
'5c:0a:5b:77:93:2f'	0.000000	0.000000	0.000000	63
'18:9e:fc:97:23:c2'	0.000000	0.000000	0.000000	41
'00:21:00:9f:96:21'	0.000000	0.000000	0.000000	51
'18:9e:fc:97:23:c2'	0.000000	0.000000	0.000000	36
'18:9e:fc:97:23:c2'	0.000000	0.000000	0.000000	37
'18:9e:fc:97:23:c2'	0.000000	0.000000	0.000000	34
'40:f3:08:67:7e:9e'	0.000000	0.000000	0.000000	30
'5c:0a:5b:77:93:2f'	'46.520394'	' 6.568469'	' 42'	63
'00:21:00:9f:96:21'	'46.520394'	' 6.568469'	' 42'	51
'00:21:fe:5d:ed:5e'	'46.520394'	' 6.568469'	' 42'	50
'5c:0a:5b:77:93:2f'	0.000000	0.000000	0.000000	63
'5c:0a:5b:77:93:2f'	0.000000	0.000000	0.000000	60
'00:21:00:9f:96:21'	0.000000	0.000000	0.000000	52
'00:21:00:9f:96:21'	0.000000	0.000000	0.000000	51
'8c:2d:aa:8b:29:dd'	0.000000	0.000000	0.000000	47
'd0:22:be:88:37:97'	0.000000	0.000000	0.000000	35
'd0:22:be:88:37:97'	0.000000	0.000000	0.000000	36
'90:18:7c:64:49:83'	0.000000	0.000000	0.000000	38
'90:18:7c:64:49:83'	0.000000	0.000000	0.000000	38
'c4:85:08:8a:8b:8f'	'46.520394'	' 6.568469'	' 42'	49
'c4:85:08:8a:8b:8f'	'46.520394'	' 6.568469'	' 42'	48
'14:5a:05:3b:a9:91'	0.000000	0.000000	0.000000	48
'8c:2d:aa:8b:29:dd'	'46.520394'	' 6.568469'	' 42'	47
'14:5a:05:3b:a9:91'	0.000000	0.000000	0.000000	49
'14:5a:05:3b:a9:91'	0.000000	0.000000	0.000000	48
