[COORD]	1402420059976	'boeing'	46.520394	6.568469	42.000000	81
[BEACON]	1402420066395	'74:e5:0b:67:b0:12'	46.520394	6.568469	42.0	47
[LOCAL]	1402420066395	'74:e5:0b:67:b0:12'	46.520394	6.568469	
[BEACON]	1402420066399	'74:e5:0b:67:b0:12'	46.520394	6.568469	42.0	44
[LOCAL]	1402420066399	'74:e5:0b:67:b0:12'	46.520394	6.568469	
[BEACON]	1402420066401	'74:e5:0b:67:b0:12'	46.520394	6.568469	42.0	47
[LOCAL]	1402420066401	'74:e5:0b:67:b0:12'	46.520394	6.568469	
[BEACON]	1402420066632	'74:e5:0b:67:b0:12'	46.520394	6.568469	42.0	47
[LOCAL]	1402420066633	'74:e5:0b:67:b0:12'	46.520394	6.568469	
[BEACON]	1402420066633	'74:e5:0b:67:b0:12'	46.520394	6.568469	42.0	46
[LOCAL]	1402420066633	'74:e5:0b:67:b0:12'	46.520394	6.568469	
[BEACON]	1402420066634	'74:e5:0b:67:b0:12'	46.520394	6.568469	42.0	46
[LOCAL]	1402420066634	'74:e5:0b:67:b0:12'	46.520394	6.568469	
[BEACON]	1402420076674	'a4:4e:31:99:22:d4'	46.520394	6.568469	42.0	46
[LOCAL]	1402420076675	'a4:4e:31:99:22:d4'	46.520394	6.568469	
[BEACON]	1402420076687	'a4:4e:31:99:22:d4'	46.520394	6.568469	42.0	42
[LOCAL]	1402420076687	'a4:4e:31:99:22:d4'	46.520394	6.568469	
[BEACON]	1402420086325	'a0:88:b4:76:72:a4'	46.520394	6.568469	42.0	75
[LOCAL]	1402420086325	'a0:88:b4:76:72:a4'	46.520394	6.568469	
[BEACON]	1402420086338	'a0:88:b4:76:72:a4'	46.520394	6.568469	42.0	75
[LOCAL]	1402420086338	'a0:88:b4:76:72:a4'	46.520394	6.568469	
[BEACON]	1402420098397	'8c:2d:aa:8b:29:dd'	46.520394	6.568469	42.0	47
[LOCAL]	1402420098398	'8c:2d:aa:8b:29:dd'	46.520394	6.568469	
