[COORD]	1402393110204	'easyjet'	46.520394	6.568469	42.000000	81
[BEACON]	1402393110639	'00:1f:3c:39:d9:11'	46.520394	6.568469	42.0	70
[COORD]	1402393110925	'easyjet'	46.520484	6.568679	42.000000	31
[COORD]	1402393111926	'easyjet'	46.520550	6.568906	42.000000	22
[COORD]	1402393112927	'easyjet'	46.520591	6.569149	42.000000	13
[COORD]	1402393113928	'easyjet'	46.520605	6.569404	42.000000	4
[COORD]	1402393114930	'easyjet'	46.520588	6.569668	42.000000	-5
[COORD]	1402393161445	'easyjet'	46.520394	6.568469	42.000000	81
[BEACON]	1402393161599	'00:1f:3c:39:d9:11'	46.520394	6.568469	42.0	19
[COORD]	1402393162174	'easyjet'	46.520484	6.568679	42.000000	31
[COORD]	1402393163175	'easyjet'	46.520550	6.568906	42.000000	22
[COORD]	1402393643051	'easyjet'	46.520394	6.568469	42.000000	81
[BEACON]	1402393643184	'cc:3a:61:4d:f1:3c'	46.520394	6.568469	42.0	14
[COORD]	1402393643959	'easyjet'	46.520484	6.568679	42.000000	31
[COORD]	1402393644960	'easyjet'	46.520550	6.568906	42.000000	22
[COORD]	1402393645962	'easyjet'	46.520591	6.569149	42.000000	13
[COORD]	1402393646963	'easyjet'	46.520605	6.569404	42.000000	4
[COORD]	1402393765725	'easyjet'	46.520394	6.568469	42.000000	81
[BEACON]	1402393765803	'cc:08:e0:ed:84:b8'	46.520394	6.568469	42.0	23
[COORD]	1402393766636	'easyjet'	46.520484	6.568679	42.000000	31
[COORD]	1402393767637	'easyjet'	46.520550	6.568906	42.000000	22
[COORD]	1402393768638	'easyjet'	46.520591	6.569149	42.000000	13
[COORD]	1402393769640	'easyjet'	46.520605	6.569404	42.000000	4
[COORD]	1402393787647	'easyjet'	46.520394	6.568469	42.000000	81
[BEACON]	1402393788018	'5c:0a:5b:e0:9a:82'	46.520394	6.568469	42.0	16
[COORD]	1402393788553	'easyjet'	46.520484	6.568679	42.000000	31
[BEACON]	1402393788632	'10:9a:dd:38:dd:45'	46.520484	6.568679	42.0	13
[BEACON]	1402393789180	'00:1f:3c:39:d9:11'	46.520484	6.568679	42.0	70
[BEACON]	1402393789183	'00:1f:3c:39:d9:11'	46.520484	6.568679	42.0	70
[BEACON]	1402393789184	'00:1f:3c:39:d9:11'	46.520484	6.568679	42.0	58
[BEACON]	1402393789185	'00:1f:3c:39:d9:11'	46.520484	6.568679	42.0	70
[BEACON]	1402393789223	'00:1f:3c:39:d9:11'	46.520484	6.568679	42.0	65
[BEACON]	1402393789225	'00:1f:3c:39:d9:11'	46.520484	6.568679	42.0	65
[BEACON]	1402393789226	'00:1f:3c:39:d9:11'	46.520484	6.568679	42.0	48
[BEACON]	1402393789260	'00:27:10:68:fe:c4'	46.520484	6.568679	42.0	18
[BEACON]	1402393789269	'00:27:10:68:fe:c4'	46.520484	6.568679	42.0	19
[BEACON]	1402393789271	'00:27:10:68:fe:c4'	46.520484	6.568679	42.0	17
[BEACON]	1402393789399	'00:1f:3c:39:d9:11'	46.520484	6.568679	42.0	63
[BEACON]	1402393789400	'00:1f:3c:39:d9:11'	46.520484	6.568679	42.0	64
[BEACON]	1402393789400	'00:1f:3c:39:d9:11'	46.520484	6.568679	42.0	65
[COORD]	1402393789564	'easyjet'	46.520550	6.568906	42.000000	22
[BEACON]	1402393789619	'00:1f:3c:39:d9:11'	46.52055	6.568906	42.0	20
[BEACON]	1402393789705	'00:27:10:68:fe:c4'	46.52055	6.568906	42.0	19
[BEACON]	1402393789709	'00:27:10:68:fe:c4'	46.52055	6.568906	42.0	14
[BEACON]	1402393789795	'00:26:4a:ca:6c:d1'	46.52055	6.568906	42.0	14
[BEACON]	1402393789797	'00:26:4a:ca:6c:d1'	46.52055	6.568906	42.0	11
[BEACON]	1402393789821	'00:37:6d:73:0a:79'	46.52055	6.568906	42.0	13
[COORD]	1402393790556	'easyjet'	46.520591	6.569149	42.000000	13
[BEACON]	1402393790968	'5c:0a:5b:fc:3e:c4'	46.520591	6.569149	42.0	25
[BEACON]	1402393791330	'60:a4:4c:08:f4:f2'	46.520591	6.569149	42.0	18
[COORD]	1402393791558	'easyjet'	46.520605	6.569404	42.000000	4
[BEACON]	1402393791941	'68:5d:43:7f:15:bb'	46.520605	6.569404	42.0	15
[BEACON]	1402393792302	'a0:0b:ba:c9:e0:f4'	46.520605	6.569404	42.0	13
[COORD]	1402393792562	'easyjet'	46.520588	6.569668	42.000000	-5
[BEACON]	1402393792925	'90:18:7c:54:26:03'	46.520588	6.569668	42.0	27
[BEACON]	1402393793130	'd8:57:ef:e6:1e:4e'	46.520588	6.569668	42.0	20
[BEACON]	1402393793185	'00:1f:3c:39:d9:11'	46.520588	6.569668	42.0	70
[BEACON]	1402393793186	'00:1f:3c:39:d9:11'	46.520588	6.569668	42.0	70
[BEACON]	1402393793194	'00:1f:3c:39:d9:11'	46.520588	6.569668	42.0	70
[BEACON]	1402393793197	'00:1f:3c:39:d9:11'	46.520588	6.569668	42.0	70
[BEACON]	1402393793368	'00:1f:3c:39:d9:11'	46.520588	6.569668	42.0	66
[BEACON]	1402393793373	'00:1f:3c:39:d9:11'	46.520588	6.569668	42.0	66
[BEACON]	1402393793403	'00:1f:3c:39:d9:11'	46.520588	6.569668	42.0	49
[BEACON]	1402393793403	'00:1f:3c:39:d9:11'	46.520588	6.569668	42.0	32
[BEACON]	1402393793411	'00:1f:3c:39:d9:11'	46.520588	6.569668	42.0	63
[COORD]	1402393793559	'easyjet'	46.520540	6.569937	42.000000	-14
[COORD]	1402393794560	'easyjet'	46.520459	6.570208	42.000000	-23
[BEACON]	1402393794715	'68:a8:6d:6e:a9:d8'	46.520459	6.570208	42.0	71
[BEACON]	1402393794797	'd4:9a:20:5a:e9:25'	46.520459	6.570208	42.0	13
[BEACON]	1402393794826	'68:a8:6d:6e:a9:d8'	46.520459	6.570208	42.0	74
[BEACON]	1402393794884	'68:a8:6d:6e:a9:d8'	46.520459	6.570208	42.0	73
[BEACON]	1402393794939	'68:a8:6d:6e:a9:d8'	46.520459	6.570208	42.0	76
[BEACON]	1402393794995	'68:a8:6d:6e:a9:d8'	46.520459	6.570208	42.0	79
[BEACON]	1402393795029	'bc:92:6b:22:62:cc'	46.520459	6.570208	42.0	28
[BEACON]	1402393795031	'bc:92:6b:22:62:cc'	46.520459	6.570208	42.0	26
[BEACON]	1402393795187	'9c:4e:36:15:20:bc'	46.520459	6.570208	42.0	12
[BEACON]	1402393795190	'9c:4e:36:15:20:bc'	46.520459	6.570208	42.0	12
[BEACON]	1402393795314	'bc:92:6b:22:62:cc'	46.520459	6.570208	42.0	20
[BEACON]	1402393795319	'bc:92:6b:22:62:cc'	46.520459	6.570208	42.0	21
[BEACON]	1402393795358	'bc:92:6b:22:62:cc'	46.520459	6.570208	42.0	19
[BEACON]	1402393795360	'bc:92:6b:22:62:cc'	46.520459	6.570208	42.0	22
[COORD]	1402393795561	'easyjet'	46.520345	6.570478	42.000000	-31
[BEACON]	1402393796489	'00:18:de:8b:87:ba'	46.520345	6.570478	42.0	11
[COORD]	1402393796562	'easyjet'	46.520197	6.570741	42.000000	-39
[BEACON]	1402393797085	'b8:17:c2:c9:01:82'	46.520197	6.570741	42.0	12
[BEACON]	1402393797087	'b8:17:c2:c9:01:82'	46.520197	6.570741	42.0	17
[BEACON]	1402393797113	'68:a8:6d:6e:a9:d8'	46.520197	6.570741	42.0	63
[BEACON]	1402393797168	'68:a8:6d:6e:a9:d8'	46.520197	6.570741	42.0	66
[BEACON]	1402393797226	'68:a8:6d:6e:a9:d8'	46.520197	6.570741	42.0	65
[BEACON]	1402393797284	'68:a8:6d:6e:a9:d8'	46.520197	6.570741	42.0	65
[BEACON]	1402393797337	'68:a8:6d:6e:a9:d8'	46.520197	6.570741	42.0	74
[COORD]	1402393797564	'easyjet'	46.520015	6.570993	42.000000	-46
[BEACON]	1402393797995	'5c:51:4f:53:76:a9'	46.520015	6.570993	42.0	16
[BEACON]	1402393797996	'5c:51:4f:53:76:a9'	46.520015	6.570993	42.0	15
[BEACON]	1402393798546	'00:1f:3c:1f:20:78'	46.520015	6.570993	42.0	29
[COORD]	1402393798565	'easyjet'	46.519800	6.571232	42.000000	-52
[BEACON]	1402393798746	'00:1f:3c:1f:20:78'	46.5198	6.571232	42.0	31
[BEACON]	1402393798753	'00:1f:3c:1f:20:78'	46.5198	6.571232	42.0	37
[BEACON]	1402393798755	'00:1f:3c:1f:20:78'	46.5198	6.571232	42.0	37
[BEACON]	1402393799009	'8c:00:6d:72:4d:67'	46.5198	6.571232	42.0	24
[BEACON]	1402393799019	'8c:00:6d:72:4d:67'	46.5198	6.571232	42.0	25
[BEACON]	1402393799028	'8c:00:6d:72:4d:67'	46.5198	6.571232	42.0	25
[BEACON]	1402393799040	'8c:00:6d:72:4d:67'	46.5198	6.571232	42.0	23
[BEACON]	1402393799050	'8c:00:6d:72:4d:67'	46.5198	6.571232	42.0	24
[BEACON]	1402393799059	'8c:00:6d:72:4d:67'	46.5198	6.571232	42.0	25
[BEACON]	1402393799208	'00:1f:3c:39:d9:11'	46.5198	6.571232	42.0	70
[BEACON]	1402393799212	'00:1f:3c:39:d9:11'	46.5198	6.571232	42.0	71
[BEACON]	1402393799213	'00:1f:3c:39:d9:11'	46.5198	6.571232	42.0	71
[LOCAL]	1402393799213	'00:1f:3c:39:d9:11'	46.520097	6.570125	
[BEACON]	1402393799214	'00:1f:3c:39:d9:11'	46.5198	6.571232	42.0	18
[LOCAL]	1402393799214	'00:1f:3c:39:d9:11'	46.520082	6.570181	
[BEACON]	1402393799227	'00:1f:3c:39:d9:11'	46.5198	6.571232	42.0	67
[LOCAL]	1402393799227	'00:1f:3c:39:d9:11'	46.520082	6.570181	
[BEACON]	1402393799230	'00:1f:3c:39:d9:11'	46.5198	6.571232	42.0	67
[LOCAL]	1402393799230	'00:1f:3c:39:d9:11'	46.520082	6.570181	
[BEACON]	1402393799246	'00:1f:3c:39:d9:11'	46.5198	6.571232	42.0	67
[LOCAL]	1402393799246	'00:1f:3c:39:d9:11'	46.520082	6.570181	
[BEACON]	1402393799330	'bc:92:6b:22:62:cc'	46.5198	6.571232	42.0	21
[BEACON]	1402393799417	'00:1f:3c:39:d9:11'	46.5198	6.571232	42.0	61
[LOCAL]	1402393799417	'00:1f:3c:39:d9:11'	46.520082	6.570181	
[BEACON]	1402393799417	'00:1f:3c:39:d9:11'	46.5198	6.571232	42.0	62
[LOCAL]	1402393799418	'00:1f:3c:39:d9:11'	46.520082	6.570181	
[BEACON]	1402393799471	'00:21:6a:03:3b:52'	46.5198	6.571232	42.0	12
[BEACON]	1402393799488	'68:a8:6d:6e:a9:d8'	46.5198	6.571232	42.0	27
[COORD]	1402393799568	'easyjet'	46.519554	6.571452	42.000000	-58
[BEACON]	1402393799668	'00:1f:3c:39:d9:11'	46.519554	6.571452	42.0	20
[COORD]	1402393800566	'easyjet'	46.519277	6.571649	42.000000	-63
[COORD]	1402393801568	'easyjet'	46.518972	6.571820	42.000000	-68
[COORD]	1402393802568	'easyjet'	46.518642	6.571960	42.000000	-73
[COORD]	1402393803570	'easyjet'	46.518289	6.572067	42.000000	-78
[COORD]	1402393804571	'easyjet'	46.517917	6.572138	42.000000	-82
[COORD]	1402393805572	'easyjet'	46.517531	6.572170	42.000000	-86
[COORD]	1402393806573	'easyjet'	46.517133	6.572160	42.000000	-90
[COORD]	1402393807574	'easyjet'	46.516729	6.572106	42.000000	-95
[COORD]	1402393808576	'easyjet'	46.516324	6.572008	42.000000	-99
[COORD]	1402393809577	'easyjet'	46.515922	6.571865	42.000000	-103
[COORD]	1402393810578	'easyjet'	46.515529	6.571676	42.000000	-108
[COORD]	1402393811579	'easyjet'	46.515149	6.571441	42.000000	-113
[COORD]	1402393812580	'easyjet'	46.514789	6.571162	42.000000	-118
[COORD]	1402393813581	'easyjet'	46.514452	6.570840	42.000000	-123
[COORD]	1402393814582	'easyjet'	46.514145	6.570478	42.000000	-129
[COORD]	1402393815584	'easyjet'	46.513871	6.570077	42.000000	-135
[COORD]	1402393816585	'easyjet'	46.513636	6.569641	42.000000	-141
[COORD]	1402393817586	'easyjet'	46.513444	6.569175	42.000000	-149
[COORD]	1402393818587	'easyjet'	46.513298	6.568681	42.000000	-156
[COORD]	1402393819588	'easyjet'	46.513203	6.568165	42.000000	-165
[COORD]	1402393820589	'easyjet'	46.513160	6.567633	42.000000	-173
[COORD]	1402393821590	'easyjet'	46.513173	6.567089	42.000000	178
[COORD]	1402393822592	'easyjet'	46.513243	6.566540	42.000000	169
[COORD]	1402393823593	'easyjet'	46.513372	6.565991	42.000000	161
[COORD]	1402393824594	'easyjet'	46.513560	6.565449	42.000000	153
[COORD]	1402393825595	'easyjet'	46.513806	6.564920	42.000000	145
[COORD]	1402393826596	'easyjet'	46.514111	6.564411	42.000000	138
[COORD]	1402393827597	'easyjet'	46.514472	6.563928	42.000000	132
[COORD]	1402393828598	'easyjet'	46.514888	6.563478	42.000000	126
[COORD]	1402393829600	'easyjet'	46.515354	6.563065	42.000000	121
[COORD]	1402393830600	'easyjet'	46.515869	6.562697	42.000000	116
[COORD]	1402393831601	'easyjet'	46.516427	6.562379	42.000000	111
[COORD]	1402393832602	'easyjet'	46.517024	6.562115	42.000000	106
[COORD]	1402393833604	'easyjet'	46.517654	6.561911	42.000000	102
[COORD]	1402393834605	'easyjet'	46.518311	6.561770	42.000000	98
[COORD]	1402393835606	'easyjet'	46.518989	6.561695	42.000000	94
[COORD]	1402393836607	'easyjet'	46.519681	6.561690	42.000000	90
[COORD]	1402393837609	'easyjet'	46.520380	6.561757	42.000000	86
[COORD]	1402393838610	'easyjet'	46.521078	6.561896	42.000000	82
[COORD]	1402393839611	'easyjet'	46.521767	6.562108	42.000000	78
[COORD]	1402393840612	'easyjet'	46.522441	6.562393	42.000000	73
[COORD]	1402393841613	'easyjet'	46.523091	6.562751	42.000000	69
[COORD]	1402393842614	'easyjet'	46.523709	6.563177	42.000000	64
[COORD]	1402393843615	'easyjet'	46.524288	6.563671	42.000000	59
[COORD]	1402393844617	'easyjet'	46.524821	6.564229	42.000000	54
[COORD]	1402393845618	'easyjet'	46.525301	6.564845	42.000000	48
[COORD]	1402393846619	'easyjet'	46.525721	6.565515	42.000000	42
[COORD]	1402393847620	'easyjet'	46.526075	6.566234	42.000000	35
[COORD]	1402393848622	'easyjet'	46.526358	6.566993	42.000000	28
[COORD]	1402393849623	'easyjet'	46.526566	6.567788	42.000000	20
[COORD]	1402393850624	'easyjet'	46.526694	6.568469	42.000000	15
[COORD]	1402393851624	'easyjet'	46.526752	6.569308	42.000000	5
[COORD]	1402393852625	'easyjet'	46.526725	6.570158	42.000000	-2
[COORD]	1402393853626	'easyjet'	46.526610	6.571010	42.000000	-11
[COORD]	1402393854628	'easyjet'	46.526407	6.571857	42.000000	-19
[COORD]	1402393855629	'easyjet'	46.526117	6.572688	42.000000	-26
[COORD]	1402393856630	'easyjet'	46.525739	6.573494	42.000000	-34
[COORD]	1402393857631	'easyjet'	46.525278	6.574267	42.000000	-40
[COORD]	1402393858632	'easyjet'	46.524734	6.574997	42.000000	-47
[COORD]	1402393859634	'easyjet'	46.524113	6.575676	42.000000	-53
[COORD]	1402393860635	'easyjet'	46.523419	6.576295	42.000000	-58
[COORD]	1402393861636	'easyjet'	46.522658	6.576846	42.000000	-63
[COORD]	1402393862637	'easyjet'	46.521836	6.577323	42.000000	-68
[COORD]	1402393863639	'easyjet'	46.520962	6.577719	42.000000	-72
[COORD]	1402393864639	'easyjet'	46.520043	6.578028	42.000000	-76
[COORD]	1402393865641	'easyjet'	46.519087	6.578244	42.000000	-81
[COORD]	1402393866642	'easyjet'	46.518105	6.578365	42.000000	-85
[COORD]	1402393867643	'easyjet'	46.517106	6.578386	42.000000	-89
[COORD]	1402393868644	'easyjet'	46.516099	6.578305	42.000000	-93
[COORD]	1402393869645	'easyjet'	46.515096	6.578121	42.000000	-97
[COORD]	1402393870646	'easyjet'	46.514108	6.577835	42.000000	-101
[COORD]	1402393871648	'easyjet'	46.513144	6.577446	42.000000	-105
[COORD]	1402393872649	'easyjet'	46.512215	6.576958	42.000000	-109
[COORD]	1402393873650	'easyjet'	46.511331	6.576373	42.000000	-114
[COORD]	1402393874651	'easyjet'	46.510504	6.575696	42.000000	-119
[COORD]	1402393875652	'easyjet'	46.509742	6.574932	42.000000	-124
[COORD]	1402393876653	'easyjet'	46.509054	6.574088	42.000000	-130
[COORD]	1402393877655	'easyjet'	46.508449	6.573170	42.000000	-136
[COORD]	1402393878656	'easyjet'	46.507935	6.572187	42.000000	-142
[COORD]	1402393879657	'easyjet'	46.507519	6.571149	42.000000	-149
[COORD]	1402393880658	'easyjet'	46.507207	6.570064	42.000000	-157
[COORD]	1402393881659	'easyjet'	46.507004	6.568943	42.000000	-165
[COORD]	1402393882660	'easyjet'	46.506914	6.567798	42.000000	-173
[COORD]	1402393883661	'easyjet'	46.506939	6.566639	42.000000	178
[COORD]	1402393884662	'easyjet'	46.507082	6.565479	42.000000	169
[COORD]	1402393885664	'easyjet'	46.507344	6.564330	42.000000	161
[COORD]	1402393886665	'easyjet'	46.507723	6.563203	42.000000	153
[COORD]	1402393887666	'easyjet'	46.508217	6.562111	42.000000	146
[COORD]	1402393888667	'easyjet'	46.508823	6.561066	42.000000	139
[COORD]	1402393889668	'easyjet'	46.509538	6.560078	42.000000	133
[COORD]	1402393890669	'easyjet'	46.510354	6.559160	42.000000	127
[COORD]	1402393891670	'easyjet'	46.511266	6.558322	42.000000	122
[COORD]	1402393892671	'easyjet'	46.512266	6.557574	42.000000	117
[COORD]	1402393893673	'easyjet'	46.513344	6.556925	42.000000	112
[COORD]	1402393894674	'easyjet'	46.514491	6.556384	42.000000	107
[COORD]	1402393895675	'easyjet'	46.515696	6.555957	42.000000	103
[COORD]	1402393896676	'easyjet'	46.516947	6.555650	42.000000	99
[COORD]	1402393897677	'easyjet'	46.518233	6.555470	42.000000	95
[COORD]	1402393898679	'easyjet'	46.519540	6.555419	42.000000	91
[COORD]	1402393899679	'easyjet'	46.520856	6.555501	42.000000	87
[COORD]	1402393900680	'easyjet'	46.522167	6.555715	42.000000	83
[COORD]	1402393901681	'easyjet'	46.523459	6.556063	42.000000	79
[COORD]	1402393902682	'easyjet'	46.524719	6.556542	42.000000	75
[COORD]	1402393903684	'easyjet'	46.525933	6.557150	42.000000	70
[COORD]	1402393904685	'easyjet'	46.527089	6.557882	42.000000	66
[COORD]	1402393905686	'easyjet'	46.528174	6.558733	42.000000	61
[COORD]	1402393906687	'easyjet'	46.529174	6.559694	42.000000	56
[COORD]	1402393907688	'easyjet'	46.530080	6.560759	42.000000	51
[COORD]	1402393908689	'easyjet'	46.530880	6.561918	42.000000	45
[COORD]	1402393909691	'easyjet'	46.531564	6.563160	42.000000	38
[COORD]	1402393910692	'easyjet'	46.532124	6.564473	42.000000	31
[COORD]	1402393911693	'easyjet'	46.532553	6.565846	42.000000	24
[COORD]	1402393912694	'easyjet'	46.532844	6.567264	42.000000	16
[COORD]	1402393913695	'easyjet'	46.532994	6.568469	42.000000	10
[COORD]	1402393914696	'easyjet'	46.533021	6.569937	42.000000	1
[COORD]	1402393915697	'easyjet'	46.532899	6.571409	42.000000	-6
[COORD]	1402393916699	'easyjet'	46.532629	6.572872	42.000000	-15
[COORD]	1402393917700	'easyjet'	46.532210	6.574310	42.000000	-22
[COORD]	1402393918701	'easyjet'	46.531645	6.575708	42.000000	-30
[COORD]	1402393919701	'easyjet'	46.530939	6.577052	42.000000	-37
[COORD]	1402393920702	'easyjet'	46.530096	6.578326	42.000000	-43
[COORD]	1402393921703	'easyjet'	46.529123	6.579516	42.000000	-49
[COORD]	1402393922704	'easyjet'	46.528029	6.580611	42.000000	-55
[COORD]	1402393923705	'easyjet'	46.526823	6.581596	42.000000	-60
[COORD]	1402393924706	'easyjet'	46.525515	6.582461	42.000000	-65
[COORD]	1402393925707	'easyjet'	46.524119	6.583195	42.000000	-70
[COORD]	1402393926709	'easyjet'	46.522647	6.583790	42.000000	-74
[COORD]	1402393927710	'easyjet'	46.521113	6.584236	42.000000	-78
[COORD]	1402393928711	'easyjet'	46.519533	6.584529	42.000000	-82
[COORD]	1402393929712	'easyjet'	46.517921	6.584662	42.000000	-86
[COORD]	1402393930713	'easyjet'	46.516294	6.584633	42.000000	-90
[COORD]	1402393931714	'easyjet'	46.514668	6.584440	42.000000	-94
[COORD]	1402393932715	'easyjet'	46.513060	6.584083	42.000000	-98
[COORD]	1402393933716	'easyjet'	46.511486	6.583563	42.000000	-102
[COORD]	1402393934717	'easyjet'	46.509963	6.582885	42.000000	-107
[COORD]	1402393935718	'easyjet'	46.508507	6.582052	42.000000	-111
[COORD]	1402393936719	'easyjet'	46.507134	6.581071	42.000000	-116
[COORD]	1402393937721	'easyjet'	46.505858	6.579952	42.000000	-121
[COORD]	1402393938722	'easyjet'	46.504694	6.578703	42.000000	-126
[COORD]	1402393939723	'easyjet'	46.503656	6.577336	42.000000	-132
[COORD]	1402393940724	'easyjet'	46.502754	6.575863	42.000000	-138
[COORD]	1402393941725	'easyjet'	46.501999	6.574298	42.000000	-144
[COORD]	1402393942726	'easyjet'	46.501402	6.572656	42.000000	-152
[COORD]	1402393943727	'easyjet'	46.500970	6.570953	42.000000	-159
[COORD]	1402393944728	'easyjet'	46.500709	6.569205	42.000000	-167
[COORD]	1402393945729	'easyjet'	46.500624	6.567430	42.000000	-176
[COORD]	1402393946729	'easyjet'	46.500718	6.565645	42.000000	175
[COORD]	1402393947730	'easyjet'	46.500992	6.563869	42.000000	167
[COORD]	1402393948731	'easyjet'	46.501444	6.562120	42.000000	159
[COORD]	1402393949732	'easyjet'	46.502073	6.560415	42.000000	151
[COORD]	1402393950734	'easyjet'	46.502874	6.558773	42.000000	144
[COORD]	1402393951735	'easyjet'	46.503840	6.557211	42.000000	138
[COORD]	1402393952735	'easyjet'	46.504964	6.555745	42.000000	131
[COORD]	1402393953737	'easyjet'	46.506236	6.554392	42.000000	126
[COORD]	1402393954738	'easyjet'	46.507645	6.553167	42.000000	120
[COORD]	1402393955739	'easyjet'	46.509177	6.552083	42.000000	115
[COORD]	1402393956740	'easyjet'	46.510819	6.551153	42.000000	111
[COORD]	1402393957741	'easyjet'	46.512555	6.550389	42.000000	106
[COORD]	1402393958742	'easyjet'	46.514368	6.549798	42.000000	102
[COORD]	1402393959742	'easyjet'	46.516241	6.549390	42.000000	98
[COORD]	1402393960744	'easyjet'	46.518155	6.549170	42.000000	94
[COORD]	1402393961745	'easyjet'	46.520091	6.549143	42.000000	90
[COORD]	1402393962746	'easyjet'	46.522031	6.549311	42.000000	86
[COORD]	1402393963747	'easyjet'	46.523954	6.549674	42.000000	82
