[COORD]	1402582753759	'PLANE'	46.518471	6.562449	429.367859	0
[COORD]	1402582753767	'PLANE'	46.518467	6.562447	429.220429	0
[COORD]	1402582753788	'PLANE'	46.518467	6.562447	429.276123	0
[COORD]	1402582753793	'PLANE'	46.518467	6.562447	429.114594	0
[COORD]	1402582753801	'PLANE'	46.518467	6.562449	429.077393	0
[COORD]	1402582753817	'PLANE'	46.518467	6.562449	429.141327	0
[COORD]	1402582753828	'PLANE'	46.518467	6.562448	429.218048	0
[COORD]	1402582753839	'PLANE'	46.518467	6.562448	429.192627	0
[COORD]	1402582753848	'PLANE'	46.518467	6.562448	429.255859	0
[COORD]	1402582753852	'PLANE'	46.518463	6.562445	429.324402	0
[COORD]	1402582753860	'PLANE'	46.518463	6.562445	429.112030	0
[COORD]	1402582753872	'PLANE'	46.518463	6.562442	429.193756	0
[COORD]	1402582753882	'PLANE'	46.518463	6.562442	429.230865	0
[COORD]	1402582753891	'PLANE'	46.518463	6.562442	429.276245	0
[COORD]	1402582753903	'PLANE'	46.518463	6.562436	429.303375	0
[COORD]	1402582753909	'PLANE'	46.518463	6.562436	429.356323	0
[COORD]	1402582753915	'PLANE'	46.518463	6.562436	429.373535	0
[COORD]	1402582753929	'PLANE'	46.518463	6.562436	429.448486	0
[COORD]	1402582753937	'PLANE'	46.518463	6.562436	429.445740	0
[COORD]	1402582753942	'PLANE'	46.518463	6.562431	429.427612	0
[COORD]	1402582753946	'PLANE'	46.518463	6.562431	429.413879	0
[COORD]	1402582753958	'PLANE'	46.518463	6.562426	429.404480	0
[COORD]	1402582753968	'PLANE'	46.518463	6.562426	429.397613	0
[COORD]	1402582753972	'PLANE'	46.518463	6.562426	429.407898	0
[COORD]	1402582753987	'PLANE'	46.518463	6.562424	429.430542	0
[COORD]	1402582753998	'PLANE'	46.518463	6.562424	429.528900	0
[COORD]	1402582754002	'PLANE'	46.518463	6.562420	429.500641	0
[COORD]	1402582754013	'PLANE'	46.518463	6.562420	429.466949	0
[COORD]	1402582754024	'PLANE'	46.518463	6.562415	429.442841	0
[COORD]	1402582754030	'PLANE'	46.518463	6.562415	429.409821	0
[COORD]	1402582754034	'PLANE'	46.518463	6.562415	429.486114	0
[COORD]	1402582754045	'PLANE'	46.518463	6.562408	429.563324	0
[COORD]	1402582754056	'PLANE'	46.518463	6.562408	429.548920	0
[COORD]	1402582754067	'PLANE'	46.518463	6.562403	429.371216	0
[COORD]	1402582754078	'PLANE'	46.518463	6.562403	429.388397	0
[COORD]	1402582754094	'PLANE'	46.518463	6.562403	429.472260	0
[COORD]	1402582754107	'PLANE'	46.518463	6.562400	429.474915	0
[COORD]	1402582754111	'PLANE'	46.518463	6.562400	429.461182	0
[COORD]	1402582754116	'PLANE'	46.518463	6.562401	429.471283	0
[COORD]	1402582754128	'PLANE'	46.518463	6.562401	429.326263	0
[COORD]	1402582754138	'PLANE'	46.518463	6.562396	429.421417	0
[COORD]	1402582754142	'PLANE'	46.518463	6.562396	429.528015	0
[COORD]	1402582754149	'PLANE'	46.518463	6.562396	429.411102	0
[COORD]	1402582754161	'PLANE'	46.518463	6.562390	429.524811	0
[COORD]	1402582754168	'PLANE'	46.518463	6.562390	429.669159	0
[COORD]	1402582754172	'PLANE'	46.518463	6.562390	429.625855	0
[COORD]	1402582754177	'PLANE'	46.518463	6.562387	429.512756	0
[COORD]	1402582754198	'PLANE'	46.518463	6.562387	429.572571	0
[COORD]	1402582754202	'PLANE'	46.518463	6.562387	429.726074	0
[COORD]	1402582754208	'PLANE'	46.518463	6.562387	429.739166	0
[COORD]	1402582754219	'PLANE'	46.518463	6.562385	429.643463	0
[COORD]	1402582754228	'PLANE'	46.518463	6.562385	429.732147	0
[COORD]	1402582754232	'PLANE'	46.518463	6.562385	429.731476	0
[COORD]	1402582754241	'PLANE'	46.518463	6.562385	429.776947	0
[COORD]	1402582754253	'PLANE'	46.518463	6.562385	429.721283	0
[COORD]	1402582754294	'PLANE'	46.518463	6.562383	429.658112	0
[BEACON]	1402582754380	'a0:ed:cd:60:61:7e'	46.518463130000001	6.5623831749999999	429.65811159999998	28
[LOCAL]	1402582754383	'a0:ed:cd:60:61:7e'	46.518463	6.562383	
[COORD]	1402582754413	'PLANE'	46.518463	6.562383	429.642273	0
[COORD]	1402582754502	'PLANE'	46.518463	6.562380	429.664459	0
[COORD]	1402582754622	'PLANE'	46.518463	6.562380	429.718750	0
[BEACON]	1402582754647	'a0:ed:cd:60:61:7e'	46.518463130000001	6.5623798369999999	429.71875	28
[LOCAL]	1402582754655	'a0:ed:cd:60:61:7e'	46.518463	6.562382	
[COORD]	1402582754709	'PLANE'	46.518463	6.562380	429.753113	0
[COORD]	1402582754809	'PLANE'	46.518463	6.562379	429.700623	0
[COORD]	1402582754908	'PLANE'	46.518463	6.562379	429.721222	0
[BEACON]	1402582755000	'54:ea:a8:a4:53:7a'	46.518463130000001	6.5623793600000004	429.72122189999999	22
[COORD]	1402582755022	'PLANE'	46.518463	6.562379	429.673798	0
[BEACON]	1402582755099	'cc:3a:61:59:9f:e9'	46.518463130000001	6.5623793600000004	429.6737976	24
[COORD]	1402582755123	'PLANE'	46.518463	6.562380	429.740234	0
[COORD]	1402582755229	'PLANE'	46.518463	6.562380	429.703095	0
[COORD]	1402582755331	'PLANE'	46.518463	6.562381	429.814392	0
[COORD]	1402582755429	'PLANE'	46.518463	6.562381	429.704376	0
[COORD]	1402582755530	'PLANE'	46.518463	6.562377	429.671845	0
[COORD]	1402582755631	'PLANE'	46.518463	6.562377	429.757080	0
[COORD]	1402582755730	'PLANE'	46.518463	6.562377	429.550842	0
[COORD]	1402582755831	'PLANE'	46.518463	6.562378	429.564819	0
[COORD]	1402582755932	'PLANE'	46.518463	6.562378	429.735962	0
[COORD]	1402582756033	'PLANE'	46.518463	6.562377	429.753510	0
[COORD]	1402582756140	'PLANE'	46.518463	6.562377	429.700561	0
[COORD]	1402582756240	'PLANE'	46.518463	6.562377	429.714356	0
[COORD]	1402582756366	'PLANE'	46.518459	6.562376	429.666504	0
[BEACON]	1402582756388	'00:18:de:8b:87:ba'	46.518459319999998	6.5623760219999996	429.66650390000001	23
[COORD]	1402582756447	'PLANE'	46.518459	6.562376	429.558594	0
[COORD]	1402582756548	'PLANE'	46.518459	6.562374	429.533508	0
[COORD]	1402582756655	'PLANE'	46.518459	6.562374	429.460632	0
[COORD]	1402582756754	'PLANE'	46.518459	6.562374	429.703339	0
[COORD]	1402582756856	'PLANE'	46.518459	6.562376	429.682465	0
[COORD]	1402582756960	'PLANE'	46.518459	6.562376	429.495483	0
[COORD]	1402582757063	'PLANE'	46.518459	6.562375	429.596161	0
[BEACON]	1402582757136	'c4:85:08:9b:3d:e5'	46.518459319999998	6.5623745920000003	429.59616089999997	24
[COORD]	1402582757169	'PLANE'	46.518459	6.562375	429.585815	0
[COORD]	1402582757273	'PLANE'	46.518459	6.562375	429.790008	0
[COORD]	1402582757375	'PLANE'	46.518459	6.562376	429.743652	0
[COORD]	1402582757471	'PLANE'	46.518459	6.562376	429.752564	0
[COORD]	1402582757573	'PLANE'	46.518456	6.562373	429.795319	0
[BEACON]	1402582757655	'f0:cb:a1:a2:14:94'	46.518455510000003	6.5623726839999996	429.79531859999997	32
[LOCAL]	1402582757671	'f0:cb:a1:a2:14:94'	46.518456	6.562373	
[COORD]	1402582757678	'PLANE'	46.518456	6.562373	429.684631	0
[COORD]	1402582757795	'PLANE'	46.518456	6.562370	429.884247	0
[BEACON]	1402582757798	'cc:08:e0:bf:42:61'	46.518455510000003	6.562369823	429.88424680000003	24
[BEACON]	1402582757876	'8c:3a:e3:3f:8b:42'	46.518455510000003	6.562369823	429.88424680000003	25
[COORD]	1402582757890	'PLANE'	46.518456	6.562370	429.697937	0
[COORD]	1402582757983	'PLANE'	46.518456	6.562370	429.733643	0
[COORD]	1402582758085	'PLANE'	46.518456	6.562366	429.742920	0
[COORD]	1402582758187	'PLANE'	46.518456	6.562366	429.780029	0
[COORD]	1402582758285	'PLANE'	46.518456	6.562365	429.751129	0
[COORD]	1402582758393	'PLANE'	46.518456	6.562365	429.667938	0
[COORD]	1402582758492	'PLANE'	46.518456	6.562365	429.717407	0
[COORD]	1402582758604	'PLANE'	46.518456	6.562365	429.622101	0
[BEACON]	1402582758644	'60:67:20:42:a0:ac'	46.518455510000003	6.5623645780000004	429.6221008	24
[COORD]	1402582758717	'PLANE'	46.518456	6.562365	429.593201	0
[COORD]	1402582758806	'PLANE'	46.518456	6.562362	429.602508	0
[COORD]	1402582758913	'PLANE'	46.518456	6.562362	429.808746	0
[BEACON]	1402582758950	'84:7a:88:07:4c:55'	46.518455510000003	6.5623617169999999	429.8087463	20
[COORD]	1402582759021	'PLANE'	46.518456	6.562361	429.782196	0
[COORD]	1402582759114	'PLANE'	46.518456	6.562361	429.705872	0
[COORD]	1402582759208	'PLANE'	46.518456	6.562361	429.612396	0
[BEACON]	1402582759284	'34:23:ba:99:18:1c'	46.518455510000003	6.5623612400000004	429.61239619999998	22
[COORD]	1402582759327	'PLANE'	46.518459	6.562356	429.563293	0
[BEACON]	1402582759373	'34:23:ba:99:18:1c'	46.518459319999998	6.5623559949999999	429.56329349999999	22
[COORD]	1402582759418	'PLANE'	46.518459	6.562356	429.674652	0
[COORD]	1402582759521	'PLANE'	46.518459	6.562356	429.631592	0
[COORD]	1402582759623	'PLANE'	46.518459	6.562356	429.764954	0
[COORD]	1402582759722	'PLANE'	46.518459	6.562356	429.548401	0
[COORD]	1402582759824	'PLANE'	46.518459	6.562353	429.689819	0
[COORD]	1402582759930	'PLANE'	46.518459	6.562353	429.898071	0
[COORD]	1402582760030	'PLANE'	46.518459	6.562353	429.944672	0
[COORD]	1402582760132	'PLANE'	46.518459	6.562353	429.838745	0
[COORD]	1402582760249	'PLANE'	46.518459	6.562353	429.692261	0
[BEACON]	1402582760300	'00:f4:b9:ed:82:19'	46.518459319999998	6.5623526569999999	429.69226070000002	29
[LOCAL]	1402582760303	'00:f4:b9:ed:82:19'	46.518459	6.562353	
[COORD]	1402582760346	'PLANE'	46.518463	6.562353	429.815308	0
[COORD]	1402582760444	'PLANE'	46.518463	6.562353	429.833221	0
[COORD]	1402582760544	'PLANE'	46.518463	6.562355	429.901764	0
[COORD]	1402582760644	'PLANE'	46.518463	6.562355	429.793121	0
[COORD]	1402582760744	'PLANE'	46.518463	6.562355	429.846069	0
[COORD]	1402582760855	'PLANE'	46.518463	6.562354	429.730652	0
[COORD]	1402582760955	'PLANE'	46.518463	6.562354	429.744385	0
[BEACON]	1402582760977	'54:ea:a8:a4:53:7a'	46.518463130000001	6.5623540880000002	429.74438479999998	20
[COORD]	1402582761068	'PLANE'	46.518463	6.562356	429.824066	0
[BEACON]	1402582761084	'8c:3a:e3:5d:13:3e'	46.518463130000001	6.5623555180000004	429.8240662	22
[COORD]	1402582761170	'PLANE'	46.518463	6.562356	429.923065	0
[COORD]	1402582761267	'PLANE'	46.518463	6.562356	429.777313	0
[COORD]	1402582761363	'PLANE'	46.518463	6.562356	429.732269	0
[COORD]	1402582761464	'PLANE'	46.518463	6.562356	429.859436	0
[COORD]	1402582761565	'PLANE'	46.518463	6.562355	429.781433	0
[COORD]	1402582761665	'PLANE'	46.518463	6.562355	429.865265	0
[COORD]	1402582761770	'PLANE'	46.518463	6.562355	429.787140	0
[COORD]	1402582761877	'PLANE'	46.518463	6.562355	429.738312	0
[COORD]	1402582761971	'PLANE'	46.518463	6.562355	429.677826	0
[COORD]	1402582762078	'PLANE'	46.518463	6.562353	429.681671	0
[COORD]	1402582762178	'PLANE'	46.518463	6.562353	429.639038	0
[COORD]	1402582762284	'PLANE'	46.518463	6.562349	429.545136	0
[COORD]	1402582762382	'PLANE'	46.518463	6.562349	429.596069	0
[COORD]	1402582762485	'PLANE'	46.518463	6.562349	429.645538	0
[COORD]	1402582762588	'PLANE'	46.518463	6.562347	429.618958	0
[COORD]	1402582762690	'PLANE'	46.518463	6.562347	429.597626	0
[COORD]	1402582762798	'PLANE'	46.518463	6.562345	429.525299	0
[COORD]	1402582762898	'PLANE'	46.518463	6.562345	429.693054	0
[COORD]	1402582763001	'PLANE'	46.518463	6.562345	429.571350	0
[COORD]	1402582763100	'PLANE'	46.518463	6.562340	429.644806	0
[COORD]	1402582763204	'PLANE'	46.518463	6.562340	429.853088	0
[COORD]	1402582763304	'PLANE'	46.518463	6.562335	429.762756	0
[COORD]	1402582763406	'PLANE'	46.518463	6.562335	429.685761	0
[COORD]	1402582763508	'PLANE'	46.518463	6.562335	429.724976	0
[COORD]	1402582763611	'PLANE'	46.518463	6.562332	429.608490	0
[COORD]	1402582763714	'PLANE'	46.518463	6.562332	429.618103	0
[COORD]	1402582763815	'PLANE'	46.518463	6.562332	429.490021	0
[COORD]	1402582763917	'PLANE'	46.518463	6.562332	429.516174	0
[COORD]	1402582764024	'PLANE'	46.518459	6.562329	429.597565	0
[COORD]	1402582764121	'PLANE'	46.518459	6.562329	429.836090	0
[COORD]	1402582764235	'PLANE'	46.518459	6.562329	429.657349	0
[COORD]	1402582764328	'PLANE'	46.518459	6.562328	429.625305	0
[COORD]	1402582764430	'PLANE'	46.518459	6.562328	429.675568	0
[BEACON]	1402582764494	'c8:f7:33:74:c4:d5'	46.518459319999998	6.5623278620000001	429.67556760000002	26
[LOCAL]	1402582764497	'c8:f7:33:74:c4:d5'	46.518459	6.562328	
[COORD]	1402582764532	'PLANE'	46.518459	6.562325	429.803680	0
[BEACON]	1402582764572	'c8:f7:33:74:c4:d5'	46.518459319999998	6.562325478	429.80368040000002	26
[LOCAL]	1402582764579	'c8:f7:33:74:c4:d5'	46.518459	6.562327	
[COORD]	1402582764638	'PLANE'	46.518459	6.562325	429.887573	0
[COORD]	1402582764743	'PLANE'	46.518459	6.562325	429.785156	0
[COORD]	1402582764839	'PLANE'	46.518459	6.562326	429.709381	0
[COORD]	1402582764940	'PLANE'	46.518459	6.562326	429.793243	0
[COORD]	1402582765048	'PLANE'	46.518459	6.562325	429.785492	0
[COORD]	1402582765153	'PLANE'	46.518459	6.562325	429.677521	0
[COORD]	1402582765257	'PLANE'	46.518459	6.562325	429.635559	0
[COORD]	1402582765356	'PLANE'	46.518459	6.562326	429.823242	0
[COORD]	1402582765456	'PLANE'	46.518459	6.562326	429.886475	0
[COORD]	1402582765556	'PLANE'	46.518456	6.562328	429.854279	0
[COORD]	1402582765666	'PLANE'	46.518456	6.562328	430.017914	0
[COORD]	1402582765769	'PLANE'	46.518456	6.562328	429.965698	0
[COORD]	1402582765867	'PLANE'	46.518452	6.562326	429.924316	0
[COORD]	1402582765970	'PLANE'	46.518452	6.562326	429.882416	0
[COORD]	1402582766072	'PLANE'	46.518452	6.562326	429.852478	0
[COORD]	1402582766172	'PLANE'	46.518452	6.562326	429.777557	0
[COORD]	1402582766276	'PLANE'	46.518452	6.562326	429.870392	0
[BEACON]	1402582766348	'cc:08:e0:bf:42:61'	46.518451689999999	6.5623259540000003	429.87039179999999	21
[COORD]	1402582766377	'PLANE'	46.518452	6.562323	429.931976	0
[COORD]	1402582766487	'PLANE'	46.518452	6.562323	429.581390	0
[COORD]	1402582766587	'PLANE'	46.518452	6.562322	429.741791	0
[BEACON]	1402582766593	'20:c9:d0:8c:43:c9'	46.518451689999999	6.5623216629999996	429.74179079999999	26
[LOCAL]	1402582766600	'20:c9:d0:8c:43:c9'	46.518452	6.562322	
[COORD]	1402582766696	'PLANE'	46.518452	6.562322	429.819488	0
[COORD]	1402582766790	'PLANE'	46.518452	6.562319	429.802795	0
[BEACON]	1402582766825	'20:c9:d0:8c:43:c9'	46.518451689999999	6.5623192789999996	429.80279539999998	22
[LOCAL]	1402582766832	'20:c9:d0:8c:43:c9'	46.518452	6.562322	
[COORD]	1402582766905	'PLANE'	46.518452	6.562319	429.804871	0
[COORD]	1402582766995	'PLANE'	46.518452	6.562319	429.801453	0
[BEACON]	1402582767038	'44:6d:57:4f:54:96'	46.518451689999999	6.5623192789999996	429.8014526	25
[COORD]	1402582767106	'PLANE'	46.518452	6.562316	429.621765	0
[COORD]	1402582767198	'PLANE'	46.518452	6.562316	429.677460	0
[BEACON]	1402582767238	'44:6d:57:4f:54:96'	46.518451689999999	6.5623159409999996	429.67745969999999	27
[LOCAL]	1402582767245	'44:6d:57:4f:54:96'	46.518452	6.562316	
[COORD]	1402582767310	'PLANE'	46.518452	6.562316	429.569672	0
[COORD]	1402582767400	'PLANE'	46.518452	6.562316	429.628082	0
[BEACON]	1402582767451	'44:6d:57:4f:54:96'	46.518451689999999	6.562316418	429.62808230000002	22
[LOCAL]	1402582767456	'44:6d:57:4f:54:96'	46.518452	6.562316	
[COORD]	1402582767515	'PLANE'	46.518452	6.562316	429.668671	0
[COORD]	1402582767608	'PLANE'	46.518456	6.562312	429.575317	0
[BEACON]	1402582767660	'44:6d:57:4f:54:96'	46.518455510000003	6.5623121260000001	429.57531740000002	27
[LOCAL]	1402582767666	'44:6d:57:4f:54:96'	46.518454	6.562314	
[COORD]	1402582767723	'PLANE'	46.518456	6.562312	429.643372	0
[COORD]	1402582767824	'PLANE'	46.518456	6.562307	429.607544	0
[COORD]	1402582767927	'PLANE'	46.518456	6.562307	429.588287	0
[BEACON]	1402582767930	'c8:f7:33:74:c4:d5'	46.518455510000003	6.562307358	429.58828740000001	23
[LOCAL]	1402582767934	'c8:f7:33:74:c4:d5'	46.518459	6.562327	
[COORD]	1402582768022	'PLANE'	46.518459	6.562303	429.633026	0
[COORD]	1402582768135	'PLANE'	46.518459	6.562303	429.743012	0
[BEACON]	1402582768164	'40:f0:2f:dc:76:2e'	46.518459319999998	6.5623030660000001	429.74301150000002	20
[COORD]	1402582768227	'PLANE'	46.518459	6.562303	429.789795	0
[COORD]	1402582768328	'PLANE'	46.518459	6.562300	429.692535	0
[COORD]	1402582768433	'PLANE'	46.518459	6.562300	429.769562	0
[COORD]	1402582768534	'PLANE'	46.518459	6.562298	429.655731	0
[BEACON]	1402582768580	'60:67:20:a4:af:90'	46.518459319999998	6.562298298	429.65573119999999	26
[LOCAL]	1402582768586	'60:67:20:a4:af:90'	46.518459	6.562298	
[COORD]	1402582768637	'PLANE'	46.518459	6.562298	429.677063	0
[BEACON]	1402582768654	'60:67:20:a4:af:90'	46.518459319999998	6.562298298	429.67706299999998	27
[LOCAL]	1402582768661	'60:67:20:a4:af:90'	46.518459	6.562298	
[BEACON]	1402582768702	'60:67:20:a4:af:90'	46.518459319999998	6.562298298	429.67706299999998	26
[LOCAL]	1402582768710	'60:67:20:a4:af:90'	46.518459	6.562298	
[COORD]	1402582768753	'PLANE'	46.518459	6.562298	429.614471	0
[COORD]	1402582768851	'PLANE'	46.518459	6.562298	429.572327	0
[COORD]	1402582768940	'PLANE'	46.518459	6.562298	429.498810	0
[BEACON]	1402582770356	'54:e4:3a:2c:5c:56'	46.518459319999998	6.5622978209999996	429.4988098	30
[LOCAL]	1402582770366	'54:e4:3a:2c:5c:56'	46.518459	6.562298	
[COORD]	1402582770370	'PLANE'	46.518459	6.562299	429.460815	0
[COORD]	1402582770399	'PLANE'	46.518459	6.562299	429.782562	0
[COORD]	1402582770415	'PLANE'	46.518459	6.562299	429.691162	0
[COORD]	1402582770425	'PLANE'	46.518459	6.562298	429.889648	0
[COORD]	1402582770451	'PLANE'	46.518459	6.562298	429.796814	0
[COORD]	1402582770461	'PLANE'	46.518456	6.562296	429.796082	0
[BEACON]	1402582770478	'c4:85:08:9b:3d:c7'	46.518455510000003	6.5622959139999999	429.79608150000001	33
[LOCAL]	1402582770486	'c4:85:08:9b:3d:c7'	46.518456	6.562296	
[COORD]	1402582770489	'PLANE'	46.518456	6.562296	429.928101	0
[COORD]	1402582770512	'PLANE'	46.518456	6.562297	429.711609	0
[COORD]	1402582770517	'PLANE'	46.518456	6.562297	429.765900	0
[COORD]	1402582770548	'PLANE'	46.518456	6.562297	429.570679	0
[COORD]	1402582770584	'PLANE'	46.518456	6.562298	429.679962	0
[COORD]	1402582770596	'PLANE'	46.518456	6.562298	429.672363	0
[COORD]	1402582770621	'PLANE'	46.518456	6.562298	429.758942	0
[COORD]	1402582770627	'PLANE'	46.518452	6.562299	429.827148	0
[COORD]	1402582770653	'PLANE'	46.518452	6.562299	429.577606	0
[COORD]	1402582770658	'PLANE'	46.518452	6.562300	429.636047	0
[COORD]	1402582770701	'PLANE'	46.518452	6.562300	429.677277	0
[BEACON]	1402582770724	'c4:85:08:9b:3d:c7'	46.518451689999999	6.5622997280000002	429.67727660000003	31
[LOCAL]	1402582770734	'c4:85:08:9b:3d:c7'	46.518454	6.562298	
[COORD]	1402582770786	'PLANE'	46.518452	6.562299	429.640595	0
[BEACON]	1402582770795	'c4:85:08:9b:3d:c7'	46.518451689999999	6.5622987750000004	429.64059450000002	32
[LOCAL]	1402582770803	'c4:85:08:9b:3d:c7'	46.518453	6.562298	
[COORD]	1402582770893	'PLANE'	46.518452	6.562299	429.771179	0
[COORD]	1402582770989	'PLANE'	46.518452	6.562299	429.632965	0
[BEACON]	1402582771059	'c4:85:08:9b:3d:c7'	46.518451689999999	6.5622987750000004	429.63296509999998	30
[LOCAL]	1402582771067	'c4:85:08:9b:3d:c7'	46.518453	6.562298	
[COORD]	1402582771101	'PLANE'	46.518452	6.562301	429.719055	0
[BEACON]	1402582771197	'c4:85:08:9b:3d:c7'	46.518451689999999	6.5623011590000004	429.71905520000001	30
[COORD]	1402582771201	'PLANE'	46.518452	6.562301	429.827698	0
[LOCAL]	1402582771208	'c4:85:08:9b:3d:c7'	46.518453	6.562299	
[BEACON]	1402582771263	'c4:85:08:9b:3d:c7'	46.518451689999999	6.5623011590000004	429.82769780000001	30
[LOCAL]	1402582771272	'c4:85:08:9b:3d:c7'	46.518452	6.562299	
[COORD]	1402582771305	'PLANE'	46.518452	6.562304	429.640503	0
[COORD]	1402582771397	'PLANE'	46.518452	6.562304	429.537353	0
[COORD]	1402582771505	'PLANE'	46.518452	6.562304	429.582703	0
[COORD]	1402582771599	'PLANE'	46.518452	6.562303	429.519043	0
[COORD]	1402582771698	'PLANE'	46.518452	6.562303	429.787872	0
[COORD]	1402582771806	'PLANE'	46.518456	6.562298	429.807007	0
[COORD]	1402582771908	'PLANE'	46.518456	6.562298	429.795990	0
[BEACON]	1402582771934	'c4:85:08:9b:3d:e5'	46.518455510000003	6.5622978209999996	429.79599000000002	24
[BEACON]	1402582772002	'c4:85:08:9b:3d:e5'	46.518455510000003	6.5622978209999996	429.79599000000002	24
[COORD]	1402582772009	'PLANE'	46.518452	6.562298	429.798645	0
[BEACON]	1402582772061	'c4:85:08:9b:3d:e5'	46.518451689999999	6.5622978209999996	429.79864500000002	26
[LOCAL]	1402582772064	'c4:85:08:9b:3d:e5'	46.518452	6.562298	
[COORD]	1402582772125	'PLANE'	46.518452	6.562298	429.845459	0
[COORD]	1402582772216	'PLANE'	46.518452	6.562298	429.918976	0
[COORD]	1402582772317	'PLANE'	46.518452	6.562291	429.803131	0
[COORD]	1402582772419	'PLANE'	46.518452	6.562291	429.666321	0
[COORD]	1402582772517	'PLANE'	46.518452	6.562291	429.680023	0
[COORD]	1402582772623	'PLANE'	46.518452	6.562291	429.721252	0
[COORD]	1402582772735	'PLANE'	46.518452	6.562291	429.688934	0
[COORD]	1402582772827	'PLANE'	46.518448	6.562286	429.692566	0
[COORD]	1402582772931	'PLANE'	46.518448	6.562286	429.660919	0
[COORD]	1402582773034	'PLANE'	46.518448	6.562285	429.742493	0
[COORD]	1402582773132	'PLANE'	46.518448	6.562285	429.734253	0
[COORD]	1402582773235	'PLANE'	46.518448	6.562285	429.788605	0
[COORD]	1402582773339	'PLANE'	46.518448	6.562283	429.700378	0
[COORD]	1402582773440	'PLANE'	46.518448	6.562283	429.786346	0
[COORD]	1402582773541	'PLANE'	46.518448	6.562281	429.649322	0
[COORD]	1402582773645	'PLANE'	46.518448	6.562281	429.630066	0
[COORD]	1402582773746	'PLANE'	46.518448	6.562281	429.605316	0
[COORD]	1402582773852	'PLANE'	46.518448	6.562278	429.489838	0
[BEACON]	1402582773949	'20:02:af:3a:b6:ab'	46.518447879999997	6.5622777939999999	429.48983759999999	20
[COORD]	1402582773980	'PLANE'	46.518448	6.562278	429.585419	0
[COORD]	1402582774065	'PLANE'	46.518448	6.562278	429.549011	0
[COORD]	1402582774170	'PLANE'	46.518448	6.562278	429.734650	0
[COORD]	1402582774265	'PLANE'	46.518444	6.562278	429.776398	0
[COORD]	1402582774365	'PLANE'	46.518444	6.562278	429.649170	0
[COORD]	1402582774470	'PLANE'	46.518444	6.562278	429.486908	0
[COORD]	1402582774565	'PLANE'	46.518444	6.562283	429.590820	0
[COORD]	1402582774671	'PLANE'	46.518444	6.562283	429.577118	0
[COORD]	1402582774769	'PLANE'	46.518444	6.562279	429.786896	0
[COORD]	1402582774882	'PLANE'	46.518444	6.562279	429.725647	0
[COORD]	1402582774978	'PLANE'	46.518444	6.562279	429.666534	0
[COORD]	1402582775083	'PLANE'	46.518440	6.562280	429.575745	0
[COORD]	1402582775183	'PLANE'	46.518440	6.562280	429.554382	0
[COORD]	1402582775285	'PLANE'	46.518440	6.562283	429.527100	0
[COORD]	1402582775385	'PLANE'	46.518440	6.562283	429.640533	0
[COORD]	1402582775488	'PLANE'	46.518440	6.562283	429.629547	0
[COORD]	1402582775589	'PLANE'	46.518440	6.562282	429.532654	0
[COORD]	1402582775697	'PLANE'	46.518440	6.562282	429.580078	0
[BEACON]	1402582775742	'60:21:c0:37:2b:4d'	46.518440249999998	6.5622820849999997	429.58007809999998	23
[COORD]	1402582775799	'PLANE'	46.518440	6.562281	429.597168	0
[COORD]	1402582775927	'PLANE'	46.518440	6.562281	429.646606	0
[COORD]	1402582776013	'PLANE'	46.518440	6.562278	429.703125	0
[COORD]	1402582776122	'PLANE'	46.518440	6.562278	429.563568	0
[COORD]	1402582776214	'PLANE'	46.518440	6.562278	429.517487	0
[COORD]	1402582776308	'PLANE'	46.518440	6.562280	429.515686	0
[COORD]	1402582776427	'PLANE'	46.518440	6.562280	429.456573	0
[COORD]	1402582776533	'PLANE'	46.518436	6.562278	429.510803	0
[COORD]	1402582776631	'PLANE'	46.518436	6.562278	429.732849	0
[COORD]	1402582776733	'PLANE'	46.518436	6.562278	429.585663	0
[COORD]	1402582776825	'PLANE'	46.518436	6.562278	429.629822	0
[COORD]	1402582776934	'PLANE'	46.518436	6.562278	429.692444	0
[COORD]	1402582777034	'PLANE'	46.518436	6.562278	429.525940	0
[COORD]	1402582777127	'PLANE'	46.518436	6.562278	429.428314	0
[COORD]	1402582777243	'PLANE'	46.518436	6.562278	429.463409	0
[COORD]	1402582777329	'PLANE'	46.518436	6.562274	429.408905	0
[COORD]	1402582777436	'PLANE'	46.518436	6.562274	429.518189	0
[COORD]	1402582777559	'PLANE'	46.518436	6.562270	429.556915	0
[COORD]	1402582777653	'PLANE'	46.518436	6.562270	429.574097	0
[BEACON]	1402582777758	'40:b0:fa:be:89:e6'	46.518436430000001	6.5622696879999998	429.57409669999998	34
[COORD]	1402582777772	'PLANE'	46.518436	6.562270	429.678619	0
[LOCAL]	1402582777775	'40:b0:fa:be:89:e6'	46.518436	6.562270	
[COORD]	1402582777854	'PLANE'	46.518433	6.562267	429.567688	0
[COORD]	1402582777969	'PLANE'	46.518433	6.562267	429.604797	0
[COORD]	1402582778063	'PLANE'	46.518433	6.562270	429.613251	0
[COORD]	1402582778163	'PLANE'	46.518433	6.562270	429.556213	0
[BEACON]	1402582778235	'40:b0:fa:be:89:e6'	46.518432619999999	6.5622701640000001	429.55621339999999	34
[COORD]	1402582778256	'PLANE'	46.518433	6.562268	429.481262	0
[LOCAL]	1402582778263	'40:b0:fa:be:89:e6'	46.518435	6.562270	
[COORD]	1402582778382	'PLANE'	46.518433	6.562268	429.509430	0
[COORD]	1402582778467	'PLANE'	46.518433	6.562268	429.532135	0
[COORD]	1402582778560	'PLANE'	46.518429	6.562267	429.575592	0
[BEACON]	1402582778625	'40:b0:fa:be:89:e6'	46.518428800000002	6.5622673029999996	429.57559199999997	33
[LOCAL]	1402582778639	'40:b0:fa:be:89:e6'	46.518433	6.562269	
[COORD]	1402582778666	'PLANE'	46.518429	6.562267	429.675995	0
[COORD]	1402582778787	'PLANE'	46.518429	6.562265	429.609650	0
[COORD]	1402582778873	'PLANE'	46.518429	6.562265	429.749176	0
[COORD]	1402582778979	'PLANE'	46.518429	6.562265	429.784912	0
[COORD]	1402582779099	'PLANE'	46.518429	6.562260	429.574524	0
[COORD]	1402582779181	'PLANE'	46.518429	6.562260	429.582764	0
[COORD]	1402582779294	'PLANE'	46.518425	6.562261	429.410309	0
[BEACON]	1402582779316	'40:b0:fa:be:89:e6'	46.51842499	6.5622606279999998	429.4103088	33
[LOCAL]	1402582779323	'40:b0:fa:be:89:e6'	46.518431	6.562267	
[COORD]	1402582779401	'PLANE'	46.518425	6.562261	429.521606	0
[COORD]	1402582779493	'PLANE'	46.518425	6.562261	429.487885	0
[COORD]	1402582779585	'PLANE'	46.518425	6.562257	429.400726	0
[COORD]	1402582779702	'PLANE'	46.518425	6.562257	429.380859	0
[BEACON]	1402582779731	'24:77:03:52:a3:14'	46.51842499	6.5622568130000003	429.38085940000002	31
[LOCAL]	1402582779734	'24:77:03:52:a3:14'	46.518425	6.562257	
[COORD]	1402582779794	'PLANE'	46.518425	6.562252	429.380402	0
[COORD]	1402582779911	'PLANE'	46.518425	6.562252	429.295898	0
[BEACON]	1402582779964	'24:77:03:52:a3:14'	46.51842499	6.5622520450000001	429.2958984	30
[LOCAL]	1402582779975	'24:77:03:52:a3:14'	46.518425	6.562254	
[COORD]	1402582779996	'PLANE'	46.518425	6.562252	429.390137	0
[COORD]	1402582780103	'PLANE'	46.518421	6.562253	429.443115	0
[BEACON]	1402582780119	'24:77:03:52:a3:14'	46.518421170000003	6.5622525219999996	429.44311520000002	29
[LOCAL]	1402582780132	'24:77:03:52:a3:14'	46.518424	6.562254	
[COORD]	1402582780197	'PLANE'	46.518421	6.562253	429.537994	0
[COORD]	1402582780314	'PLANE'	46.518421	6.562247	429.437622	0
[COORD]	1402582780407	'PLANE'	46.518421	6.562247	429.425903	0
[COORD]	1402582780521	'PLANE'	46.518421	6.562247	429.522797	0
[COORD]	1402582780614	'PLANE'	46.518421	6.562243	429.419769	0
[COORD]	1402582780725	'PLANE'	46.518421	6.562243	429.351715	0
[BEACON]	1402582780758	'24:77:03:52:a3:14'	46.518421170000003	6.5622434619999996	429.35171509999998	31
[LOCAL]	1402582780769	'24:77:03:52:a3:14'	46.518423	6.562251	
[COORD]	1402582780816	'PLANE'	46.518421	6.562240	429.168457	0
[COORD]	1402582780944	'PLANE'	46.518421	6.562240	429.420136	0
[BEACON]	1402582781022	'24:77:03:52:a3:14'	46.518421170000003	6.5622401239999997	429.42013550000001	31
[COORD]	1402582781029	'PLANE'	46.518421	6.562236	429.487579	0
[LOCAL]	1402582781041	'24:77:03:52:a3:14'	46.518423	6.562248	
[COORD]	1402582781143	'PLANE'	46.518421	6.562236	429.325989	0
[BEACON]	1402582781179	'24:77:03:52:a3:14'	46.518421170000003	6.5622358319999998	429.3259888	31
[LOCAL]	1402582781196	'24:77:03:52:a3:14'	46.518422	6.562246	
[COORD]	1402582781232	'PLANE'	46.518421	6.562236	429.491028	0
[COORD]	1402582781329	'PLANE'	46.518421	6.562229	429.495850	0
[COORD]	1402582781434	'PLANE'	46.518421	6.562229	429.456665	0
[COORD]	1402582781557	'PLANE'	46.518421	6.562228	429.409515	0
[COORD]	1402582781653	'PLANE'	46.518421	6.562228	429.349701	0
[COORD]	1402582781735	'PLANE'	46.518421	6.562228	429.458313	0
[COORD]	1402582781856	'PLANE'	46.518421	6.562226	429.622498	0
[COORD]	1402582781952	'PLANE'	46.518421	6.562226	429.627289	0
[COORD]	1402582782055	'PLANE'	46.518421	6.562224	429.340637	0
[COORD]	1402582782148	'PLANE'	46.518421	6.562224	429.247803	0
[COORD]	1402582782255	'PLANE'	46.518421	6.562224	429.216858	0
[COORD]	1402582782358	'PLANE'	46.518421	6.562225	429.219879	0
[COORD]	1402582782463	'PLANE'	46.518421	6.562225	429.145630	0
[COORD]	1402582782556	'PLANE'	46.518421	6.562222	429.447662	0
[BEACON]	1402582782640	'00:27:10:46:de:1c'	46.518421170000003	6.5622224810000001	429.44766240000001	25
[COORD]	1402582782664	'PLANE'	46.518421	6.562222	429.502655	0
[COORD]	1402582782785	'PLANE'	46.518421	6.562220	429.327972	0
[COORD]	1402582782865	'PLANE'	46.518421	6.562220	429.330048	0
[BEACON]	1402582782898	'00:27:10:46:de:1c'	46.518421170000003	6.562220097	429.3300476	23
[COORD]	1402582782982	'PLANE'	46.518421	6.562220	429.424225	0
[BEACON]	1402582783029	'00:27:10:46:de:1c'	46.518421170000003	6.562220097	429.42422490000001	24
[COORD]	1402582783074	'PLANE'	46.518421	6.562221	429.304230	0
[COORD]	1402582783173	'PLANE'	46.518421	6.562221	429.366089	0
[COORD]	1402582783283	'PLANE'	46.518421	6.562222	429.380615	0
[COORD]	1402582783389	'PLANE'	46.518421	6.562222	429.529785	0
[COORD]	1402582783499	'PLANE'	46.518421	6.562222	429.547668	0
[COORD]	1402582783577	'PLANE'	46.518421	6.562226	429.431397	0
[COORD]	1402582783690	'PLANE'	46.518421	6.562226	429.269165	0
[COORD]	1402582783783	'PLANE'	46.518421	6.562226	429.383179	0
[COORD]	1402582783898	'PLANE'	46.518421	6.562226	429.530334	0
[COORD]	1402582783993	'PLANE'	46.518421	6.562226	429.452606	0
[COORD]	1402582784102	'PLANE'	46.518417	6.562228	429.396088	0
[COORD]	1402582784195	'PLANE'	46.518417	6.562228	429.429749	0
[COORD]	1402582784310	'PLANE'	46.518417	6.562226	429.285767	0
[COORD]	1402582784406	'PLANE'	46.518417	6.562226	429.375793	0
[COORD]	1402582784510	'PLANE'	46.518417	6.562226	429.421875	0
[COORD]	1402582784604	'PLANE'	46.518417	6.562224	429.309906	0
[COORD]	1402582784720	'PLANE'	46.518417	6.562224	429.215057	0
[COORD]	1402582784806	'PLANE'	46.518417	6.562222	429.067230	0
[COORD]	1402582784926	'PLANE'	46.518417	6.562222	429.182037	0
[COORD]	1402582785013	'PLANE'	46.518414	6.562221	429.226013	0
[COORD]	1402582785120	'PLANE'	46.518414	6.562221	429.091248	0
[COORD]	1402582785221	'PLANE'	46.518414	6.562221	429.184082	0
[COORD]	1402582785319	'PLANE'	46.518414	6.562221	429.458404	0
[COORD]	1402582785424	'PLANE'	46.518414	6.562221	429.312622	0
[COORD]	1402582785527	'PLANE'	46.518414	6.562219	429.378754	0
[COORD]	1402582785638	'PLANE'	46.518414	6.562219	429.431061	0
[COORD]	1402582785726	'PLANE'	46.518414	6.562219	429.384338	0
[COORD]	1402582785867	'PLANE'	46.518414	6.562220	429.257599	0
[BEACON]	1402582785887	'34:23:ba:de:ab:8c'	46.518413539999997	6.562220097	429.2575989	27
[LOCAL]	1402582785901	'34:23:ba:de:ab:8c'	46.518414	6.562220	
[COORD]	1402582785935	'PLANE'	46.518414	6.562220	429.196442	0
[COORD]	1402582786076	'PLANE'	46.518414	6.562216	429.255646	0
[COORD]	1402582786145	'PLANE'	46.518414	6.562216	429.327148	0
[COORD]	1402582786259	'PLANE'	46.518414	6.562216	429.371155	0
[COORD]	1402582786353	'PLANE'	46.518414	6.562214	429.302704	0
[BEACON]	1402582786439	'00:21:5d:9c:8d:b6'	46.518413539999997	6.5622143749999999	429.30270389999998	33
[LOCAL]	1402582786462	'00:21:5d:9c:8d:b6'	46.518414	6.562214	
[COORD]	1402582786468	'PLANE'	46.518414	6.562214	429.222229	0
[COORD]	1402582786554	'PLANE'	46.518414	6.562219	429.184235	0
[COORD]	1402582786663	'PLANE'	46.518414	6.562219	429.017151	0
[COORD]	1402582786774	'PLANE'	46.518417	6.562217	429.089722	0
[BEACON]	1402582786843	'00:21:5d:9c:8d:b6'	46.518417360000001	6.5622172360000004	429.08972169999998	38
[COORD]	1402582786863	'PLANE'	46.518417	6.562217	429.289093	0
[LOCAL]	1402582786869	'00:21:5d:9c:8d:b6'	46.518416	6.562216	
[COORD]	1402582786981	'PLANE'	46.518417	6.562217	429.356476	0
[COORD]	1402582787072	'PLANE'	46.518417	6.562216	429.228088	0
[COORD]	1402582787166	'PLANE'	46.518417	6.562216	429.186096	0
[BEACON]	1402582787273	'00:21:5d:9c:8d:b6'	46.518417360000001	6.5622162819999996	429.18609620000001	38
[COORD]	1402582787281	'PLANE'	46.518421	6.562211	429.083679	0
[LOCAL]	1402582787293	'00:21:5d:9c:8d:b6'	46.518418	6.562214	
[COORD]	1402582787368	'PLANE'	46.518421	6.562211	429.186798	0
[COORD]	1402582787476	'PLANE'	46.518421	6.562211	429.179230	0
[COORD]	1402582787591	'PLANE'	46.518421	6.562209	429.026886	0
[COORD]	1402582787681	'PLANE'	46.518421	6.562209	429.163727	0
[BEACON]	1402582787743	'c4:85:08:9b:3d:e5'	46.518421170000003	6.5622091290000002	429.16372680000001	24
[LOCAL]	1402582788568	'c4:85:08:9b:3d:e5'	46.518452	6.562298	
[COORD]	1402582788570	'PLANE'	46.518421	6.562208	429.203430	0
[COORD]	1402582788596	'PLANE'	46.518421	6.562208	429.032257	0
[COORD]	1402582788639	'PLANE'	46.518421	6.562208	429.055664	0
[COORD]	1402582788662	'PLANE'	46.518421	6.562205	428.983643	0
[COORD]	1402582788682	'PLANE'	46.518421	6.562205	429.174744	0
[COORD]	1402582788712	'PLANE'	46.518421	6.562209	429.136139	0
[COORD]	1402582788727	'PLANE'	46.518421	6.562209	429.104553	0
[COORD]	1402582788775	'PLANE'	46.518421	6.562209	429.121063	0
[COORD]	1402582788821	'PLANE'	46.518417	6.562205	429.189789	0
[COORD]	1402582788844	'PLANE'	46.518417	6.562205	429.139618	0
[COORD]	1402582788857	'PLANE'	46.518414	6.562207	429.185791	0
[COORD]	1402582788912	'PLANE'	46.518414	6.562207	429.218750	0
[COORD]	1402582789005	'PLANE'	46.518414	6.562211	428.984283	0
[COORD]	1402582789135	'PLANE'	46.518414	6.562211	429.055115	0
[BEACON]	1402582789144	'80:9b:20:3c:06:14'	46.518413539999997	6.5622105599999996	429.05511469999999	19
[COORD]	1402582789211	'PLANE'	46.518414	6.562211	429.017334	0
[COORD]	1402582789333	'PLANE'	46.518414	6.562212	428.899017	0
[COORD]	1402582789428	'PLANE'	46.518414	6.562212	429.045471	0
[BEACON]	1402582789535	'60:67:20:d7:88:48'	46.518413539999997	6.5622115140000004	429.04547120000001	28
[COORD]	1402582789544	'PLANE'	46.518410	6.562206	428.995056	0
[LOCAL]	1402582789555	'60:67:20:d7:88:48'	46.518410	6.562206	
[COORD]	1402582789623	'PLANE'	46.518410	6.562206	429.050049	0
[BEACON]	1402582789669	'04:1e:64:09:59:5e'	46.518409730000002	6.5622057910000002	429.05004880000001	30
[LOCAL]	1402582789685	'04:1e:64:09:59:5e'	46.518410	6.562206	
[COORD]	1402582789740	'PLANE'	46.518410	6.562206	429.009522	0
[COORD]	1402582789832	'PLANE'	46.518410	6.562200	429.146301	0
[BEACON]	1402582789839	'04:1e:64:09:59:5e'	46.518409730000002	6.5622057910000002	429.00952150000001	31
[LOCAL]	1402582789848	'04:1e:64:09:59:5e'	46.518410	6.562203	
[COORD]	1402582789924	'PLANE'	46.518410	6.562200	429.076172	0
[BEACON]	1402582790001	'04:1e:64:09:59:5e'	46.518409730000002	6.5621995929999999	429.07617190000002	31
[LOCAL]	1402582790013	'04:1e:64:09:59:5e'	46.518410	6.562202	
[COORD]	1402582790041	'PLANE'	46.518414	6.562196	428.984283	0
[COORD]	1402582790132	'PLANE'	46.518414	6.562196	429.035858	0
[COORD]	1402582790233	'PLANE'	46.518414	6.562196	429.198120	0
[COORD]	1402582790348	'PLANE'	46.518414	6.562185	429.155273	0
[COORD]	1402582790442	'PLANE'	46.518414	6.562185	429.174469	0
[COORD]	1402582790554	'PLANE'	46.518410	6.562180	429.146057	0
[COORD]	1402582790662	'PLANE'	46.518410	6.562180	429.084198	0
[COORD]	1402582790759	'PLANE'	46.518410	6.562180	429.007874	0
[COORD]	1402582790850	'PLANE'	46.518410	6.562176	429.055176	0
[COORD]	1402582790947	'PLANE'	46.518410	6.562176	429.161774	0
[COORD]	1402582791062	'PLANE'	46.518410	6.562172	428.957306	0
[COORD]	1402582791154	'PLANE'	46.518410	6.562172	428.999237	0
[COORD]	1402582791278	'PLANE'	46.518410	6.562167	429.071716	0
[COORD]	1402582791363	'PLANE'	46.518410	6.562167	428.923828	0
[COORD]	1402582791472	'PLANE'	46.518410	6.562167	429.003632	0
[COORD]	1402582791583	'PLANE'	46.518410	6.562159	429.019073	0
[COORD]	1402582791678	'PLANE'	46.518410	6.562159	429.062408	0
[COORD]	1402582791773	'PLANE'	46.518410	6.562153	428.938446	0
[COORD]	1402582791872	'PLANE'	46.518410	6.562153	428.972870	0
[COORD]	1402582791981	'PLANE'	46.518410	6.562153	429.016876	0
[COORD]	1402582792098	'PLANE'	46.518406	6.562151	429.105133	0
[COORD]	1402582792189	'PLANE'	46.518406	6.562151	428.996490	0
[COORD]	1402582792294	'PLANE'	46.518406	6.562153	429.097290	0
[COORD]	1402582792382	'PLANE'	46.518406	6.562153	429.060883	0
[COORD]	1402582792497	'PLANE'	46.518406	6.562153	429.055389	0
[COORD]	1402582792591	'PLANE'	46.518406	6.562154	429.092041	0
[COORD]	1402582792694	'PLANE'	46.518406	6.562154	429.043945	0
[COORD]	1402582792792	'PLANE'	46.518406	6.562153	429.031677	0
[COORD]	1402582792901	'PLANE'	46.518406	6.562153	429.077759	0
[COORD]	1402582793012	'PLANE'	46.518406	6.562153	429.016602	0
[COORD]	1402582793114	'PLANE'	46.518406	6.562152	428.996368	0
[COORD]	1402582793202	'PLANE'	46.518406	6.562152	429.034912	0
[COORD]	1402582793318	'PLANE'	46.518406	6.562151	429.147003	0
[COORD]	1402582793411	'PLANE'	46.518406	6.562151	428.930481	0
[COORD]	1402582793528	'PLANE'	46.518406	6.562147	428.836243	0
[COORD]	1402582793612	'PLANE'	46.518406	6.562147	428.871338	0
[COORD]	1402582793727	'PLANE'	46.518406	6.562147	428.879578	0
[COORD]	1402582793821	'PLANE'	46.518402	6.562146	428.801086	0
[COORD]	1402582793926	'PLANE'	46.518402	6.562146	428.779083	0
[COORD]	1402582794028	'PLANE'	46.518402	6.562146	428.667572	0
[COORD]	1402582794123	'PLANE'	46.518402	6.562146	428.657959	0
[COORD]	1402582794240	'PLANE'	46.518402	6.562146	428.697846	0
[BEACON]	1402582794305	'00:08:ca:72:f7:a5'	46.518402100000003	6.5621461869999997	428.69784550000003	25
[COORD]	1402582794334	'PLANE'	46.518402	6.562146	428.798676	0
[COORD]	1402582794450	'PLANE'	46.518402	6.562146	428.798645	0
[COORD]	1402582794541	'PLANE'	46.518402	6.562145	428.835907	0
[BEACON]	1402582794598	'00:08:ca:72:f7:a5'	46.518402100000003	6.5621447560000004	428.83590700000002	23
[COORD]	1402582794647	'PLANE'	46.518402	6.562145	428.981628	0
[COORD]	1402582794756	'PLANE'	46.518402	6.562145	429.007080	0
[COORD]	1402582794843	'PLANE'	46.518398	6.562143	428.959228	0
[COORD]	1402582794974	'PLANE'	46.518398	6.562143	428.924164	0
[COORD]	1402582795059	'PLANE'	46.518398	6.562147	428.857849	0
[COORD]	1402582795155	'PLANE'	46.518398	6.562147	429.105347	0
[COORD]	1402582795260	'PLANE'	46.518398	6.562147	429.079224	0
[COORD]	1402582795354	'PLANE'	46.518398	6.562149	428.830689	0
[COORD]	1402582795473	'PLANE'	46.518398	6.562149	428.796997	0
[COORD]	1402582795570	'PLANE'	46.518398	6.562152	428.692139	0
[COORD]	1402582795660	'PLANE'	46.518398	6.562152	428.690094	0
[COORD]	1402582795770	'PLANE'	46.518398	6.562152	428.647492	0
[COORD]	1402582795865	'PLANE'	46.518398	6.562152	428.578735	0
[COORD]	1402582795981	'PLANE'	46.518398	6.562152	428.659180	0
[COORD]	1402582796086	'PLANE'	46.518398	6.562147	428.583923	0
[BEACON]	1402582796100	'b8:ee:65:18:32:d2'	46.51839828	6.5621466640000001	428.58392329999998	30
[LOCAL]	1402582796103	'b8:ee:65:18:32:d2'	46.518398	6.562147	
[COORD]	1402582796212	'PLANE'	46.518398	6.562147	428.571564	0
[BEACON]	1402582796267	'b8:ee:65:18:32:d2'	46.51839828	6.5621466640000001	428.57156370000001	25
[COORD]	1402582796282	'PLANE'	46.518398	6.562148	428.572113	0
[LOCAL]	1402582796295	'b8:ee:65:18:32:d2'	46.518398	6.562147	
[COORD]	1402582796400	'PLANE'	46.518398	6.562148	428.535004	0
[BEACON]	1402582796411	'4c:80:93:66:59:f9'	46.51839828	6.5621476169999999	428.5350037	34
[LOCAL]	1402582796426	'4c:80:93:66:59:f9'	46.518398	6.562148	
[COORD]	1402582796507	'PLANE'	46.518398	6.562148	428.616119	0
[BEACON]	1402582796541	'4c:80:93:66:59:f9'	46.51839828	6.5621476169999999	428.6161194	31
[LOCAL]	1402582796552	'4c:80:93:66:59:f9'	46.518398	6.562148	
[COORD]	1402582796587	'PLANE'	46.518398	6.562149	428.697449	0
[COORD]	1402582796699	'PLANE'	46.518398	6.562149	428.740753	0
[COORD]	1402582796790	'PLANE'	46.518398	6.562151	428.736664	0
[COORD]	1402582796904	'PLANE'	46.518398	6.562151	428.669220	0
[COORD]	1402582797000	'PLANE'	46.518398	6.562151	428.659546	0
[COORD]	1402582797094	'PLANE'	46.518394	6.562152	428.596435	0
[COORD]	1402582797201	'PLANE'	46.518394	6.562152	428.575134	0
[COORD]	1402582797312	'PLANE'	46.518394	6.562153	428.484619	0
[COORD]	1402582797409	'PLANE'	46.518394	6.562153	428.508637	0
[COORD]	1402582797501	'PLANE'	46.518394	6.562153	428.443359	0
[COORD]	1402582797617	'PLANE'	46.518391	6.562155	428.439850	0
[COORD]	1402582797711	'PLANE'	46.518391	6.562155	428.340851	0
[COORD]	1402582797819	'PLANE'	46.518391	6.562158	428.381500	0
[COORD]	1402582797928	'PLANE'	46.518391	6.562158	428.296967	0
[COORD]	1402582798021	'PLANE'	46.518387	6.562160	428.330231	0
[COORD]	1402582798124	'PLANE'	46.518387	6.562160	428.330231	0
[COORD]	1402582798255	'PLANE'	46.518387	6.562160	428.190674	0
[BEACON]	1402582798308	'8c:a9:82:53:27:74'	46.518386839999998	6.5621600149999999	428.19067380000001	26
[LOCAL]	1402582798324	'8c:a9:82:53:27:74'	46.518387	6.562161	
[COORD]	1402582798327	'PLANE'	46.518387	6.562161	428.387390	0
[COORD]	1402582798454	'PLANE'	46.518387	6.562161	428.455475	0
[COORD]	1402582798525	'PLANE'	46.518387	6.562164	428.366974	0
[BEACON]	1402582798548	'fc:f8:ae:cc:41:5b'	46.518386839999998	6.5621643069999998	428.3669739	29
[LOCAL]	1402582798550	'fc:f8:ae:cc:41:5b'	46.518387	6.562164	
[COORD]	1402582798653	'PLANE'	46.518387	6.562164	428.382111	0
[BEACON]	1402582798690	'fc:f8:ae:cc:41:5b'	46.518386839999998	6.5621643069999998	428.38211059999998	28
[LOCAL]	1402582798708	'fc:f8:ae:cc:41:5b'	46.518387	6.562164	
[COORD]	1402582798760	'PLANE'	46.518387	6.562164	428.609009	0
[COORD]	1402582798911	'PLANE'	46.518383	6.562165	428.321137	0
[COORD]	1402582798972	'PLANE'	46.518383	6.562165	428.473755	0
[COORD]	1402582799095	'PLANE'	46.518383	6.562165	428.528320	0
[COORD]	1402582799300	'PLANE'	46.518383	6.562165	428.580597	0
[COORD]	1402582799378	'PLANE'	46.518383	6.562165	428.529144	0
[COORD]	1402582799498	'PLANE'	46.518383	6.562165	428.338654	0
[COORD]	1402582800242	'PLANE'	46.518383	6.562165	428.262940	0
[COORD]	1402582800261	'PLANE'	46.518383	6.562165	428.150879	0
[COORD]	1402582800288	'PLANE'	46.518383	6.562166	428.239227	0
[COORD]	1402582800292	'PLANE'	46.518383	6.562166	428.335571	0
[COORD]	1402582800317	'PLANE'	46.518383	6.562166	428.170593	0
[COORD]	1402582800320	'PLANE'	46.518383	6.562164	428.159607	0
[COORD]	1402582800324	'PLANE'	46.518383	6.562164	428.149963	0
[COORD]	1402582800349	'PLANE'	46.518383	6.562162	428.131836	0
[COORD]	1402582800380	'PLANE'	46.518383	6.562162	428.081696	0
[COORD]	1402582800498	'PLANE'	46.518383	6.562162	428.203400	0
[COORD]	1402582800581	'PLANE'	46.518379	6.562165	428.217163	0
[COORD]	1402582800695	'PLANE'	46.518379	6.562165	428.165588	0
[COORD]	1402582800788	'PLANE'	46.518379	6.562167	428.148956	0
[COORD]	1402582800884	'PLANE'	46.518379	6.562167	428.265869	0
[COORD]	1402582801007	'PLANE'	46.518379	6.562167	428.223267	0
[COORD]	1402582801092	'PLANE'	46.518375	6.562168	428.241821	0
[COORD]	1402582801200	'PLANE'	46.518375	6.562168	428.243927	0
[BEACON]	1402582801265	'c4:85:08:30:81:a3'	46.518375399999996	6.562168121	428.24392699999999	25
[COORD]	1402582801292	'PLANE'	46.518375	6.562169	428.295044	0
[BEACON]	1402582801377	'c4:85:08:30:81:a3'	46.518375399999996	6.5621690749999999	428.2950439	26
[LOCAL]	1402582801380	'c4:85:08:30:81:a3'	46.518375	6.562169	
[COORD]	1402582801414	'PLANE'	46.518375	6.562169	428.372070	0
[COORD]	1402582801499	'PLANE'	46.518375	6.562169	428.216705	0
[COORD]	1402582801650	'PLANE'	46.518379	6.562170	428.297485	0
[COORD]	1402582801713	'PLANE'	46.518379	6.562170	428.176483	0
[COORD]	1402582801849	'PLANE'	46.518379	6.562171	428.219238	0
[COORD]	1402582801930	'PLANE'	46.518379	6.562171	428.299683	0
[COORD]	1402582802023	'PLANE'	46.518375	6.562174	428.207886	0
[BEACON]	1402582802028	'c4:85:08:9b:3d:e5'	46.518375399999996	6.5621738430000001	428.20788570000002	25
[LOCAL]	1402582802042	'c4:85:08:9b:3d:e5'	46.518452	6.562298	
[COORD]	1402582802141	'PLANE'	46.518375	6.562174	428.182434	0
[COORD]	1402582802229	'PLANE'	46.518375	6.562174	428.196167	0
[COORD]	1402582802337	'PLANE'	46.518375	6.562175	428.148834	0
[COORD]	1402582802437	'PLANE'	46.518375	6.562175	428.071838	0
[COORD]	1402582802536	'PLANE'	46.518372	6.562173	428.123566	0
[COORD]	1402582802639	'PLANE'	46.518372	6.562173	428.151093	0
[COORD]	1402582802731	'PLANE'	46.518372	6.562173	428.063110	0
[BEACON]	1402582802758	'98:f0:ab:0e:0e:c4'	46.51837158	6.5621728900000003	428.06311040000003	49
[LOCAL]	1402582802760	'98:f0:ab:0e:0e:c4'	46.518372	6.562173	
[COORD]	1402582802849	'PLANE'	46.518372	6.562175	428.074677	0
[COORD]	1402582802940	'PLANE'	46.518372	6.562175	427.942047	0
[COORD]	1402582803049	'PLANE'	46.518372	6.562175	427.954559	0
[COORD]	1402582803147	'PLANE'	46.518372	6.562175	427.919525	0
[COORD]	1402582803242	'PLANE'	46.518372	6.562175	427.744202	0
[COORD]	1402582803348	'PLANE'	46.518368	6.562176	427.717895	0
[COORD]	1402582803441	'PLANE'	46.518368	6.562176	427.766724	0
[COORD]	1402582803558	'PLANE'	46.518368	6.562179	427.838837	0
[COORD]	1402582803650	'PLANE'	46.518368	6.562179	427.962616	0
[COORD]	1402582803760	'PLANE'	46.518368	6.562181	427.788330	0
[COORD]	1402582803879	'PLANE'	46.518368	6.562181	427.920319	0
[COORD]	1402582803960	'PLANE'	46.518368	6.562181	428.003510	0
[COORD]	1402582804076	'PLANE'	46.518368	6.562183	427.986664	0
[COORD]	1402582804172	'PLANE'	46.518368	6.562183	428.036163	0
[COORD]	1402582804265	'PLANE'	46.518368	6.562185	427.883026	0
[BEACON]	1402582804274	'e0:f8:47:31:43:94'	46.518367769999998	6.5621848109999998	427.8830261	33
[LOCAL]	1402582804291	'e0:f8:47:31:43:94'	46.518368	6.562185	
[COORD]	1402582804380	'PLANE'	46.518368	6.562185	427.904327	0
[BEACON]	1402582804432	'e0:f8:47:31:43:94'	46.518367769999998	6.5621848109999998	427.9043274	33
[LOCAL]	1402582804447	'e0:f8:47:31:43:94'	46.518368	6.562185	
[COORD]	1402582804493	'PLANE'	46.518368	6.562185	427.946258	0
[COORD]	1402582804580	'PLANE'	46.518368	6.562187	428.023834	0
[BEACON]	1402582807053	'e0:f8:47:31:43:94'	46.518367769999998	6.5621871949999999	428.02383420000001	34
[LOCAL]	1402582807077	'e0:f8:47:31:43:94'	46.518368	6.562186	
[COORD]	1402582807080	'PLANE'	46.518368	6.562187	427.977051	0
[COORD]	1402582807107	'PLANE'	46.518368	6.562189	427.846283	0
[COORD]	1402582807111	'PLANE'	46.518368	6.562189	427.849762	0
[COORD]	1402582807153	'PLANE'	46.518368	6.562189	428.044342	0
[COORD]	1402582807188	'PLANE'	46.518368	6.562186	427.843628	0
[COORD]	1402582807202	'PLANE'	46.518368	6.562186	427.840149	0
[COORD]	1402582807246	'PLANE'	46.518364	6.562185	427.924500	0
[COORD]	1402582807286	'PLANE'	46.518364	6.562185	427.945770	0
[COORD]	1402582807299	'PLANE'	46.518364	6.562185	427.882507	0
[BEACON]	1402582807304	'e0:f8:47:31:43:94'	46.518363950000001	6.5621852870000001	427.88250729999999	34
[COORD]	1402582807332	'PLANE'	46.518368	6.562184	427.757111	0
[LOCAL]	1402582807337	'e0:f8:47:31:43:94'	46.518367	6.562186	
[COORD]	1402582807361	'PLANE'	46.518368	6.562184	427.903565	0
[COORD]	1402582807387	'PLANE'	46.518364	6.562186	428.024445	0
[COORD]	1402582807391	'PLANE'	46.518364	6.562186	427.902740	0
[COORD]	1402582807406	'PLANE'	46.518364	6.562188	427.884369	0
[COORD]	1402582807451	'PLANE'	46.518364	6.562188	427.880219	0
[COORD]	1402582807471	'PLANE'	46.518364	6.562188	427.895355	0
[COORD]	1402582807478	'PLANE'	46.518364	6.562190	427.861572	0
[COORD]	1402582807507	'PLANE'	46.518364	6.562190	427.789368	0
[COORD]	1402582807511	'PLANE'	46.518364	6.562191	427.765320	0
[BEACON]	1402582807517	'e0:f8:47:31:43:94'	46.518363950000001	6.5621914859999997	427.76531979999999	33
[LOCAL]	1402582807545	'e0:f8:47:31:43:94'	46.518366	6.562187	
[COORD]	1402582807560	'PLANE'	46.518364	6.562191	427.612000	0
[COORD]	1402582807615	'PLANE'	46.518364	6.562191	427.587189	0
[COORD]	1402582807650	'PLANE'	46.518364	6.562192	427.525238	0
[COORD]	1402582807685	'PLANE'	46.518364	6.562192	427.757629	0
[COORD]	1402582807708	'PLANE'	46.518364	6.562194	427.733612	0
[COORD]	1402582807719	'PLANE'	46.518364	6.562194	427.829193	0
[COORD]	1402582807722	'PLANE'	46.518364	6.562194	427.829132	0
[BEACON]	1402582807755	'e0:f8:47:31:43:94'	46.518363950000001	6.5621938709999998	427.82913209999998	31
[LOCAL]	1402582807777	'e0:f8:47:31:43:94'	46.518366	6.562188	
[COORD]	1402582807784	'PLANE'	46.518364	6.562196	427.860809	0
[COORD]	1402582807808	'PLANE'	46.518364	6.562196	427.812714	0
[COORD]	1402582807811	'PLANE'	46.518364	6.562199	427.727539	0
[COORD]	1402582807854	'PLANE'	46.518364	6.562199	427.721344	0
[COORD]	1402582807889	'PLANE'	46.518364	6.562200	427.619080	0
[COORD]	1402582807893	'PLANE'	46.518364	6.562200	427.689209	0
[BEACON]	1402582807924	'e0:f8:47:31:43:94'	46.518363950000001	6.5622000690000002	427.68920900000001	32
[LOCAL]	1402582807946	'e0:f8:47:31:43:94'	46.518366	6.562189	
[COORD]	1402582807951	'PLANE'	46.518364	6.562200	427.879639	0
[COORD]	1402582808066	'PLANE'	46.518364	6.562201	427.885284	0
[BEACON]	1402582808085	'e0:f8:47:31:43:94'	46.518363950000001	6.5622005459999997	427.88528439999999	31
[LOCAL]	1402582808108	'e0:f8:47:31:43:94'	46.518365	6.562191	
[COORD]	1402582808159	'PLANE'	46.518364	6.562201	427.667358	0
[BEACON]	1402582808220	'e0:f8:47:31:43:94'	46.518363950000001	6.5622005459999997	427.66735840000001	31
[LOCAL]	1402582808229	'e0:f8:47:31:43:94'	46.518365	6.562192	
[COORD]	1402582808267	'PLANE'	46.518364	6.562201	427.777374	0
[COORD]	1402582808370	'PLANE'	46.518364	6.562201	427.711151	0
[COORD]	1402582808461	'PLANE'	46.518364	6.562201	427.774383	0
[COORD]	1402582808580	'PLANE'	46.518364	6.562202	427.697662	0
[COORD]	1402582808664	'PLANE'	46.518364	6.562202	427.604187	0
[BEACON]	1402582808696	'c8:f7:33:74:c4:d5'	46.518363950000001	6.5622024540000004	427.60418700000002	26
[LOCAL]	1402582808710	'c8:f7:33:74:c4:d5'	46.518428	6.562285	
[COORD]	1402582808779	'PLANE'	46.518364	6.562204	427.393402	0
[BEACON]	1402582808793	'c8:f7:33:74:c4:d5'	46.518363950000001	6.5622038839999997	427.3934021	25
[LOCAL]	1402582808806	'c8:f7:33:74:c4:d5'	46.518428	6.562285	
[COORD]	1402582808895	'PLANE'	46.518364	6.562204	427.434662	0
[COORD]	1402582808988	'PLANE'	46.518364	6.562204	427.401001	0
[COORD]	1402582809079	'PLANE'	46.518364	6.562206	427.409210	0
[COORD]	1402582809187	'PLANE'	46.518364	6.562206	427.563232	0
[BEACON]	1402582809271	'e0:f8:47:31:43:94'	46.518363950000001	6.5622062679999997	427.5632324	35
[LOCAL]	1402582809295	'e0:f8:47:31:43:94'	46.518365	6.562193	
[COORD]	1402582809305	'PLANE'	46.518364	6.562210	427.594116	0
[COORD]	1402582809388	'PLANE'	46.518364	6.562210	427.552154	0
[BEACON]	1402582809418	'e0:f8:47:31:43:94'	46.518363950000001	6.5622096059999997	427.55215449999997	36
[LOCAL]	1402582809421	'e0:f8:47:31:43:94'	46.518365	6.562195	
[COORD]	1402582809507	'PLANE'	46.518364	6.562210	427.631897	0
[BEACON]	1402582809563	'e0:f8:47:31:43:94'	46.518363950000001	6.5622096059999997	427.63189699999998	37
[LOCAL]	1402582809581	'e0:f8:47:31:43:94'	46.518365	6.562197	
[COORD]	1402582809605	'PLANE'	46.518364	6.562212	427.567078	0
[COORD]	1402582809715	'PLANE'	46.518364	6.562212	427.367676	0
[BEACON]	1402582809745	'e0:f8:47:31:43:94'	46.518363950000001	6.5622119899999998	427.36767579999997	7
[LOCAL]	1402582809749	'e0:f8:47:31:43:94'	46.518365	6.562197	
[COORD]	1402582809811	'PLANE'	46.518364	6.562213	427.264343	0
[BEACON]	1402582809846	'e0:f8:47:31:43:94'	46.518363950000001	6.5622129439999997	427.26434330000001	9
[LOCAL]	1402582809870	'e0:f8:47:31:43:94'	46.518365	6.562197	
[COORD]	1402582809919	'PLANE'	46.518364	6.562213	427.375671	0
[COORD]	1402582810007	'PLANE'	46.518364	6.562212	427.297974	0
[BEACON]	1402582810013	'e0:f8:47:31:43:94'	46.518363950000001	6.5622119899999998	427.29797359999998	35
[LOCAL]	1402582810041	'e0:f8:47:31:43:94'	46.518365	6.562198	
[COORD]	1402582810100	'PLANE'	46.518364	6.562212	427.261566	0
[BEACON]	1402582810163	'e0:f8:47:31:43:94'	46.518363950000001	6.5622119899999998	427.2615662	35
[LOCAL]	1402582810187	'e0:f8:47:31:43:94'	46.518365	6.562199	
[COORD]	1402582810217	'PLANE'	46.518364	6.562212	427.412140	0
[COORD]	1402582810307	'PLANE'	46.518360	6.562213	427.380981	0
[BEACON]	1402582810319	'e0:f8:47:31:43:94'	46.518360139999999	6.5622129439999997	427.3809814	32
[LOCAL]	1402582810339	'e0:f8:47:31:43:94'	46.518364	6.562200	
[COORD]	1402582810431	'PLANE'	46.518360	6.562213	427.286133	0
[BEACON]	1402582810481	'e0:f8:47:31:43:94'	46.518360139999999	6.5622129439999997	427.28613280000002	32
[LOCAL]	1402582810489	'e0:f8:47:31:43:94'	46.518364	6.562201	
[COORD]	1402582810524	'PLANE'	46.518356	6.562220	427.304993	0
[COORD]	1402582810627	'PLANE'	46.518356	6.562220	427.270630	0
[BEACON]	1402582810630	'e0:f8:47:31:43:94'	46.518356320000002	6.5622196199999996	427.27062990000002	33
[LOCAL]	1402582810633	'e0:f8:47:31:43:94'	46.518364	6.562202	
[COORD]	1402582810793	'PLANE'	46.518356	6.562220	427.384735	0
[COORD]	1402582810843	'PLANE'	46.518356	6.562226	427.432861	0
[COORD]	1402582810989	'PLANE'	46.518356	6.562226	427.266541	0
[BEACON]	1402582811035	'e0:f8:47:31:43:94'	46.518356320000002	6.5622262950000003	427.26654050000002	32
[COORD]	1402582811051	'PLANE'	46.518356	6.562228	427.331329	0
[LOCAL]	1402582811063	'e0:f8:47:31:43:94'	46.518363	6.562203	
[COORD]	1402582811161	'PLANE'	46.518356	6.562228	427.494965	0
[BEACON]	1402582811246	'e0:f8:47:31:43:94'	46.518356320000002	6.5622282030000001	427.4949646	33
[COORD]	1402582811267	'PLANE'	46.518356	6.562229	427.315582	0
[LOCAL]	1402582811272	'e0:f8:47:31:43:94'	46.518363	6.562204	
[COORD]	1402582811357	'PLANE'	46.518356	6.562229	427.117615	0
[BEACON]	1402582811442	'e0:f8:47:31:43:94'	46.518356320000002	6.5622286799999996	427.11761469999999	34
[COORD]	1402582811459	'PLANE'	46.518356	6.562229	427.174622	0
[LOCAL]	1402582811467	'e0:f8:47:31:43:94'	46.518363	6.562206	
[COORD]	1402582811573	'PLANE'	46.518356	6.562232	427.089325	0
[BEACON]	1402582811599	'e0:f8:47:31:43:94'	46.518356320000002	6.5622324939999999	427.08932499999997	34
[LOCAL]	1402582811603	'e0:f8:47:31:43:94'	46.518362	6.562207	
[COORD]	1402582811669	'PLANE'	46.518356	6.562232	427.114746	0
[COORD]	1402582811762	'PLANE'	46.518356	6.562236	427.170563	0
[COORD]	1402582811899	'PLANE'	46.518356	6.562236	427.057129	0
[COORD]	1402582811983	'PLANE'	46.518356	6.562236	427.223541	0
[COORD]	1402582812071	'PLANE'	46.518356	6.562241	427.258118	0
[BEACON]	1402582812129	'e0:f8:47:31:43:94'	46.518356320000002	6.5622410770000004	427.25811770000001	31
[LOCAL]	1402582812143	'e0:f8:47:31:43:94'	46.518362	6.562208	
[COORD]	1402582812166	'PLANE'	46.518356	6.562241	427.196930	0
[BEACON]	1402582812249	'e0:f8:47:31:43:94'	46.518356320000002	6.5622410770000004	427.19692989999999	33
[LOCAL]	1402582812254	'e0:f8:47:31:43:94'	46.518362	6.562210	
[COORD]	1402582812289	'PLANE'	46.518356	6.562241	427.172150	0
[COORD]	1402582812386	'PLANE'	46.518356	6.562244	427.106110	0
[BEACON]	1402582812425	'e0:f8:47:31:43:94'	46.518356320000002	6.5622439379999999	427.10610960000002	34
[LOCAL]	1402582812429	'e0:f8:47:31:43:94'	46.518362	6.562211	
[COORD]	1402582812463	'PLANE'	46.518356	6.562244	427.146698	0
[COORD]	1402582812568	'PLANE'	46.518356	6.562243	427.173401	0
[BEACON]	1402582812593	'e0:f8:47:31:43:94'	46.518356320000002	6.5622425079999998	427.17340089999999	33
[LOCAL]	1402582812602	'e0:f8:47:31:43:94'	46.518362	6.562212	
[COORD]	1402582812682	'PLANE'	46.518356	6.562243	427.141052	0
[BEACON]	1402582812734	'e0:f8:47:31:43:94'	46.518356320000002	6.5622425079999998	427.14105219999999	32
[LOCAL]	1402582812760	'e0:f8:47:31:43:94'	46.518362	6.562211	
[COORD]	1402582812779	'PLANE'	46.518356	6.562240	427.085876	0
[COORD]	1402582812869	'PLANE'	46.518356	6.562240	426.953827	0
[BEACON]	1402582812909	'e0:f8:47:31:43:94'	46.518356320000002	6.5622401239999997	426.95382690000002	33
[LOCAL]	1402582812937	'e0:f8:47:31:43:94'	46.518362	6.562211	
[COORD]	1402582813000	'PLANE'	46.518356	6.562240	426.952423	0
[COORD]	1402582813078	'PLANE'	46.518356	6.562239	427.023041	0
[BEACON]	1402582813111	'e0:f8:47:31:43:94'	46.518356320000002	6.5622391699999998	427.02304079999999	31
[LOCAL]	1402582813134	'e0:f8:47:31:43:94'	46.518362	6.562211	
[COORD]	1402582813187	'PLANE'	46.518356	6.562239	427.097992	0
[COORD]	1402582813296	'PLANE'	46.518356	6.562240	427.100281	0
[BEACON]	1402582813320	'e0:f8:47:31:43:94'	46.518356320000002	6.5622401239999997	427.10028080000001	33
[LOCAL]	1402582813338	'e0:f8:47:31:43:94'	46.518362	6.562211	
[COORD]	1402582813387	'PLANE'	46.518356	6.562240	427.041809	0
[BEACON]	1402582813481	'e0:f8:47:31:43:94'	46.518356320000002	6.5622401239999997	427.04180910000002	34
[COORD]	1402582813506	'PLANE'	46.518356	6.562240	427.012268	0
[LOCAL]	1402582813507	'e0:f8:47:31:43:94'	46.518362	6.562211	
[COORD]	1402582813597	'PLANE'	46.518360	6.562243	427.171326	0
[BEACON]	1402582813628	'e0:f8:47:31:43:94'	46.518360139999999	6.5622425079999998	427.17132570000001	33
[LOCAL]	1402582813661	'e0:f8:47:31:43:94'	46.518362	6.562211	
[COORD]	1402582813691	'PLANE'	46.518360	6.562243	427.124542	0
[COORD]	1402582813807	'PLANE'	46.518360	6.562246	427.233307	0
[BEACON]	1402582813814	'e0:f8:47:31:43:94'	46.518360139999999	6.5622463230000001	427.2333069	32
[LOCAL]	1402582813837	'e0:f8:47:31:43:94'	46.518362	6.562211	
[COORD]	1402582813893	'PLANE'	46.518360	6.562246	427.234039	0
[BEACON]	1402582813955	'e0:f8:47:31:43:94'	46.518360139999999	6.5622463230000001	427.23403930000001	33
[LOCAL]	1402582813995	'e0:f8:47:31:43:94'	46.518362	6.562212	
[COORD]	1402582814007	'PLANE'	46.518364	6.562250	427.081879	0
[COORD]	1402582814099	'PLANE'	46.518364	6.562250	427.100433	0
[BEACON]	1402582814120	'e0:f8:47:31:43:94'	46.518363950000001	6.56224966	427.10043330000002	33
[LOCAL]	1402582814133	'e0:f8:47:31:43:94'	46.518362	6.562212	
[COORD]	1402582814222	'PLANE'	46.518364	6.562250	427.100433	0
