'6c:88:14:ff:4c:60'	0	0	0	23
'6c:88:14:ff:4c:60'	0	0	0	23
'6c:88:14:ff:4c:60'	0	0	0	24
'60:21:c0:83:c9:9f'	0	0	0	33
'60:21:c0:83:c9:9f'	0	0	0	33
'bc:92:6b:10:d7:87'	0	0	0	26
'60:21:c0:83:c9:9f'	0	0	0	31
'b0:df:3a:ee:2e:23'	0	0	0	30
'b0:df:3a:ee:2e:23'	0	0	0	29
'68:09:27:04:6b:02'	0	0	0	43
'b0:df:3a:ee:2e:23'	0	0	0	30
'9c:04:eb:24:e7:7a'	0	0	0	28
'38:bc:1a:86:0a:c9'	0	0	0	36
'38:bc:1a:86:0a:c9'	0	0	0	39
'd0:b3:3f:f7:2e:53'	0	0	0	25
'3c:e0:72:86:57:f8'	0	0	0	43
'3c:e0:72:86:57:f8'	0	0	0	42
'3c:e0:72:86:57:f8'	0	0	0	41
'3c:e0:72:86:57:f8'	0	0	0	43
'38:bc:1a:86:0a:c9'	0	0	0	35
'd0:b3:3f:f7:2e:53'	0	0	0	28
'd0:b3:3f:f7:2e:53'	0	0	0	27
'd0:b3:3f:f7:2e:53'	0	0	0	26
'14:5a:05:ab:25:c1'	0	0	0	25
'00:eb:2d:24:22:f0'	0	0	0	34
'd0:b3:3f:f7:2e:53'	0	0	0	22
'd0:b3:3f:f7:2e:53'	0	0	0	22
'd0:b3:3f:f7:2e:53'	0	0	0	22
'd0:b3:3f:f7:2e:53'	0	0	0	19
'd0:b3:3f:f7:2e:53'	0	0	0	23
'68:09:27:09:35:49'	0	0	0	36
'68:09:27:09:35:49'	0	0	0	36
'd0:b3:3f:f7:2e:53'	0	0	0	24
'd0:b3:3f:f7:2e:53'	0	0	0	21
'd0:b3:3f:f7:2e:53'	0	0	0	22
'00:21:6a:6c:e5:e4'	0	0	0	64
'00:21:6a:6c:e5:e4'	0	0	0	63
'00:21:6a:6c:e5:e4'	0	0	0	63
'00:21:6a:6c:e5:e4'	0	0	0	64
'00:21:6a:6c:e5:e4'	0	0	0	71
'00:21:6a:6c:e5:e4'	0	0	0	70
'00:21:6a:6c:e5:e4'	0	0	0	71
'00:21:6a:6c:e5:e4'	0	0	0	70
'00:21:6a:6c:e5:e4'	0	0	0	22
'00:21:6a:6c:e5:e4'	0	0	0	30
'00:21:6a:6c:e5:e4'	0	0	0	29
'00:21:6a:6c:e5:e4'	0	0	0	29
'00:21:6a:6c:e5:e4'	0	0	0	55
'd0:b3:3f:f7:2e:53'	0	0	0	24
'd0:b3:3f:f7:2e:53'	0	0	0	21
'd0:b3:3f:f7:2e:53'	0	0	0	22
'd0:b3:3f:f7:2e:53'	0	0	0	24
'd0:b3:3f:f7:2e:53'	0	0	0	26
'14:7d:c5:30:01:dd'	0	0	0	28
'd0:b3:3f:f7:2e:53'	0	0	0	22
'd0:b3:3f:f7:2e:53'	0	0	0	23
'd0:b3:3f:f7:2e:53'	0	0	0	24
'd0:b3:3f:f7:2e:53'	0	0	0	27
'd0:b3:3f:f7:2e:53'	0	0	0	27
'd0:b3:3f:f7:2e:53'	0	0	0	26
'd0:b3:3f:f7:2e:53'	0	0	0	24
'b0:df:3a:ee:2e:23'	0	0	0	41
'38:bc:1a:86:0a:c9'	0	0	0	36
'b0:df:3a:ee:2e:23'	0	0	0	39
'38:bc:1a:86:0a:c9'	0	0	0	37
'd0:b3:3f:f7:2e:53'	0	0	0	26
'd0:b3:3f:f7:2e:53'	0	0	0	27
'd0:b3:3f:f7:2e:53'	0	0	0	26
'd0:b3:3f:f7:2e:53'	0	0	0	26
'd0:b3:3f:f7:2e:53'	0	0	0	20
'd0:b3:3f:f7:2e:53'	0	0	0	21
'8c:2d:aa:8b:29:dd'	0	0	0	46
'38:bc:1a:86:0a:c9'	0	0	0	34
'b4:52:7e:ea:34:79'	0	0	0	28
'b4:52:7e:ea:34:79'	0	0	0	28
'14:7d:c5:30:01:dd'	0	0	0	35
'14:7d:c5:30:01:dd'	0	0	0	35
'14:7d:c5:30:01:dd'	0	0	0	33
'14:7d:c5:30:01:dd'	0	0	0	31
'e8:99:c4:65:83:90'	0	0	0	31
'1c:65:9d:65:5a:70'	0	0	0	37
'b4:52:7e:ea:34:79'	0	0	0	30
'b4:52:7e:ea:34:79'	0	0	0	30
'c0:65:99:a6:af:b0'	0	0	0	48
'c0:65:99:a6:af:b0'	0	0	0	49
'c0:65:99:a6:af:b0'	0	0	0	49
'c0:65:99:a6:af:b0'	0	0	0	48
'c0:65:99:a6:af:b0'	0	0	0	49
'60:03:08:0f:f9:cb'	0	0	0	43
'60:03:08:0f:f9:cb'	0	0	0	47
'60:03:08:0f:f9:cb'	0	0	0	44
'60:03:08:0f:f9:cb'	0	0	0	46
'08:11:96:3e:08:9c'	0	0	0	70
'08:11:96:3e:08:9c'	0	0	0	69
'08:11:96:3e:08:9c'	0	0	0	66
'38:bc:1a:86:0a:c9'	0	0	0	37
'c4:85:08:9b:3d:e5'	0	0	0	63
'6c:3e:6d:f0:f0:33'	0	0	0	53
'6c:3e:6d:f0:f0:33'	0	0	0	58
'50:ea:d6:a6:24:91'	0	0	0	40
'50:ea:d6:a6:24:91'	0	0	0	35
'50:ea:d6:a6:24:91'	0	0	0	35
'50:ea:d6:a6:24:91'	0	0	0	35
'50:ea:d6:a6:24:91'	0	0	0	35
'50:ea:d6:a6:24:91'	0	0	0	36
'50:ea:d6:a6:24:91'	0	0	0	36
'50:ea:d6:a6:24:91'	0	0	0	36
'50:ea:d6:a6:24:91'	0	0	0	36
'50:ea:d6:a6:24:91'	0	0	0	36
'50:ea:d6:a6:24:91'	0	0	0	37
'50:ea:d6:a6:24:91'	0	0	0	37
'50:ea:d6:a6:24:91'	0	0	0	40
'50:ea:d6:a6:24:91'	0	0	0	33
'50:ea:d6:a6:24:91'	0	0	0	32
'50:ea:d6:a6:24:91'	0	0	0	33
'50:ea:d6:a6:24:91'	0	0	0	42
'50:ea:d6:a6:24:91'	0	0	0	35
'50:ea:d6:a6:24:91'	0	0	0	35
'50:ea:d6:a6:24:91'	0	0	0	35
'50:ea:d6:a6:24:91'	0	0	0	35
'50:ea:d6:a6:24:91'	0	0	0	35
'50:ea:d6:a6:24:91'	0	0	0	35
'50:ea:d6:a6:24:91'	0	0	0	34
'38:bc:1a:86:0a:c9'	0	0	0	35
'e8:99:c4:9d:49:15'	0	0	0	22
'd0:b3:3f:f7:2e:53'	0	0	0	23
'b0:df:3a:ee:2e:23'	0	0	0	24
'c8:b5:b7:84:8d:6c'	0	0	0	45
'38:bc:1a:86:0a:c9'	0	0	0	35
'38:bc:1a:86:0a:c9'	0	0	0	37
'8c:3a:e3:5e:67:be'	0	0	0	28
'38:bc:1a:86:0a:c9'	0	0	0	35
'38:bc:1a:86:0a:c9'	0	0	0	33
'38:bc:1a:86:0a:c9'	0	0	0	32
'88:32:9b:1f:45:89'	0	0	0	21
'28:18:78:59:ca:29'	0	0	0	46
'60:21:c0:83:c9:9f'	0	0	0	35
'bc:92:6b:10:d7:87'	0	0	0	26
'8c:7b:9d:09:af:db'	0	0	0	51
'8c:7b:9d:09:af:db'	0	0	0	52
'8c:7b:9d:09:af:db'	0	0	0	48
'00:27:10:dd:1a:e0'	0	0	0	36
'00:27:10:dd:1a:e0'	0	0	0	35
'00:27:10:dd:1a:e0'	0	0	0	35
'48:5d:60:cd:f5:e8'	0	0	0	25
'88:32:9b:1f:45:89'	0	0	0	21
'14:7d:c5:30:01:dd'	0	0	0	19
'60:21:c0:b9:82:ab'	0	0	0	37
'cc:af:78:b0:8e:8b'	0	0	0	70
'60:21:c0:b9:82:ab'	0	0	0	35
'cc:af:78:b0:8e:8b'	0	0	0	67
'60:21:c0:b9:82:ab'	0	0	0	35
'60:21:c0:b9:82:ab'	0	0	0	34
'0c:74:c2:ee:6e:d7'	0	0	0	26
'0c:74:c2:ee:6e:d7'	0	0	0	27
'38:bc:1a:86:0a:c9'	0	0	0	35
'38:bc:1a:86:0a:c9'	0	0	0	34
'38:bc:1a:86:0a:c9'	0	0	0	38
'cc:af:78:b0:8e:8b'	0	0	0	64
'cc:af:78:b0:8e:8b'	0	0	0	64
'cc:af:78:b0:8e:8b'	0	0	0	60
'0c:74:c2:ee:6e:d7'	0	0	0	30
'38:bc:1a:86:0a:c9'	0	0	0	33
'60:03:08:0f:f9:cb'	0	0	0	37
'60:03:08:0f:f9:cb'	0	0	0	39
'b0:df:3a:ee:2e:23'	0	0	0	24
'3c:e0:72:86:57:f8'	0	0	0	45
'3c:e0:72:86:57:f8'	0	0	0	47
'c4:85:08:9b:3d:e5'	0	0	0	61
'18:e2:c2:a9:41:f1'	0	0	0	32
'18:e2:c2:a9:41:f1'	0	0	0	29
'0c:74:c2:ee:6e:d7'	0	0	0	26
'04:46:65:80:0f:4a'	0	0	0	43
'04:46:65:80:0f:4a'	0	0	0	43
'04:46:65:80:0f:4a'	0	0	0	43
'04:46:65:80:0f:4a'	0	0	0	42
'50:32:75:10:9a:74'	0	0	0	31
'50:32:75:10:9a:74'	0	0	0	33
'00:eb:2d:24:22:f0'	0	0	0	33
'00:eb:2d:24:22:f0'	0	0	0	32
'00:eb:2d:24:22:f0'	0	0	0	33
'90:b9:31:3a:d9:e5'	0	0	0	20
'90:b9:31:3a:d9:e5'	0	0	0	24
'38:bc:1a:86:0a:c9'	0	0	0	34
'38:bc:1a:86:0a:c9'	0	0	0	31
'50:32:75:10:9a:74'	0	0	0	34
'50:32:75:10:9a:74'	0	0	0	34
'40:b3:95:0d:cc:1a'	0	0	0	20
'84:a6:c8:bd:73:b0'	0	0	0	21
'84:a6:c8:bd:73:b0'	0	0	0	22
'dc:85:de:48:3d:6e'	0	0	0	30
'dc:85:de:48:3d:6e'	0	0	0	30
'dc:85:de:48:3d:6e'	0	0	0	36
'6c:88:14:ff:4c:60'	0	0	0	23
'6c:88:14:ff:4c:60'	0	0	0	23
'6c:88:14:ff:4c:60'	0	0	0	23
'e0:f8:47:2b:45:7c'	0	0	0	30
'e0:f8:47:2b:45:7c'	0	0	0	31
'24:0a:64:91:e1:2b'	0	0	0	49
'50:ea:d6:a6:24:91'	0	0	0	34
'50:ea:d6:a6:24:91'	0	0	0	35
'50:ea:d6:a6:24:91'	0	0	0	40
'50:ea:d6:a6:24:91'	0	0	0	34
'50:ea:d6:a6:24:91'	0	0	0	32
'50:ea:d6:a6:24:91'	0	0	0	29
'50:ea:d6:a6:24:91'	0	0	0	40
'50:ea:d6:a6:24:91'	0	0	0	31
'50:ea:d6:a6:24:91'	0	0	0	32
'50:ea:d6:a6:24:91'	0	0	0	34
'50:ea:d6:a6:24:91'	0	0	0	31
'50:ea:d6:a6:24:91'	0	0	0	31
'50:ea:d6:a6:24:91'	0	0	0	34
'50:ea:d6:a6:24:91'	0	0	0	32
'50:ea:d6:a6:24:91'	0	0	0	32
'50:ea:d6:a6:24:91'	0	0	0	32
'50:ea:d6:a6:24:91'	0	0	0	32
'50:ea:d6:a6:24:91'	0	0	0	32
'50:ea:d6:a6:24:91'	0	0	0	38
'50:ea:d6:a6:24:91'	0	0	0	33
'38:bc:1a:86:0a:c9'	0	0	0	29
'38:bc:1a:86:0a:c9'	0	0	0	31
'38:bc:1a:86:0a:c9'	0	0	0	28
'38:bc:1a:86:0a:c9'	0	0	0	28
'38:bc:1a:86:0a:c9'	0	0	0	28
'e8:99:c4:9d:49:15'	0	0	0	18
'14:7d:c5:30:01:dd'	0	0	0	27
'14:7d:c5:30:01:dd'	0	0	0	28
'24:0a:64:91:e1:2b'	0	0	0	50
'14:7d:c5:30:01:dd'	0	0	0	29
'14:7d:c5:30:01:dd'	0	0	0	30
'14:7d:c5:30:01:dd'	0	0	0	28
'14:7d:c5:30:01:dd'	0	0	0	24
'68:a8:6d:6e:a9:d8'	0	0	0	71
'00:21:6a:6c:e5:e4'	0	0	0	65
'00:21:6a:6c:e5:e4'	0	0	0	64
'00:21:6a:6c:e5:e4'	0	0	0	65
'00:21:6a:6c:e5:e4'	0	0	0	65
'00:21:6a:6c:e5:e4'	0	0	0	30
'00:21:6a:6c:e5:e4'	0	0	0	29
'00:21:6a:6c:e5:e4'	0	0	0	29
'00:21:6a:6c:e5:e4'	0	0	0	67
'00:21:6a:6c:e5:e4'	0	0	0	68
'b4:f0:ab:d3:40:a2'	0	0	0	28
'b4:f0:ab:d3:40:a2'	0	0	0	29
'88:32:9b:86:6b:7f'	0	0	0	24
'38:bc:1a:86:0a:c9'	0	0	0	39
'88:32:9b:86:6b:7f'	0	0	0	27
'a0:88:b4:76:72:a4'	0	0	0	67
'38:bc:1a:86:0a:c9'	0	0	0	27
'68:a8:6d:6e:a9:d8'	0	0	0	72
'68:a8:6d:6e:a9:d8'	0	0	0	74
'68:a8:6d:6e:a9:d8'	0	0	0	71
'e8:99:c4:9d:49:15'	0	0	0	29
'7c:7a:91:48:d0:91'	0	0	0	23
'7c:7a:91:48:d0:91'	0	0	0	24
'7c:7a:91:48:d0:91'	0	0	0	24
'e8:99:c4:9d:49:15'	0	0	0	30
'd0:22:be:91:b7:63'	0	0	0	24
'e8:99:c4:9d:49:15'	0	0	0	33
'd0:22:be:91:b7:63'	0	0	0	29
'68:a8:6d:6e:a9:d8'	0	0	0	71
'68:a8:6d:6e:a9:d8'	0	0	0	72
'0c:74:c2:ee:6e:d7'	0	0	0	28
'18:e2:c2:a9:41:f1'	0	0	0	31
'88:32:9b:86:6b:7f'	0	0	0	43
'88:32:9b:86:6b:7f'	0	0	0	43
'bc:92:6b:10:d7:87'	0	0	0	24
'68:a8:6d:6e:a9:d8'	0	0	0	72
'88:30:8a:76:1f:fa'	0	0	0	19
'c0:65:99:a6:af:b0'	0	0	0	45
'c0:65:99:a6:af:b0'	0	0	0	45
'c0:65:99:a6:af:b0'	0	0	0	41
'c0:65:99:a6:af:b0'	0	0	0	42
'38:aa:3c:be:fe:b3'	0	0	0	25
'c0:65:99:a6:af:b0'	0	0	0	42
'd0:b3:3f:f7:2e:53'	0	0	0	22
'd0:b3:3f:f7:2e:53'	0	0	0	23
'68:a8:6d:6e:a9:d8'	0	0	0	72
'60:03:08:0f:f9:cb'	0	0	0	31
'60:03:08:0f:f9:cb'	0	0	0	32
'38:bc:1a:86:0a:c9'	0	0	0	34
'38:bc:1a:86:0a:c9'	0	0	0	35
'38:bc:1a:86:0a:c9'	0	0	0	38
'68:09:27:04:6b:02'	0	0	0	41
'60:67:20:c4:24:a0'	0	0	0	30
'60:67:20:c4:24:a0'	0	0	0	27
'08:11:96:3e:08:9c'	0	0	0	47
'08:11:96:3e:08:9c'	0	0	0	48
'c4:85:08:9b:3d:e5'	0	0	0	62
'18:e2:c2:a9:41:f1'	0	0	0	30
'18:e2:c2:a9:41:f1'	0	0	0	31
'18:e2:c2:a9:41:f1'	0	0	0	31
'8c:3a:e3:5e:67:be'	0	0	0	31
'8c:3a:e3:5e:67:be'	0	0	0	32
'8c:3a:e3:5e:67:be'	0	0	0	32
'e8:99:c4:9d:49:15'	0	0	0	36
'e8:99:c4:9d:49:15'	0	0	0	38
'fc:f8:ae:cc:41:5b'	0	0	0	57
'fc:f8:ae:cc:41:5b'	0	0	0	58
'fc:f8:ae:cc:41:5b'	0	0	0	58
'e8:99:c4:9d:49:15'	0	0	0	43
'fc:f8:ae:cc:41:5b'	0	0	0	61
'fc:f8:ae:cc:41:5b'	0	0	0	60
'fc:f8:ae:cc:41:5b'	0	0	0	61
'c4:85:08:9b:3d:e5'	0	0	0	60
'd0:b3:3f:f7:2e:53'	0	0	0	24
'd0:b3:3f:f7:2e:53'	0	0	0	25
'e8:99:c4:9d:49:15'	0	0	0	56
'e8:99:c4:9d:49:15'	0	0	0	56
'e8:99:c4:9d:49:15'	0	0	0	56
'e8:99:c4:9d:49:15'	0	0	0	58
'e8:99:c4:65:83:90'	0	0	0	28
'68:a8:6d:6e:a9:d8'	0	0	0	79
'ac:3c:0b:3c:99:d1'	0	0	0	41
'c4:85:08:7b:df:c2'	0	0	0	23
'c4:85:08:7b:df:c2'	0	0	0	21
'c4:85:08:7b:df:c2'	0	0	0	21
'68:a8:6d:6e:a9:d8'	0	0	0	78
'24:db:ed:08:f1:8b'	0	0	0	36
'68:a8:6d:6e:a9:d8'	0	0	0	78
'68:a8:6d:6e:a9:d8'	0	0	0	78
'5c:0a:5b:8b:c4:2a'	0	0	0	23
'5c:0a:5b:8b:c4:2a'	0	0	0	26
'cc:af:78:b0:8e:8b'	0	0	0	66
'cc:af:78:b0:8e:8b'	0	0	0	61
'cc:af:78:b0:8e:8b'	0	0	0	64
'38:bc:1a:86:0a:c9'	0	0	0	48
'38:bc:1a:86:0a:c9'	0	0	0	46
'38:bc:1a:86:0a:c9'	0	0	0	44
'cc:af:78:b0:8e:8b'	0	0	0	59
'34:51:c9:a5:7c:fd'	0	0	0	42
'34:51:c9:a5:7c:fd'	0	0	0	42
'50:ea:d6:a6:24:91'	0	0	0	45
'50:ea:d6:a6:24:91'	0	0	0	39
'50:ea:d6:a6:24:91'	0	0	0	39
'50:ea:d6:a6:24:91'	0	0	0	40
'50:ea:d6:a6:24:91'	0	0	0	46
'50:ea:d6:a6:24:91'	0	0	0	39
'50:ea:d6:a6:24:91'	0	0	0	39
'50:ea:d6:a6:24:91'	0	0	0	39
'50:ea:d6:a6:24:91'	0	0	0	39
'50:ea:d6:a6:24:91'	0	0	0	41
'50:ea:d6:a6:24:91'	0	0	0	40
'50:ea:d6:a6:24:91'	0	0	0	40
'50:ea:d6:a6:24:91'	0	0	0	46
'50:ea:d6:a6:24:91'	0	0	0	41
'50:ea:d6:a6:24:91'	0	0	0	40
'50:ea:d6:a6:24:91'	0	0	0	39
'50:ea:d6:a6:24:91'	0	0	0	47
'50:ea:d6:a6:24:91'	0	0	0	40
'50:ea:d6:a6:24:91'	0	0	0	41
'50:ea:d6:a6:24:91'	0	0	0	40
'50:ea:d6:a6:24:91'	0	0	0	41
'50:ea:d6:a6:24:91'	0	0	0	41
'50:ea:d6:a6:24:91'	0	0	0	41
'50:ea:d6:a6:24:91'	0	0	0	41
'50:ea:d6:a6:24:91'	0	0	0	41
'50:ea:d6:a6:24:91'	0	0	0	41
'50:ea:d6:a6:24:91'	0	0	0	41
'50:ea:d6:a6:24:91'	0	0	0	42
'50:ea:d6:a6:24:91'	0	0	0	43
'50:ea:d6:a6:24:91'	0	0	0	42
'34:51:c9:a5:7c:fd'	0	0	0	40
'34:51:c9:a5:7c:fd'	0	0	0	39
'48:5d:60:cd:f5:e8'	0	0	0	27
'68:a8:6d:6e:a9:d8'	0	0	0	77
'68:a8:6d:6e:a9:d8'	0	0	0	78
'48:5d:60:cd:f5:e8'	0	0	0	28
'e8:99:c4:9d:49:15'	0	0	0	51
'e8:99:c4:9d:49:15'	0	0	0	47
'e8:99:c4:9d:49:15'	0	0	0	47
'68:a8:6d:6e:a9:d8'	0	0	0	78
'68:a8:6d:6e:a9:d8'	0	0	0	79
'68:a8:6d:6e:a9:d8'	0	0	0	78
'68:a8:6d:6e:a9:d8'	0	0	0	78
'68:a8:6d:6e:a9:d8'	0	0	0	80
'f0:27:65:12:f5:e5'	0	0	0	37
'60:03:08:0f:f9:cb'	0	0	0	37
'60:03:08:0f:f9:cb'	0	0	0	38
'60:03:08:0f:f9:cb'	0	0	0	39
'f0:27:65:12:f5:e5'	0	0	0	31
'f0:27:65:12:f5:e5'	0	0	0	30
'68:a8:6d:6e:a9:d8'	0	0	0	78
'88:30:8a:76:1f:fa'	0	0	0	20
'68:09:27:09:35:49'	0	0	0	38
'68:09:27:09:35:49'	0	0	0	36
'60:21:c0:83:c9:9f'	0	0	0	47
'60:21:c0:83:c9:9f'	0	0	0	42
'60:21:c0:83:c9:9f'	0	0	0	42
'5c:f8:a1:e5:7b:b2'	0	0	0	28
'e8:99:c4:9d:49:15'	0	0	0	54
'e8:99:c4:9d:49:15'	0	0	0	55
'e8:99:c4:9d:49:15'	0	0	0	49
'60:21:c0:b9:82:ab'	0	0	0	31
'1c:b0:94:b6:7c:81'	0	0	0	49
'1c:b0:94:b6:7c:81'	0	0	0	47
'1c:b0:94:b6:7c:81'	0	0	0	46
'1c:b0:94:b6:7c:81'	0	0	0	46
'1c:b0:94:b6:7c:81'	0	0	0	46
'1c:b0:94:b6:7c:81'	0	0	0	46
'1c:b0:94:b6:7c:81'	0	0	0	41
'60:03:08:0f:f9:cb'	0	0	0	37
'1c:b0:94:b6:7c:81'	0	0	0	48
'e8:99:c4:9d:49:15'	0	0	0	22
'e8:99:c4:9d:49:15'	0	0	0	36
'e8:99:c4:9d:49:15'	0	0	0	35
'80:57:19:ca:64:8b'	0	0	0	42
'80:57:19:ca:64:8b'	0	0	0	43
'd0:b3:3f:f7:2e:53'	0	0	0	20
'1c:b0:94:b6:7c:81'	0	0	0	52
'1c:b0:94:b6:7c:81'	0	0	0	49
'1c:b0:94:b6:7c:81'	0	0	0	51
'5c:f8:a1:8a:18:f0'	0	0	0	41
'1c:b0:94:b6:7c:81'	0	0	0	53
'1c:b0:94:b6:7c:81'	0	0	0	47
'1c:b0:94:b6:7c:81'	0	0	0	52
'1c:b0:94:b6:7c:81'	0	0	0	52
'c0:65:99:a6:af:b0'	0	0	0	40
'c0:65:99:a6:af:b0'	0	0	0	39
'28:e0:2c:d1:bf:bf'	0	0	0	26
'28:e0:2c:d1:bf:bf'	0	0	0	16
'6c:88:14:ff:4c:60'	0	0	0	26
'6c:88:14:ff:4c:60'	0	0	0	24
'6c:88:14:ff:4c:60'	0	0	0	26
'84:a6:c8:30:c2:f8'	0	0	0	19
'84:a6:c8:30:c2:f8'	0	0	0	18
'84:a6:c8:30:c2:f8'	0	0	0	19
'7c:c5:37:62:3b:7d'	0	0	0	28
'7c:7a:91:2f:0b:11'	0	0	0	26
'7c:7a:91:2f:0b:11'	0	0	0	26
'7c:7a:91:2f:0b:11'	0	0	0	25
'60:03:08:0f:f9:cb'	0	0	0	27
'0c:74:c2:ee:6e:d7'	0	0	0	25
'34:be:00:5a:98:38'	0	0	0	36
'c8:b5:b7:84:8d:6c'	0	0	0	39
'c8:b5:b7:84:8d:6c'	0	0	0	38
'c8:b5:b7:84:8d:6c'	0	0	0	42
'c8:b5:b7:84:8d:6c'	0	0	0	42
'd0:b3:3f:f7:2e:53'	0	0	0	27
'd0:b3:3f:f7:2e:53'	0	0	0	29
'54:e4:3a:1e:46:7a'	0	0	0	24
'54:e4:3a:1e:46:7a'	0	0	0	26
'40:b0:fa:be:89:e6'	0	0	0	72
'40:b0:fa:be:89:e6'	0	0	0	72
'40:b0:fa:be:89:e6'	0	0	0	72
'40:b0:fa:be:89:e6'	0	0	0	71
'40:b0:fa:be:89:e6'	0	0	0	64
'cc:af:78:b0:8e:8b'	0	0	0	60
'78:54:79:7c:6c:3b'	0	0	0	25
'0c:77:1a:0e:f8:99'	0	0	0	31
'9c:04:eb:24:e7:7a'	0	0	0	31
'cc:af:78:b0:8e:8b'	0	0	0	69
'cc:af:78:b0:8e:8b'	0	0	0	65
'00:27:10:dd:1a:e0'	0	0	0	39
'00:27:10:dd:1a:e0'	0	0	0	40
'00:27:10:dd:1a:e0'	0	0	0	39
'20:c9:d0:c3:16:b1'	0	0	0	37
'20:c9:d0:c3:16:b1'	0	0	0	37
'20:c9:d0:c3:16:b1'	0	0	0	39
'20:c9:d0:c3:16:b1'	0	0	0	39
'e0:f8:47:ff:3a:c7'	0	0	0	29
'c4:85:08:9b:3d:e5'	0	0	0	62
'c4:85:08:9b:3d:e5'	0	0	0	63
'68:a8:6d:6e:a9:d8'	0	0	0	71
'68:a8:6d:6e:a9:d8'	0	0	0	71
'80:57:19:ca:64:8b'	0	0	0	42
'80:57:19:ca:64:8b'	0	0	0	43
'3c:e0:72:86:57:f8'	0	0	0	41
'3c:e0:72:86:57:f8'	0	0	0	46
'38:0f:4a:76:25:df'	0	0	0	25
'48:5d:60:cd:f5:e8'	0	0	0	31
'dc:85:de:48:3d:6e'	0	0	0	34
'c4:62:ea:07:ae:77'	0	0	0	35
'68:a8:6d:6e:a9:d8'	0	0	0	66
'68:a8:6d:6e:a9:d8'	0	0	0	72
'68:a8:6d:6e:a9:d8'	0	0	0	72
'dc:85:de:48:3d:6e'	0	0	0	33
'dc:85:de:48:3d:6e'	0	0	0	33
'd0:b3:3f:f7:2e:53'	0	0	0	23
'd0:b3:3f:f7:2e:53'	0	0	0	27
'68:a8:6d:6e:a9:d8'	0	0	0	67
'68:a8:6d:6e:a9:d8'	0	0	0	68
'58:1f:aa:6e:14:98'	0	0	0	25
'58:1f:aa:6e:14:98'	0	0	0	23
'58:1f:aa:6e:14:98'	0	0	0	24
'58:1f:aa:6e:14:98'	0	0	0	24
'58:1f:aa:6e:14:98'	0	0	0	26
'58:1f:aa:6e:14:98'	0	0	0	24
'58:1f:aa:6e:14:98'	0	0	0	23
'58:1f:aa:6e:14:98'	0	0	0	23
'58:1f:aa:6e:14:98'	0	0	0	22
'58:1f:aa:6e:14:98'	0	0	0	24
'58:1f:aa:6e:14:98'	0	0	0	26
'58:1f:aa:6e:14:98'	0	0	0	23
'58:1f:aa:6e:14:98'	0	0	0	23
'58:1f:aa:6e:14:98'	0	0	0	24
'58:1f:aa:6e:14:98'	0	0	0	23
'7c:c5:37:62:3b:7d'	0	0	0	36
'7c:c5:37:62:3b:7d'	0	0	0	35
'1c:b0:94:b6:7c:81'	0	0	0	40
'1c:b0:94:b6:7c:81'	0	0	0	40
'1c:b0:94:b6:7c:81'	0	0	0	37
'1c:b0:94:b6:7c:81'	0	0	0	39
'1c:b0:94:b6:7c:81'	0	0	0	35
'1c:b0:94:b6:7c:81'	0	0	0	34
'b8:e8:56:3e:a6:4e'	0	0	0	35
'b8:e8:56:3e:a6:4e'	0	0	0	35
'b8:e8:56:3e:a6:4e'	0	0	0	34
'b8:e8:56:3e:a6:4e'	0	0	0	32
'b8:e8:56:3e:a6:4e'	0	0	0	33
'b8:e8:56:3e:a6:4e'	0	0	0	34
'b8:e8:56:3e:a6:4e'	0	0	0	34
'b8:e8:56:3e:a6:4e'	0	0	0	35
'b8:e8:56:3e:a6:4e'	0	0	0	35
'6c:3e:6d:f0:f0:33'	0	0	0	49
'b8:e8:56:3e:a6:4e'	0	0	0	31
'b8:e8:56:3e:a6:4e'	0	0	0	32
'b8:e8:56:3e:a6:4e'	0	0	0	34
'b8:e8:56:3e:a6:4e'	0	0	0	33
'b8:e8:56:3e:a6:4e'	0	0	0	30
'b8:e8:56:3e:a6:4e'	0	0	0	30
'b8:e8:56:3e:a6:4e'	0	0	0	34
'b8:e8:56:3e:a6:4e'	0	0	0	34
'6c:3e:6d:f0:f0:33'	0	0	0	48
'b8:e8:56:3e:a6:4e'	0	0	0	34
'b8:e8:56:3e:a6:4e'	0	0	0	31
'b8:e8:56:3e:a6:4e'	0	0	0	31
'b8:e8:56:3e:a6:4e'	0	0	0	35
'b8:e8:56:3e:a6:4e'	0	0	0	32
'b8:e8:56:3e:a6:4e'	0	0	0	34
'b8:e8:56:3e:a6:4e'	0	0	0	34
'b8:e8:56:3e:a6:4e'	0	0	0	34
'6c:3e:6d:f0:f0:33'	0	0	0	52
'b8:e8:56:3e:a6:4e'	0	0	0	34
'b8:e8:56:3e:a6:4e'	0	0	0	36
'b8:e8:56:3e:a6:4e'	0	0	0	33
'b8:e8:56:3e:a6:4e'	0	0	0	35
'b8:e8:56:3e:a6:4e'	0	0	0	35
'b8:e8:56:3e:a6:4e'	0	0	0	35
'b8:e8:56:3e:a6:4e'	0	0	0	35
'6c:3e:6d:f0:f0:33'	0	0	0	54
'b8:e8:56:3e:a6:4e'	0	0	0	35
'b8:e8:56:3e:a6:4e'	0	0	0	35
'b8:e8:56:3e:a6:4e'	0	0	0	35
'b8:e8:56:3e:a6:4e'	0	0	0	35
'd0:22:be:91:b7:63'	0	0	0	27
'd0:22:be:91:b7:63'	0	0	0	28
'0c:77:1a:0e:f8:99'	0	0	0	32
'0c:77:1a:0e:f8:99'	0	0	0	30
'0c:77:1a:0e:f8:99'	0	0	0	28
'8c:2d:aa:8b:29:dd'	0	0	0	46
'80:57:19:ca:64:8b'	0	0	0	49
'80:57:19:ca:64:8b'	0	0	0	49
'0c:77:1a:0e:f8:99'	0	0	0	29
'0c:77:1a:0e:f8:99'	0	0	0	30
'a8:06:00:29:e5:14'	0	0	0	24
'a8:06:00:29:e5:14'	0	0	0	23
'7c:c5:37:62:3b:7d'	0	0	0	27
'8c:3a:e3:5e:67:be'	0	0	0	29
'0c:77:1a:0e:f8:99'	0	0	0	28
'c8:b5:b7:84:8d:6c'	0	0	0	45
'c8:b5:b7:84:8d:6c'	0	0	0	35
'c8:b5:b7:84:8d:6c'	0	0	0	43
'7c:c5:37:62:3b:7d'	0	0	0	24
'38:aa:3c:be:fe:b3'	0	0	0	28
'38:aa:3c:be:fe:b3'	0	0	0	27
'24:0a:64:91:e1:2b'	0	0	0	44
'24:0a:64:91:e1:2b'	0	0	0	37
'd0:b3:3f:f7:2e:53'	0	0	0	28
'd0:b3:3f:f7:2e:53'	0	0	0	29
'84:a6:c8:bd:73:b0'	0	0	0	24
'84:a6:c8:bd:73:b0'	0	0	0	23
'84:a6:c8:bd:73:b0'	0	0	0	20
'1c:b0:94:b6:7c:81'	0	0	0	45
'1c:b0:94:b6:7c:81'	0	0	0	46
'1c:b0:94:b6:7c:81'	0	0	0	47
'1c:b0:94:b6:7c:81'	0	0	0	46
'60:03:08:0f:f9:cb'	0	0	0	32
'60:03:08:0f:f9:cb'	0	0	0	33
'60:03:08:0f:f9:cb'	0	0	0	34
'24:0a:64:91:e1:2b'	0	0	0	43
'24:0a:64:91:e1:2b'	0	0	0	35
'68:09:27:09:35:49'	0	0	0	38
'68:09:27:09:35:49'	0	0	0	38
'24:0a:64:91:e1:2b'	0	0	0	28
'34:23:ba:7c:17:6c'	0	0	0	37
'34:23:ba:7c:17:6c'	0	0	0	36
'34:23:ba:7c:17:6c'	0	0	0	36
'0c:77:1a:0e:f8:99'	0	0	0	32
'0c:77:1a:0e:f8:99'	0	0	0	34
'a8:bb:cf:11:33:60'	0	0	0	45
'a8:bb:cf:11:33:60'	0	0	0	44
'a8:bb:cf:11:33:60'	0	0	0	44
'a8:bb:cf:11:33:60'	0	0	0	45
'a8:bb:cf:11:33:60'	0	0	0	44
'a8:bb:cf:11:33:60'	0	0	0	40
'a8:bb:cf:11:33:60'	0	0	0	40
'a8:bb:cf:11:33:60'	0	0	0	43
'a8:bb:cf:11:33:60'	0	0	0	41
'a8:bb:cf:11:33:60'	0	0	0	42
'a8:bb:cf:11:33:60'	0	0	0	40
'c4:85:08:7b:df:c2'	0	0	0	21
'a8:bb:cf:11:33:60'	0	0	0	40
'a8:bb:cf:11:33:60'	0	0	0	40
'a8:bb:cf:11:33:60'	0	0	0	39
'a8:bb:cf:11:33:60'	0	0	0	41
'a8:bb:cf:11:33:60'	0	0	0	40
'a8:bb:cf:11:33:60'	0	0	0	41
'a8:bb:cf:11:33:60'	0	0	0	40
'a8:bb:cf:11:33:60'	0	0	0	40
'a8:bb:cf:11:33:60'	0	0	0	39
'a8:bb:cf:11:33:60'	0	0	0	41
'a8:bb:cf:11:33:60'	0	0	0	39
'a8:bb:cf:11:33:60'	0	0	0	43
'a8:bb:cf:11:33:60'	0	0	0	43
'a8:bb:cf:11:33:60'	0	0	0	43
'a8:bb:cf:11:33:60'	0	0	0	43
'a8:bb:cf:11:33:60'	0	0	0	43
'a8:bb:cf:11:33:60'	0	0	0	43
'a8:bb:cf:11:33:60'	0	0	0	39
'a8:bb:cf:11:33:60'	0	0	0	41
'a8:bb:cf:11:33:60'	0	0	0	39
'a8:bb:cf:11:33:60'	0	0	0	40
'a8:bb:cf:11:33:60'	0	0	0	39
'a8:bb:cf:11:33:60'	0	0	0	41
'a8:bb:cf:11:33:60'	0	0	0	39
'a8:bb:cf:11:33:60'	0	0	0	39
'a8:bb:cf:11:33:60'	0	0	0	40
'a8:bb:cf:11:33:60'	0	0	0	38
'a8:bb:cf:11:33:60'	0	0	0	40
'a8:bb:cf:11:33:60'	0	0	0	38
'a8:bb:cf:11:33:60'	0	0	0	38
'a8:bb:cf:11:33:60'	0	0	0	37
'a8:bb:cf:11:33:60'	0	0	0	40
'a8:bb:cf:11:33:60'	0	0	0	37
'a8:bb:cf:11:33:60'	0	0	0	39
'a8:bb:cf:11:33:60'	0	0	0	38
'7c:c5:37:62:3b:7d'	0	0	0	24
'1c:65:9d:65:5a:70'	0	0	0	35
'1c:65:9d:65:5a:70'	0	0	0	39
'0c:77:1a:0e:f8:99'	0	0	0	31
'3c:d0:f8:ac:d6:8f'	0	0	0	33
'3c:d0:f8:ac:d6:8f'	0	0	0	34
'9c:b7:0d:f1:60:1c'	0	0	0	26
'e0:f8:47:ff:3a:c7'	0	0	0	23
'b4:f0:ab:d3:40:a2'	0	0	0	27
'3c:d0:f8:ac:d6:8f'	0	0	0	33
'9c:b7:0d:f1:60:1c'	0	0	0	28
'60:67:20:01:9f:78'	0	0	0	46
'60:67:20:01:9f:78'	0	0	0	46
'0c:77:1a:0e:f8:99'	0	0	0	33
'0c:77:1a:0e:f8:99'	0	0	0	33
'1c:b0:94:b6:7c:81'	0	0	0	45
'1c:b0:94:b6:7c:81'	0	0	0	43
'1c:b0:94:b6:7c:81'	0	0	0	48
'1c:b0:94:b6:7c:81'	0	0	0	47
'1c:65:9d:65:5a:70'	0	0	0	36
'0c:77:1a:0e:f8:99'	0	0	0	31
'00:21:6a:6c:e5:e4'	0	0	0	62
'00:21:6a:6c:e5:e4'	0	0	0	60
'00:21:6a:6c:e5:e4'	0	0	0	61
'00:21:6a:6c:e5:e4'	0	0	0	62
'00:21:6a:6c:e5:e4'	0	0	0	63
'00:21:6a:6c:e5:e4'	0	0	0	62
'88:32:9b:d5:24:f2'	0	0	0	42
'88:32:9b:d5:24:f2'	0	0	0	41
'88:32:9b:d5:24:f2'	0	0	0	45
'88:32:9b:d5:24:f2'	0	0	0	44
'88:32:9b:d5:24:f2'	0	0	0	41
'88:32:9b:d5:24:f2'	0	0	0	42
'e8:99:c4:9d:49:15'	0	0	0	25
'e8:99:c4:9d:49:15'	0	0	0	27
'a8:06:00:29:e5:14'	0	0	0	26
'e8:99:c4:9d:49:15'	0	0	0	23
'e8:99:c4:9d:49:15'	0	0	0	21
'9c:b7:0d:f1:60:1c'	0	0	0	30
'9c:b7:0d:f1:60:1c'	0	0	0	26
'30:f7:c5:72:00:97'	0	0	0	40
'30:f7:c5:72:00:97'	0	0	0	39
'30:f7:c5:72:00:97'	0	0	0	45
'30:f7:c5:72:00:97'	0	0	0	44
'88:32:9b:1f:45:89'	0	0	0	24
'88:32:9b:1f:45:89'	0	0	0	26
'80:57:19:ca:64:8b'	0	0	0	45
'30:f7:c5:72:00:97'	0	0	0	42
'c8:b5:b7:84:8d:6c'	0	0	0	44
'c8:b5:b7:84:8d:6c'	0	0	0	46
'c8:b5:b7:84:8d:6c'	0	0	0	42
'30:f7:c5:72:00:97'	0	0	0	46
'30:f7:c5:72:00:97'	0	0	0	47
'30:f7:c5:72:00:97'	0	0	0	44
'e0:f8:47:ff:3a:c7'	0	0	0	22
'e0:f8:47:ff:3a:c7'	0	0	0	26
'cc:af:78:b0:8e:8b'	0	0	0	71
'cc:af:78:b0:8e:8b'	0	0	0	66
'1c:7b:21:53:b2:a7'	0	0	0	23
'e8:99:c4:9d:49:15'	0	0	0	33
'1c:7b:21:53:b2:a7'	0	0	0	25
'e8:99:c4:9d:49:15'	0	0	0	31
'0c:77:1a:0e:f8:99'	0	0	0	33
'0c:77:1a:0e:f8:99'	0	0	0	32
'cc:af:78:b0:8e:8b'	0	0	0	67
'cc:af:78:b0:8e:8b'	0	0	0	67
'00:27:10:dd:1a:e0'	0	0	0	37
'00:27:10:dd:1a:e0'	0	0	0	37
'00:27:10:dd:1a:e0'	0	0	0	37
'00:27:10:dd:1a:e0'	0	0	0	36
'00:27:10:dd:1a:e0'	0	0	0	35
'b8:f9:34:87:a8:d3'	0	0	0	30
'84:7a:88:1c:b1:8e'	0	0	0	32
'54:72:4f:18:58:ec'	0	0	0	45
'54:72:4f:18:58:ec'	0	0	0	45
'54:72:4f:18:58:ec'	0	0	0	45
'84:7a:88:1c:b1:8e'	0	0	0	32
'54:72:4f:18:58:ec'	0	0	0	47
'54:72:4f:18:58:ec'	0	0	0	46
'88:32:9b:d5:24:f2'	0	0	0	43
'88:32:9b:d5:24:f2'	0	0	0	44
'48:5d:60:cd:f5:e8'	0	0	0	30
'ac:fd:ec:84:72:49'	0	0	0	27
'ac:fd:ec:84:72:49'	0	0	0	26
'0c:74:c2:ee:6e:d7'	0	0	0	27
'0c:74:c2:ee:6e:d7'	0	0	0	28
'e8:99:c4:9d:49:15'	0	0	0	29
'e8:99:c4:9d:49:15'	0	0	0	29
'68:09:27:09:35:49'	0	0	0	40
'c0:65:99:a6:af:b0'	0	0	0	45
'c0:65:99:a6:af:b0'	0	0	0	46
'c0:65:99:a6:af:b0'	0	0	0	46
'c0:65:99:a6:af:b0'	0	0	0	48
'c0:65:99:a6:af:b0'	0	0	0	47
'c0:65:99:a6:af:b0'	0	0	0	46
'9c:04:eb:24:e7:7a'	0	0	0	22
'0c:74:c2:ee:6e:d7'	0	0	0	29
'84:7a:88:1c:b1:8e'	0	0	0	47
'0c:74:c2:ee:6e:d7'	0	0	0	30
'84:7a:88:1c:b1:8e'	0	0	0	42
'84:7a:88:1c:b1:8e'	0	0	0	43
'84:7a:88:1c:b1:8e'	0	0	0	46
'84:7a:88:1c:b1:8e'	0	0	0	39
'c4:43:8f:57:aa:7b'	0	0	0	28
'c4:43:8f:57:aa:7b'	0	0	0	29
'8c:7b:9d:09:af:db'	0	0	0	47
'8c:7b:9d:09:af:db'	0	0	0	54
'8c:7b:9d:09:af:db'	0	0	0	53
'8c:7b:9d:09:af:db'	0	0	0	55
'8c:7b:9d:09:af:db'	0	0	0	54
'e8:99:c4:9d:49:15'	0	0	0	37
'e8:99:c4:9d:49:15'	0	0	0	35
'e8:99:c4:9d:49:15'	0	0	0	36
'e0:f8:47:ff:3a:c7'	0	0	0	27
'e0:f8:47:ff:3a:c7'	0	0	0	25
'b4:52:7d:6c:9e:c6'	0	0	0	31
'00:e3:b2:92:80:e5'	0	0	0	23
'84:7a:88:1c:b1:8e'	0	0	0	44
'84:7a:88:1c:b1:8e'	0	0	0	38
'84:7a:88:1c:b1:8e'	0	0	0	45
'84:7a:88:1c:b1:8e'	0	0	0	49
'88:32:9b:d5:24:f2'	0	0	0	38
'88:32:9b:d5:24:f2'	0	0	0	38
'88:1f:a1:45:9d:70'	0	0	0	35
'88:1f:a1:45:9d:70'	0	0	0	35
'88:1f:a1:45:9d:70'	0	0	0	39
'88:1f:a1:45:9d:70'	0	0	0	39
'e8:99:c4:9d:49:15'	0	0	0	31
'e8:99:c4:9d:49:15'	0	0	0	29
'0c:74:c2:ee:6e:d7'	0	0	0	30
'0c:74:c2:ee:6e:d7'	0	0	0	30
'e8:99:c4:9d:49:15'	0	0	0	26
'e8:99:c4:9d:49:15'	0	0	0	28
'c4:43:8f:57:aa:7b'	0	0	0	40
'c4:43:8f:57:aa:7b'	0	0	0	38
'c4:43:8f:57:aa:7b'	0	0	0	36
'c4:43:8f:57:aa:7b'	0	0	0	37
'c4:43:8f:57:aa:7b'	0	0	0	42
'c4:43:8f:57:aa:7b'	0	0	0	40
'c4:43:8f:57:aa:7b'	0	0	0	45
'c4:43:8f:57:aa:7b'	0	0	0	46
'c4:43:8f:57:aa:7b'	0	0	0	45
'c4:43:8f:57:aa:7b'	0	0	0	44
'c4:43:8f:57:aa:7b'	0	0	0	43
'a8:06:00:29:e5:14'	0	0	0	30
'a8:06:00:29:e5:14'	0	0	0	29
'a8:06:00:29:e5:14'	0	0	0	29
'a8:06:00:29:e5:14'	0	0	0	29
'ac:3c:0b:3c:99:d1'	0	0	0	35
'34:23:ba:7c:17:6c'	0	0	0	38
'34:23:ba:7c:17:6c'	0	0	0	38
'34:23:ba:7c:17:6c'	0	0	0	41
'c4:43:8f:57:aa:7b'	0	0	0	49
'34:23:ba:7c:17:6c'	0	0	0	40
'c4:43:8f:57:aa:7b'	0	0	0	50
'c4:43:8f:57:aa:7b'	0	0	0	51
'c4:43:8f:57:aa:7b'	0	0	0	51
'c4:43:8f:57:aa:7b'	0	0	0	46
'cc:3a:61:8b:e0:0d'	0	0	0	28
'cc:3a:61:8b:e0:0d'	0	0	0	25
'00:eb:2d:24:22:f0'	0	0	0	28
'60:67:20:01:9f:78'	0	0	0	47
'60:67:20:01:9f:78'	0	0	0	44
'e8:99:c4:9d:49:15'	0	0	0	30
'e8:99:c4:9d:49:15'	0	0	0	29
'a8:06:00:29:e5:14'	0	0	0	29
'a8:06:00:29:e5:14'	0	0	0	30
'a8:06:00:29:e5:14'	0	0	0	29
'a8:06:00:29:e5:14'	0	0	0	29
'1c:65:9d:65:5a:70'	0	0	0	38
'd0:b3:3f:f7:2e:53'	0	0	0	27
'd0:b3:3f:f7:2e:53'	0	0	0	28
'3c:d0:f8:ac:d6:8f'	0	0	0	34
'3c:d0:f8:ac:d6:8f'	0	0	0	33
'88:32:9b:d5:24:f2'	0	0	0	48
'88:32:9b:d5:24:f2'	0	0	0	46
'8c:2d:aa:8b:29:dd'	0	0	0	54
'8c:7b:9d:09:af:db'	0	0	0	57
'8c:7b:9d:09:af:db'	0	0	0	58
'8c:7b:9d:09:af:db'	0	0	0	63
'24:a2:e1:14:f7:81'	0	0	0	26
'8c:7b:9d:09:af:db'	0	0	0	61
'0c:77:1a:0e:f8:99'	0	0	0	36
'0c:77:1a:0e:f8:99'	0	0	0	36
'e8:99:c4:9d:49:15'	0	0	0	36
'e8:99:c4:9d:49:15'	0	0	0	36
'e8:99:c4:9d:49:15'	0	0	0	37
'0c:74:c2:ee:6e:d7'	0	0	0	30
'88:1f:a1:45:9d:70'	0	0	0	34
'88:1f:a1:45:9d:70'	0	0	0	32
'88:1f:a1:45:9d:70'	0	0	0	31
'88:1f:a1:45:9d:70'	0	0	0	30
'dc:85:de:48:3d:6e'	0	0	0	35
'dc:85:de:48:3d:6e'	0	0	0	36
'c4:43:8f:57:aa:7b'	0	0	0	66
'c4:43:8f:57:aa:7b'	0	0	0	65
'c4:43:8f:57:aa:7b'	0	0	0	65
'c4:43:8f:57:aa:7b'	0	0	0	64
'c4:43:8f:57:aa:7b'	0	0	0	63
'c4:43:8f:57:aa:7b'	0	0	0	64
'c4:43:8f:57:aa:7b'	0	0	0	60
'c4:43:8f:57:aa:7b'	0	0	0	47
'c4:43:8f:57:aa:7b'	0	0	0	47
'54:72:4f:18:58:ec'	0	0	0	43
'54:72:4f:18:58:ec'	0	0	0	45
'ac:fd:ec:84:72:49'	0	0	0	28
'54:e4:3a:61:c7:00'	0	0	0	27
'54:e4:3a:61:c7:00'	0	0	0	23
'c4:43:8f:57:aa:7b'	0	0	0	68
'c4:43:8f:57:aa:7b'	0	0	0	67
'c4:43:8f:57:aa:7b'	0	0	0	69
'c4:43:8f:57:aa:7b'	0	0	0	69
'80:57:19:ca:64:8b'	0	0	0	43
'80:57:19:ca:64:8b'	0	0	0	43
'38:aa:3c:be:fe:b3'	0	0	0	33
'38:aa:3c:be:fe:b3'	0	0	0	32
'38:aa:3c:be:fe:b3'	0	0	0	31
'b4:f0:ab:d3:40:a2'	0	0	0	29
'88:32:9b:d5:24:f2'	0	0	0	47
'88:32:9b:d5:24:f2'	0	0	0	47
'0c:77:1a:0e:f8:99'	0	0	0	34
'0c:77:1a:0e:f8:99'	0	0	0	33
'e8:99:c4:9d:49:15'	0	0	0	32
'e8:99:c4:9d:49:15'	0	0	0	32
'e8:99:c4:9d:49:15'	0	0	0	29
'e8:99:c4:9d:49:15'	0	0	0	29
'd0:b3:3f:f7:2e:53'	0	0	0	26
'd0:b3:3f:f7:2e:53'	0	0	0	26
'c4:43:8f:57:aa:7b'	0	0	0	62
'c4:43:8f:57:aa:7b'	0	0	0	63
'c4:43:8f:57:aa:7b'	0	0	0	62
'c4:43:8f:57:aa:7b'	0	0	0	62
'c4:43:8f:57:aa:7b'	0	0	0	67
'c4:43:8f:57:aa:7b'	0	0	0	49
'24:0a:64:91:e1:2b'	0	0	0	48
'b8:e8:56:3e:a6:4e'	0	0	0	42
'b8:e8:56:3e:a6:4e'	0	0	0	42
'b8:e8:56:3e:a6:4e'	0	0	0	42
'b8:e8:56:3e:a6:4e'	0	0	0	44
'b8:e8:56:3e:a6:4e'	0	0	0	42
'b8:e8:56:3e:a6:4e'	0	0	0	41
'b8:e8:56:3e:a6:4e'	0	0	0	43
'b8:e8:56:3e:a6:4e'	0	0	0	43
'b8:e8:56:3e:a6:4e'	0	0	0	43
'b8:e8:56:3e:a6:4e'	0	0	0	43
'b8:e8:56:3e:a6:4e'	0	0	0	42
'b8:e8:56:3e:a6:4e'	0	0	0	43
'b8:e8:56:3e:a6:4e'	0	0	0	43
'b8:e8:56:3e:a6:4e'	0	0	0	42
'b8:e8:56:3e:a6:4e'	0	0	0	43
'b8:e8:56:3e:a6:4e'	0	0	0	44
'b8:e8:56:3e:a6:4e'	0	0	0	92
'b8:e8:56:3e:a6:4e'	0	0	0	41
'b8:e8:56:3e:a6:4e'	0	0	0	41
'b8:e8:56:3e:a6:4e'	0	0	0	43
'b8:e8:56:3e:a6:4e'	0	0	0	43
'b8:e8:56:3e:a6:4e'	0	0	0	43
'b8:e8:56:3e:a6:4e'	0	0	0	43
'b8:e8:56:3e:a6:4e'	0	0	0	44
'b8:e8:56:3e:a6:4e'	0	0	0	43
'b8:e8:56:3e:a6:4e'	0	0	0	44
'b8:e8:56:3e:a6:4e'	0	0	0	43
'b8:e8:56:3e:a6:4e'	0	0	0	43
'b8:e8:56:3e:a6:4e'	0	0	0	43
'b8:e8:56:3e:a6:4e'	0	0	0	43
'b8:e8:56:3e:a6:4e'	0	0	0	43
'b8:e8:56:3e:a6:4e'	0	0	0	43
'b8:e8:56:3e:a6:4e'	0	0	0	43
'b8:e8:56:3e:a6:4e'	0	0	0	42
'b8:e8:56:3e:a6:4e'	0	0	0	43
'b8:e8:56:3e:a6:4e'	0	0	0	43
'b8:e8:56:3e:a6:4e'	0	0	0	43
'b8:e8:56:3e:a6:4e'	0	0	0	43
'b8:e8:56:3e:a6:4e'	0	0	0	43
'b8:e8:56:3e:a6:4e'	0	0	0	43
'b8:e8:56:3e:a6:4e'	0	0	0	43
'c8:b5:b7:84:8d:6c'	0	0	0	39
'8c:2d:aa:82:8f:32'	46.520394	6.568469	42.0	29
'ac:fd:ec:84:72:49'	46.520354	6.568866	42.0	29
'ac:fd:ec:84:72:49'	46.520354	6.568866	42.0	29
'ac:fd:ec:84:72:49'	46.520354	6.568866	42.0	25
'88:32:9b:d5:24:f2'	46.520354	6.568866	42.0	46
'88:32:9b:d5:24:f2'	46.520354	6.568866	42.0	46
'e8:99:c4:9d:49:15'	46.520305	6.56906	42.0	31
'e8:99:c4:9d:49:15'	46.520305	6.56906	42.0	30
'e8:99:c4:9d:49:15'	46.520305	6.56906	42.0	31
'80:57:19:ca:64:8b'	46.520305	6.56906	42.0	45
'80:57:19:ca:64:8b'	46.520305	6.56906	42.0	45
'34:23:ba:7c:17:6c'	46.520236	6.569248	42.0	39
'bc:f5:ac:df:54:e8'	46.520236	6.569248	42.0	28
'bc:f5:ac:df:54:e8'	46.520236	6.569248	42.0	26
'34:23:ba:7c:17:6c'	46.520236	6.569248	42.0	37
'b4:f0:ab:d3:40:a2'	46.520236	6.569248	42.0	30
'34:23:ba:7c:17:6c'	46.520236	6.569248	42.0	39
'f0:b4:79:13:58:97'	46.520236	6.569248	42.0	38
'f0:b4:79:13:58:97'	46.520236	6.569248	42.0	38
'f0:b4:79:13:58:97'	46.520236	6.569248	42.0	36
'3c:e0:72:86:57:f8'	46.520149	6.569428	42.0	48
'3c:e0:72:86:57:f8'	46.520149	6.569428	42.0	41
'3c:e0:72:86:57:f8'	46.520149	6.569428	42.0	47
'1c:65:9d:65:5a:70'	46.520045	6.569598	42.0	43
'1c:65:9d:65:5a:70'	46.520045	6.569598	42.0	42
'3c:e0:72:86:57:f8'	46.520045	6.569598	42.0	39
'3c:e0:72:86:57:f8'	46.520045	6.569598	42.0	38
'3c:e0:72:86:57:f8'	46.520045	6.569598	42.0	41
'3c:e0:72:86:57:f8'	46.520045	6.569598	42.0	46
'e0:f8:47:ff:3a:c7'	46.520045	6.569598	42.0	29
'e0:f8:47:ff:3a:c7'	46.520045	6.569598	42.0	28
'e0:f8:47:ff:3a:c7'	46.520045	6.569598	42.0	27
'c0:65:99:a6:af:b0'	46.520045	6.569598	42.0	36
'c4:85:08:9b:3d:e5'	46.520045	6.569598	42.0	60
'c4:85:08:9b:3d:e5'	46.519924	6.569757	42.0	60
'c4:43:8f:57:aa:7b'	46.519924	6.569757	42.0	24
'54:e4:3a:1e:46:7a'	46.519787	6.569904	42.0	27
'54:e4:3a:1e:46:7a'	46.519787	6.569904	42.0	27
'd0:b3:3f:f7:2e:53'	46.519637	6.570036	42.0	27
'3c:e0:72:86:57:f8'	46.519475	6.570152	42.0	44
'3c:e0:72:86:57:f8'	46.519475	6.570152	42.0	43
'3c:e0:72:86:57:f8'	46.519475	6.570152	42.0	48
'3c:e0:72:86:57:f8'	46.519475	6.570152	42.0	48
'e8:99:c4:9d:49:15'	46.518929	6.570396	42.0	32
'e8:99:c4:9d:49:15'	46.518929	6.570396	42.0	33
'88:32:9b:d5:24:f2'	46.518929	6.570396	42.0	44
'e8:99:c4:9d:49:15'	46.518929	6.570396	42.0	35
'88:32:9b:d5:24:f2'	46.518929	6.570396	42.0	43
'14:b9:68:1f:6e:9e'	46.518929	6.570396	42.0	25
'14:b9:68:1f:6e:9e'	46.518929	6.570396	42.0	34
'14:b9:68:1f:6e:9e'	46.518929	6.570396	42.0	35
'c0:65:99:a6:af:b0'	46.518734	6.57044	42.0	30
'c0:65:99:a6:af:b0'	46.518734	6.57044	42.0	30
'c0:65:99:a6:af:b0'	46.518734	6.57044	42.0	31
'c0:65:99:a6:af:b0'	46.518734	6.57044	42.0	30
'c8:b5:b7:84:8d:6c'	46.518734	6.57044	42.0	39
'c8:b5:b7:84:8d:6c'	46.518734	6.57044	42.0	44
'c0:65:99:a6:af:b0'	46.518535	6.570464	42.0	20
'c0:65:99:a6:af:b0'	46.518535	6.570464	42.0	21
'9c:b7:0d:f1:60:1c'	46.518535	6.570464	42.0	25
'c0:65:99:a6:af:b0'	46.518535	6.570464	42.0	25
'c0:65:99:a6:af:b0'	46.518535	6.570464	42.0	28
'a8:06:00:29:e5:14'	46.518336	6.570468	42.0	46
'a8:06:00:29:e5:14'	46.518336	6.570468	42.0	49
'a8:06:00:29:e5:14'	46.518336	6.570468	42.0	48
'a8:06:00:29:e5:14'	46.518336	6.570468	42.0	49
'e8:99:c4:9d:49:15'	46.518336	6.570468	42.0	30
'e8:99:c4:9d:49:15'	46.518336	6.570468	42.0	31
'cc:3a:61:8b:e0:0d'	46.517562	6.570288	42.0	26
'cc:3a:61:8b:e0:0d'	46.517562	6.570288	42.0	24
'3c:e0:72:86:57:f8'	46.517384	6.570195	42.0	38
'3c:e0:72:86:57:f8'	46.517384	6.570195	42.0	38
'3c:e0:72:86:57:f8'	46.517384	6.570195	42.0	42
'3c:d0:f8:ac:d6:8f'	46.517217	6.570086	42.0	36
'3c:d0:f8:ac:d6:8f'	46.517217	6.570086	42.0	36
'9c:04:eb:24:e7:7a'	46.517061	6.56996	42.0	27
'ac:fd:ec:84:72:49'	46.517061	6.56996	42.0	27
'ac:fd:ec:84:72:49'	46.517061	6.56996	42.0	29
'ac:fd:ec:84:72:49'	46.517061	6.56996	42.0	30
'68:09:27:09:35:49'	46.517061	6.56996	42.0	42
'88:32:9b:d5:24:f2'	46.517061	6.56996	42.0	44
'e8:99:c4:9d:49:15'	46.517061	6.56996	42.0	31
'e8:99:c4:9d:49:15'	46.517061	6.56996	42.0	31
'e8:99:c4:9d:49:15'	46.517061	6.56996	42.0	31
'40:a6:d9:40:ce:c9'	46.516919	6.56982	42.0	27
'40:a6:d9:40:ce:c9'	46.516919	6.56982	42.0	26
'a8:06:00:29:e5:14'	46.51668	6.5695	42.0	25
'a8:06:00:29:e5:14'	46.51668	6.5695	42.0	26
'80:57:19:ca:64:8b'	46.516586	6.569324	42.0	37
'80:57:19:ca:64:8b'	46.516586	6.569324	42.0	37
'6c:3e:6d:f0:f0:33'	46.516586	6.569324	42.0	42
'6c:3e:6d:f0:f0:33'	46.516586	6.569324	42.0	40
'6c:3e:6d:f0:f0:33'	46.516586	6.569324	42.0	41
'6c:3e:6d:f0:f0:33'	46.516586	6.569324	42.0	40
'dc:85:de:48:3d:6e'	46.51651	6.569139	42.0	36
'dc:85:de:48:3d:6e'	46.51651	6.569139	42.0	37
'dc:85:de:48:3d:6e'	46.516452	6.568947	42.0	34
'b8:e8:56:3e:a6:4e'	46.516397	6.568352	42.0	32
'b8:e8:56:3e:a6:4e'	46.516397	6.568352	42.0	33
'b8:e8:56:3e:a6:4e'	46.516397	6.568352	42.0	33
'b8:e8:56:3e:a6:4e'	46.516397	6.568352	42.0	33
'b8:e8:56:3e:a6:4e'	46.516397	6.568352	42.0	33
'b8:e8:56:3e:a6:4e'	46.516397	6.568352	42.0	34
'b8:e8:56:3e:a6:4e'	46.516397	6.568352	42.0	34
'1c:65:9d:65:5a:70'	46.516698	6.567409	42.0	43
'1c:65:9d:65:5a:70'	46.516698	6.567409	42.0	39
'9c:e6:e7:49:65:bc'	46.516698	6.567409	42.0	25
'1c:65:9d:65:5a:70'	46.516698	6.567409	42.0	33
'9c:e6:e7:49:65:bc'	46.516698	6.567409	42.0	24
'b8:e8:56:3e:a6:4e'	46.516698	6.567409	42.0	37
'b8:e8:56:3e:a6:4e'	46.516698	6.567409	42.0	39
'ac:fd:ec:84:72:49'	46.516812	6.567245	42.0	28
'24:0a:64:91:e1:2b'	46.516812	6.567245	42.0	46
'24:0a:64:91:e1:2b'	46.516812	6.567245	42.0	40
'bc:f5:ac:df:54:e8'	46.516812	6.567245	42.0	28
'bc:f5:ac:df:54:e8'	46.516812	6.567245	42.0	27
'bc:f5:ac:df:54:e8'	46.516812	6.567245	42.0	26
'bc:f5:ac:df:54:e8'	46.516812	6.567245	42.0	27
'24:0a:64:91:e1:2b'	46.516942	6.567093	42.0	47
'd0:b3:3f:f7:2e:53'	46.517087	6.566955	42.0	23
'24:0a:64:91:e1:2b'	46.517087	6.566955	42.0	28
'b8:e8:56:3e:a6:4e'	46.517087	6.566955	42.0	37
'b8:e8:56:3e:a6:4e'	46.517087	6.566955	42.0	37
'b8:e8:56:3e:a6:4e'	46.517087	6.566955	42.0	39
'b8:e8:56:3e:a6:4e'	46.517244	6.566832	42.0	44
'40:a6:d9:40:ce:c9'	46.517244	6.566832	42.0	25
'40:a6:d9:40:ce:c9'	46.517244	6.566832	42.0	27
'f0:dc:e2:75:59:54'	46.517244	6.566832	42.0	39
'8c:2d:aa:8b:29:dd'	46.517244	6.566832	42.0	52
'f0:dc:e2:75:59:54'	46.517244	6.566832	42.0	39
'f0:dc:e2:75:59:54'	46.517244	6.566832	42.0	40
'bc:f5:ac:df:54:e8'	46.517244	6.566832	42.0	35
'88:1f:a1:45:9d:70'	46.517413	6.566726	42.0	32
'88:1f:a1:45:9d:70'	46.517413	6.566726	42.0	34
'88:1f:a1:45:9d:70'	46.517413	6.566726	42.0	34
'0c:77:1a:0e:f8:99'	46.517413	6.566726	42.0	32
'84:8e:0c:f4:18:54'	46.517592	6.566637	42.0	23
'80:57:19:ca:64:8b'	46.517592	6.566637	42.0	42
'80:57:19:ca:64:8b'	46.517592	6.566637	42.0	42
'80:57:19:ca:64:8b'	46.517592	6.566637	42.0	41
'80:57:19:ca:64:8b'	46.517592	6.566637	42.0	40
'80:57:19:ca:64:8b'	46.517592	6.566637	42.0	42
'6c:3e:6d:f0:f0:33'	46.517592	6.566637	42.0	22
'e8:99:c4:9d:49:15'	46.517779	6.566566	42.0	29
'88:32:9b:d5:24:f2'	46.517779	6.566566	42.0	48
'50:46:5d:81:0a:29'	46.517779	6.566566	42.0	45
'88:32:9b:d5:24:f2'	46.517779	6.566566	42.0	48
'50:46:5d:81:0a:29'	46.517779	6.566566	42.0	44
'88:32:9b:d5:24:f2'	46.517779	6.566566	42.0	48
'50:46:5d:81:0a:29'	46.517779	6.566566	42.0	45
'88:32:9b:d5:24:f2'	46.517779	6.566566	42.0	48
'50:46:5d:81:0a:29'	46.517779	6.566566	42.0	44
'f0:dc:e2:75:59:54'	46.517972	6.566514	42.0	37
'f0:dc:e2:75:59:54'	46.517972	6.566514	42.0	38
'f0:dc:e2:75:59:54'	46.517972	6.566514	42.0	37
'f0:dc:e2:75:59:54'	46.517972	6.566514	42.0	38
'b8:e8:56:3e:a6:4e'	46.517972	6.566514	42.0	33
'b8:e8:56:3e:a6:4e'	46.517972	6.566514	42.0	34
'b8:e8:56:3e:a6:4e'	46.517972	6.566514	42.0	36
'54:e4:3a:68:ab:9d'	46.51817	6.566482	42.0	31
'54:e4:3a:68:ab:9d'	46.51817	6.566482	42.0	33
'6c:88:14:f2:5c:6c'	46.518369	6.566469	42.0	39
'6c:88:14:f2:5c:6c'	46.518369	6.566469	42.0	39
'6c:88:14:f2:5c:6c'	46.518369	6.566469	42.0	41
'6c:88:14:f2:5c:6c'	46.518369	6.566469	42.0	41
'b4:f0:ab:d3:40:a2'	46.518767	6.566504	42.0	27
'54:e4:3a:68:ab:9d'	46.51915	6.566617	42.0	34
'54:e4:3a:68:ab:9d'	46.51915	6.566617	42.0	34
'54:e4:3a:68:ab:9d'	46.51915	6.566617	42.0	32
'10:3b:59:e2:2e:e4'	46.51915	6.566617	42.0	33
'10:3b:59:e2:2e:e4'	46.51915	6.566617	42.0	32
'00:21:6a:6c:e5:e4'	46.519331	6.566702	42.0	63
'00:21:6a:6c:e5:e4'	46.519331	6.566702	42.0	63
'00:21:6a:6c:e5:e4'	46.519331	6.566702	42.0	63
'00:21:6a:6c:e5:e4'	46.519331	6.566702	42.0	63
'00:21:6a:6c:e5:e4'	46.519331	6.566702	42.0	40
'0c:77:1a:0e:f8:99'	46.519503	6.566804	42.0	28
'0c:77:1a:0e:f8:99'	46.519503	6.566804	42.0	31
'ac:fd:ec:84:72:49'	46.519663	6.566923	42.0	30
'ac:fd:ec:84:72:49'	46.519663	6.566923	42.0	29
'f0:dc:e2:75:59:54'	46.519663	6.566923	42.0	27
'f0:dc:e2:75:59:54'	46.519663	6.566923	42.0	27
'5c:ff:35:71:2f:cd'	46.519663	6.566923	42.0	43
'5c:ff:35:71:2f:cd'	46.519663	6.566923	42.0	36
'5c:ff:35:71:2f:cd'	46.519663	6.566923	42.0	32
'5c:ff:35:71:2f:cd'	46.519663	6.566923	42.0	34
'5c:ff:35:71:2f:cd'	46.519663	6.566923	42.0	31
'5c:ff:35:71:2f:cd'	46.519663	6.566923	42.0	34
'e8:99:c4:9d:49:15'	46.519663	6.566923	42.0	29
'cc:af:78:b0:8e:8b'	46.519663	6.566923	42.0	66
'e8:99:c4:9d:49:15'	46.519663	6.566923	42.0	29
'cc:af:78:b0:8e:8b'	46.519663	6.566923	42.0	63
'88:32:9b:d5:24:f2'	46.519663	6.566923	42.0	48
'88:32:9b:d5:24:f2'	46.519663	6.566923	42.0	47
'60:21:c0:6f:af:4f'	46.519663	6.566923	42.0	26
'60:21:c0:6f:af:4f'	46.519663	6.566923	42.0	25
'60:67:20:01:9f:78'	46.519811	6.567058	42.0	47
'60:67:20:01:9f:78'	46.519811	6.567058	42.0	44
'd0:b3:3f:f7:2e:53'	46.519811	6.567058	42.0	26
'd0:b3:3f:f7:2e:53'	46.519811	6.567058	42.0	27
'e8:99:c4:9d:49:15'	46.519811	6.567058	42.0	31
'e8:99:c4:9d:49:15'	46.519811	6.567058	42.0	30
'10:3b:59:e2:2e:e4'	46.519811	6.567058	42.0	33
'10:3b:59:e2:2e:e4'	46.519811	6.567058	42.0	34
'8c:3a:e3:5e:67:be'	46.519945	6.567206	42.0	32
'8c:3a:e3:5e:67:be'	46.519945	6.567206	42.0	32
'cc:af:78:b0:8e:8b'	46.519945	6.567206	42.0	62
'cc:af:78:b0:8e:8b'	46.519945	6.567206	42.0	62
'8c:7b:9d:09:af:db'	46.520063	6.567368	42.0	53
'8c:7b:9d:09:af:db'	46.520063	6.567368	42.0	54
'8c:7b:9d:09:af:db'	46.520063	6.567368	42.0	53
'8c:7b:9d:09:af:db'	46.520063	6.567368	42.0	53
'8c:7b:9d:09:af:db'	46.520063	6.567368	42.0	47
'f0:27:65:78:a3:1e'	46.520063	6.567368	42.0	28
'f0:27:65:78:a3:1e'	46.520063	6.567368	42.0	34
'60:21:c0:b9:82:ab'	46.520063	6.567368	42.0	36
'60:21:c0:b9:82:ab'	46.520063	6.567368	42.0	38
'60:21:c0:b9:82:ab'	46.520063	6.567368	42.0	39
'00:27:10:dd:1a:e0'	46.520165	6.56754	42.0	37
'00:27:10:dd:1a:e0'	46.520165	6.56754	42.0	36
'00:27:10:dd:1a:e0'	46.520165	6.56754	42.0	36
'00:27:10:dd:1a:e0'	46.520165	6.56754	42.0	36
'b8:e8:56:3e:a6:4e'	46.520165	6.56754	42.0	37
'b8:e8:56:3e:a6:4e'	46.520165	6.56754	42.0	37
'b8:e8:56:3e:a6:4e'	46.520165	6.56754	42.0	40
'b8:e8:56:3e:a6:4e'	46.520165	6.56754	42.0	40
'c8:b5:b7:84:8d:6c'	46.520249	6.567721	42.0	41
'c8:b5:b7:84:8d:6c'	46.520249	6.567721	42.0	44
'68:09:27:04:6b:02'	46.520314	6.56791	42.0	35
'ac:fd:ec:84:72:49'	46.520361	6.568105	42.0	24
'ac:fd:ec:84:72:49'	46.520387	6.568303	42.0	25
'80:57:19:ca:64:8b'	46.520387	6.568303	42.0	41
'80:57:19:ca:64:8b'	46.520387	6.568303	42.0	41
'98:fe:94:00:77:0f'	46.520394	6.568469	42.0	28
'98:fe:94:00:77:0f'	46.520394	6.568469	42.0	25
'6c:88:14:ff:4c:60'	46.520394	6.568469	42.0	23
'6c:88:14:ff:4c:60'	46.520394	6.568469	42.0	24
'6c:88:14:ff:4c:60'	46.520394	6.568469	42.0	25
'e8:99:c4:9d:49:15'	46.520384	6.568669	42.0	34
'e8:99:c4:9d:49:15'	46.520384	6.568669	42.0	34
'e8:99:c4:9d:49:15'	46.520384	6.568669	42.0	33
'e8:99:c4:9d:49:15'	46.520384	6.568669	42.0	34
'b8:e8:56:3e:a6:4e'	46.520384	6.568669	42.0	37
'b8:e8:56:3e:a6:4e'	46.520384	6.568669	42.0	36
'f0:dc:e2:75:59:54'	46.520384	6.568669	42.0	24
'f0:dc:e2:75:59:54'	46.520384	6.568669	42.0	22
'b8:e8:56:3e:a6:4e'	46.520384	6.568669	42.0	39
'b8:e8:56:3e:a6:4e'	46.520384	6.568669	42.0	37
'34:23:ba:7c:17:6c'	46.520384	6.568669	42.0	42
'34:23:ba:7c:17:6c'	46.520384	6.568669	42.0	41
'34:23:ba:7c:17:6c'	46.520384	6.568669	42.0	45
'34:23:ba:7c:17:6c'	46.520384	6.568669	42.0	45
'88:32:9b:d5:24:f2'	46.520354	6.568866	42.0	47
'88:32:9b:d5:24:f2'	46.520354	6.568866	42.0	46
'10:3b:59:e2:2e:e4'	46.520354	6.568866	42.0	23
'10:3b:59:e2:2e:e4'	46.520354	6.568866	42.0	26
'1c:65:9d:65:5a:70'	46.520236	6.569248	42.0	41
'9c:04:eb:24:e7:7a'	46.520236	6.569248	42.0	27
'1c:65:9d:65:5a:70'	46.520149	6.569428	42.0	40
'1c:65:9d:65:5a:70'	46.520149	6.569428	42.0	34
'68:09:27:09:35:49'	46.520149	6.569428	42.0	38
'd0:b3:3f:f7:2e:53'	46.519924	6.569757	42.0	24
'68:09:27:8d:13:cf'	46.519924	6.569757	42.0	33
'68:09:27:8d:13:cf'	46.519787	6.569904	42.0	28
'e8:99:c4:9d:49:15'	46.519301	6.570251	42.0	34
'e8:99:c4:9d:49:15'	46.519301	6.570251	42.0	32
'b8:e8:56:3e:a6:4e'	46.519301	6.570251	42.0	39
'b8:e8:56:3e:a6:4e'	46.519301	6.570251	42.0	36
'b8:e8:56:3e:a6:4e'	46.519301	6.570251	42.0	25
'b8:e8:56:3e:a6:4e'	46.519301	6.570251	42.0	39
'f0:dc:e2:75:59:54'	46.519301	6.570251	42.0	25
'88:32:9b:d5:24:f2'	46.519119	6.570333	42.0	47
'88:32:9b:d5:24:f2'	46.519119	6.570333	42.0	48
'88:30:8a:76:1f:fa'	46.519119	6.570333	42.0	33
'6c:b7:f4:4d:33:36'	46.519119	6.570333	42.0	37
'88:30:8a:76:1f:fa'	46.519119	6.570333	42.0	29
'6c:b7:f4:4d:33:36'	46.519119	6.570333	42.0	35
'68:09:27:8d:13:cf'	46.518929	6.570396	42.0	33
'68:09:27:8d:13:cf'	46.518929	6.570396	42.0	32
'ac:3c:0b:3c:99:d1'	46.518535	6.570464	42.0	42
'84:a6:c8:bd:73:b0'	46.518535	6.570464	42.0	25
'ac:3c:0b:3c:99:d1'	46.518535	6.570464	42.0	43
'58:1f:aa:6e:14:98'	46.518136	6.570452	42.0	23
'58:1f:aa:6e:14:98'	46.518136	6.570452	42.0	23
'58:1f:aa:6e:14:98'	46.518136	6.570452	42.0	23
'58:1f:aa:6e:14:98'	46.518136	6.570452	42.0	22
'58:1f:aa:6e:14:98'	46.518136	6.570452	42.0	21
'58:1f:aa:6e:14:98'	46.518136	6.570452	42.0	21
'58:1f:aa:6e:14:98'	46.518136	6.570452	42.0	23
'58:1f:aa:6e:14:98'	46.518136	6.570452	42.0	21
'cc:3a:61:8b:e0:0d'	46.518136	6.570452	42.0	24
'c4:62:ea:07:ae:77'	46.51794	6.570417	42.0	38
'c4:62:ea:07:ae:77'	46.51794	6.570417	42.0	38
'9c:04:eb:24:e7:7a'	46.517747	6.570362	42.0	28
'6c:b7:f4:4d:33:36'	46.517747	6.570362	42.0	32
'e8:99:c4:9d:49:15'	46.517384	6.570195	42.0	34
'e8:99:c4:9d:49:15'	46.517384	6.570195	42.0	33
'5c:f8:a1:12:44:15'	46.517384	6.570195	42.0	30
'5c:f8:a1:12:44:15'	46.517384	6.570195	42.0	29
'5c:f8:a1:12:44:15'	46.517384	6.570195	42.0	28
'5c:f8:a1:12:44:15'	46.517384	6.570195	42.0	25
'f0:27:65:78:a3:1e'	46.517384	6.570195	42.0	49
'f0:27:65:78:a3:1e'	46.517384	6.570195	42.0	51
'f0:27:65:78:a3:1e'	46.517384	6.570195	42.0	54
'f0:27:65:78:a3:1e'	46.517384	6.570195	42.0	57
'1c:b0:94:b6:7c:81'	46.517217	6.570086	42.0	47
'1c:b0:94:b6:7c:81'	46.517217	6.570086	42.0	47
'1c:b0:94:b6:7c:81'	46.517217	6.570086	42.0	45
'1c:b0:94:b6:7c:81'	46.517217	6.570086	42.0	44
'1c:b0:94:b6:7c:81'	46.517061	6.56996	42.0	43
'1c:b0:94:b6:7c:81'	46.517061	6.56996	42.0	41
'1c:b0:94:b6:7c:81'	46.517061	6.56996	42.0	43
'1c:b0:94:b6:7c:81'	46.517061	6.56996	42.0	44
'd0:b3:3f:f7:2e:53'	46.517061	6.56996	42.0	27
'd0:b3:3f:f7:2e:53'	46.517061	6.56996	42.0	25
'1c:b0:94:b6:7c:81'	46.517061	6.56996	42.0	48
'1c:b0:94:b6:7c:81'	46.517061	6.56996	42.0	47
'1c:b0:94:b6:7c:81'	46.517061	6.56996	42.0	49
'1c:b0:94:b6:7c:81'	46.517061	6.56996	42.0	47
'9c:04:eb:24:e7:7a'	46.517061	6.56996	42.0	28
'8c:2d:aa:8b:29:dd'	46.517061	6.56996	42.0	52
'88:32:9b:d5:24:f2'	46.517061	6.56996	42.0	51
'88:32:9b:d5:24:f2'	46.517061	6.56996	42.0	50
'98:fe:94:00:77:0f'	46.516919	6.56982	42.0	50
'98:fe:94:00:77:0f'	46.516919	6.56982	42.0	52
'98:fe:94:00:77:0f'	46.516919	6.56982	42.0	50
'98:fe:94:00:77:0f'	46.516919	6.56982	42.0	53
'98:fe:94:00:77:0f'	46.516919	6.56982	42.0	50
'38:aa:3c:fc:2a:4c'	46.51668	6.5695	42.0	23
'38:aa:3c:fc:2a:4c'	46.51668	6.5695	42.0	29
'38:aa:3c:fc:2a:4c'	46.51668	6.5695	42.0	28
'38:aa:3c:fc:2a:4c'	46.51668	6.5695	42.0	26
'5c:59:48:52:34:04'	46.51668	6.5695	42.0	27
'5c:59:48:52:34:04'	46.51668	6.5695	42.0	27
'38:aa:3c:fc:2a:4c'	46.51668	6.5695	42.0	25
'38:aa:3c:fc:2a:4c'	46.51668	6.5695	42.0	23
'38:aa:3c:fc:2a:4c'	46.516586	6.569324	42.0	26
'38:aa:3c:fc:2a:4c'	46.516586	6.569324	42.0	26
'38:aa:3c:fc:2a:4c'	46.516586	6.569324	42.0	25
'38:aa:3c:fc:2a:4c'	46.516586	6.569324	42.0	26
'98:fe:94:00:77:0f'	46.516586	6.569324	42.0	44
'98:fe:94:00:77:0f'	46.516586	6.569324	42.0	42
'98:fe:94:00:77:0f'	46.516586	6.569324	42.0	42
'88:30:8a:76:1f:fa'	46.516586	6.569324	42.0	23
'5c:f8:a1:12:44:15'	46.51651	6.569139	42.0	23
'80:57:19:ca:64:8b'	46.51651	6.569139	42.0	43
'80:57:19:ca:64:8b'	46.51651	6.569139	42.0	44
'c4:62:ea:07:ae:77'	46.51651	6.569139	42.0	36
'c4:62:ea:07:ae:77'	46.51651	6.569139	42.0	34
'10:68:3f:4e:22:f6'	46.516452	6.568947	42.0	42
'10:68:3f:4e:22:f6'	46.516452	6.568947	42.0	41
'10:68:3f:4e:22:f6'	46.516452	6.568947	42.0	40
'10:68:3f:4e:22:f6'	46.516452	6.568947	42.0	39
'10:68:3f:4e:22:f6'	46.516452	6.568947	42.0	42
'10:68:3f:4e:22:f6'	46.516452	6.568947	42.0	43
'10:68:3f:4e:22:f6'	46.516452	6.568947	42.0	43
'10:68:3f:4e:22:f6'	46.516452	6.568947	42.0	37
'9c:04:eb:24:e7:7a'	46.516414	6.568751	42.0	27
'e8:99:c4:9d:49:15'	46.516414	6.568751	42.0	29
'e8:99:c4:9d:49:15'	46.516414	6.568751	42.0	31
'40:7a:80:e4:86:fc'	46.516396	6.568552	42.0	51
'e8:99:c4:9d:49:15'	46.516396	6.568552	42.0	35
'e8:99:c4:9d:49:15'	46.516396	6.568552	42.0	37
'e8:99:c4:9d:49:15'	46.516396	6.568552	42.0	31
'e8:99:c4:9d:49:15'	46.516396	6.568552	42.0	32
'88:32:9b:d5:24:f2'	46.51646	6.567958	42.0	29
'f0:cb:a1:0e:70:19'	46.516698	6.567409	42.0	37
'f0:cb:a1:0e:70:19'	46.516698	6.567409	42.0	37
'f0:cb:a1:0e:70:19'	46.516698	6.567409	42.0	36
'f0:cb:a1:0e:70:19'	46.516698	6.567409	42.0	35
'dc:85:de:48:3d:6e'	46.516812	6.567245	42.0	45
'5c:59:48:52:34:04'	46.516812	6.567245	42.0	42
'5c:59:48:52:34:04'	46.516812	6.567245	42.0	42
'dc:85:de:48:3d:6e'	46.516942	6.567093	42.0	28
'bc:f5:ac:df:54:e8'	46.516942	6.567093	42.0	37
'bc:f5:ac:df:54:e8'	46.516942	6.567093	42.0	36
'bc:f5:ac:df:54:e8'	46.516942	6.567093	42.0	37
'bc:f5:ac:df:54:e8'	46.516942	6.567093	42.0	40
'bc:f5:ac:df:54:e8'	46.516942	6.567093	42.0	39
'a0:88:b4:76:72:a4'	46.516942	6.567093	42.0	71
'cc:fa:00:cc:5d:5f'	46.516942	6.567093	42.0	34
'cc:fa:00:cc:5d:5f'	46.516942	6.567093	42.0	36
'88:1f:a1:45:9d:70'	46.520394	6.568469	42.0	33
'88:1f:a1:45:9d:70'	46.520394	6.568469	42.0	33
'cc:3a:61:8b:e0:0d'	46.520394	6.568469	42.0	21
'88:1f:a1:45:9d:70'	46.520394	6.568469	42.0	34
'b8:e8:56:3e:a6:4e'	46.520394	6.568469	42.0	42
'b8:e8:56:3e:a6:4e'	46.520394	6.568469	42.0	43
'b8:e8:56:3e:a6:4e'	46.520394	6.568469	42.0	44
'b8:e8:56:3e:a6:4e'	46.520394	6.568469	42.0	42
'60:21:c0:83:c9:9f'	46.520305	6.56906	42.0	34
'60:21:c0:83:c9:9f'	46.520305	6.56906	42.0	33
'60:21:c0:83:c9:9f'	46.520305	6.56906	42.0	33
'38:0f:4a:65:e6:d4'	46.520236	6.569248	42.0	29
'38:0f:4a:65:e6:d4'	46.520236	6.569248	42.0	28
'c8:aa:21:37:08:1d'	46.520149	6.569428	42.0	41
'c8:aa:21:37:08:1d'	46.520149	6.569428	42.0	42
'c8:aa:21:37:08:1d'	46.520149	6.569428	42.0	40
'c8:aa:21:37:08:1d'	46.520149	6.569428	42.0	39
'c8:aa:21:37:08:1d'	46.520149	6.569428	42.0	39
'c8:aa:21:37:08:1d'	46.520149	6.569428	42.0	39
'cc:3a:61:8b:e0:0d'	46.520149	6.569428	42.0	23
'9c:b7:0d:f1:60:1c'	46.520149	6.569428	42.0	24
'e8:99:c4:9d:49:15'	46.520045	6.569598	42.0	30
'88:32:9b:d5:24:f2'	46.519787	6.569904	42.0	47
'88:32:9b:d5:24:f2'	46.519787	6.569904	42.0	47
'00:24:d7:d6:85:f0'	46.519787	6.569904	42.0	28
'68:09:27:09:35:49'	46.519787	6.569904	42.0	37
'94:00:70:87:6c:70'	46.519637	6.570036	42.0	25
'94:00:70:87:6c:70'	46.519637	6.570036	42.0	25
'f0:27:65:78:a3:1e'	46.519637	6.570036	42.0	36
'f0:27:65:78:a3:1e'	46.519637	6.570036	42.0	37
'f0:27:65:78:a3:1e'	46.519637	6.570036	42.0	38
'f0:27:65:78:a3:1e'	46.519637	6.570036	42.0	38
'c8:b5:b7:84:8d:6c'	46.517562	6.570288	42.0	46
'c8:b5:b7:84:8d:6c'	46.517562	6.570288	42.0	35
'78:ca:39:bd:f9:2a'	46.517217	6.570086	42.0	9
'e8:99:c4:65:83:90'	46.516919	6.56982	42.0	29
'e8:99:c4:65:83:90'	46.516919	6.56982	42.0	29
'e8:99:c4:65:83:90'	46.516919	6.56982	42.0	28
'60:67:20:01:9f:78'	46.516586	6.569324	42.0	48
'60:67:20:01:9f:78'	46.516586	6.569324	42.0	48
'10:68:3f:4e:22:f6'	46.51651	6.569139	42.0	30
'10:68:3f:4e:22:f6'	46.51651	6.569139	42.0	27
'88:32:9b:d5:24:f2'	46.51651	6.569139	42.0	37
'88:32:9b:d5:24:f2'	46.51651	6.569139	42.0	36
'5c:ff:35:71:2f:cd'	46.516414	6.568751	42.0	39
'5c:ff:35:71:2f:cd'	46.516414	6.568751	42.0	37
'5c:ff:35:71:2f:cd'	46.516414	6.568751	42.0	38
'5c:ff:35:71:2f:cd'	46.516414	6.568751	42.0	41
'5c:ff:35:71:2f:cd'	46.516414	6.568751	42.0	37
'0c:77:1a:0e:f8:99'	46.516414	6.568751	42.0	32
'0c:77:1a:0e:f8:99'	46.516414	6.568751	42.0	31
'00:24:d7:53:87:44'	46.516414	6.568751	42.0	42
'00:24:d7:53:87:44'	46.516414	6.568751	42.0	43
'00:24:d7:53:87:44'	46.516414	6.568751	42.0	43
'9c:b7:0d:f1:60:1c'	46.516414	6.568751	42.0	26
'80:ea:96:10:dc:b7'	46.516414	6.568751	42.0	25
'00:24:d7:53:87:44'	46.516414	6.568751	42.0	43
'00:24:d7:53:87:44'	46.516414	6.568751	42.0	44
'94:d7:71:7e:6f:85'	46.516414	6.568751	42.0	27
'b8:e8:56:3e:a6:4e'	46.516419	6.568154	42.0	36
'b8:e8:56:3e:a6:4e'	46.516419	6.568154	42.0	36
'b8:e8:56:3e:a6:4e'	46.516419	6.568154	42.0	39
'80:57:19:ca:64:8b'	46.516419	6.568154	42.0	47
'80:57:19:ca:64:8b'	46.516419	6.568154	42.0	47
'9c:04:eb:24:e7:7a'	46.51646	6.567958	42.0	25
'88:1f:a1:45:9d:70'	46.5166	6.567584	42.0	38
'88:1f:a1:45:9d:70'	46.516698	6.567409	42.0	40
'c8:aa:21:37:08:1d'	46.516698	6.567409	42.0	41
'c8:aa:21:37:08:1d'	46.516698	6.567409	42.0	40
'c8:aa:21:37:08:1d'	46.516698	6.567409	42.0	40
'c8:aa:21:37:08:1d'	46.516698	6.567409	42.0	42
'c8:aa:21:37:08:1d'	46.516698	6.567409	42.0	40
'c8:aa:21:37:08:1d'	46.516698	6.567409	42.0	42
'8c:3a:e3:5e:67:be'	46.516812	6.567245	42.0	33
'8c:3a:e3:5e:67:be'	46.516812	6.567245	42.0	34
'8c:3a:e3:5e:67:be'	46.516812	6.567245	42.0	30
'5c:f8:a1:99:9c:5d'	46.516812	6.567245	42.0	49
'5c:f8:a1:99:9c:5d'	46.516812	6.567245	42.0	48
'5c:f8:a1:99:9c:5d'	46.516812	6.567245	42.0	47
'88:32:9b:d5:24:f2'	46.516942	6.567093	42.0	50
'88:32:9b:d5:24:f2'	46.516942	6.567093	42.0	48
'08:70:45:98:7d:18'	46.516942	6.567093	42.0	38
'08:70:45:98:7d:18'	46.516942	6.567093	42.0	38
'34:23:ba:7c:17:6c'	46.517087	6.566955	42.0	39
'34:23:ba:7c:17:6c'	46.517087	6.566955	42.0	38
'34:23:ba:7c:17:6c'	46.517087	6.566955	42.0	41
'94:d7:71:7e:6f:85'	46.517087	6.566955	42.0	32
'94:d7:71:7e:6f:85'	46.517087	6.566955	42.0	31
'80:57:19:ca:64:8b'	46.517592	6.566637	42.0	42
'80:57:19:ca:64:8b'	46.517592	6.566637	42.0	43
'80:57:19:ca:64:8b'	46.517592	6.566637	42.0	42
'80:57:19:ca:64:8b'	46.517779	6.566566	42.0	43
'6c:3e:6d:e8:eb:12'	46.517779	6.566566	42.0	26
'6c:3e:6d:e8:eb:12'	46.517779	6.566566	42.0	24
'1c:65:9d:65:5a:70'	46.517779	6.566566	42.0	40
'bc:c6:db:0e:d1:48'	46.51817	6.566482	42.0	30
'bc:c6:db:0e:d1:48'	46.51817	6.566482	42.0	29
'6c:3e:6d:e8:eb:12'	46.51817	6.566482	42.0	27
'6c:3e:6d:e8:eb:12'	46.51817	6.566482	42.0	25
'78:ca:39:bd:f9:2a'	46.51817	6.566482	42.0	28
'90:b9:31:38:a6:b3'	46.51817	6.566482	42.0	26
'90:b9:31:38:a6:b3'	46.518369	6.566469	42.0	26
'cc:af:78:b0:8e:8b'	46.518369	6.566469	42.0	65
'cc:af:78:b0:8e:8b'	46.518369	6.566469	42.0	63
'84:8e:0c:f4:18:54'	46.518569	6.566477	42.0	21
'cc:af:78:b0:8e:8b'	46.518569	6.566477	42.0	62
'cc:af:78:b0:8e:8b'	46.518569	6.566477	42.0	62
'8c:2d:aa:8b:29:dd'	46.518569	6.566477	42.0	51
'cc:af:78:b0:8e:8b'	46.51915	6.566617	42.0	20
'00:24:d7:64:75:c8'	46.51915	6.566617	42.0	32
'40:a6:d9:40:ce:c9'	46.51915	6.566617	42.0	23
'40:a6:d9:40:ce:c9'	46.51915	6.566617	42.0	22
'40:a6:d9:40:ce:c9'	46.51915	6.566617	42.0	22
'00:24:d7:64:75:c8'	46.51915	6.566617	42.0	33
'40:a6:d9:40:ce:c9'	46.51915	6.566617	42.0	23
'78:ca:39:bd:f9:2a'	46.519331	6.566702	42.0	24
'78:ca:39:bd:f9:2a'	46.519331	6.566702	42.0	24
'b8:e8:56:3e:a6:4e'	46.519475	6.570152	42.0	35
'b8:e8:56:3e:a6:4e'	46.519475	6.570152	42.0	35
'e8:99:c4:65:83:90'	46.519475	6.570152	42.0	30
'e8:99:c4:65:83:90'	46.519475	6.570152	42.0	29
'2c:b4:3a:91:7d:25'	46.519301	6.570251	42.0	34
'2c:b4:3a:91:7d:25'	46.519301	6.570251	42.0	31
'78:a3:e4:de:1b:f5'	46.519301	6.570251	42.0	37
'78:a3:e4:de:1b:f5'	46.519301	6.570251	42.0	37
'c8:aa:21:37:08:1d'	46.519119	6.570333	42.0	44
'c8:aa:21:37:08:1d'	46.519119	6.570333	42.0	43
'c8:aa:21:37:08:1d'	46.519119	6.570333	42.0	42
'c8:aa:21:37:08:1d'	46.519119	6.570333	42.0	38
'c8:aa:21:37:08:1d'	46.519119	6.570333	42.0	38
'c8:aa:21:37:08:1d'	46.519119	6.570333	42.0	40
'c8:aa:21:37:08:1d'	46.519119	6.570333	42.0	41
'c8:aa:21:37:08:1d'	46.519119	6.570333	42.0	42
'00:27:10:dd:1a:e0'	46.518929	6.570396	42.0	42
'00:27:10:dd:1a:e0'	46.518929	6.570396	42.0	42
'00:27:10:dd:1a:e0'	46.518929	6.570396	42.0	42
'1c:b0:94:b6:7c:81'	46.518336	6.570468	42.0	38
'1c:b0:94:b6:7c:81'	46.518336	6.570468	42.0	40
'1c:b0:94:b6:7c:81'	46.518336	6.570468	42.0	42
'1c:b0:94:b6:7c:81'	46.518336	6.570468	42.0	43
'78:31:c1:01:48:16'	46.518336	6.570468	42.0	27
'3c:d0:f8:ac:d6:8f'	46.518336	6.570468	42.0	35
'3c:d0:f8:ac:d6:8f'	46.518336	6.570468	42.0	35
'68:09:27:09:35:49'	46.518136	6.570452	42.0	38
'54:e4:3a:1e:46:7a'	46.518136	6.570452	42.0	28
'54:e4:3a:1e:46:7a'	46.518136	6.570452	42.0	25
'9c:b7:0d:f1:60:1c'	46.51794	6.570417	42.0	25
'9c:b7:0d:f1:60:1c'	46.51794	6.570417	42.0	23
'00:21:6a:6c:e5:e4'	46.51794	6.570417	42.0	64
'00:21:6a:6c:e5:e4'	46.51794	6.570417	42.0	62
'00:21:6a:6c:e5:e4'	46.51794	6.570417	42.0	62
'00:21:6a:6c:e5:e4'	46.51794	6.570417	42.0	62
'9c:04:eb:24:e7:7a'	46.517747	6.570362	42.0	26
'6c:88:14:f2:5c:6c'	46.517562	6.570288	42.0	38
'6c:88:14:f2:5c:6c'	46.517562	6.570288	42.0	37
'6c:88:14:f2:5c:6c'	46.517562	6.570288	42.0	38
'6c:88:14:f2:5c:6c'	46.517562	6.570288	42.0	34
'6c:88:14:f2:5c:6c'	46.517562	6.570288	42.0	33
'68:a8:6d:6e:a9:d8'	46.517384	6.570195	42.0	75
'68:a8:6d:6e:a9:d8'	46.517384	6.570195	42.0	75
'2c:b4:3a:91:7d:25'	46.517384	6.570195	42.0	38
'88:1f:a1:45:9d:70'	46.517384	6.570195	42.0	39
'ac:cf:5c:bd:7b:c4'	46.517217	6.570086	42.0	42
'78:a3:e4:de:1b:f5'	46.517217	6.570086	42.0	29
'78:a3:e4:de:1b:f5'	46.517217	6.570086	42.0	31
'00:24:d7:d6:85:f0'	46.517061	6.56996	42.0	22
'60:21:c0:83:c9:9f'	46.517061	6.56996	42.0	38
'60:21:c0:83:c9:9f'	46.517061	6.56996	42.0	34
'68:a8:6d:6e:a9:d8'	46.517061	6.56996	42.0	72
'68:a8:6d:6e:a9:d8'	46.516919	6.56982	42.0	73
'68:a8:6d:6e:a9:d8'	46.516919	6.56982	42.0	72
'68:a8:6d:6e:a9:d8'	46.516919	6.56982	42.0	73
'dc:85:de:48:3d:6e'	46.516919	6.56982	42.0	39
'dc:85:de:48:3d:6e'	46.516919	6.56982	42.0	38
'28:ba:b5:cf:b1:b8'	46.516919	6.56982	42.0	21
'dc:85:de:48:3d:6e'	46.516792	6.569666	42.0	40
'3c:d0:f8:ac:d6:8f'	46.516586	6.569324	42.0	28
'3c:d0:f8:ac:d6:8f'	46.516586	6.569324	42.0	30
'24:77:03:c0:6a:c8'	46.516586	6.569324	42.0	42
'24:77:03:c0:6a:c8'	46.516586	6.569324	42.0	42
'24:77:03:c0:6a:c8'	46.516586	6.569324	42.0	43
'24:77:03:c0:6a:c8'	46.516586	6.569324	42.0	42
'24:77:03:c0:6a:c8'	46.516586	6.569324	42.0	43
'24:77:03:c0:6a:c8'	46.516586	6.569324	42.0	42
'1c:65:9d:65:5a:70'	46.516586	6.569324	42.0	39
'bc:c6:db:0e:d1:48'	46.51651	6.569139	42.0	25
'00:24:d7:64:75:c8'	46.516452	6.568947	42.0	35
'00:24:d7:64:75:c8'	46.516452	6.568947	42.0	37
'1c:b0:94:c0:3c:fa'	46.516414	6.568751	42.0	41
'1c:b0:94:c0:3c:fa'	46.516414	6.568751	42.0	41
'1c:b0:94:c0:3c:fa'	46.516414	6.568751	42.0	40
'1c:b0:94:c0:3c:fa'	46.516414	6.568751	42.0	41
'1c:b0:94:c0:3c:fa'	46.516414	6.568751	42.0	41
'1c:b0:94:c0:3c:fa'	46.516414	6.568751	42.0	38
'1c:b0:94:c0:3c:fa'	46.516414	6.568751	42.0	34
'54:e4:3a:1e:46:7a'	46.516397	6.568352	42.0	37
'54:e4:3a:1e:46:7a'	46.516397	6.568352	42.0	31
'2c:b4:3a:91:7d:25'	46.516397	6.568352	42.0	25
'80:57:19:ca:64:8b'	46.516397	6.568352	42.0	48
'80:57:19:ca:64:8b'	46.516397	6.568352	42.0	49
'8c:2d:aa:8b:29:dd'	46.51646	6.567958	42.0	53
'00:eb:2d:24:22:f0'	46.51646	6.567958	42.0	37
'00:eb:2d:24:22:f0'	46.51646	6.567958	42.0	37
'00:eb:2d:24:22:f0'	46.51646	6.567958	42.0	35
'80:57:19:ca:64:8b'	46.5166	6.567584	42.0	47
'80:57:19:ca:64:8b'	46.5166	6.567584	42.0	47
'c8:aa:21:37:08:1d'	46.516698	6.567409	42.0	42
'c8:aa:21:37:08:1d'	46.516698	6.567409	42.0	43
'c8:aa:21:37:08:1d'	46.516698	6.567409	42.0	42
'c8:aa:21:37:08:1d'	46.516698	6.567409	42.0	42
'c8:aa:21:37:08:1d'	46.516698	6.567409	42.0	41
'c8:aa:21:37:08:1d'	46.516698	6.567409	42.0	42
'24:0a:64:91:e1:2b'	46.516698	6.567409	42.0	51
'24:0a:64:91:e1:2b'	46.516698	6.567409	42.0	42
'40:a6:d9:40:ce:c9'	46.516698	6.567409	42.0	28
'40:a6:d9:40:ce:c9'	46.516698	6.567409	42.0	26
'40:a6:d9:40:ce:c9'	46.516698	6.567409	42.0	29
'40:a6:d9:40:ce:c9'	46.516698	6.567409	42.0	28
'40:a6:d9:40:ce:c9'	46.516698	6.567409	42.0	28
'40:a6:d9:40:ce:c9'	46.516698	6.567409	42.0	27
'40:a6:d9:40:ce:c9'	46.516698	6.567409	42.0	27
'40:a6:d9:40:ce:c9'	46.516698	6.567409	42.0	27
'40:a6:d9:40:ce:c9'	46.516698	6.567409	42.0	27
'40:a6:d9:40:ce:c9'	46.516698	6.567409	42.0	27
'40:a6:d9:40:ce:c9'	46.516698	6.567409	42.0	26
'40:a6:d9:40:ce:c9'	46.516698	6.567409	42.0	29
'40:a6:d9:40:ce:c9'	46.516698	6.567409	42.0	28
'40:a6:d9:40:ce:c9'	46.516698	6.567409	42.0	28
'40:a6:d9:40:ce:c9'	46.516698	6.567409	42.0	29
'40:a6:d9:40:ce:c9'	46.516698	6.567409	42.0	29
'40:a6:d9:40:ce:c9'	46.516698	6.567409	42.0	26
'40:a6:d9:40:ce:c9'	46.516698	6.567409	42.0	27
'3c:d0:f8:ac:d6:8f'	46.516698	6.567409	42.0	31
'3c:d0:f8:ac:d6:8f'	46.516698	6.567409	42.0	31
'30:39:26:94:f3:f9'	46.518369	6.566469	42.0	22
'30:39:26:94:f3:f9'	46.518369	6.566469	42.0	22
'30:39:26:94:f3:f9'	46.518369	6.566469	42.0	22
'30:39:26:94:f3:f9'	46.518369	6.566469	42.0	21
'30:39:26:94:f3:f9'	46.518369	6.566469	42.0	23
'30:39:26:94:f3:f9'	46.518369	6.566469	42.0	23
'30:39:26:94:f3:f9'	46.518369	6.566469	42.0	22
'30:39:26:94:f3:f9'	46.518369	6.566469	42.0	22
'24:0a:64:91:e1:2b'	46.518369	6.566469	42.0	48
'24:0a:64:91:e1:2b'	46.518369	6.566469	42.0	40
'1c:b0:94:b6:7c:81'	46.518369	6.566469	42.0	46
'1c:b0:94:b6:7c:81'	46.518369	6.566469	42.0	47
'1c:b0:94:b6:7c:81'	46.518369	6.566469	42.0	47
'1c:b0:94:b6:7c:81'	46.518369	6.566469	42.0	45
'1c:b0:94:b6:7c:81'	46.518369	6.566469	42.0	45
'1c:b0:94:b6:7c:81'	46.518369	6.566469	42.0	45
'1c:b0:94:b6:7c:81'	46.518369	6.566469	42.0	46
'cc:fa:00:ae:d4:63'	46.518369	6.566469	42.0	31
'e4:ce:8f:2f:d6:82'	46.518369	6.566469	42.0	33
'e4:ce:8f:2f:d6:82'	46.518369	6.566469	42.0	37
'e4:ce:8f:2f:d6:82'	46.518369	6.566469	42.0	38
'e4:ce:8f:2f:d6:82'	46.518369	6.566469	42.0	35
'e4:ce:8f:2f:d6:82'	46.518369	6.566469	42.0	38
'e4:ce:8f:2f:d6:82'	46.518369	6.566469	42.0	36
'e4:ce:8f:2f:d6:82'	46.518369	6.566469	42.0	37
'e4:ce:8f:2f:d6:82'	46.518369	6.566469	42.0	39
'e4:ce:8f:2f:d6:82'	46.518369	6.566469	42.0	39
'e4:ce:8f:2f:d6:82'	46.518369	6.566469	42.0	40
'e4:ce:8f:2f:d6:82'	46.518369	6.566469	42.0	39
'e4:ce:8f:2f:d6:82'	46.518369	6.566469	42.0	40
'e4:ce:8f:2f:d6:82'	46.518369	6.566469	42.0	38
'5c:ff:35:71:2f:cd'	46.518569	6.566477	42.0	41
'5c:ff:35:71:2f:cd'	46.518569	6.566477	42.0	39
'5c:ff:35:71:2f:cd'	46.518569	6.566477	42.0	41
'5c:ff:35:71:2f:cd'	46.518569	6.566477	42.0	39
'5c:ff:35:71:2f:cd'	46.518569	6.566477	42.0	45
'5c:ff:35:71:2f:cd'	46.518569	6.566477	42.0	41
'cc:fa:00:ae:d4:63'	46.518569	6.566477	42.0	27
'cc:fa:00:ae:d4:63'	46.518569	6.566477	42.0	29
'cc:fa:00:ae:d4:63'	46.51915	6.566617	42.0	32
'cc:fa:00:ae:d4:63'	46.51915	6.566617	42.0	33
'68:09:27:04:6b:02'	46.519503	6.566804	42.0	41
'cc:fa:00:ae:d4:63'	46.519811	6.567058	42.0	32
'80:57:19:ca:64:8b'	46.519945	6.567206	42.0	48
'80:57:19:ca:64:8b'	46.519945	6.567206	42.0	48
'e4:ce:8f:2f:d6:82'	46.520063	6.567368	42.0	36
'e4:ce:8f:2f:d6:82'	46.520063	6.567368	42.0	36
'e4:ce:8f:2f:d6:82'	46.520063	6.567368	42.0	34
'e4:ce:8f:2f:d6:82'	46.520063	6.567368	42.0	31
'b8:e8:56:3e:a6:4e'	46.520165	6.56754	42.0	39
'b8:e8:56:3e:a6:4e'	46.520165	6.56754	42.0	38
'78:84:56:af:b4:44'	46.520165	6.56754	42.0	38
'1c:65:9d:65:5a:70'	46.520165	6.56754	42.0	42
'1c:65:9d:65:5a:70'	46.520165	6.56754	42.0	37
'f0:27:65:78:a3:1e'	46.520249	6.567721	42.0	34
'f0:27:65:78:a3:1e'	46.520249	6.567721	42.0	34
'f0:27:65:12:f5:e5'	46.520361	6.568105	42.0	37
'f0:27:65:12:f5:e5'	46.520361	6.568105	42.0	37
'28:ba:b5:cf:b1:b8'	46.520387	6.568303	42.0	33
'1c:b0:94:b6:7c:81'	46.520387	6.568303	42.0	44
'1c:b0:94:b6:7c:81'	46.520387	6.568303	42.0	44
'68:a8:6d:6e:a9:d8'	46.518535	6.570464	42.0	68
'68:a8:6d:6e:a9:d8'	46.51794	6.570417	42.0	68
'68:a8:6d:6e:a9:d8'	46.51794	6.570417	42.0	68
'68:a8:6d:6e:a9:d8'	46.517562	6.570288	42.0	72
'68:a8:6d:6e:a9:d8'	46.517562	6.570288	42.0	72
'68:a8:6d:6e:a9:d8'	46.517562	6.570288	42.0	73
'68:a8:6d:6e:a9:d8'	46.517217	6.570086	42.0	68
'68:a8:6d:6e:a9:d8'	46.517217	6.570086	42.0	69
'c4:88:e5:24:3d:83'	46.516919	6.56982	42.0	30
'c4:88:e5:24:3d:83'	46.516919	6.56982	42.0	29
'68:a8:6d:6e:a9:d8'	46.516792	6.569666	42.0	85
'68:a8:6d:6e:a9:d8'	46.516792	6.569666	42.0	84
'68:a8:6d:6e:a9:d8'	46.516792	6.569666	42.0	83
'68:a8:6d:6e:a9:d8'	46.516792	6.569666	42.0	82
'68:a8:6d:6e:a9:d8'	46.51668	6.5695	42.0	81
'68:a8:6d:6e:a9:d8'	46.51668	6.5695	42.0	80
'68:96:7b:2a:bc:a5'	46.516396	6.568552	42.0	33
'a0:88:b4:76:72:a4'	46.516396	6.568552	42.0	78
'a0:88:b4:76:72:a4'	46.516396	6.568552	42.0	77
'20:68:9d:fc:84:72'	46.516419	6.568154	42.0	34
'20:68:9d:fc:84:72'	46.516419	6.568154	42.0	34
'6c:88:14:64:58:5c'	46.516521	6.567767	42.0	31
'68:a8:6d:6e:a9:d8'	46.517779	6.566566	42.0	77
'68:a8:6d:6e:a9:d8'	46.517779	6.566566	42.0	77
'68:a8:6d:6e:a9:d8'	46.519503	6.566804	42.0	80
