'dc:71:44:72:3a:8a'	46.516396	6.568552	42.0	37
'dc:71:44:72:3a:8a'	46.516397	6.568352	42.0	35
'dc:71:44:72:3a:8a'	46.516419	6.568154	42.0	36
'dc:71:44:72:3a:8a'	46.516521	6.567767	42.0	36
'dc:71:44:72:3a:8a'	46.5166	6.567584	42.0	35
'dc:71:44:72:3a:8a'	46.516698	6.567409	42.0	35
'dc:71:44:72:3a:8a'	46.516942	6.567093	42.0	33
'dc:71:44:72:3a:8a'	46.517087	6.566955	42.0	37
'dc:71:44:72:3a:8a'	46.517244	6.566832	42.0	35
'dc:71:44:72:3a:8a'	46.517413	6.566726	42.0	34
'dc:71:44:72:3a:8a'	46.517592	6.566637	42.0	35
'dc:71:44:72:3a:88'	46.517972	6.566514	42.0	36
'dc:71:44:72:3a:88'	46.517972	6.566514	42.0	34
'dc:71:44:72:3a:8a'	46.518767	6.566504	42.0	36
'dc:71:44:72:3a:8a'	46.518961	6.566551	42.0	34
'dc:71:44:72:3a:8a'	46.51915	6.566617	42.0	33
'dc:71:44:72:3a:8a'	46.519331	6.566702	42.0	36
'dc:71:44:72:3a:8a'	46.519503	6.566804	42.0	37
'11:c1:e1:af:1b:58'	46.519663	6.566923	42.0	29
'dc:71:44:72:3a:8a'	46.519945	6.567206	42.0	35
'dc:71:44:72:3a:8a'	46.520165	6.56754	42.0	36
'dc:71:44:72:3a:8a'	46.520354	6.568866	42.0	34
'dc:71:44:72:3a:8a'	46.520305	6.56906	42.0	35
'a0:88:b4:76:72:a4'	46.520305	6.56906	42.0	75
'bc:52:b7:2e:65:53'	46.520236	6.569248	42.0	58
'bc:52:b7:2e:65:53'	46.520236	6.569248	42.0	57
'bc:52:b7:2e:65:53'	46.520236	6.569248	42.0	57
'dc:71:44:72:3a:8a'	46.520045	6.569598	42.0	35
'bc:52:b7:2e:65:53'	46.520045	6.569598	42.0	54
'bc:52:b7:2e:65:53'	46.520045	6.569598	42.0	54
'bc:52:b7:2e:65:53'	46.520045	6.569598	42.0	51
'bc:52:b7:2e:65:53'	46.520045	6.569598	42.0	51
'dc:71:44:72:3a:8a'	46.519924	6.569757	42.0	34
'dc:71:44:72:3a:8a'	46.519787	6.569904	42.0	35
'dc:71:44:72:3a:8a'	46.519637	6.570036	42.0	35
'dc:71:44:72:3a:8a'	46.519475	6.570152	42.0	30
'dc:71:44:72:3a:8a'	46.519119	6.570333	42.0	33
'dc:71:44:72:3a:8a'	46.518929	6.570396	42.0	33
'00:16:ea:8b:c2:ec'	46.518929	6.570396	42.0	46
'00:16:ea:8b:c2:ec'	46.518929	6.570396	42.0	45
'00:16:ea:8b:c2:ec'	46.518734	6.57044	42.0	47
'00:16:ea:8b:c2:ec'	46.518734	6.57044	42.0	46
'00:16:ea:8b:c2:ec'	46.518734	6.57044	42.0	46
'dc:71:44:72:3a:8a'	46.518535	6.570464	42.0	34
'dc:71:44:72:3a:8a'	46.518336	6.570468	42.0	33
'60:21:c0:51:f9:08'	46.518336	6.570468	42.0	28
'dc:71:44:72:3a:8a'	46.51794	6.570417	42.0	32
'dc:71:44:72:3a:8a'	46.517747	6.570362	42.0	32
'dc:71:44:72:3a:8a'	46.517562	6.570288	42.0	31
'dc:71:44:72:3a:8a'	46.517384	6.570195	42.0	33
'dc:71:44:72:3a:8a'	46.517217	6.570086	42.0	33
'dc:71:44:72:3a:8a'	46.517061	6.56996	42.0	33
'dc:71:44:72:3a:8a'	46.516919	6.56982	42.0	31
'dc:71:44:72:3a:8a'	46.516792	6.569666	42.0	33
'dc:71:44:72:3a:8a'	46.516586	6.569324	42.0	32
'dc:71:44:72:3a:8a'	46.51651	6.569139	42.0	34
'dc:71:44:72:3a:8a'	46.516396	6.568552	42.0	32
'dc:71:44:72:3a:8a'	46.5166	6.567584	42.0	34
'dc:71:44:72:3a:8a'	46.516812	6.567245	42.0	35
'dc:71:44:72:3a:8a'	46.516942	6.567093	42.0	38
'dc:71:44:72:3a:8a'	46.517244	6.566832	42.0	37
'dc:71:44:72:3a:8a'	46.517413	6.566726	42.0	34
'dc:71:44:72:3a:8a'	46.517592	6.566637	42.0	34
'dc:71:44:72:3a:8a'	46.517779	6.566566	42.0	33
'dc:71:44:72:3a:88'	46.51817	6.566482	42.0	36
'dc:71:44:72:3a:8a'	46.519811	6.567058	42.0	34
'dc:71:44:72:3a:8a'	46.519945	6.567206	42.0	35
'dc:71:44:72:3a:8a'	46.520063	6.567368	42.0	35
'dc:71:44:72:3a:8a'	46.520165	6.56754	42.0	35
'dc:71:44:72:3a:8a'	46.520249	6.567721	42.0	34
'dc:71:44:72:3a:8a'	46.520314	6.56791	42.0	33
'dc:71:44:72:3a:8a'	46.520361	6.568105	42.0	33
'dc:71:44:72:3a:8a'	46.520387	6.568303	42.0	34
'dc:71:44:72:3a:8a'	46.520354	6.568866	42.0	35
'dc:71:44:72:3a:8a'	46.520149	6.569428	42.0	33
'dc:71:44:72:3a:8a'	46.520045	6.569598	42.0	32
'dc:71:44:72:3a:8a'	46.519924	6.569757	42.0	35
'dc:71:44:72:3a:8a'	46.519637	6.570036	42.0	33
'dc:71:44:72:3a:8a'	46.519475	6.570152	42.0	33
'00:16:ea:8b:c2:ec'	46.519475	6.570152	42.0	45
'00:16:ea:8b:c2:ec'	46.519475	6.570152	42.0	45
'00:16:ea:8b:c2:ec'	46.519475	6.570152	42.0	46
'dc:71:44:72:3a:8a'	46.519119	6.570333	42.0	36
'dc:71:44:72:3a:8a'	46.518929	6.570396	42.0	34
'dc:71:44:72:3a:8a'	46.518734	6.57044	42.0	33
'dc:71:44:72:3a:8a'	46.518336	6.570468	42.0	34
'dc:71:44:72:3a:8a'	46.516792	6.569666	42.0	35
'dc:71:44:72:3a:8a'	46.51668	6.5695	42.0	33
'dc:71:44:72:3a:8a'	46.516586	6.569324	42.0	35
'dc:71:44:72:3a:8a'	46.516452	6.568947	42.0	34
'dc:71:44:72:3a:8a'	46.516414	6.568751	42.0	34
'dc:71:44:72:3a:8a'	46.516397	6.568352	42.0	33
'dc:71:44:72:3a:8a'	46.51646	6.567958	42.0	35
'dc:71:44:72:3a:8a'	46.516521	6.567767	42.0	34
'dc:71:44:72:3a:8a'	46.516812	6.567245	42.0	35
'dc:71:44:72:3a:8a'	46.517087	6.566955	42.0	33
'08:37:3d:cf:af:a7'	46.517087	6.566955	42.0	43
'dc:71:44:72:3a:8a'	46.517244	6.566832	42.0	32
'dc:71:44:72:3a:8a'	46.517592	6.566637	42.0	33
'dc:71:44:72:3a:8a'	46.517779	6.566566	42.0	34
'dc:71:44:72:3a:8a'	46.517972	6.566514	42.0	38
'dc:71:44:72:3a:88'	46.518369	6.566469	42.0	34
'dc:71:44:72:3a:8a'	46.520249	6.567721	42.0	34
'dc:71:44:72:3a:8a'	46.520314	6.56791	42.0	34
'a0:88:b4:76:72:a4'	46.520314	6.56791	42.0	76
'a0:88:b4:76:72:a4'	46.520314	6.56791	42.0	28
'a0:88:b4:76:72:a4'	46.520314	6.56791	42.0	25
'dc:71:44:72:3a:8a'	46.520387	6.568303	42.0	35
'dc:71:44:72:3a:8a'	46.520394	6.568469	42.0	33
'dc:71:44:72:3a:8a'	46.520384	6.568669	42.0	33
'dc:71:44:72:3a:8a'	46.520354	6.568866	42.0	32
'dc:71:44:72:3a:8a'	46.520305	6.56906	42.0	36
'dc:71:44:72:3a:8a'	46.520236	6.569248	42.0	33
'dc:71:44:72:3a:8a'	46.520149	6.569428	42.0	37
'bc:52:b7:2e:65:53'	46.520149	6.569428	42.0	28
'bc:52:b7:2e:65:53'	46.520149	6.569428	42.0	31
'dc:71:44:72:3a:8a'	46.520045	6.569598	42.0	36
'dc:71:44:72:3a:8a'	46.519924	6.569757	42.0	37
'00:16:ea:8b:c2:ec'	46.519924	6.569757	42.0	42
'00:16:ea:8b:c2:ec'	46.519924	6.569757	42.0	42
'00:16:ea:8b:c2:ec'	46.519924	6.569757	42.0	41
'00:16:ea:8b:c2:ec'	46.519787	6.569904	42.0	40
'00:16:ea:8b:c2:ec'	46.519787	6.569904	42.0	44
'dc:71:44:72:3a:8a'	46.519637	6.570036	42.0	35
'dc:71:44:72:3a:8a'	46.519475	6.570152	42.0	35
'dc:71:44:72:3a:8a'	46.519301	6.570251	42.0	33
'dc:71:44:72:3a:8a'	46.519119	6.570333	42.0	34
'dc:71:44:72:3a:8a'	46.518929	6.570396	42.0	36
'dc:71:44:72:3a:8a'	46.518734	6.57044	42.0	32
'dc:71:44:72:3a:8a'	46.518535	6.570464	42.0	36
'dc:71:44:72:3a:8a'	46.518336	6.570468	42.0	34
'dc:71:44:72:3a:8a'	46.518136	6.570452	42.0	31
'dc:71:44:72:3a:8a'	46.51794	6.570417	42.0	35
'dc:71:44:72:3a:8a'	46.517747	6.570362	42.0	31
'dc:71:44:72:3a:8a'	46.517562	6.570288	42.0	33
'dc:71:44:72:3a:8a'	46.517384	6.570195	42.0	34
'f9:a4:56:e9:1f:3c'	46.517217	6.570086	42.0	22
'dc:71:44:72:3a:8a'	46.517061	6.56996	42.0	33
'dc:71:44:72:3a:8a'	46.516919	6.56982	42.0	36
'dc:71:44:72:3a:8a'	46.51668	6.5695	42.0	36
'dc:71:44:72:3a:8a'	46.516586	6.569324	42.0	33
'dc:71:44:72:3a:8a'	46.51651	6.569139	42.0	34
'dc:71:44:72:3a:8a'	46.516452	6.568947	42.0	34
'dc:71:44:72:3a:8a'	46.516396	6.568552	42.0	33
'dc:71:44:72:3a:8a'	46.516397	6.568352	42.0	34
'dc:71:44:72:3a:8a'	46.516419	6.568154	42.0	36
'dc:71:44:72:3a:8a'	46.516521	6.567767	42.0	36
'dc:71:44:72:3a:8a'	46.516698	6.567409	42.0	33
'dc:71:44:72:3a:8a'	46.516812	6.567245	42.0	35
'dc:71:44:72:3a:8a'	46.517244	6.566832	42.0	33
'dc:71:44:72:3a:8a'	46.517413	6.566726	42.0	35
'dc:71:44:72:3a:8a'	46.517779	6.566566	42.0	34
'dc:71:44:72:3a:8a'	46.517972	6.566514	42.0	34
'dc:71:44:72:3a:8a'	46.51817	6.566482	42.0	36
'dc:71:44:72:3a:88'	46.518569	6.566477	42.0	39
'dc:71:44:72:3a:8a'	46.519663	6.566923	42.0	36
'dc:71:44:72:3a:8a'	46.519811	6.567058	42.0	35
'dc:71:44:72:3a:8a'	46.520063	6.567368	42.0	35
'dc:71:44:72:3a:8a'	46.520165	6.56754	42.0	36
'dc:71:44:72:3a:8a'	46.520361	6.568105	42.0	35
'dc:71:44:72:3a:8a'	46.520387	6.568303	42.0	32
'e0:c9:7a:5c:9e:01'	46.520384	6.568669	42.0	26
'dc:71:44:72:3a:8a'	46.520354	6.568866	42.0	33
'dc:71:44:72:3a:8a'	46.520305	6.56906	42.0	35
'00:16:ea:8b:c2:ec'	46.520236	6.569248	42.0	44
'00:16:ea:8b:c2:ec'	46.520236	6.569248	42.0	46
'00:16:ea:8b:c2:ec'	46.520236	6.569248	42.0	44
'00:16:ea:8b:c2:ec'	46.520149	6.569428	42.0	45
'dc:71:44:72:3a:8a'	46.520149	6.569428	42.0	35
'dc:71:44:72:3a:8a'	46.519787	6.569904	42.0	35
'dc:71:44:72:3a:8a'	46.519637	6.570036	42.0	34
'80:0e:5d:2a:d1:53'	46.519475	6.570152	42.0	28
'e0:c9:7a:5c:9e:01'	46.519301	6.570251	42.0	23
'e0:c9:7a:5c:9e:01'	46.519119	6.570333	42.0	30
'e0:c9:7a:5c:9e:01'	46.519119	6.570333	42.0	26
'dc:71:44:72:3a:8a'	46.518929	6.570396	42.0	34
'dc:71:44:72:3a:8a'	46.518535	6.570464	42.0	34
'dc:71:44:72:3a:8a'	46.518136	6.570452	42.0	32
'dc:71:44:72:3a:8a'	46.517747	6.570362	42.0	34
'dc:71:44:72:3a:8a'	46.517562	6.570288	42.0	32
'82:5f:b7:d3:b9:03'	46.517562	6.570288	42.0	25
'dc:71:44:72:3a:8a'	46.517384	6.570195	42.0	32
'dc:71:44:72:3a:8a'	46.516792	6.569666	42.0	35
'dc:71:44:72:3a:8a'	46.516452	6.568947	42.0	32
'dc:71:44:72:3a:8a'	46.516397	6.568352	42.0	33
'dc:71:44:72:3a:8a'	46.516419	6.568154	42.0	36
'dc:71:44:72:3a:8a'	46.516521	6.567767	42.0	34
'dc:71:44:72:3a:8a'	46.517244	6.566832	42.0	33
'dc:71:44:72:3a:8a'	46.517592	6.566637	42.0	27
'dc:71:44:72:3a:8a'	46.517779	6.566566	42.0	35
'dc:71:44:72:3a:8a'	46.518369	6.566469	42.0	34
'dc:71:44:72:3a:8a'	46.519945	6.567206	42.0	33
'dc:71:44:72:3a:8a'	46.520063	6.567368	42.0	32
'00:16:ea:8b:c2:ec'	46.520384	6.568669	42.0	45
'00:16:ea:8b:c2:ec'	46.520384	6.568669	42.0	46
'00:16:ea:8b:c2:ec'	46.520384	6.568669	42.0	48
'00:16:ea:8b:c2:ec'	46.520354	6.568866	42.0	46
'00:16:ea:8b:c2:ec'	46.520354	6.568866	42.0	47
'00:16:ea:8b:c2:ec'	46.520354	6.568866	42.0	46
'dc:71:44:72:3a:8a'	46.520236	6.569248	42.0	33
'dc:71:44:72:3a:8a'	46.520149	6.569428	42.0	33
'e0:c9:7a:5c:9e:01'	46.520149	6.569428	42.0	26
'dc:71:44:72:3a:8a'	46.519637	6.570036	42.0	32
'dc:71:44:72:3a:8a'	46.519119	6.570333	42.0	33
'0c:15:5c:e8:89:6a'	46.518136	6.570452	42.0	24
'dc:71:44:72:3a:8a'	46.51794	6.570417	42.0	34
'dc:71:44:72:3a:8a'	46.517562	6.570288	42.0	32
'dc:71:44:72:3a:8a'	46.517061	6.56996	42.0	34
'91:19:6f:88:a4:fc'	46.517061	6.56996	42.0	28
'dc:71:44:72:3a:8a'	46.516919	6.56982	42.0	33
'dc:71:44:72:3a:8a'	46.516792	6.569666	42.0	33
'dc:71:44:72:3a:8a'	46.516452	6.568947	42.0	33
'dc:71:44:72:3a:8a'	46.516397	6.568352	42.0	34
'dc:71:44:72:3a:8a'	46.51646	6.567958	42.0	33
'dc:71:44:72:3a:8a'	46.516521	6.567767	42.0	34
'dc:71:44:72:3a:8a'	46.517244	6.566832	42.0	32
'dc:71:44:72:3a:8a'	46.517592	6.566637	42.0	32
'dc:71:44:72:3a:8a'	46.517779	6.566566	42.0	33
'dc:71:44:72:3a:8a'	46.520165	6.56754	42.0	34
'5c:b2:ba:36:62:04'	46.520249	6.567721	42.0	28
'dc:71:44:72:3a:8a'	46.520314	6.56791	42.0	33
'dc:71:44:72:3a:8a'	46.520361	6.568105	42.0	33
'dc:71:44:72:3a:8a'	46.520387	6.568303	42.0	33
'dc:71:44:72:3a:8a'	46.520384	6.568669	42.0	32
'dc:71:44:72:3a:8a'	46.520305	6.56906	42.0	34
'dc:71:44:72:3a:8a'	46.520236	6.569248	42.0	33
'dc:71:44:72:3a:8a'	46.519924	6.569757	42.0	32
'dc:71:44:72:3a:8a'	46.519787	6.569904	42.0	34
'dc:71:44:72:3a:8a'	46.519637	6.570036	42.0	33
'dc:71:44:72:3a:8a'	46.519119	6.570333	42.0	32
'dc:71:44:72:3a:8a'	46.518535	6.570464	42.0	33
'dc:71:44:72:3a:8a'	46.518136	6.570452	42.0	32
'dc:71:44:72:3a:8a'	46.51794	6.570417	42.0	33
'dc:71:44:72:3a:8a'	46.517747	6.570362	42.0	34
'dc:71:44:72:3a:8a'	46.517562	6.570288	42.0	34
'dc:71:44:72:3a:8a'	46.517217	6.570086	42.0	33
'dc:71:44:72:3a:8a'	46.517061	6.56996	42.0	33
'dc:71:44:72:3a:8a'	46.516919	6.56982	42.0	33
'dc:71:44:72:3a:8a'	46.516586	6.569324	42.0	33
'dc:71:44:72:3a:8a'	46.516452	6.568947	42.0	34
'dc:71:44:72:3a:8a'	46.516396	6.568552	42.0	31
'dc:71:44:72:3a:8a'	46.516397	6.568352	42.0	31
'dc:71:44:72:3a:8a'	46.516419	6.568154	42.0	32
'dc:71:44:72:3a:8a'	46.51646	6.567958	42.0	33
'dc:71:44:72:3a:8a'	46.516521	6.567767	42.0	33
'dc:71:44:72:3a:8a'	46.5166	6.567584	42.0	34
'dc:71:44:72:3a:8a'	46.516698	6.567409	42.0	33
'dc:71:44:72:3a:8a'	46.516812	6.567245	42.0	35
'dc:71:44:72:3a:8a'	46.516942	6.567093	42.0	35
'dc:71:44:72:3a:8a'	46.517087	6.566955	42.0	35
'dc:71:44:72:3a:8a'	46.517244	6.566832	42.0	34
'08:82:ad:e0:eb:c4'	46.517244	6.566832	42.0	26
'dc:71:44:72:3a:8a'	46.517413	6.566726	42.0	33
'dc:71:44:72:3a:8a'	46.517592	6.566637	42.0	33
'dc:71:44:72:3a:8a'	46.517972	6.566514	42.0	33
'dc:71:44:72:3a:8a'	46.51817	6.566482	42.0	33
'a0:88:b4:76:72:a4'	46.518369	6.566469	42.0	74
'dc:71:44:72:3a:8a'	46.519811	6.567058	42.0	34
'dc:71:44:72:3a:8a'	46.520063	6.567368	42.0	32
'dc:71:44:72:3a:8a'	46.520165	6.56754	42.0	35
'dc:71:44:72:3a:8a'	46.520387	6.568303	42.0	36
'dc:71:44:72:3a:8a'	46.520394	6.568469	42.0	35
'08:37:3d:cf:af:a7'	46.520354	6.568866	42.0	49
'dc:71:44:72:3a:8a'	46.520305	6.56906	42.0	35
'dc:71:44:72:3a:8a'	46.520236	6.569248	42.0	34
'dc:71:44:72:3a:8a'	46.520149	6.569428	42.0	34
'08:37:3d:cf:af:a7'	46.520045	6.569598	42.0	49
'08:37:3d:cf:af:a7'	46.520045	6.569598	42.0	50
'08:37:3d:cf:af:a7'	46.520045	6.569598	42.0	50
'08:37:3d:cf:af:a7'	46.520045	6.569598	42.0	51
'dc:71:44:72:3a:8a'	46.519924	6.569757	42.0	33
'dc:71:44:72:3a:8a'	46.519787	6.569904	42.0	36
'dc:71:44:72:3a:8a'	46.519637	6.570036	42.0	34
'bc:52:b7:2e:65:53'	46.519475	6.570152	42.0	29
'bc:52:b7:2e:65:53'	46.519475	6.570152	42.0	27
'dc:71:44:72:3a:8a'	46.519475	6.570152	42.0	35
'dc:71:44:72:3a:8a'	46.519301	6.570251	42.0	35
'dc:71:44:72:3a:8a'	46.519119	6.570333	42.0	34
'dc:71:44:72:3a:8a'	46.518929	6.570396	42.0	34
'dc:71:44:72:3a:8a'	46.518734	6.57044	42.0	33
'dc:71:44:5e:c6:c9'	46.518734	6.57044	42.0	27
'dc:71:44:72:3a:8a'	46.518535	6.570464	42.0	34
'40:81:8b:85:b5:a5'	46.518336	6.570468	42.0	23
'dc:71:44:72:3a:8a'	46.517562	6.570288	42.0	32
'dc:71:44:72:3a:8a'	46.517217	6.570086	42.0	35
'dc:71:44:72:3a:8a'	46.517061	6.56996	42.0	34
'dc:71:44:72:3a:8a'	46.51668	6.5695	42.0	32
'dc:71:44:72:3a:8a'	46.516586	6.569324	42.0	35
'dc:71:44:72:3a:8a'	46.516414	6.568751	42.0	35
'dc:71:44:72:3a:8a'	46.516396	6.568552	42.0	35
'dc:71:44:72:3a:8a'	46.51646	6.567958	42.0	35
'dc:71:44:72:3a:8a'	46.516521	6.567767	42.0	35
'dc:71:44:72:3a:8a'	46.516698	6.567409	42.0	32
'dc:71:44:72:3a:8a'	46.516942	6.567093	42.0	32
'dc:71:44:72:3a:8a'	46.517087	6.566955	42.0	36
'dc:71:44:72:3a:8a'	46.51817	6.566482	42.0	33
'dc:71:44:72:3a:8a'	46.518369	6.566469	42.0	32
'dc:71:44:72:3a:8a'	46.519945	6.567206	42.0	37
'dc:71:44:72:3a:8a'	46.520063	6.567368	42.0	35
'dc:71:44:72:3a:8a'	46.520249	6.567721	42.0	33
'dc:71:44:72:3a:8a'	46.520314	6.56791	42.0	33
'dc:71:44:72:3a:8a'	46.520361	6.568105	42.0	35
'dc:71:44:72:3a:8a'	46.520387	6.568303	42.0	34
'dc:71:44:72:3a:8a'	46.520394	6.568469	42.0	36
'dc:71:44:72:3a:8a'	46.520384	6.568669	42.0	34
'dc:71:44:72:3a:8a'	46.520305	6.56906	42.0	34
'dc:71:44:72:3a:8a'	46.520236	6.569248	42.0	34
'dc:71:44:72:3a:8a'	46.519637	6.570036	42.0	35
'dc:71:44:72:3a:8a'	46.518929	6.570396	42.0	36
'dc:71:44:72:3a:8a'	46.518535	6.570464	42.0	39
'dc:71:44:72:3a:8a'	46.518336	6.570468	42.0	34
'dc:71:44:72:3a:8a'	46.518136	6.570452	42.0	36
'dc:71:44:72:3a:8a'	46.517747	6.570362	42.0	37
'dc:71:44:72:3a:8a'	46.517384	6.570195	42.0	37
'bc:52:b7:2e:65:53'	46.517217	6.570086	42.0	26
'bc:52:b7:2e:65:53'	46.517217	6.570086	42.0	29
'dc:71:44:72:3a:8a'	46.517061	6.56996	42.0	39
'dc:71:44:72:3a:8a'	46.516792	6.569666	42.0	35
'dc:71:44:72:3a:8a'	46.51668	6.5695	42.0	36
'dc:71:44:72:3a:8a'	46.51651	6.569139	42.0	36
'dc:71:44:72:3a:8a'	46.516414	6.568751	42.0	33
'dc:71:44:72:3a:8a'	46.516397	6.568352	42.0	35
'dc:71:44:72:3a:8a'	46.5166	6.567584	42.0	35
'dc:71:44:72:3a:8a'	46.516812	6.567245	42.0	36
'dc:71:44:72:3a:8a'	46.517087	6.566955	42.0	36
'dc:71:44:72:3a:8a'	46.517244	6.566832	42.0	36
'dc:71:44:72:3a:8a'	46.517413	6.566726	42.0	34
'dc:71:44:72:3a:8a'	46.517592	6.566637	42.0	35
'dc:71:44:72:3a:8a'	46.51817	6.566482	42.0	36
'dc:71:44:72:3a:8a'	46.518369	6.566469	42.0	35
'dc:71:44:72:3a:8a'	46.520165	6.56754	42.0	35
'dc:71:44:72:3a:8a'	46.520249	6.567721	42.0	37
'dc:71:44:72:3a:8a'	46.520314	6.56791	42.0	37
'dc:71:44:72:3a:8a'	46.520387	6.568303	42.0	36
'dc:71:44:72:3a:8a'	46.520394	6.568469	42.0	35
'dc:71:44:72:3a:8a'	46.520384	6.568669	42.0	36
'dc:71:44:72:3a:8a'	46.520354	6.568866	42.0	34
'dc:71:44:72:3a:8a'	46.520149	6.569428	42.0	35
'dc:71:44:72:3a:8a'	46.520045	6.569598	42.0	34
'dc:71:44:72:3a:8a'	46.519924	6.569757	42.0	35
'dc:71:44:72:3a:8a'	46.519787	6.569904	42.0	33
'dc:71:44:72:3a:8a'	46.519637	6.570036	42.0	32
'dc:71:44:72:3a:8a'	46.519475	6.570152	42.0	35
'dc:71:44:72:3a:8a'	46.519301	6.570251	42.0	34
'dc:71:44:72:3a:8a'	46.519119	6.570333	42.0	34
'dc:71:44:72:3a:8a'	46.518929	6.570396	42.0	35
'dc:71:44:72:3a:8a'	46.518734	6.57044	42.0	34
'b4:e9:1d:99:36:3e'	46.518734	6.57044	42.0	27
'dc:71:44:72:3a:8a'	46.518535	6.570464	42.0	33
'dc:71:44:72:3a:8a'	46.518136	6.570452	42.0	35
'dc:71:44:72:3a:8a'	46.51794	6.570417	42.0	33
'dc:71:44:72:3a:8a'	46.517747	6.570362	42.0	34
'dc:71:44:72:3a:8a'	46.517562	6.570288	42.0	36
'10:f8:58:d7:a6:77'	46.517384	6.570195	42.0	24
'dc:71:44:72:3a:8a'	46.517384	6.570195	42.0	34
'dc:71:44:72:3a:8a'	46.517217	6.570086	42.0	33
'dc:71:44:72:3a:8a'	46.516919	6.56982	42.0	33
'dc:71:44:72:3a:8a'	46.51668	6.5695	42.0	34
'dc:71:44:72:3a:8a'	46.516586	6.569324	42.0	34
'dc:71:44:72:3a:8a'	46.51651	6.569139	42.0	30
'dc:71:44:72:3a:8a'	46.516452	6.568947	42.0	36
'dc:71:44:72:3a:8a'	46.516414	6.568751	42.0	39
'dc:71:44:72:3a:8a'	46.516396	6.568552	42.0	34
'dc:71:44:72:3a:8a'	46.516397	6.568352	42.0	31
'dc:71:44:72:3a:8a'	46.516419	6.568154	42.0	31
'dc:71:44:72:3a:8a'	46.51646	6.567958	42.0	33
'dc:71:44:72:3a:8a'	46.516521	6.567767	42.0	33
'dc:71:44:72:3a:8a'	46.5166	6.567584	42.0	33
'dc:71:44:72:3a:8a'	46.516698	6.567409	42.0	32
'dc:71:44:72:3a:8a'	46.516812	6.567245	42.0	33
'dc:71:44:72:3a:8a'	46.517087	6.566955	42.0	33
'dc:71:44:72:3a:8a'	46.517244	6.566832	42.0	34
'dc:71:44:72:3a:8a'	46.517972	6.566514	42.0	35
'dc:71:44:72:3a:8a'	46.51817	6.566482	42.0	33
'dc:71:44:72:3a:88'	46.519663	6.566923	42.0	28
'dc:71:44:72:3a:8a'	46.520249	6.567721	42.0	34
'4d:8f:e8:35:1c:88'	46.520394	6.568469	42.0	28
'dc:71:44:72:3a:8a'	46.520394	6.568469	42.0	34
'dc:71:44:72:3a:8a'	46.520236	6.569248	42.0	34
'dc:71:44:72:3a:8a'	46.520149	6.569428	42.0	35
'dc:71:44:72:3a:8a'	46.520045	6.569598	42.0	36
'e0:c9:7a:5c:9e:01'	46.519924	6.569757	42.0	24
'dc:71:44:72:3a:8a'	46.519637	6.570036	42.0	35
'2e:5f:17:93:7f:a4'	46.519475	6.570152	42.0	31
'dc:71:44:72:3a:8a'	46.519475	6.570152	42.0	34
'dc:71:44:72:3a:8a'	46.518734	6.57044	42.0	34
'ef:e9:cf:fd:26:33'	46.518734	6.57044	42.0	28
'dc:71:44:72:3a:8a'	46.518535	6.570464	42.0	34
'dc:71:44:72:3a:8a'	46.518136	6.570452	42.0	35
'dc:71:44:72:3a:8a'	46.51794	6.570417	42.0	35
'60:21:c0:51:f9:08'	46.517747	6.570362	42.0	29
'dc:71:44:72:3a:8a'	46.517384	6.570195	42.0	34
'dc:71:44:72:3a:8a'	46.517217	6.570086	42.0	34
'dc:71:44:72:3a:8a'	46.517061	6.56996	42.0	33
'dc:71:44:72:3a:8a'	46.516792	6.569666	42.0	34
'dc:71:44:72:3a:8a'	46.516586	6.569324	42.0	36
'dc:71:44:72:3a:8a'	46.51651	6.569139	42.0	35
'dc:71:44:72:3a:8a'	46.516452	6.568947	42.0	37
'dc:71:44:72:3a:8a'	46.516419	6.568154	42.0	34
'dc:71:44:72:3a:8a'	46.51646	6.567958	42.0	35
'dc:71:44:72:3a:8a'	46.516521	6.567767	42.0	35
'dc:71:44:72:3a:8a'	46.516698	6.567409	42.0	36
'8a:d0:b5:ce:3b:c4'	46.516942	6.567093	42.0	30
'dc:71:44:72:3a:8a'	46.517244	6.566832	42.0	34
'dc:71:44:72:3a:8a'	46.517413	6.566726	42.0	36
'dc:71:44:72:3a:8a'	46.517592	6.566637	42.0	36
'dc:71:44:72:3a:8a'	46.517779	6.566566	42.0	36
'dc:71:44:72:3a:8a'	46.517972	6.566514	42.0	36
'dc:71:44:72:3a:8a'	46.518369	6.566469	42.0	35
'dc:71:44:72:3a:88'	46.519811	6.567058	42.0	34
'dc:71:44:72:3a:8a'	46.520314	6.56791	42.0	34
'dc:71:44:72:3a:8a'	46.520361	6.568105	42.0	34
'dc:71:44:72:3a:8a'	46.520354	6.568866	42.0	34
'dc:71:44:72:3a:8a'	46.520149	6.569428	42.0	33
'dc:71:44:72:3a:8a'	46.520045	6.569598	42.0	34
'dc:71:44:72:3a:8a'	46.519924	6.569757	42.0	33
'dc:71:44:72:3a:8a'	46.519787	6.569904	42.0	34
'dc:71:44:72:3a:8a'	46.519637	6.570036	42.0	34
'dc:71:44:72:3a:8a'	46.519475	6.570152	42.0	34
'bc:52:b7:2e:65:53'	46.519301	6.570251	42.0	29
'bc:52:b7:2e:65:53'	46.519301	6.570251	42.0	27
'dc:71:44:72:3a:8a'	46.519301	6.570251	42.0	34
'dc:71:44:72:3a:8a'	46.519119	6.570333	42.0	35
'dc:71:44:72:3a:8a'	46.518929	6.570396	42.0	34
'dc:71:44:72:3a:8a'	46.518734	6.57044	42.0	35
'dc:71:44:72:3a:8a'	46.518535	6.570464	42.0	34
'dc:71:44:72:3a:8a'	46.518136	6.570452	42.0	32
'dc:71:44:72:3a:8a'	46.517384	6.570195	42.0	35
'dc:71:44:72:3a:8a'	46.517217	6.570086	42.0	34
'dc:71:44:72:3a:8a'	46.517061	6.56996	42.0	34
'dc:71:44:72:3a:8a'	46.516919	6.56982	42.0	33
'dc:71:44:72:3a:8a'	46.51668	6.5695	42.0	34
'dc:71:44:72:3a:8a'	46.516586	6.569324	42.0	33
'dc:71:44:72:3a:8a'	46.516452	6.568947	42.0	33
'dc:71:44:72:3a:8a'	46.516414	6.568751	42.0	34
'dc:71:44:72:3a:8a'	46.516396	6.568552	42.0	34
'dc:71:44:72:3a:8a'	46.516397	6.568352	42.0	35
'dc:71:44:72:3a:8a'	46.5166	6.567584	42.0	36
'dc:71:44:72:3a:8a'	46.516698	6.567409	42.0	34
'dc:71:44:72:3a:8a'	46.517087	6.566955	42.0	33
'dc:71:44:72:3a:8a'	46.517244	6.566832	42.0	34
'dc:71:44:72:3a:8a'	46.517413	6.566726	42.0	34
'08:37:3d:cf:af:a7'	46.517592	6.566637	42.0	39
'08:37:3d:cf:af:a7'	46.517592	6.566637	42.0	39
'08:37:3d:cf:af:a7'	46.517592	6.566637	42.0	37
'dc:71:44:72:3a:8a'	46.517592	6.566637	42.0	33
'dc:71:44:72:3a:8a'	46.517779	6.566566	42.0	34
'dc:71:44:72:3a:8a'	46.517972	6.566514	42.0	32
'dc:71:44:72:3a:8a'	46.518369	6.566469	42.0	34
'0e:39:da:3c:c5:9e'	46.519811	6.567058	42.0	26
'dc:71:44:72:3a:88'	46.519945	6.567206	42.0	39
'dc:71:44:72:3a:8a'	46.520384	6.568669	42.0	37
'dc:71:44:72:3a:8a'	46.520305	6.56906	42.0	40
'dc:71:44:72:3a:8a'	46.520236	6.569248	42.0	36
'dc:71:44:72:3a:8a'	46.519787	6.569904	42.0	39
'dc:71:44:72:3a:8a'	46.519637	6.570036	42.0	39
'dc:71:44:72:3a:8a'	46.519301	6.570251	42.0	42
'dc:71:44:72:3a:8a'	46.518734	6.57044	42.0	27
'dc:71:44:72:3a:8a'	46.517747	6.570362	42.0	41
'dc:71:44:72:3a:8a'	46.517384	6.570195	42.0	40
'dc:71:44:72:3a:8a'	46.517217	6.570086	42.0	37
'dc:71:44:72:3a:8a'	46.516919	6.56982	42.0	37
'dc:71:44:72:3a:8a'	46.516792	6.569666	42.0	38
'a0:88:b4:76:72:a4'	46.516452	6.568947	42.0	75
'dc:71:44:72:3a:8a'	46.516452	6.568947	42.0	38
'a0:88:b4:76:72:a4'	46.516452	6.568947	42.0	76
'a0:88:b4:76:72:a4'	46.516452	6.568947	42.0	72
'dc:71:44:72:3a:8a'	46.516414	6.568751	42.0	38
'68:17:29:b2:ba:47'	46.516396	6.568552	42.0	29
'dc:71:44:72:3a:8a'	46.516397	6.568352	42.0	42
'dc:71:44:72:3a:8a'	46.516419	6.568154	42.0	41
'dc:71:44:72:3a:8a'	46.51646	6.567958	42.0	39
'dc:71:44:72:3a:8a'	46.516521	6.567767	42.0	39
'dc:71:44:72:3a:8a'	46.5166	6.567584	42.0	42
'02:06:6b:a7:a2:61'	46.5166	6.567584	42.0	31
'dc:71:44:72:3a:8a'	46.516942	6.567093	42.0	34
'dc:71:44:72:3a:8a'	46.517413	6.566726	42.0	34
'dc:71:44:72:3a:8a'	46.517972	6.566514	42.0	35
'dc:71:44:72:3a:8a'	46.519811	6.567058	42.0	28
'dc:71:44:72:3a:8a'	46.520361	6.568105	42.0	28
'dc:71:44:72:3a:8a'	46.520387	6.568303	42.0	32
'dc:71:44:72:3a:8a'	46.520394	6.568469	42.0	31
'dc:71:44:72:3a:8a'	46.520384	6.568669	42.0	31
'dc:71:44:72:3a:8a'	46.520354	6.568866	42.0	30
'dc:71:44:72:3a:8a'	46.520305	6.56906	42.0	32
'dc:71:44:72:3a:8a'	46.520236	6.569248	42.0	37
'dc:71:44:72:3a:8a'	46.520149	6.569428	42.0	36
'dc:71:44:72:3a:8a'	46.520045	6.569598	42.0	35
'dc:71:44:72:3a:8a'	46.519787	6.569904	42.0	34
'dc:71:44:72:3a:8a'	46.519301	6.570251	42.0	31
'dc:71:44:72:3a:8a'	46.518929	6.570396	42.0	32
'dc:71:44:72:3a:8a'	46.518734	6.57044	42.0	20
'dc:71:44:72:3a:8a'	46.518535	6.570464	42.0	37
'dc:71:44:72:3a:8a'	46.518336	6.570468	42.0	36
'dc:71:44:72:3a:8a'	46.518136	6.570452	42.0	36
'dc:71:44:72:3a:8a'	46.51794	6.570417	42.0	31
'dc:71:44:72:3a:8a'	46.517562	6.570288	42.0	31
'08:37:3d:cf:af:a7'	46.517384	6.570195	42.0	38
'08:37:3d:cf:af:a7'	46.517384	6.570195	42.0	39
'08:37:3d:cf:af:a7'	46.517384	6.570195	42.0	37
'dc:71:44:72:3a:8a'	46.517384	6.570195	42.0	32
'dc:71:44:72:3a:8a'	46.517217	6.570086	42.0	34
'dc:71:44:72:3a:8a'	46.517061	6.56996	42.0	32
'dc:71:44:72:3a:8a'	46.516792	6.569666	42.0	36
'dc:71:44:72:3a:8a'	46.516586	6.569324	42.0	31
'bc:52:b7:2e:65:53'	46.516452	6.568947	42.0	29
'dc:71:44:72:3a:8a'	46.516452	6.568947	42.0	35
'dc:71:44:72:3a:8a'	46.516414	6.568751	42.0	33
'dc:71:44:72:3a:8a'	46.516396	6.568552	42.0	35
'dc:71:44:72:3a:8a'	46.516397	6.568352	42.0	22
'e0:c9:7a:5c:9e:01'	46.516521	6.567767	42.0	22
'08:37:3d:cf:af:a7'	46.516698	6.567409	42.0	33
'dc:71:44:72:3a:8a'	46.516698	6.567409	42.0	31
'dc:71:44:72:3a:8a'	46.516942	6.567093	42.0	34
'dc:71:44:72:3a:8a'	46.517087	6.566955	42.0	34
'dc:71:44:72:3a:8a'	46.517413	6.566726	42.0	33
'dc:71:44:72:3a:8a'	46.517592	6.566637	42.0	33
'dc:71:44:72:3a:8a'	46.517779	6.566566	42.0	34
'dc:71:44:72:3a:8a'	46.517972	6.566514	42.0	33
'dc:71:44:72:3a:8a'	46.51817	6.566482	42.0	33
'dc:71:44:72:3a:8a'	46.518369	6.566469	42.0	41
'dc:71:44:72:3a:8a'	46.519663	6.566923	42.0	35
'dc:71:44:72:3a:8a'	46.519811	6.567058	42.0	26
'dc:71:44:72:3a:8a'	46.519945	6.567206	42.0	35
'dc:71:44:72:3a:88'	46.520165	6.56754	42.0	34
'dc:71:44:72:3a:88'	46.520249	6.567721	42.0	36
'62:d2:11:92:06:3e'	46.520249	6.567721	42.0	26
'dc:71:44:72:3a:8a'	46.520387	6.568303	42.0	33
'dc:71:44:72:3a:8a'	46.520384	6.568669	42.0	35
'dc:71:44:72:3a:8a'	46.520354	6.568866	42.0	36
'dc:71:44:72:3a:8a'	46.520045	6.569598	42.0	34
'dc:71:44:72:3a:8a'	46.519637	6.570036	42.0	34
'dc:71:44:72:3a:8a'	46.519475	6.570152	42.0	33
'dc:71:44:72:3a:8a'	46.519301	6.570251	42.0	36
'dc:71:44:72:3a:8a'	46.519119	6.570333	42.0	34
'dc:71:44:72:3a:8a'	46.518929	6.570396	42.0	33
'dc:71:44:72:3a:8a'	46.518734	6.57044	42.0	34
'dc:71:44:72:3a:8a'	46.518535	6.570464	42.0	33
'dc:71:44:72:3a:8a'	46.517747	6.570362	42.0	35
'dc:71:44:72:3a:8a'	46.517562	6.570288	42.0	32
'dc:71:44:72:3a:8a'	46.517217	6.570086	42.0	35
'a0:88:b4:76:72:a4'	46.517061	6.56996	42.0	73
'a0:88:b4:76:72:a4'	46.517061	6.56996	42.0	74
'dc:71:44:72:3a:8a'	46.517061	6.56996	42.0	22
'a0:88:b4:76:72:a4'	46.517061	6.56996	42.0	27
'a0:88:b4:76:72:a4'	46.517061	6.56996	42.0	21
'dc:71:44:72:3a:8a'	46.516919	6.56982	42.0	35
'dc:71:44:72:3a:8a'	46.516792	6.569666	42.0	35
'dc:71:44:72:3a:8a'	46.51668	6.5695	42.0	34
'dc:71:44:72:3a:8a'	46.516586	6.569324	42.0	34
'dc:71:44:72:3a:8a'	46.51651	6.569139	42.0	35
'dc:71:44:72:3a:8a'	46.516452	6.568947	42.0	35
'dc:71:44:72:3a:8a'	46.516414	6.568751	42.0	34
'dc:71:44:72:3a:8a'	46.516396	6.568552	42.0	35
'dc:71:44:72:3a:8a'	46.516397	6.568352	42.0	34
'dc:71:44:72:3a:8a'	46.516419	6.568154	42.0	35
'dc:71:44:72:3a:8a'	46.51646	6.567958	42.0	33
'dc:71:44:72:3a:8a'	46.516698	6.567409	42.0	36
'dc:71:44:72:3a:8a'	46.516812	6.567245	42.0	36
'dc:71:44:72:3a:8a'	46.517087	6.566955	42.0	35
'dc:71:44:72:3a:8a'	46.517244	6.566832	42.0	35
'dc:71:44:72:3a:8a'	46.517413	6.566726	42.0	36
'dc:71:44:72:3a:8a'	46.517592	6.566637	42.0	34
'dc:71:44:72:3a:8a'	46.517779	6.566566	42.0	34
'dc:71:44:72:3a:8a'	46.51817	6.566482	42.0	34
'dc:71:44:72:3a:8a'	46.519503	6.566804	42.0	37
'dc:71:44:72:3a:8a'	46.519663	6.566923	42.0	36
'a1:c8:75:af:25:01'	46.519811	6.567058	42.0	27
'dc:71:44:72:3a:8a'	46.519811	6.567058	42.0	37
'dc:71:44:72:3a:8a'	46.520063	6.567368	42.0	37
'e0:c9:7a:5c:9e:01'	46.520394	6.568469	42.0	23
'dc:71:44:72:3a:8a'	46.520394	6.568469	42.0	34
'dc:71:44:72:3a:8a'	46.520305	6.56906	42.0	34
'dc:71:44:72:3a:8a'	46.520045	6.569598	42.0	35
'dc:71:44:72:3a:8a'	46.519787	6.569904	42.0	36
'dc:71:44:72:3a:8a'	46.519119	6.570333	42.0	35
'dc:71:44:72:3a:8a'	46.518929	6.570396	42.0	33
'08:37:3d:cf:af:a7'	46.518734	6.57044	42.0	45
'08:37:3d:cf:af:a7'	46.518734	6.57044	42.0	45
'08:37:3d:cf:af:a7'	46.518734	6.57044	42.0	47
'dc:71:44:72:3a:8a'	46.518535	6.570464	42.0	34
'dc:71:44:72:3a:8a'	46.518136	6.570452	42.0	35
'dc:71:44:72:3a:8a'	46.517747	6.570362	42.0	36
'dc:71:44:72:3a:8a'	46.517384	6.570195	42.0	35
'dc:71:44:72:3a:8a'	46.517217	6.570086	42.0	34
'dc:71:44:72:3a:8a'	46.517061	6.56996	42.0	36
'dc:71:44:72:3a:8a'	46.516792	6.569666	42.0	28
'dc:71:44:72:3a:8a'	46.516586	6.569324	42.0	35
'dc:71:44:72:3a:8a'	46.516414	6.568751	42.0	37
'dc:71:44:72:3a:8a'	46.516419	6.568154	42.0	37
'dc:71:44:72:3a:8a'	46.516521	6.567767	42.0	36
'dc:71:44:72:3a:8a'	46.5166	6.567584	42.0	37
'dc:71:44:72:3a:8a'	46.516812	6.567245	42.0	37
'dc:71:44:72:3a:8a'	46.517087	6.566955	42.0	36
'dc:71:44:72:3a:8a'	46.517244	6.566832	42.0	37
'dc:71:44:72:3a:8a'	46.517413	6.566726	42.0	36
'dc:71:44:72:3a:8a'	46.517592	6.566637	42.0	38
'0a:cd:d8:56:55:3a'	46.51817	6.566482	42.0	32
'dc:71:44:72:3a:8a'	46.519503	6.566804	42.0	33
'dc:71:44:72:3a:8a'	46.519663	6.566923	42.0	32
'dc:71:44:72:3a:8a'	46.519811	6.567058	42.0	35
'dc:71:44:72:3a:8a'	46.519945	6.567206	42.0	36
'dc:71:44:72:3a:8a'	46.520063	6.567368	42.0	35
'dc:71:44:72:3a:8a'	46.520165	6.56754	42.0	36
'dc:71:44:72:3a:88'	46.520314	6.56791	42.0	32
'dc:71:44:72:3a:88'	46.520361	6.568105	42.0	33
'dc:71:44:72:3a:8a'	46.520354	6.568866	42.0	35
'dc:71:44:72:3a:8a'	46.520305	6.56906	42.0	36
'dc:71:44:72:3a:8a'	46.520236	6.569248	42.0	35
'dc:71:44:72:3a:8a'	46.520149	6.569428	42.0	37
'dc:71:44:72:3a:8a'	46.519924	6.569757	42.0	35
'dc:71:44:72:3a:8a'	46.519787	6.569904	42.0	32
'dc:71:44:72:3a:8a'	46.519637	6.570036	42.0	35
'dc:71:44:72:3a:8a'	46.519475	6.570152	42.0	35
'08:37:3d:cf:af:a7'	46.519301	6.570251	42.0	42
'08:37:3d:cf:af:a7'	46.519301	6.570251	42.0	44
'08:37:3d:cf:af:a7'	46.519301	6.570251	42.0	43
'08:37:3d:cf:af:a7'	46.519301	6.570251	42.0	42
'dc:71:44:72:3a:8a'	46.519301	6.570251	42.0	37
'dc:71:44:72:3a:8a'	46.519119	6.570333	42.0	35
'dc:71:44:72:3a:8a'	46.518929	6.570396	42.0	33
'dc:71:44:72:3a:8a'	46.518535	6.570464	42.0	34
'a0:88:b4:76:72:a4'	46.518136	6.570452	42.0	74
'dc:71:44:72:3a:8a'	46.518136	6.570452	42.0	34
'dc:71:44:72:3a:8a'	46.517747	6.570362	42.0	32
'dc:71:44:72:3a:8a'	46.517562	6.570288	42.0	35
'dc:71:44:72:3a:8a'	46.517384	6.570195	42.0	34
'dc:71:44:72:3a:8a'	46.517217	6.570086	42.0	35
'dc:71:44:72:3a:8a'	46.516919	6.56982	42.0	33
'dc:71:44:72:3a:8a'	46.516792	6.569666	42.0	35
'dc:71:44:72:3a:8a'	46.51668	6.5695	42.0	34
'dc:71:44:72:3a:8a'	46.516586	6.569324	42.0	36
'dc:71:44:72:3a:8a'	46.51651	6.569139	42.0	34
'dc:71:44:72:3a:8a'	46.516452	6.568947	42.0	35
'dc:71:44:72:3a:8a'	46.516396	6.568552	42.0	35
'dc:71:44:72:3a:8a'	46.516397	6.568352	42.0	34
'dc:71:44:72:3a:8a'	46.51646	6.567958	42.0	31
'b4:07:f9:95:8f:e6'	46.516521	6.567767	42.0	25
'dc:71:44:72:3a:8a'	46.516521	6.567767	42.0	34
'dc:71:44:72:3a:8a'	46.5166	6.567584	42.0	34
'dc:71:44:72:3a:8a'	46.516698	6.567409	42.0	34
'dc:71:44:72:3a:8a'	46.516942	6.567093	42.0	35
'dc:71:44:72:3a:8a'	46.517087	6.566955	42.0	34
'dc:71:44:72:3a:8a'	46.517592	6.566637	42.0	34
'dc:71:44:72:3a:8a'	46.51817	6.566482	42.0	34
'dc:71:44:72:3a:8a'	46.519663	6.566923	42.0	36
'dc:71:44:72:3a:8a'	46.519811	6.567058	42.0	36
'dc:71:44:72:3a:8a'	46.519945	6.567206	42.0	38
'dc:71:44:72:3a:8a'	46.520063	6.567368	42.0	38
'dc:71:44:72:3a:8a'	46.520165	6.56754	42.0	37
'dc:71:44:72:3a:8a'	46.520249	6.567721	42.0	37
'dc:71:44:72:3a:88'	46.520361	6.568105	42.0	36
'dc:71:44:72:3a:8a'	46.520354	6.568866	42.0	39
'dc:71:44:72:3a:8a'	46.520305	6.56906	42.0	39
'dc:71:44:72:3a:8a'	46.520236	6.569248	42.0	37
'11:60:3e:99:8f:1a'	46.520149	6.569428	42.0	21
'dc:71:44:72:3a:8a'	46.520045	6.569598	42.0	38
'dc:71:44:72:3a:8a'	46.519924	6.569757	42.0	38
'08:37:3d:cf:af:a7'	46.519787	6.569904	42.0	47
'08:37:3d:cf:af:a7'	46.519787	6.569904	42.0	42
'dc:71:44:72:3a:8a'	46.519787	6.569904	42.0	38
'dc:71:44:72:3a:8a'	46.519475	6.570152	42.0	35
'94:2a:1b:b2:53:e7'	46.518734	6.57044	42.0	29
'dc:71:44:72:3a:8a'	46.518535	6.570464	42.0	35
'dc:71:44:72:3a:8a'	46.517562	6.570288	42.0	35
'dc:71:44:72:3a:8a'	46.517384	6.570195	42.0	37
'dc:71:44:72:3a:8a'	46.516919	6.56982	42.0	34
'dc:71:44:72:3a:8a'	46.516792	6.569666	42.0	35
'dc:71:44:72:3a:8a'	46.51668	6.5695	42.0	32
'dc:71:44:72:3a:8a'	46.51651	6.569139	42.0	35
'dc:71:44:72:3a:8a'	46.516396	6.568552	42.0	34
'dc:71:44:72:3a:8a'	46.516397	6.568352	42.0	35
'dc:71:44:72:3a:8a'	46.51646	6.567958	42.0	35
'dc:71:44:72:3a:8a'	46.516521	6.567767	42.0	35
'dc:71:44:72:3a:8a'	46.5166	6.567584	42.0	36
'dc:71:44:72:3a:8a'	46.516698	6.567409	42.0	37
'cd:20:2e:a7:33:81'	46.516812	6.567245	42.0	24
'dc:71:44:72:3a:8a'	46.516812	6.567245	42.0	34
'dc:71:44:72:3a:8a'	46.517592	6.566637	42.0	36
'dc:71:44:72:3a:8a'	46.517779	6.566566	42.0	33
'dc:71:44:72:3a:8a'	46.51817	6.566482	42.0	34
'dc:71:44:72:3a:8a'	46.519503	6.566804	42.0	36
'dc:71:44:72:3a:8a'	46.519663	6.566923	42.0	35
'dc:71:44:72:3a:8a'	46.519811	6.567058	42.0	35
'dc:71:44:72:3a:8a'	46.519945	6.567206	42.0	35
'dc:71:44:72:3a:8a'	46.520249	6.567721	42.0	33
'dc:71:44:72:3a:8a'	46.520314	6.56791	42.0	35
'dc:71:44:72:3a:88'	46.520387	6.568303	42.0	34
'dc:71:44:72:3a:8a'	46.520305	6.56906	42.0	36
'dc:71:44:72:3a:8a'	46.520236	6.569248	42.0	33
'08:37:3d:cf:af:a7'	46.520149	6.569428	42.0	44
'08:37:3d:cf:af:a7'	46.520149	6.569428	42.0	45
'08:37:3d:cf:af:a7'	46.520149	6.569428	42.0	46
'dc:71:44:72:3a:8a'	46.520149	6.569428	42.0	33
'dc:71:44:72:3a:8a'	46.520045	6.569598	42.0	34
'dc:71:44:72:3a:8a'	46.519924	6.569757	42.0	35
'6e:9a:e9:40:8e:14'	46.519637	6.570036	42.0	27
'dc:71:44:72:3a:8a'	46.519637	6.570036	42.0	32
'dc:71:44:72:3a:8a'	46.519475	6.570152	42.0	33
'a0:88:b4:76:72:a4'	46.519301	6.570251	42.0	74
'dc:71:44:72:3a:8a'	46.519301	6.570251	42.0	33
'dc:71:44:72:3a:8a'	46.518734	6.57044	42.0	32
'dc:71:44:72:3a:8a'	46.518535	6.570464	42.0	34
'dc:71:44:72:3a:8a'	46.518336	6.570468	42.0	33
'dc:71:44:72:3a:8a'	46.518136	6.570452	42.0	33
'dc:71:44:72:3a:8a'	46.51794	6.570417	42.0	33
'dc:71:44:72:3a:8a'	46.517747	6.570362	42.0	33
'dc:71:44:72:3a:8a'	46.517562	6.570288	42.0	34
'dc:71:44:72:3a:8a'	46.517384	6.570195	42.0	34
'dc:71:44:72:3a:8a'	46.517061	6.56996	42.0	32
'dc:71:44:72:3a:8a'	46.516919	6.56982	42.0	34
'dc:71:44:72:3a:8a'	46.51668	6.5695	42.0	33
'dc:71:44:72:3a:8a'	46.516452	6.568947	42.0	36
'dc:71:44:72:3a:8a'	46.516414	6.568751	42.0	36
'dc:71:44:72:3a:8a'	46.516396	6.568552	42.0	37
'dc:71:44:72:3a:8a'	46.516397	6.568352	42.0	36
'dc:71:44:72:3a:8a'	46.516521	6.567767	42.0	36
'dc:71:44:72:3a:8a'	46.5166	6.567584	42.0	35
'dc:71:44:72:3a:8a'	46.516698	6.567409	42.0	35
'dc:71:44:72:3a:8a'	46.516812	6.567245	42.0	36
'dc:71:44:72:3a:8a'	46.516942	6.567093	42.0	39
'dc:71:44:72:3a:8a'	46.517244	6.566832	42.0	36
'dc:71:44:72:3a:8a'	46.517413	6.566726	42.0	35
'dc:71:44:72:3a:8a'	46.517592	6.566637	42.0	36
'dc:71:44:72:3a:8a'	46.517779	6.566566	42.0	36
'dc:71:44:72:3a:8a'	46.517972	6.566514	42.0	36
'dc:71:44:72:3a:8a'	46.51817	6.566482	42.0	36
'dc:71:44:72:3a:8a'	46.519503	6.566804	42.0	36
'dc:71:44:72:3a:8a'	46.519663	6.566923	42.0	36
'dc:71:44:72:3a:8a'	46.519811	6.567058	42.0	37
'dc:71:44:72:3a:8a'	46.520249	6.567721	42.0	35
'08:37:3d:cf:af:a7'	46.520354	6.568866	42.0	41
'08:37:3d:cf:af:a7'	46.520354	6.568866	42.0	41
'dc:71:44:72:3a:8a'	46.520149	6.569428	42.0	36
'dc:71:44:72:3a:8a'	46.520045	6.569598	42.0	37
'dc:71:44:72:3a:8a'	46.519924	6.569757	42.0	38
'dc:71:44:72:3a:8a'	46.519637	6.570036	42.0	36
'bc:52:b7:2e:65:53'	46.519637	6.570036	42.0	25
'dc:71:44:72:3a:8a'	46.519475	6.570152	42.0	36
'dc:71:44:72:3a:8a'	46.519119	6.570333	42.0	34
'dc:71:44:72:3a:8a'	46.518336	6.570468	42.0	35
'dc:71:44:72:3a:8a'	46.517747	6.570362	42.0	35
'dc:71:44:72:3a:8a'	46.517562	6.570288	42.0	36
'60:21:c0:51:f9:08'	46.517384	6.570195	42.0	22
'dc:71:44:72:3a:8a'	46.517384	6.570195	42.0	34
'dc:71:44:72:3a:8a'	46.517217	6.570086	42.0	35
'68:17:29:b2:ba:47'	46.517061	6.56996	42.0	23
'dc:71:44:72:3a:8a'	46.517061	6.56996	42.0	37
'dc:71:44:72:3a:8a'	46.516919	6.56982	42.0	35
'dc:71:44:72:3a:8a'	46.516792	6.569666	42.0	37
'dc:71:44:72:3a:8a'	46.51668	6.5695	42.0	36
'dc:71:44:72:3a:8a'	46.516452	6.568947	42.0	35
'dc:71:44:72:3a:8a'	46.516396	6.568552	42.0	35
'dc:71:44:72:3a:8a'	46.516397	6.568352	42.0	36
'dc:71:44:72:3a:8a'	46.51646	6.567958	42.0	35
'dc:71:44:72:3a:8a'	46.516521	6.567767	42.0	35
'dc:71:44:72:3a:8a'	46.5166	6.567584	42.0	35
'dc:71:44:72:3a:8a'	46.516812	6.567245	42.0	35
'dc:71:44:72:3a:8a'	46.516942	6.567093	42.0	37
'dc:71:44:72:3a:8a'	46.517244	6.566832	42.0	37
'dc:71:44:72:3a:8a'	46.517413	6.566726	42.0	37
'dc:71:44:72:3a:8a'	46.517592	6.566637	42.0	36
'dc:71:44:72:3a:8a'	46.51817	6.566482	42.0	34
'dc:71:44:72:3a:8a'	46.519503	6.566804	42.0	34
'b9:6e:d1:67:b4:83'	46.519503	6.566804	42.0	24
'dc:71:44:72:3a:8a'	46.519811	6.567058	42.0	38
'dc:71:44:72:3a:8a'	46.519945	6.567206	42.0	33
'dc:71:44:72:3a:8a'	46.520063	6.567368	42.0	36
'dc:71:44:72:3a:8a'	46.520165	6.56754	42.0	37
'dc:71:44:72:3a:8a'	46.520314	6.56791	42.0	35
'08:37:3d:cf:af:a7'	46.520387	6.568303	42.0	44
'08:37:3d:cf:af:a7'	46.520387	6.568303	42.0	44
'dc:71:44:72:3a:88'	46.520354	6.568866	42.0	37
'a0:88:b4:76:72:a4'	46.520149	6.569428	42.0	72
'dc:71:44:72:3a:8a'	46.519787	6.569904	42.0	35
'dc:71:44:72:3a:8a'	46.519637	6.570036	42.0	37
'dc:71:44:72:3a:8a'	46.519119	6.570333	42.0	35
'dc:71:44:72:3a:8a'	46.518929	6.570396	42.0	37
'dc:71:44:72:3a:8a'	46.518535	6.570464	42.0	36
'dc:71:44:72:3a:8a'	46.518336	6.570468	42.0	33
'dc:71:44:72:3a:8a'	46.518136	6.570452	42.0	36
'bc:52:b7:2e:65:53'	46.518136	6.570452	42.0	29
'bc:52:b7:2e:65:53'	46.518136	6.570452	42.0	31
'dc:71:44:72:3a:8a'	46.517747	6.570362	42.0	35
'dc:71:44:72:3a:8a'	46.517061	6.56996	42.0	35
'dc:71:44:72:3a:8a'	46.516919	6.56982	42.0	36
'dc:71:44:72:3a:8a'	46.51668	6.5695	42.0	34
'dc:71:44:72:3a:8a'	46.51651	6.569139	42.0	36
'dc:71:44:72:3a:8a'	46.516414	6.568751	42.0	36
'dc:71:44:72:3a:8a'	46.516397	6.568352	42.0	36
'dc:71:44:72:3a:8a'	46.516698	6.567409	42.0	36
'dc:71:44:72:3a:8a'	46.516812	6.567245	42.0	33
'dc:71:44:72:3a:8a'	46.516942	6.567093	42.0	35
'08:37:3d:cf:af:a7'	46.516942	6.567093	42.0	43
'08:37:3d:cf:af:a7'	46.516942	6.567093	42.0	44
'dc:71:44:72:3a:8a'	46.517087	6.566955	42.0	34
'e8:b7:9b:eb:ee:27'	46.517244	6.566832	42.0	21
'dc:71:44:72:3a:8a'	46.517972	6.566514	42.0	31
'dc:71:44:72:3a:8a'	46.51817	6.566482	42.0	34
'dc:71:44:72:3a:8a'	46.519663	6.566923	42.0	34
'dc:71:44:72:3a:8a'	46.519811	6.567058	42.0	34
'dc:71:44:72:3a:8a'	46.519945	6.567206	42.0	34
'dc:71:44:72:3a:8a'	46.520063	6.567368	42.0	35
'dc:71:44:72:3a:8a'	46.520165	6.56754	42.0	31
'dc:71:44:72:3a:8a'	46.520249	6.567721	42.0	30
'dc:71:44:72:3a:8a'	46.520314	6.56791	42.0	33
'dc:71:44:72:3a:8a'	46.520314	6.56791	42.0	35
'dc:71:44:72:3a:8a'	46.520361	6.568105	42.0	34
'dc:71:44:72:3a:88'	46.520305	6.56906	42.0	34
'dc:71:44:72:3a:8a'	46.519787	6.569904	42.0	32
'dc:71:44:72:3a:8a'	46.519637	6.570036	42.0	33
'dc:71:44:72:3a:8a'	46.519301	6.570251	42.0	33
'dc:71:44:72:3a:8a'	46.518929	6.570396	42.0	33
'dc:71:44:72:3a:8a'	46.518734	6.57044	42.0	30
'dc:71:44:72:3a:8a'	46.518535	6.570464	42.0	31
'dc:71:44:72:3a:8a'	46.51794	6.570417	42.0	30
'dc:71:44:72:3a:8a'	46.517747	6.570362	42.0	30
'dc:71:44:72:3a:8a'	46.517562	6.570288	42.0	34
'dc:71:44:72:3a:8a'	46.517384	6.570195	42.0	35
'dc:71:44:72:3a:8a'	46.517217	6.570086	42.0	34
'dc:71:44:72:3a:8a'	46.517061	6.56996	42.0	35
'dc:71:44:72:3a:8a'	46.516919	6.56982	42.0	36
'dc:71:44:72:3a:8a'	46.516792	6.569666	42.0	34
'dc:71:44:72:3a:8a'	46.51668	6.5695	42.0	31
'bc:52:b7:2e:65:53'	46.51668	6.5695	42.0	30
'bc:52:b7:2e:65:53'	46.51668	6.5695	42.0	30
'dc:71:44:72:3a:8a'	46.516586	6.569324	42.0	32
'dc:71:44:72:3a:8a'	46.51651	6.569139	42.0	34
'dc:71:44:72:3a:8a'	46.516452	6.568947	42.0	35
'dc:71:44:72:3a:8a'	46.516414	6.568751	42.0	33
'dc:71:44:72:3a:8a'	46.516419	6.568154	42.0	36
'dc:71:44:72:3a:8a'	46.516521	6.567767	42.0	34
'dc:71:44:72:3a:8a'	46.5166	6.567584	42.0	28
'dc:71:44:72:3a:8a'	46.516698	6.567409	42.0	33
'dc:71:44:72:3a:8a'	46.516812	6.567245	42.0	35
'dc:71:44:72:3a:8a'	46.516942	6.567093	42.0	34
'dc:71:44:72:3a:8a'	46.517244	6.566832	42.0	35
'dc:71:44:72:3a:8a'	46.517413	6.566726	42.0	36
'dc:71:44:72:3a:8a'	46.517592	6.566637	42.0	36
'dc:71:44:5e:c6:c9'	46.517592	6.566637	42.0	26
'dc:71:44:72:3a:8a'	46.517972	6.566514	42.0	34
'dc:71:44:72:3a:8a'	46.51817	6.566482	42.0	34
'dc:71:44:72:3a:8a'	46.519503	6.566804	42.0	34
'dc:71:44:72:3a:8a'	46.519811	6.567058	42.0	36
'08:37:3d:cf:af:a7'	46.519945	6.567206	42.0	45
'08:37:3d:cf:af:a7'	46.519945	6.567206	42.0	47
'08:37:3d:cf:af:a7'	46.519945	6.567206	42.0	43
'dc:71:44:72:3a:8a'	46.520063	6.567368	42.0	33
'dc:71:44:72:3a:8a'	46.520249	6.567721	42.0	35
'dc:71:44:72:3a:8a'	46.520361	6.568105	42.0	36
'a0:88:b4:76:72:a4'	46.520361	6.568105	42.0	73
'dc:71:44:72:3a:8a'	46.520387	6.568303	42.0	36
'dc:71:44:72:3a:88'	46.520236	6.569248	42.0	35
'dc:71:44:72:3a:8a'	46.519787	6.569904	42.0	35
'dc:71:44:72:3a:8a'	46.519637	6.570036	42.0	35
'dc:71:44:72:3a:8a'	46.519475	6.570152	42.0	36
'dc:71:44:72:3a:8a'	46.519301	6.570251	42.0	35
'dc:71:44:72:3a:8a'	46.519119	6.570333	42.0	34
'dc:71:44:72:3a:8a'	46.518734	6.57044	42.0	36
'dc:71:44:72:3a:8a'	46.518535	6.570464	42.0	36
'5a:a9:ff:c6:57:13'	46.517061	6.56996	42.0	28
'dc:71:44:72:3a:8a'	46.516919	6.56982	42.0	36
'b4:6c:ba:1d:24:cc'	46.51651	6.569139	42.0	29
'dc:71:44:72:3a:8a'	46.516452	6.568947	42.0	38
'dc:71:44:72:3a:8a'	46.516419	6.568154	42.0	35
'dc:71:44:72:3a:8a'	46.51646	6.567958	42.0	33
'dc:71:44:72:3a:8a'	46.5166	6.567584	42.0	36
'dc:71:44:72:3a:8a'	46.516698	6.567409	42.0	33
'dc:71:44:72:3a:8a'	46.516812	6.567245	42.0	31
'dc:71:44:72:3a:8a'	46.517413	6.566726	42.0	33
'dc:71:44:72:3a:8a'	46.517592	6.566637	42.0	34
'dc:71:44:72:3a:8a'	46.517779	6.566566	42.0	37
'dc:71:44:72:3a:8a'	46.518369	6.566469	42.0	38
'08:37:3d:cf:af:a7'	46.519503	6.566804	42.0	42
'08:37:3d:cf:af:a7'	46.519503	6.566804	42.0	44
'08:37:3d:cf:af:a7'	46.519503	6.566804	42.0	46
'dc:71:44:72:3a:8a'	46.519663	6.566923	42.0	34
'dc:71:44:72:3a:8a'	46.519811	6.567058	42.0	35
'dc:71:44:72:3a:8a'	46.519945	6.567206	42.0	35
'dc:71:44:72:3a:8a'	46.520063	6.567368	42.0	33
'dc:71:44:72:3a:8a'	46.520165	6.56754	42.0	34
'dc:71:44:72:3a:8a'	46.520249	6.567721	42.0	35
'dc:71:44:72:3a:8a'	46.520314	6.56791	42.0	33
'dc:71:44:72:3a:8a'	46.520394	6.568469	42.0	32
'dc:71:44:72:3a:8a'	46.520305	6.56906	42.0	34
'dc:71:44:72:3a:88'	46.520149	6.569428	42.0	34
'dc:71:44:72:3a:8a'	46.519637	6.570036	42.0	32
'dc:71:44:72:3a:8a'	46.519475	6.570152	42.0	32
'dc:71:44:72:3a:8a'	46.519301	6.570251	42.0	33
'dc:71:44:72:3a:8a'	46.519119	6.570333	42.0	34
'dc:71:44:72:3a:8a'	46.518929	6.570396	42.0	32
'dc:71:44:72:3a:8a'	46.518734	6.57044	42.0	32
'dc:71:44:72:3a:8a'	46.518535	6.570464	42.0	34
'dc:71:44:72:3a:8a'	46.518336	6.570468	42.0	35
'dc:71:44:72:3a:8a'	46.51794	6.570417	42.0	33
'dc:71:44:72:3a:8a'	46.517747	6.570362	42.0	34
'dc:71:44:72:3a:8a'	46.517562	6.570288	42.0	34
'dc:71:44:72:3a:8a'	46.517384	6.570195	42.0	34
'dc:71:44:72:3a:8a'	46.517217	6.570086	42.0	34
'dc:71:44:72:3a:8a'	46.517061	6.56996	42.0	34
'dc:71:44:72:3a:8a'	46.516792	6.569666	42.0	35
'dc:71:44:72:3a:8a'	46.51668	6.5695	42.0	35
'dc:71:44:72:3a:8a'	46.516586	6.569324	42.0	33
'dc:71:44:72:3a:8a'	46.51651	6.569139	42.0	34
'dc:71:44:72:3a:8a'	46.516452	6.568947	42.0	34
'dc:71:44:72:3a:8a'	46.516414	6.568751	42.0	35
'dc:71:44:72:3a:8a'	46.516396	6.568552	42.0	34
'dc:71:44:72:3a:8a'	46.516397	6.568352	42.0	34
'dc:71:44:72:3a:8a'	46.516698	6.567409	42.0	35
'dc:71:44:72:3a:8a'	46.516942	6.567093	42.0	32
'dc:71:44:72:3a:8a'	46.517087	6.566955	42.0	33
'dc:71:44:72:3a:8a'	46.517413	6.566726	42.0	36
'dc:71:44:72:3a:8a'	46.517592	6.566637	42.0	35
'bc:52:b7:2e:65:53'	46.517779	6.566566	42.0	30
'dc:71:44:72:3a:8a'	46.51817	6.566482	42.0	34
'dc:71:44:72:3a:8a'	46.519503	6.566804	42.0	33
'84:51:81:3d:4b:33'	46.519663	6.566923	42.0	22
'dc:71:44:72:3a:8a'	46.519663	6.566923	42.0	34
'60:21:c0:51:f9:08'	46.519663	6.566923	42.0	28
'60:21:c0:51:f9:08'	46.519663	6.566923	42.0	28
'a0:88:b4:76:72:a4'	46.519945	6.567206	42.0	26
'dc:71:44:72:3a:8a'	46.519945	6.567206	42.0	34
'dc:71:44:72:3a:8a'	46.520249	6.567721	42.0	34
'dc:71:44:72:3a:8a'	46.520361	6.568105	42.0	33
'dc:71:44:72:3a:8a'	46.520354	6.568866	42.0	35
'dc:71:44:72:3a:8a'	46.520305	6.56906	42.0	35
'dc:71:44:72:3a:8a'	46.520236	6.569248	42.0	36
'dc:71:44:72:3a:8a'	46.519475	6.570152	42.0	34
'dc:71:44:72:3a:8a'	46.519301	6.570251	42.0	36
'68:17:29:b2:ba:47'	46.518929	6.570396	42.0	23
'dc:71:44:72:3a:8a'	46.518535	6.570464	42.0	35
'dc:71:44:72:3a:8a'	46.518336	6.570468	42.0	42
'dc:71:44:72:3a:8a'	46.518136	6.570452	42.0	23
'dc:71:44:72:3a:8a'	46.517747	6.570362	42.0	36
'dc:71:44:72:3a:8a'	46.517217	6.570086	42.0	35
'dc:71:44:72:3a:8a'	46.516792	6.569666	42.0	35
'dc:71:44:72:3a:8a'	46.51668	6.5695	42.0	35
'dc:71:44:72:3a:8a'	46.51651	6.569139	42.0	36
'dc:71:44:72:3a:8a'	46.516452	6.568947	42.0	36
'dc:71:44:72:3a:8a'	46.516414	6.568751	42.0	35
'dc:71:44:72:3a:8a'	46.516419	6.568154	42.0	36
'dc:71:44:72:3a:8a'	46.51646	6.567958	42.0	34
'dc:71:44:72:3a:8a'	46.516521	6.567767	42.0	35
'dc:71:44:72:3a:8a'	46.516698	6.567409	42.0	36
'dc:71:44:72:3a:8a'	46.516812	6.567245	42.0	35
'dc:71:44:72:3a:8a'	46.516942	6.567093	42.0	35
'dc:71:44:72:3a:8a'	46.517244	6.566832	42.0	36
'08:37:3d:cf:af:a7'	46.518569	6.566477	42.0	43
'08:37:3d:cf:af:a7'	46.518569	6.566477	42.0	41
'dc:71:44:72:3a:8a'	46.519503	6.566804	42.0	36
'bc:52:b7:2e:65:53'	46.519503	6.566804	42.0	26
'dc:71:44:72:3a:8a'	46.519663	6.566923	42.0	37
'dc:71:44:72:3a:8a'	46.519811	6.567058	42.0	37
'dc:71:44:72:3a:8a'	46.519945	6.567206	42.0	37
'dc:71:44:72:3a:8a'	46.520063	6.567368	42.0	36
'dc:71:44:72:3a:8a'	46.520249	6.567721	42.0	37
'dc:71:44:72:3a:8a'	46.520361	6.568105	42.0	36
'dc:71:44:72:3a:8a'	46.520387	6.568303	42.0	41
'dc:71:44:72:3a:8a'	46.520394	6.568469	42.0	37
'dc:71:44:72:3a:8a'	46.520384	6.568669	42.0	37
'dc:71:44:72:3a:8a'	46.520149	6.569428	42.0	37
'dc:71:44:72:3a:88'	46.519924	6.569757	42.0	37
'dc:71:44:72:3a:88'	46.519924	6.569757	42.0	37
'dc:71:44:72:3a:8a'	46.519119	6.570333	42.0	36
'dc:71:44:72:3a:8a'	46.518929	6.570396	42.0	37
'dc:71:44:72:3a:8a'	46.518535	6.570464	42.0	36
'dc:71:44:72:3a:8a'	46.51794	6.570417	42.0	37
'dc:71:44:72:3a:8a'	46.517562	6.570288	42.0	35
'dc:71:44:72:3a:8a'	46.517384	6.570195	42.0	34
'dc:71:44:72:3a:8a'	46.517061	6.56996	42.0	34
'dc:71:44:72:3a:8a'	46.516919	6.56982	42.0	34
'dc:71:44:72:3a:8a'	46.516792	6.569666	42.0	34
'dc:71:44:72:3a:8a'	46.51668	6.5695	42.0	33
'dc:71:44:72:3a:8a'	46.516586	6.569324	42.0	35
'dc:71:44:72:3a:8a'	46.51651	6.569139	42.0	36
'dc:71:44:72:3a:8a'	46.516452	6.568947	42.0	34
'dc:71:44:72:3a:8a'	46.516414	6.568751	42.0	33
'dc:71:44:72:3a:8a'	46.516397	6.568352	42.0	36
'dc:71:44:72:3a:8a'	46.516419	6.568154	42.0	34
'dc:71:44:72:3a:8a'	46.51646	6.567958	42.0	36
'dc:71:44:72:3a:8a'	46.5166	6.567584	42.0	34
'dc:71:44:72:3a:8a'	46.516812	6.567245	42.0	36
'dc:71:44:72:3a:8a'	46.516942	6.567093	42.0	34
'dc:71:44:72:3a:8a'	46.517087	6.566955	42.0	35
'dc:71:44:72:3a:8a'	46.517244	6.566832	42.0	37
'dc:71:44:72:3a:8a'	46.517413	6.566726	42.0	37
'dc:71:44:72:3a:8a'	46.517592	6.566637	42.0	33
'dc:71:44:72:3a:8a'	46.517779	6.566566	42.0	35
'08:37:3d:cf:af:a7'	46.517779	6.566566	42.0	43
'08:37:3d:cf:af:a7'	46.517779	6.566566	42.0	44
'08:37:3d:cf:af:a7'	46.517779	6.566566	42.0	45
'08:37:3d:cf:af:a7'	46.517779	6.566566	42.0	46
'dc:71:44:72:3a:8a'	46.517972	6.566514	42.0	35
'dc:71:44:72:3a:8a'	46.51817	6.566482	42.0	34
'dc:71:44:72:3a:8a'	46.519503	6.566804	42.0	33
'dc:71:44:72:3a:8a'	46.519663	6.566923	42.0	34
'dc:71:44:72:3a:8a'	46.520063	6.567368	42.0	34
